00000011               
00000011               Double.Double§1485259776 LABEL 
00000011  90           A:R@ ( §exception declared ) 
00000012  08           DROP 
00000013  90           A:R@ ( s declared ) 
00000014  08           DROP 
00000015  56           0 VAL 
00000016  90           A:R@ ( §this declared ) 
00000017  08           DROP 
00000018  56           0 VAL 
00000019  90           A:R@ ( 0§ declared ) 
0000001a  08           DROP ( s will be fetched! ) 
0000001b  d4           2 A:VAL 
0000001c  8b           A:PICK 
0000001d  10           R@ 
0000001e  88           A:DROP 
0000001f  0e           DUP 
00000020  0d00000000   INCREFERENCE VAL ( will be modified! ) 
00000025  00           NOP ( will be modified! ) 
00000026  0d62000000   std2156 VAL 
0000002b  3e78060000   Double.valueOf§-1535871488 VAL ( will be modified! ) 
00000030  00           NOP ( will be modified! ) 
00000031  0e           DUP ( 0§ will be modified! ) 
00000032  88           A:DROP 
00000033  90           A:R@ 
00000034  08           DROP 
00000035  90           A:R@ 
00000036  10           R@ 
00000037  88           A:DROP 
00000038  0d006450ec   -330275840 VAL 
0000003d  57           -1 VAL 
0000003e  0d00000000   EXECUTE-METHOD VAL ( will be modified! ) 
00000043  00           NOP ( will be modified! ) 
00000044  0d00000000   Double§-1583528960.table VAL ( will be modified! ) 
00000049  00           NOP ( will be modified! ) 
0000004a  0d0044e309   165889024 VAL 
0000004f  0d00000000   EXECUTE-NEW VAL ( will be modified! ) 
00000054  00           NOP ( will be modified! ) ( §this will be modified! ) 
00000055  90           A:R@ 
00000056  d5           1 A:VAL 
00000057  8c           A:PUT 
00000058  08           DROP 
00000059  56           0 VAL 
0000005a  0e           DUP 
0000005b  420100       §1 0BRANCH 
0000005e               std2156 LABEL 
0000005e  57           -1 VAL 
0000005f               §1 LABEL ( 0§ will be fetched! ) 
0000005f  10           R@ 
00000060  57           -1 VAL 
00000061  0d00000000   JavaArray.kill§1620077312 VAL ( will be modified! ) 
00000066  00           NOP ( will be modified! ) 
00000067  88           A:DROP 
00000068  420c00       §2 0BRANCH ( §exception will be fetched! ) 
0000006b  d4           2 A:VAL 
0000006c  8b           A:PICK 
0000006d  10           R@ 
0000006e  88           A:DROP ( §return will be modified! ) 
0000006f  90           A:R@ 
00000070  d3           3 A:VAL 
00000071  8c           A:PUT 
00000072  08           DROP 
00000073  56           0 VAL 
00000074  400200       §break2121 BRANCH 
00000077               §2 LABEL ( §this will be fetched! ) 
00000077  10           R@ 
00000078  56           0 VAL 
00000079               §break2121 LABEL ( s will be fetched! ) 
00000079  d5           1 A:VAL 
0000007a  8b           A:PICK 
0000007b  10           R@ 
0000007c  88           A:DROP 
0000007d  57           -1 VAL 
0000007e  0d00000000   JavaArray.kill§1620077312 VAL ( will be modified! ) 
00000083  00           NOP ( will be modified! ) 
00000084  89           A:2DROP 
00000085  88           A:DROP 
00000086  08           DROP 
00000087               §0 LABEL 
00000087  3d           EXIT 
00000088               
00000088               Double.Double§1539458048 LABEL 
00000088  56           0 VAL 
00000089  90           A:R@ ( §this declared ) 
0000008a  08           DROP 
0000008b  56           0 VAL 
0000008c  462400       36 VAL 
0000008f  0d00000000   MALLOC VAL ( will be modified! ) 
00000094  00           NOP ( will be modified! ) 
00000095  08           DROP 
00000096  0e           DUP ( §this will be modified! ) 
00000097  88           A:DROP 
00000098  90           A:R@ 
00000099  08           DROP 
0000009a  0f           OVER 
0000009b  420900       §4 0BRANCH 
0000009e  0f           OVER 
0000009f  1d           CELL+ 
000000a0  02           @ 
000000a1  52           4 VAL 
000000a2  16           + 
000000a3  0f           OVER 
000000a4  0f           OVER 
000000a5  01           ! 
000000a6  08           DROP 
000000a7               §4 LABEL 
000000a7  1d           CELL+ 
000000a8  02           @ 
000000a9  0f           OVER 
000000aa  0f           OVER 
000000ab  01           ! 
000000ac  0a           NIP 
000000ad  0d00000000   Double§-1583528960.table VAL ( will be modified! ) 
000000b2  00           NOP ( will be modified! ) 
000000b3  0f           OVER 
000000b4  4a           12 VAL 
000000b5  16           + 
000000b6  01           ! 
000000b7  0d00009da1   -1583546368 VAL 
000000bc  0f           OVER 
000000bd  461400       20 VAL 
000000c0  16           + 
000000c1  01           ! 
000000c2  0dde000000   §5 VAL 
000000c7  0f           OVER 
000000c8  461000       16 VAL 
000000cb  16           + 
000000cc  01           ! 
000000cd  56           0 VAL 
000000ce  0f           OVER 
000000cf  461800       24 VAL 
000000d2  16           + 
000000d3  01           ! 
000000d4  08           DROP ( §this will be fetched! ) 
000000d5  10           R@ 
000000d6  56           0 VAL 
000000d7               §break2138 LABEL 
000000d7  88           A:DROP 
000000d8  08           DROP 
000000d9               §3 LABEL 
000000d9  3d           EXIT 
000000da  0600         §5 LABEL 
000000dc  446f75626c65 " Double " 
000000e2               
000000e2               Double.Double§165889024 LABEL 
000000e2  91           A:R1@ ( value declared ) 
000000e3  90           A:R@ 
000000e4  09           2DROP 
000000e5  56           0 VAL 
000000e6  90           A:R@ ( §this declared ) 
000000e7  08           DROP 
000000e8  56           0 VAL 
000000e9  462400       36 VAL 
000000ec  0d00000000   MALLOC VAL ( will be modified! ) 
000000f1  00           NOP ( will be modified! ) 
000000f2  08           DROP 
000000f3  0e           DUP ( §this will be modified! ) 
000000f4  88           A:DROP 
000000f5  90           A:R@ 
000000f6  08           DROP 
000000f7  0f           OVER 
000000f8  420900       §7 0BRANCH 
000000fb  0f           OVER 
000000fc  1d           CELL+ 
000000fd  02           @ 
000000fe  52           4 VAL 
000000ff  16           + 
00000100  0f           OVER 
00000101  0f           OVER 
00000102  01           ! 
00000103  08           DROP 
00000104               §7 LABEL 
00000104  1d           CELL+ 
00000105  02           @ 
00000106  0f           OVER 
00000107  0f           OVER 
00000108  01           ! 
00000109  0a           NIP 
0000010a  0d00000000   Double§-1583528960.table VAL ( will be modified! ) 
0000010f  00           NOP ( will be modified! ) 
00000110  0f           OVER 
00000111  4a           12 VAL 
00000112  16           + 
00000113  01           ! 
00000114  0d00009da1   -1583546368 VAL 
00000119  0f           OVER 
0000011a  461400       20 VAL 
0000011d  16           + 
0000011e  01           ! 
0000011f  0dde000000   §5 VAL 
00000124  0f           OVER 
00000125  461000       16 VAL 
00000128  16           + 
00000129  01           ! 
0000012a  56           0 VAL 
0000012b  0f           OVER 
0000012c  461800       24 VAL 
0000012f  16           + 
00000130  01           ! 
00000131  08           DROP ( value will be fetched! ) 
00000132  d4           2 A:VAL 
00000133  8b           A:PICK 
00000134  10           R@ 
00000135  88           A:DROP 
00000136  d5           1 A:VAL 
00000137  8b           A:PICK 
00000138  10           R@ 
00000139  88           A:DROP ( §this will be fetched! ) 
0000013a  10           R@ 
0000013b  1d           CELL+ 
0000013c  02           @ 
0000013d  461c00       28 VAL 
00000140  16           + 
00000141  90           A:R@ 
00000142  01           ! 
00000143  10           R@ 
00000144  88           A:DROP 
00000145  1d           CELL+ 
00000146  01           ! ( §this will be fetched! ) 
00000147  10           R@ 
00000148  56           0 VAL 
00000149               §break2120 LABEL 
00000149  89           A:2DROP 
0000014a  88           A:DROP 
0000014b  08           DROP 
0000014c               §6 LABEL 
0000014c  3d           EXIT 
0000014d               
0000014d               Double.byteValue§-1994235392 LABEL 
0000014d  90           A:R@ ( §this declared ) 
0000014e  08           DROP ( §this will be fetched! ) 
0000014f  10           R@ 
00000150  1d           CELL+ 
00000151  02           @ 
00000152  461c00       28 VAL 
00000155  16           + 
00000156  90           A:R@ 
00000157  1d           CELL+ 
00000158  02           @ 
00000159  10           R@ 
0000015a  88           A:DROP 
0000015b  02           @ 
0000015c  90           A:R@ 
0000015d  0d00000000   F>D VAL ( will be modified! ) 
00000162  00           NOP ( will be modified! ) 
00000163  0a           NIP 
00000164  467f00       127 VAL 
00000167  2d           CMP 
00000168  5c           U0> 
00000169  0a           NIP 
0000016a  420400       §9 0BRANCH 
0000016d  4600ff       -256 VAL 
00000170  22           OR 
00000171               §9 LABEL 
00000171  88           A:DROP 
00000172  56           0 VAL 
00000173  400100       §break2125 BRANCH 
00000176  56           0 VAL 
00000177               §break2125 LABEL 
00000177  88           A:DROP 
00000178  08           DROP 
00000179               §8 LABEL 
00000179  3d           EXIT 
0000017a               
0000017a               Double.classMonitorEnter§-433167616 LABEL 
0000017a  56           0 VAL 
0000017b               §break2113 LABEL 
0000017b  08           DROP 
0000017c               §10 LABEL 
0000017c  3d           EXIT 
0000017d               
0000017d               Double.classMonitorLeave§-1691393280 LABEL 
0000017d  56           0 VAL 
0000017e               §break2114 LABEL 
0000017e  08           DROP 
0000017f               §12 LABEL 
0000017f  3d           EXIT 
00000180  2300         §11 LABEL 
00000182  446f75626c652e636c6173734d6f6e69746f72456e746572a72d343333313637363136 " Double.classMonitorEnter§-433167616 " 
000001a5               
000001a5               Double.compare§-820026624 LABEL 
000001a5  91           A:R1@ ( d2 declared ) 
000001a6  90           A:R@ 
000001a7  09           2DROP 
000001a8  91           A:R1@ ( d1 declared ) 
000001a9  90           A:R@ 
000001aa  09           2DROP 
000001ab  56           0 VAL 
000001ac  0e           DUP 
000001ad  0f           OVER 
000001ae  0f           OVER 
000001af  91           A:R1@ ( anotherBits declared ) 
000001b0  90           A:R@ 
000001b1  09           2DROP 
000001b2  91           A:R1@ ( thisBits declared ) 
000001b3  90           A:R@ 
000001b4  09           2DROP ( d1 will be fetched! ) 
000001b5  d1           5 A:VAL 
000001b6  8b           A:PICK 
000001b7  10           R@ 
000001b8  88           A:DROP 
000001b9  d2           4 A:VAL 
000001ba  8b           A:PICK 
000001bb  10           R@ 
000001bc  88           A:DROP ( d2 will be fetched! ) 
000001bd  cf           7 A:VAL 
000001be  8b           A:PICK 
000001bf  10           R@ 
000001c0  88           A:DROP 
000001c1  d0           6 A:VAL 
000001c2  8b           A:PICK 
000001c3  10           R@ 
000001c4  88           A:DROP 
000001c5  0d00000000   F- VAL ( will be modified! ) 
000001ca  00           NOP ( will be modified! ) 
000001cb  0f           OVER 
000001cc  1a           2* 
000001cd  22           OR 
000001ce  36           0<> 
000001cf  0f           OVER 
000001d0  2a           0< 
000001d1  1c           AND 
000001d2  0a           NIP 
000001d3  420500       §15 0BRANCH 
000001d6  57           -1 VAL 
000001d7  56           0 VAL 
000001d8  409000       §break2137 BRANCH 
000001db               §15 LABEL ( d1 will be fetched! ) 
000001db  d1           5 A:VAL 
000001dc  8b           A:PICK 
000001dd  10           R@ 
000001de  88           A:DROP 
000001df  d2           4 A:VAL 
000001e0  8b           A:PICK 
000001e1  10           R@ 
000001e2  88           A:DROP ( d2 will be fetched! ) 
000001e3  cf           7 A:VAL 
000001e4  8b           A:PICK 
000001e5  10           R@ 
000001e6  88           A:DROP 
000001e7  d0           6 A:VAL 
000001e8  8b           A:PICK 
000001e9  10           R@ 
000001ea  88           A:DROP 
000001eb  0d00000000   F- VAL ( will be modified! ) 
000001f0  00           NOP ( will be modified! ) 
000001f1  0d00000000   FNEGATE VAL ( will be modified! ) 
000001f6  00           NOP ( will be modified! ) 
000001f7  0f           OVER 
000001f8  1a           2* 
000001f9  22           OR 
000001fa  36           0<> 
000001fb  0f           OVER 
000001fc  2a           0< 
000001fd  1c           AND 
000001fe  0a           NIP 
000001ff  420500       §16 0BRANCH 
00000202  55           1 VAL 
00000203  56           0 VAL 
00000204  406400       §break2137 BRANCH 
00000207               §16 LABEL ( d1 will be fetched! ) 
00000207  d1           5 A:VAL 
00000208  8b           A:PICK 
00000209  10           R@ 
0000020a  88           A:DROP 
0000020b  d2           4 A:VAL 
0000020c  8b           A:PICK 
0000020d  10           R@ 
0000020e  88           A:DROP 
0000020f  3e09010000   Double.doubleToLongBits§577332224 VAL ( will be modified! ) 
00000214  00           NOP ( will be modified! ) ( thisBits will be modified! ) 
00000215  89           A:2DROP 
00000216  91           A:R1@ 
00000217  90           A:R@ 
00000218  09           2DROP ( d2 will be fetched! ) 
00000219  cf           7 A:VAL 
0000021a  8b           A:PICK 
0000021b  10           R@ 
0000021c  88           A:DROP 
0000021d  d0           6 A:VAL 
0000021e  8b           A:PICK 
0000021f  10           R@ 
00000220  88           A:DROP 
00000221  3ef7000000   Double.doubleToLongBits§577332224 VAL ( will be modified! ) 
00000226  00           NOP ( will be modified! ) ( anotherBits will be modified! ) 
00000227  91           A:R1@ 
00000228  d3           3 A:VAL 
00000229  8c           A:PUT 
0000022a  90           A:R@ 
0000022b  d4           2 A:VAL 
0000022c  8c           A:PUT 
0000022d  09           2DROP ( thisBits will be fetched! ) 
0000022e  11           R1@ 
0000022f  10           R@ ( anotherBits will be fetched! ) 
00000230  d3           3 A:VAL 
00000231  8b           A:PICK 
00000232  10           R@ 
00000233  88           A:DROP 
00000234  d4           2 A:VAL 
00000235  8b           A:PICK 
00000236  10           R@ 
00000237  88           A:DROP 
00000238  90           A:R@ 
00000239  08           DROP 
0000023a  91           A:R1@ 
0000023b  0a           NIP 
0000023c  24           XOR 
0000023d  a4           A:XOR 
0000023e  10           R@ 
0000023f  88           A:DROP 
00000240  22           OR 
00000241  2c           0= 
00000242  420400       §17 0BRANCH 
00000245  56           0 VAL 
00000246  401d00       §18 BRANCH 
00000249               §17 LABEL ( thisBits will be fetched! ) 
00000249  11           R1@ 
0000024a  10           R@ ( anotherBits will be fetched! ) 
0000024b  d3           3 A:VAL 
0000024c  8b           A:PICK 
0000024d  10           R@ 
0000024e  88           A:DROP 
0000024f  d4           2 A:VAL 
00000250  8b           A:PICK 
00000251  10           R@ 
00000252  88           A:DROP 
00000253  91           A:R1@ 
00000254  0a           NIP 
00000255  17           - 
00000256  10           R@ 
00000257  91           A:R1@ 
00000258  0a           NIP 
00000259  26           -B 
0000025a  10           R@ 
0000025b  89           A:2DROP 
0000025c  08           DROP 
0000025d  2a           0< 
0000025e  420400       §19 0BRANCH 
00000261  57           -1 VAL 
00000262  400100       §20 BRANCH 
00000265               §19 LABEL 
00000265  55           1 VAL 
00000266               §20 LABEL 
00000266               §18 LABEL 
00000266  56           0 VAL 
00000267  400100       §break2137 BRANCH 
0000026a  56           0 VAL 
0000026b               §break2137 LABEL 
0000026b  89           A:2DROP 
0000026c  89           A:2DROP 
0000026d  89           A:2DROP 
0000026e  89           A:2DROP 
0000026f  08           DROP 
00000270               §14 LABEL 
00000270  3d           EXIT 
00000271  2400         §13 LABEL 
00000273  446f75626c652e636c6173734d6f6e69746f724c65617665a72d31363931333933323830 " Double.classMonitorLeave§-1691393280 " 
00000297               
00000297               Double.compareTo§-879140096 LABEL 
00000297  90           A:R@ ( o declared ) 
00000298  08           DROP 
00000299  90           A:R@ ( §this declared ) 
0000029a  08           DROP ( §this will be fetched! ) 
0000029b  10           R@ 
0000029c  90           A:R@ ( o will be fetched! ) 
0000029d  d4           2 A:VAL 
0000029e  8b           A:PICK 
0000029f  10           R@ 
000002a0  88           A:DROP 
000002a1  0e           DUP 
000002a2  0d00000000   INCREFERENCE VAL ( will be modified! ) 
000002a7  00           NOP ( will be modified! ) 
000002a8  10           R@ 
000002a9  88           A:DROP 
000002aa  0d0063e170   1893819136 VAL 
000002af  57           -1 VAL 
000002b0  0d00000000   EXECUTE-METHOD VAL ( will be modified! ) 
000002b5  00           NOP ( will be modified! ) 
000002b6  56           0 VAL 
000002b7  400100       §break2136 BRANCH 
000002ba  56           0 VAL 
000002bb               §break2136 LABEL ( o will be fetched! ) 
000002bb  d5           1 A:VAL 
000002bc  8b           A:PICK 
000002bd  10           R@ 
000002be  88           A:DROP 
000002bf  57           -1 VAL 
000002c0  0d00000000   JavaArray.kill§1620077312 VAL ( will be modified! ) 
000002c5  00           NOP ( will be modified! ) 
000002c6  89           A:2DROP 
000002c7  08           DROP 
000002c8               §22 LABEL 
000002c8  3d           EXIT 
000002c9  1900         §21 LABEL 
000002cb  446f75626c652e636f6d70617265a72d383230303236363234 " Double.compare§-820026624 " 
000002e4               
000002e4               Double.compareTo§1893819136 LABEL 
000002e4  90           A:R@ ( anotherDouble declared ) 
000002e5  08           DROP 
000002e6  90           A:R@ ( §this declared ) 
000002e7  08           DROP ( §this will be fetched! ) 
000002e8  10           R@ 
000002e9  1d           CELL+ 
000002ea  02           @ 
000002eb  461c00       28 VAL 
000002ee  16           + 
000002ef  90           A:R@ 
000002f0  1d           CELL+ 
000002f1  02           @ 
000002f2  10           R@ 
000002f3  88           A:DROP 
000002f4  02           @ ( anotherDouble will be fetched! ) 
000002f5  d5           1 A:VAL 
000002f6  8b           A:PICK 
000002f7  10           R@ 
000002f8  88           A:DROP 
000002f9  1d           CELL+ 
000002fa  02           @ 
000002fb  461c00       28 VAL 
000002fe  16           + 
000002ff  90           A:R@ 
00000300  1d           CELL+ 
00000301  02           @ 
00000302  10           R@ 
00000303  88           A:DROP 
00000304  02           @ 
00000305  3e9dfe       Double.compare§-820026624 CALL 
00000308  56           0 VAL 
00000309  400100       §break2135 BRANCH 
0000030c  56           0 VAL 
0000030d               §break2135 LABEL ( anotherDouble will be fetched! ) 
0000030d  d5           1 A:VAL 
0000030e  8b           A:PICK 
0000030f  10           R@ 
00000310  88           A:DROP 
00000311  57           -1 VAL 
00000312  0d00000000   JavaArray.kill§1620077312 VAL ( will be modified! ) 
00000317  00           NOP ( will be modified! ) 
00000318  89           A:2DROP 
00000319  08           DROP 
0000031a               §23 LABEL 
0000031a  3d           EXIT 
0000031b               
0000031b               Double.doubleToLongBits§577332224 LABEL 
0000031b  91           A:R1@ ( value declared ) 
0000031c  90           A:R@ 
0000031d  09           2DROP ( value will be fetched! ) 
0000031e  11           R1@ 
0000031f  10           R@ 
00000320  56           0 VAL 
00000321               §break2132 LABEL 
00000321  89           A:2DROP 
00000322  08           DROP 
00000323               §24 LABEL 
00000323  3d           EXIT 
00000324               
00000324               Double.doubleToRawLongBits§-243047424 LABEL 
00000324  91           A:R1@ ( value declared ) 
00000325  90           A:R@ 
00000326  09           2DROP ( value will be fetched! ) 
00000327  11           R1@ 
00000328  10           R@ 
00000329  56           0 VAL 
0000032a               §break2133 LABEL 
0000032a  89           A:2DROP 
0000032b  08           DROP 
0000032c               §26 LABEL 
0000032c  3d           EXIT 
0000032d  2100         §25 LABEL 
0000032f  446f75626c652e646f75626c65546f4c6f6e6742697473a7353737333332323234 " Double.doubleToLongBits§577332224 " 
00000350               
00000350               Double.doubleValue§-330275840 LABEL 
00000350  90           A:R@ ( §this declared ) 
00000351  08           DROP ( §this will be fetched! ) 
00000352  10           R@ 
00000353  1d           CELL+ 
00000354  02           @ 
00000355  461c00       28 VAL 
00000358  16           + 
00000359  90           A:R@ 
0000035a  1d           CELL+ 
0000035b  02           @ 
0000035c  10           R@ 
0000035d  88           A:DROP 
0000035e  02           @ 
0000035f  90           A:R@ 
00000360  88           A:DROP 
00000361  56           0 VAL 
00000362  400100       §break2129 BRANCH 
00000365  56           0 VAL 
00000366               §break2129 LABEL 
00000366  88           A:DROP 
00000367  08           DROP 
00000368               §28 LABEL 
00000368  3d           EXIT 
00000369  2500         §27 LABEL 
0000036b  446f75626c652e646f75626c65546f5261774c6f6e6742697473a72d323433303437343234 " Double.doubleToRawLongBits§-243047424 " 
00000390               
00000390               Double.equals§-240098048 LABEL 
00000390  90           A:R@ ( obj declared ) 
00000391  08           DROP 
00000392  90           A:R@ ( §this declared ) 
00000393  08           DROP ( obj will be fetched! ) 
00000394  d5           1 A:VAL 
00000395  8b           A:PICK 
00000396  10           R@ 
00000397  88           A:DROP 
00000398  0dde000000   §5 VAL 
0000039d  0d00000000   INSTANCEOF VAL ( will be modified! ) 
000003a2  00           NOP ( will be modified! ) 
000003a3  412e00       and_2236 0BRANCH! 
000003a6  08           DROP ( obj will be fetched! ) 
000003a7  d5           1 A:VAL 
000003a8  8b           A:PICK 
000003a9  10           R@ 
000003aa  88           A:DROP 
000003ab  1d           CELL+ 
000003ac  02           @ 
000003ad  461c00       28 VAL 
000003b0  16           + 
000003b1  90           A:R@ 
000003b2  1d           CELL+ 
000003b3  02           @ 
000003b4  10           R@ 
000003b5  88           A:DROP 
000003b6  02           @ 
000003b7  3e61ff       Double.doubleToLongBits§577332224 CALL ( §this will be fetched! ) 
000003ba  10           R@ 
000003bb  1d           CELL+ 
000003bc  02           @ 
000003bd  461c00       28 VAL 
000003c0  16           + 
000003c1  90           A:R@ 
000003c2  1d           CELL+ 
000003c3  02           @ 
000003c4  10           R@ 
000003c5  88           A:DROP 
000003c6  02           @ 
000003c7  3e51ff       Double.doubleToLongBits§577332224 CALL 
000003ca  90           A:R@ 
000003cb  08           DROP 
000003cc  91           A:R1@ 
000003cd  0a           NIP 
000003ce  24           XOR 
000003cf  a4           A:XOR 
000003d0  10           R@ 
000003d1  88           A:DROP 
000003d2  22           OR 
000003d3  2c           0= 
000003d4               and_2236 LABEL 
000003d4  56           0 VAL 
000003d5  400100       §break2131 BRANCH 
000003d8  56           0 VAL 
000003d9               §break2131 LABEL ( obj will be fetched! ) 
000003d9  d5           1 A:VAL 
000003da  8b           A:PICK 
000003db  10           R@ 
000003dc  88           A:DROP 
000003dd  57           -1 VAL 
000003de  0d00000000   JavaArray.kill§1620077312 VAL ( will be modified! ) 
000003e3  00           NOP ( will be modified! ) 
000003e4  89           A:2DROP 
000003e5  08           DROP 
000003e6               §29 LABEL 
000003e6  3d           EXIT 
000003e7               
000003e7               Double.hashCode§-1604556800 LABEL 
000003e7  90           A:R@ ( §this declared ) 
000003e8  08           DROP 
000003e9  56           0 VAL 
000003ea  0e           DUP 
000003eb  91           A:R1@ ( bits declared ) 
000003ec  90           A:R@ 
000003ed  09           2DROP ( §this will be fetched! ) 
000003ee  d4           2 A:VAL 
000003ef  8b           A:PICK 
000003f0  10           R@ 
000003f1  88           A:DROP 
000003f2  1d           CELL+ 
000003f3  02           @ 
000003f4  461c00       28 VAL 
000003f7  16           + 
000003f8  90           A:R@ 
000003f9  1d           CELL+ 
000003fa  02           @ 
000003fb  10           R@ 
000003fc  88           A:DROP 
000003fd  02           @ 
000003fe  3e1aff       Double.doubleToLongBits§577332224 CALL ( bits will be modified! ) 
00000401  89           A:2DROP 
00000402  91           A:R1@ 
00000403  90           A:R@ 
00000404  09           2DROP ( bits will be fetched! ) 
00000405  11           R1@ 
00000406  10           R@ ( bits will be fetched! ) 
00000407  11           R1@ 
00000408  10           R@ 
00000409  462000       32 VAL 
0000040c  0d00000000   SHIFTR VAL ( will be modified! ) 
00000411  00           NOP ( will be modified! ) 
00000412  90           A:R@ 
00000413  08           DROP 
00000414  91           A:R1@ 
00000415  0a           NIP 
00000416  24           XOR 
00000417  a4           A:XOR 
00000418  10           R@ 
00000419  88           A:DROP 
0000041a  0a           NIP 
0000041b  56           0 VAL 
0000041c  400100       §break2130 BRANCH 
0000041f  56           0 VAL 
00000420               §break2130 LABEL 
00000420  89           A:2DROP 
00000421  88           A:DROP 
00000422  08           DROP 
00000423               §30 LABEL 
00000423  3d           EXIT 
00000424               
00000424               Double.intValue§-370906880 LABEL 
00000424  90           A:R@ ( §this declared ) 
00000425  08           DROP ( §this will be fetched! ) 
00000426  10           R@ 
00000427  1d           CELL+ 
00000428  02           @ 
00000429  461c00       28 VAL 
0000042c  16           + 
0000042d  90           A:R@ 
0000042e  1d           CELL+ 
0000042f  02           @ 
00000430  10           R@ 
00000431  88           A:DROP 
00000432  02           @ 
00000433  90           A:R@ 
00000434  0d00000000   F>D VAL ( will be modified! ) 
00000439  00           NOP ( will be modified! ) 
0000043a  0a           NIP 
0000043b  88           A:DROP 
0000043c  56           0 VAL 
0000043d  400100       §break2127 BRANCH 
00000440  56           0 VAL 
00000441               §break2127 LABEL 
00000441  88           A:DROP 
00000442  08           DROP 
00000443               §31 LABEL 
00000443  3d           EXIT 
00000444               
00000444               Double.isInfinite§1195337984 LABEL 
00000444  90           A:R@ ( §this declared ) 
00000445  08           DROP ( §this will be fetched! ) 
00000446  10           R@ 
00000447  1d           CELL+ 
00000448  02           @ 
00000449  461c00       28 VAL 
0000044c  16           + 
0000044d  90           A:R@ 
0000044e  1d           CELL+ 
0000044f  02           @ 
00000450  10           R@ 
00000451  88           A:DROP 
00000452  02           @ 
00000453  3e0b000000   Double.isInfinite§1623288064 VAL ( will be modified! ) 
00000458  00           NOP ( will be modified! ) 
00000459  56           0 VAL 
0000045a  400100       §break2123 BRANCH 
0000045d  56           0 VAL 
0000045e               §break2123 LABEL 
0000045e  88           A:DROP 
0000045f  08           DROP 
00000460               §32 LABEL 
00000460  3d           EXIT 
00000461               
00000461               Double.isInfinite§1623288064 LABEL 
00000461  91           A:R1@ ( v declared ) 
00000462  90           A:R@ 
00000463  09           2DROP ( v will be fetched! ) 
00000464  11           R1@ 
00000465  10           R@ 
00000466  0d00000000   Double.POSITIVE_INFINITY VAL ( will be modified! ) 
0000046b  00           NOP ( will be modified! ) 
0000046c  90           A:R@ 
0000046d  1d           CELL+ 
0000046e  02           @ 
0000046f  10           R@ 
00000470  88           A:DROP 
00000471  02           @ 
00000472  0d00000000   F- VAL ( will be modified! ) 
00000477  00           NOP ( will be modified! ) 
00000478  0f           OVER 
00000479  1a           2* 
0000047a  22           OR 
0000047b  0a           NIP 
0000047c  2c           0= 
0000047d  2b           0=! 
0000047e  421a00       or_2258 0BRANCH 
00000481  08           DROP ( v will be fetched! ) 
00000482  11           R1@ 
00000483  10           R@ 
00000484  0d00000000   Double.NEGATIVE_INFINITY VAL ( will be modified! ) 
00000489  00           NOP ( will be modified! ) 
0000048a  90           A:R@ 
0000048b  1d           CELL+ 
0000048c  02           @ 
0000048d  10           R@ 
0000048e  88           A:DROP 
0000048f  02           @ 
00000490  0d00000000   F- VAL ( will be modified! ) 
00000495  00           NOP ( will be modified! ) 
00000496  0f           OVER 
00000497  1a           2* 
00000498  22           OR 
00000499  0a           NIP 
0000049a  2c           0= 
0000049b               or_2258 LABEL 
0000049b  56           0 VAL 
0000049c  400100       §break2119 BRANCH 
0000049f  56           0 VAL 
000004a0               §break2119 LABEL 
000004a0  89           A:2DROP 
000004a1  08           DROP 
000004a2               §33 LABEL 
000004a2  3d           EXIT 
000004a3               
000004a3               Double.isNaN§1346070784 LABEL 
000004a3  91           A:R1@ ( v declared ) 
000004a4  90           A:R@ 
000004a5  09           2DROP ( v will be fetched! ) 
000004a6  11           R1@ 
000004a7  10           R@ ( v will be fetched! ) 
000004a8  11           R1@ 
000004a9  10           R@ 
000004aa  0d00000000   F- VAL ( will be modified! ) 
000004af  00           NOP ( will be modified! ) 
000004b0  0f           OVER 
000004b1  1a           2* 
000004b2  22           OR 
000004b3  0a           NIP 
000004b4  2c           0= 
000004b5  2c           0= 
000004b6  56           0 VAL 
000004b7  400100       §break2118 BRANCH 
000004ba  56           0 VAL 
000004bb               §break2118 LABEL 
000004bb  89           A:2DROP 
000004bc  08           DROP 
000004bd               §35 LABEL 
000004bd  3d           EXIT 
000004be  1c00         §34 LABEL 
000004c0  446f75626c652e6973496e66696e697465a731363233323838303634 " Double.isInfinite§1623288064 " 
000004dc               
000004dc               Double.isNaN§1861708032 LABEL 
000004dc  90           A:R@ ( §this declared ) 
000004dd  08           DROP ( §this will be fetched! ) 
000004de  10           R@ 
000004df  1d           CELL+ 
000004e0  02           @ 
000004e1  461c00       28 VAL 
000004e4  16           + 
000004e5  90           A:R@ 
000004e6  1d           CELL+ 
000004e7  02           @ 
000004e8  10           R@ 
000004e9  88           A:DROP 
000004ea  02           @ 
000004eb  3eb5ff       Double.isNaN§1346070784 CALL 
000004ee  56           0 VAL 
000004ef  400100       §break2122 BRANCH 
000004f2  56           0 VAL 
000004f3               §break2122 LABEL 
000004f3  88           A:DROP 
000004f4  08           DROP 
000004f5               §37 LABEL 
000004f5  3d           EXIT 
000004f6  1700         §36 LABEL 
000004f8  446f75626c652e69734e614ea731333436303730373834 " Double.isNaN§1346070784 " 
0000050f               
0000050f               Double.longBitsToDouble§1340697600 LABEL 
0000050f  91           A:R1@ ( bits declared ) 
00000510  90           A:R@ 
00000511  09           2DROP ( bits will be fetched! ) 
00000512  11           R1@ 
00000513  10           R@ 
00000514  56           0 VAL 
00000515               §break2134 LABEL 
00000515  89           A:2DROP 
00000516  08           DROP 
00000517               §38 LABEL 
00000517  3d           EXIT 
00000518               
00000518               Double.longValue§1506831360 LABEL 
00000518  90           A:R@ ( §this declared ) 
00000519  08           DROP ( §this will be fetched! ) 
0000051a  10           R@ 
0000051b  1d           CELL+ 
0000051c  02           @ 
0000051d  461c00       28 VAL 
00000520  16           + 
00000521  90           A:R@ 
00000522  1d           CELL+ 
00000523  02           @ 
00000524  10           R@ 
00000525  88           A:DROP 
00000526  02           @ 
00000527  90           A:R@ 
00000528  0d00000000   F>D VAL ( will be modified! ) 
0000052d  00           NOP ( will be modified! ) 
0000052e  88           A:DROP 
0000052f  56           0 VAL 
00000530  400100       §break2128 BRANCH 
00000533  56           0 VAL 
00000534               §break2128 LABEL 
00000534  88           A:DROP 
00000535  08           DROP 
00000536               §40 LABEL 
00000536  3d           EXIT 
00000537  2200         §39 LABEL 
00000539  446f75626c652e6c6f6e6742697473546f446f75626c65a731333430363937363030 " Double.longBitsToDouble§1340697600 " 
0000055b               
0000055b               Double.parseDouble§1159491584 LABEL 
0000055b  90           A:R@ ( §exception declared ) 
0000055c  08           DROP 
0000055d  90           A:R@ ( s declared ) 
0000055e  08           DROP 
0000055f  56           0 VAL 
00000560  0e           DUP 
00000561  0e           DUP 
00000562  90           A:R@ ( b declared ) 
00000563  08           DROP 
00000564  90           A:R@ ( body declared ) 
00000565  08           DROP 
00000566  90           A:R@ ( length declared ) 
00000567  08           DROP 
00000568  56           0 VAL 
00000569  0e           DUP 
0000056a  91           A:R1@ ( d declared ) 
0000056b  90           A:R@ 
0000056c  09           2DROP 
0000056d  56           0 VAL 
0000056e  90           A:R@ ( 0§ declared ) 
0000056f  08           DROP ( s will be fetched! ) 
00000570  d0           6 A:VAL 
00000571  8b           A:PICK 
00000572  10           R@ 
00000573  88           A:DROP 
00000574  90           A:R@ 
00000575  10           R@ 
00000576  88           A:DROP 
00000577  0d00745bc0   -1067748352 VAL 
0000057c  57           -1 VAL 
0000057d  0d00000000   EXECUTE-METHOD VAL ( will be modified! ) 
00000582  00           NOP ( will be modified! ) 
00000583  0e           DUP ( 0§ will be modified! ) 
00000584  88           A:DROP 
00000585  90           A:R@ 
00000586  08           DROP 
00000587  90           A:R@ 
00000588  10           R@ 
00000589  88           A:DROP 
0000058a  0d00672ddc   -601004288 VAL 
0000058f  57           -1 VAL 
00000590  0d00000000   EXECUTE-METHOD VAL ( will be modified! ) 
00000595  00           NOP ( will be modified! ) ( b will be fetched! ) 
00000596  d1           5 A:VAL 
00000597  8b           A:PICK 
00000598  10           R@ 
00000599  88           A:DROP 
0000059a  57           -1 VAL 
0000059b  0d00000000   JavaArray.kill§1620077312 VAL ( will be modified! ) 
000005a0  00           NOP ( will be modified! ) ( b will be modified! ) 
000005a1  90           A:R@ 
000005a2  d1           5 A:VAL 
000005a3  8c           A:PUT 
000005a4  08           DROP ( 0§ will be fetched! ) 
000005a5  10           R@ 
000005a6  57           -1 VAL 
000005a7  0d00000000   JavaArray.kill§1620077312 VAL ( will be modified! ) 
000005ac  00           NOP ( will be modified! ) 
000005ad  88           A:DROP ( b will be fetched! ) 
000005ae  d2           4 A:VAL 
000005af  8b           A:PICK 
000005b0  10           R@ 
000005b1  88           A:DROP 
000005b2  1d           CELL+ 
000005b3  02           @ 
000005b4  461c00       28 VAL 
000005b7  16           + 
000005b8  02           @ ( length will be modified! ) 
000005b9  90           A:R@ 
000005ba  d4           2 A:VAL 
000005bb  8c           A:PUT 
000005bc  08           DROP ( b will be fetched! ) 
000005bd  d2           4 A:VAL 
000005be  8b           A:PICK 
000005bf  10           R@ 
000005c0  88           A:DROP 
000005c1  90           A:R@ 
000005c2  56           0 VAL 
000005c3  10           R@ 
000005c4  88           A:DROP 
000005c5  0d0067cbc7   -942971136 VAL 
000005ca  57           -1 VAL 
000005cb  0d00000000   EXECUTE-METHOD VAL ( will be modified! ) 
000005d0  00           NOP ( will be modified! ) ( body will be modified! ) 
000005d1  90           A:R@ 
000005d2  d3           3 A:VAL 
000005d3  8c           A:PUT 
000005d4  08           DROP ( body will be fetched! ) 
000005d5  d3           3 A:VAL 
000005d6  8b           A:PICK 
000005d7  10           R@ 
000005d8  88           A:DROP ( length will be fetched! ) 
000005d9  d4           2 A:VAL 
000005da  8b           A:PICK 
000005db  10           R@ 
000005dc  88           A:DROP 
000005dd  0d00000000   >FLOAT VAL ( will be modified! ) 
000005e2  00           NOP ( will be modified! ) 
000005e3  08           DROP ( d will be modified! ) 
000005e4  89           A:2DROP 
000005e5  91           A:R1@ 
000005e6  90           A:R@ 
000005e7  09           2DROP ( d will be fetched! ) 
000005e8  11           R1@ 
000005e9  10           R@ 
000005ea  56           0 VAL 
000005eb  400100       §break2117 BRANCH 
000005ee  56           0 VAL 
000005ef               §break2117 LABEL ( b will be fetched! ) 
000005ef  d2           4 A:VAL 
000005f0  8b           A:PICK 
000005f1  10           R@ 
000005f2  88           A:DROP 
000005f3  57           -1 VAL 
000005f4  0d00000000   JavaArray.kill§1620077312 VAL ( will be modified! ) 
000005f9  00           NOP ( will be modified! ) ( s will be fetched! ) 
000005fa  d1           5 A:VAL 
000005fb  8b           A:PICK 
000005fc  10           R@ 
000005fd  88           A:DROP 
000005fe  57           -1 VAL 
000005ff  0d00000000   JavaArray.kill§1620077312 VAL ( will be modified! ) 
00000604  00           NOP ( will be modified! ) 
00000605  89           A:2DROP 
00000606  89           A:2DROP 
00000607  89           A:2DROP 
00000608  88           A:DROP 
00000609  08           DROP 
0000060a               §41 LABEL 
0000060a  3d           EXIT 
0000060b               
0000060b               Double.shortValue§715813632 LABEL 
0000060b  90           A:R@ ( §this declared ) 
0000060c  08           DROP ( §this will be fetched! ) 
0000060d  10           R@ 
0000060e  1d           CELL+ 
0000060f  02           @ 
00000610  461c00       28 VAL 
00000613  16           + 
00000614  90           A:R@ 
00000615  1d           CELL+ 
00000616  02           @ 
00000617  10           R@ 
00000618  88           A:DROP 
00000619  02           @ 
0000061a  90           A:R@ 
0000061b  0d00000000   F>D VAL ( will be modified! ) 
00000620  00           NOP ( will be modified! ) 
00000621  0a           NIP 
00000622  46ff7f       32767 VAL 
00000625  2d           CMP 
00000626  5c           U0> 
00000627  0a           NIP 
00000628  420400       §44 0BRANCH 
0000062b  460000       -65536 VAL 
0000062e  22           OR 
0000062f               §44 LABEL 
0000062f  88           A:DROP 
00000630  56           0 VAL 
00000631  400100       §break2126 BRANCH 
00000634  56           0 VAL 
00000635               §break2126 LABEL 
00000635  88           A:DROP 
00000636  08           DROP 
00000637               §43 LABEL 
00000637  3d           EXIT 
00000638  1d00         §42 LABEL 
0000063a  446f75626c652e7061727365446f75626c65a731313539343931353834 " Double.parseDouble§1159491584 " 
00000657               
00000657               Double.toString§1621718016 LABEL 
00000657  90           A:R@ ( §this declared ) 
00000658  08           DROP ( §this will be fetched! ) 
00000659  10           R@ 
0000065a  1d           CELL+ 
0000065b  02           @ 
0000065c  461c00       28 VAL 
0000065f  16           + 
00000660  90           A:R@ 
00000661  1d           CELL+ 
00000662  02           @ 
00000663  10           R@ 
00000664  88           A:DROP 
00000665  02           @ 
00000666  0d00000000   String.valueOf§-721717760 VAL ( will be modified! ) 
0000066b  00           NOP ( will be modified! ) 
0000066c  56           0 VAL 
0000066d  400100       §break2124 BRANCH 
00000670  56           0 VAL 
00000671               §break2124 LABEL 
00000671  88           A:DROP 
00000672  08           DROP 
00000673               §45 LABEL 
00000673  3d           EXIT 
00000674               
00000674               Double.toString§2044621824 LABEL 
00000674  91           A:R1@ ( d declared ) 
00000675  90           A:R@ 
00000676  09           2DROP 
00000677  56           0 VAL 
00000678  0e           DUP 
00000679  90           A:R@ ( bytestring declared ) 
0000067a  08           DROP 
0000067b  90           A:R@ ( length declared ) 
0000067c  08           DROP ( d will be fetched! ) 
0000067d  d3           3 A:VAL 
0000067e  8b           A:PICK 
0000067f  10           R@ 
00000680  88           A:DROP 
00000681  d4           2 A:VAL 
00000682  8b           A:PICK 
00000683  10           R@ 
00000684  88           A:DROP 
00000685  0d00000000   F.. VAL ( will be modified! ) 
0000068a  00           NOP ( will be modified! ) ( length will be modified! ) 
0000068b  88           A:DROP 
0000068c  90           A:R@ 
0000068d  08           DROP ( bytestring will be modified! ) 
0000068e  90           A:R@ 
0000068f  d5           1 A:VAL 
00000690  8c           A:PUT 
00000691  08           DROP ( length will be fetched! ) 
00000692  10           R@ ( bytestring will be fetched! ) 
00000693  d5           1 A:VAL 
00000694  8b           A:PICK 
00000695  10           R@ 
00000696  88           A:DROP 
00000697  0d00000000   JavaArray.createString§-105880832 VAL ( will be modified! ) 
0000069c  00           NOP ( will be modified! ) 
0000069d  56           0 VAL 
0000069e  400100       §break2115 BRANCH 
000006a1  56           0 VAL 
000006a2               §break2115 LABEL 
000006a2  89           A:2DROP 
000006a3  89           A:2DROP 
000006a4  08           DROP 
000006a5               §46 LABEL 
000006a5  3d           EXIT 
000006a6               
000006a6               Double.valueOf§-1535871488 LABEL 
000006a6  90           A:R@ ( §exception declared ) 
000006a7  08           DROP 
000006a8  90           A:R@ ( s declared ) 
000006a9  08           DROP 
000006aa  56           0 VAL 
000006ab  0e           DUP 
000006ac  0e           DUP 
000006ad  90           A:R@ ( b declared ) 
000006ae  08           DROP 
000006af  90           A:R@ ( body declared ) 
000006b0  08           DROP 
000006b1  90           A:R@ ( length declared ) 
000006b2  08           DROP 
000006b3  56           0 VAL 
000006b4  0e           DUP 
000006b5  91           A:R1@ ( d declared ) 
000006b6  90           A:R@ 
000006b7  09           2DROP 
000006b8  56           0 VAL 
000006b9  90           A:R@ ( 0§ declared ) 
000006ba  08           DROP ( s will be fetched! ) 
000006bb  d0           6 A:VAL 
000006bc  8b           A:PICK 
000006bd  10           R@ 
000006be  88           A:DROP 
000006bf  90           A:R@ 
000006c0  10           R@ 
000006c1  88           A:DROP 
000006c2  0d00745bc0   -1067748352 VAL 
000006c7  57           -1 VAL 
000006c8  0d00000000   EXECUTE-METHOD VAL ( will be modified! ) 
000006cd  00           NOP ( will be modified! ) 
000006ce  0e           DUP ( 0§ will be modified! ) 
000006cf  88           A:DROP 
000006d0  90           A:R@ 
000006d1  08           DROP 
000006d2  90           A:R@ 
000006d3  10           R@ 
000006d4  88           A:DROP 
000006d5  0d00672ddc   -601004288 VAL 
000006da  57           -1 VAL 
000006db  0d00000000   EXECUTE-METHOD VAL ( will be modified! ) 
000006e0  00           NOP ( will be modified! ) ( b will be fetched! ) 
000006e1  d1           5 A:VAL 
000006e2  8b           A:PICK 
000006e3  10           R@ 
000006e4  88           A:DROP 
000006e5  57           -1 VAL 
000006e6  0d00000000   JavaArray.kill§1620077312 VAL ( will be modified! ) 
000006eb  00           NOP ( will be modified! ) ( b will be modified! ) 
000006ec  90           A:R@ 
000006ed  d1           5 A:VAL 
000006ee  8c           A:PUT 
000006ef  08           DROP ( 0§ will be fetched! ) 
000006f0  10           R@ 
000006f1  57           -1 VAL 
000006f2  0d00000000   JavaArray.kill§1620077312 VAL ( will be modified! ) 
000006f7  00           NOP ( will be modified! ) 
000006f8  88           A:DROP ( b will be fetched! ) 
000006f9  d2           4 A:VAL 
000006fa  8b           A:PICK 
000006fb  10           R@ 
000006fc  88           A:DROP 
000006fd  1d           CELL+ 
000006fe  02           @ 
000006ff  461c00       28 VAL 
00000702  16           + 
00000703  02           @ ( length will be modified! ) 
00000704  90           A:R@ 
00000705  d4           2 A:VAL 
00000706  8c           A:PUT 
00000707  08           DROP ( b will be fetched! ) 
00000708  d2           4 A:VAL 
00000709  8b           A:PICK 
0000070a  10           R@ 
0000070b  88           A:DROP 
0000070c  90           A:R@ 
0000070d  56           0 VAL 
0000070e  10           R@ 
0000070f  88           A:DROP 
00000710  0d0067cbc7   -942971136 VAL 
00000715  57           -1 VAL 
00000716  0d00000000   EXECUTE-METHOD VAL ( will be modified! ) 
0000071b  00           NOP ( will be modified! ) ( body will be modified! ) 
0000071c  90           A:R@ 
0000071d  d3           3 A:VAL 
0000071e  8c           A:PUT 
0000071f  08           DROP ( body will be fetched! ) 
00000720  d3           3 A:VAL 
00000721  8b           A:PICK 
00000722  10           R@ 
00000723  88           A:DROP ( length will be fetched! ) 
00000724  d4           2 A:VAL 
00000725  8b           A:PICK 
00000726  10           R@ 
00000727  88           A:DROP 
00000728  0d00000000   >FLOAT VAL ( will be modified! ) 
0000072d  00           NOP ( will be modified! ) 
0000072e  08           DROP ( d will be modified! ) 
0000072f  89           A:2DROP 
00000730  91           A:R1@ 
00000731  90           A:R@ 
00000732  09           2DROP ( d will be fetched! ) 
00000733  11           R1@ 
00000734  10           R@ 
00000735  0d00000000   Double§-1583528960.table VAL ( will be modified! ) 
0000073a  00           NOP ( will be modified! ) 
0000073b  0d0044e309   165889024 VAL 
00000740  0d00000000   EXECUTE-NEW VAL ( will be modified! ) 
00000745  00           NOP ( will be modified! ) 
00000746  56           0 VAL 
00000747  400100       §break2116 BRANCH 
0000074a  56           0 VAL 
0000074b               §break2116 LABEL ( b will be fetched! ) 
0000074b  d2           4 A:VAL 
0000074c  8b           A:PICK 
0000074d  10           R@ 
0000074e  88           A:DROP 
0000074f  57           -1 VAL 
00000750  0d00000000   JavaArray.kill§1620077312 VAL ( will be modified! ) 
00000755  00           NOP ( will be modified! ) ( s will be fetched! ) 
00000756  d1           5 A:VAL 
00000757  8b           A:PICK 
00000758  10           R@ 
00000759  88           A:DROP 
0000075a  57           -1 VAL 
0000075b  0d00000000   JavaArray.kill§1620077312 VAL ( will be modified! ) 
00000760  00           NOP ( will be modified! ) 
00000761  89           A:2DROP 
00000762  89           A:2DROP 
00000763  89           A:2DROP 
00000764  88           A:DROP 
00000765  08           DROP 
00000766               §48 LABEL 
00000766  3d           EXIT 
00000767  1a00         §47 LABEL 
00000769  446f75626c652e746f537472696e67a732303434363231383234 " Double.toString§2044621824 " 
00000783               
00000783               Double.~destructor§-1086882304 LABEL 
00000783  90           A:R@ ( §this declared ) 
00000784  08           DROP 
00000785  56           0 VAL 
00000786  90           A:R@ ( obj declared ) 
00000787  08           DROP ( §this will be fetched! ) 
00000788  d5           1 A:VAL 
00000789  8b           A:PICK 
0000078a  10           R@ 
0000078b  88           A:DROP 
0000078c  02           @ 
0000078d  19           1- 
0000078e  2c           0= 
0000078f  422600       §51 0BRANCH ( §this will be fetched! ) 
00000792  d5           1 A:VAL 
00000793  8b           A:PICK 
00000794  10           R@ 
00000795  88           A:DROP 
00000796  1d           CELL+ 
00000797  02           @ 
00000798  02           @ ( obj will be modified! ) 
00000799  88           A:DROP 
0000079a  90           A:R@ 
0000079b  08           DROP ( obj will be fetched! ) 
0000079c  10           R@ 
0000079d  56           0 VAL 
0000079e  0d00000000   JavaArray.kill§1620077312 VAL ( will be modified! ) 
000007a3  00           NOP ( will be modified! ) ( §this will be fetched! ) 
000007a4  d5           1 A:VAL 
000007a5  8b           A:PICK 
000007a6  10           R@ 
000007a7  88           A:DROP 
000007a8  1d           CELL+ 
000007a9  02           @ 
000007aa  4e           8 VAL 
000007ab  16           + 
000007ac  02           @ ( obj will be modified! ) 
000007ad  88           A:DROP 
000007ae  90           A:R@ 
000007af  08           DROP ( obj will be fetched! ) 
000007b0  10           R@ 
000007b1  56           0 VAL 
000007b2  0d00000000   JavaArray.kill§1620077312 VAL ( will be modified! ) 
000007b7  00           NOP ( will be modified! ) 
000007b8               §51 LABEL ( §this will be fetched! ) 
000007b8  d5           1 A:VAL 
000007b9  8b           A:PICK 
000007ba  10           R@ 
000007bb  88           A:DROP 
000007bc  0d00000000   DECREFERENCE VAL ( will be modified! ) 
000007c1  00           NOP ( will be modified! ) 
000007c2  56           0 VAL 
000007c3               §break2139 LABEL 
000007c3  89           A:2DROP 
000007c4  08           DROP 
000007c5               §50 LABEL 
000007c5  3d           EXIT 
000007c6  1a00         §49 LABEL 
000007c8  446f75626c652e76616c75654f66a72d31353335383731343838 " Double.valueOf§-1535871488 " 
000007e2  1800         §62 LABEL 
000007e4  446f75626c65a72d313538333532383936302e7461626c65 " Double§-1583528960.table " 
000007fc  0b00         §61 LABEL 
000007fe  446f75626c652e7a65726f " Double.zero " 
00000809  1700         §60 LABEL 
0000080b  446f75626c652e73657269616c56657273696f6e554944 " Double.serialVersionUID " 
00000822  0a00         §59 LABEL 
00000824  446f75626c652e6f6e65 " Double.one " 
0000082e  1400         §58 LABEL 
00000830  446f75626c652e5f737461746963546872656164 " Double._staticThread " 
00000844  1600         §57 LABEL 
00000846  446f75626c652e5f737461746963426c6f636b696e67 " Double._staticBlocking " 
0000085c  1800         §56 LABEL 
0000085e  446f75626c652e504f5349544956455f494e46494e495459 " Double.POSITIVE_INFINITY " 
00000876  0a00         §55 LABEL 
00000878  446f75626c652e4e614e " Double.NaN " 
00000882  1800         §54 LABEL 
00000884  446f75626c652e4e454741544956455f494e46494e495459 " Double.NEGATIVE_INFINITY " 
0000089c  1000         §53 LABEL 
0000089e  446f75626c652e4d494e5f56414c5545 " Double.MIN_VALUE " 
000008ae  1000         §52 LABEL 
000008b0  446f75626c652e4d41585f56414c5545 " Double.MAX_VALUE " 
000008c0  0d7e010000   Double.classMonitorEnter§-433167616 VAL 
000008c5  53           3 VAL 
000008c6  0d84010000   §11 VAL 
000008cb  0d00000000   create VAL ( will be modified! ) 
000008d0  00           NOP ( will be modified! ) 
000008d1  0d81010000   Double.classMonitorLeave§-1691393280 VAL 
000008d6  53           3 VAL 
000008d7  0d75020000   §13 VAL 
000008dc  0d00000000   create VAL ( will be modified! ) 
000008e1  00           NOP ( will be modified! ) 
000008e2  0da9010000   Double.compare§-820026624 VAL 
000008e7  53           3 VAL 
000008e8  0dcd020000   §21 VAL 
000008ed  0d00000000   create VAL ( will be modified! ) 
000008f2  00           NOP ( will be modified! ) 
000008f3  0d1f030000   Double.doubleToLongBits§577332224 VAL 
000008f8  53           3 VAL 
000008f9  0d31030000   §25 VAL 
000008fe  0d00000000   create VAL ( will be modified! ) 
00000903  00           NOP ( will be modified! ) 
00000904  0d28030000   Double.doubleToRawLongBits§-243047424 VAL 
00000909  53           3 VAL 
0000090a  0d6d030000   §27 VAL 
0000090f  0d00000000   create VAL ( will be modified! ) 
00000914  00           NOP ( will be modified! ) 
00000915  0d65040000   Double.isInfinite§1623288064 VAL 
0000091a  53           3 VAL 
0000091b  0dc2040000   §34 VAL 
00000920  0d00000000   create VAL ( will be modified! ) 
00000925  00           NOP ( will be modified! ) 
00000926  0da7040000   Double.isNaN§1346070784 VAL 
0000092b  53           3 VAL 
0000092c  0dfa040000   §36 VAL 
00000931  0d00000000   create VAL ( will be modified! ) 
00000936  00           NOP ( will be modified! ) 
00000937  0d13050000   Double.longBitsToDouble§1340697600 VAL 
0000093c  53           3 VAL 
0000093d  0d3b050000   §39 VAL 
00000942  0d00000000   create VAL ( will be modified! ) 
00000947  00           NOP ( will be modified! ) 
00000948  0d5f050000   Double.parseDouble§1159491584 VAL 
0000094d  53           3 VAL 
0000094e  0d3c060000   §42 VAL 
00000953  0d00000000   create VAL ( will be modified! ) 
00000958  00           NOP ( will be modified! ) 
00000959  0d78060000   Double.toString§2044621824 VAL 
0000095e  53           3 VAL 
0000095f  0d6b070000   §47 VAL 
00000964  0d00000000   create VAL ( will be modified! ) 
00000969  00           NOP ( will be modified! ) 
0000096a  0daa060000   Double.valueOf§-1535871488 VAL 
0000096f  53           3 VAL 
00000970  0dca070000   §49 VAL 
00000975  0d00000000   create VAL ( will be modified! ) 
0000097a  00           NOP ( will be modified! ) 
0000097b  0d00000000   ALIGN VAL ( will be modified! ) 
00000980  00           NOP ( will be modified! ) 
00000981  0d00000000   HERE VAL ( will be modified! ) 
00000986  00           NOP ( will be modified! ) 
00000987  4f           7 VAL 
00000988  0db2080000   §52 VAL 
0000098d  0d00000000   create VAL ( will be modified! ) 
00000992  00           NOP ( will be modified! ) 
00000993  54           2 VAL 
00000994  1a           2* 
00000995  1a           2* 
00000996  0d00000000   ALLOT VAL ( will be modified! ) 
0000099b  00           NOP ( will be modified! ) 
0000099c  0d00000000   ALIGN VAL ( will be modified! ) 
000009a1  00           NOP ( will be modified! ) 
000009a2  0d00000000   HERE VAL ( will be modified! ) 
000009a7  00           NOP ( will be modified! ) 
000009a8  4f           7 VAL 
000009a9  0da0080000   §53 VAL 
000009ae  0d00000000   create VAL ( will be modified! ) 
000009b3  00           NOP ( will be modified! ) 
000009b4  54           2 VAL 
000009b5  1a           2* 
000009b6  1a           2* 
000009b7  0d00000000   ALLOT VAL ( will be modified! ) 
000009bc  00           NOP ( will be modified! ) 
000009bd  0d00000000   ALIGN VAL ( will be modified! ) 
000009c2  00           NOP ( will be modified! ) 
000009c3  0d00000000   HERE VAL ( will be modified! ) 
000009c8  00           NOP ( will be modified! ) 
000009c9  4f           7 VAL 
000009ca  0d86080000   §54 VAL 
000009cf  0d00000000   create VAL ( will be modified! ) 
000009d4  00           NOP ( will be modified! ) 
000009d5  54           2 VAL 
000009d6  1a           2* 
000009d7  1a           2* 
000009d8  0d00000000   ALLOT VAL ( will be modified! ) 
000009dd  00           NOP ( will be modified! ) 
000009de  0d00000000   ALIGN VAL ( will be modified! ) 
000009e3  00           NOP ( will be modified! ) 
000009e4  0d00000000   HERE VAL ( will be modified! ) 
000009e9  00           NOP ( will be modified! ) 
000009ea  4f           7 VAL 
000009eb  0d7a080000   §55 VAL 
000009f0  0d00000000   create VAL ( will be modified! ) 
000009f5  00           NOP ( will be modified! ) 
000009f6  54           2 VAL 
000009f7  1a           2* 
000009f8  1a           2* 
000009f9  0d00000000   ALLOT VAL ( will be modified! ) 
000009fe  00           NOP ( will be modified! ) 
000009ff  0d00000000   ALIGN VAL ( will be modified! ) 
00000a04  00           NOP ( will be modified! ) 
00000a05  0d00000000   HERE VAL ( will be modified! ) 
00000a0a  00           NOP ( will be modified! ) 
00000a0b  4f           7 VAL 
00000a0c  0d60080000   §56 VAL 
00000a11  0d00000000   create VAL ( will be modified! ) 
00000a16  00           NOP ( will be modified! ) 
00000a17  54           2 VAL 
00000a18  1a           2* 
00000a19  1a           2* 
00000a1a  0d00000000   ALLOT VAL ( will be modified! ) 
00000a1f  00           NOP ( will be modified! ) 
00000a20  0d00000000   ALIGN VAL ( will be modified! ) 
00000a25  00           NOP ( will be modified! ) 
00000a26  0d00000000   HERE VAL ( will be modified! ) 
00000a2b  00           NOP ( will be modified! ) 
00000a2c  54           2 VAL 
00000a2d  0d48080000   §57 VAL 
00000a32  0d00000000   create VAL ( will be modified! ) 
00000a37  00           NOP ( will be modified! ) 
00000a38  55           1 VAL 
00000a39  1a           2* 
00000a3a  1a           2* 
00000a3b  0d00000000   ALLOT VAL ( will be modified! ) 
00000a40  00           NOP ( will be modified! ) 
00000a41  0d00000000   ALIGN VAL ( will be modified! ) 
00000a46  00           NOP ( will be modified! ) 
00000a47  0d00000000   HERE VAL ( will be modified! ) 
00000a4c  00           NOP ( will be modified! ) 
00000a4d  54           2 VAL 
00000a4e  0d32080000   §58 VAL 
00000a53  0d00000000   create VAL ( will be modified! ) 
00000a58  00           NOP ( will be modified! ) 
00000a59  55           1 VAL 
00000a5a  1a           2* 
00000a5b  1a           2* 
00000a5c  0d00000000   ALLOT VAL ( will be modified! ) 
00000a61  00           NOP ( will be modified! ) 
00000a62  0d00000000   ALIGN VAL ( will be modified! ) 
00000a67  00           NOP ( will be modified! ) 
00000a68  0d00000000   HERE VAL ( will be modified! ) 
00000a6d  00           NOP ( will be modified! ) 
00000a6e  4f           7 VAL 
00000a6f  0d26080000   §59 VAL 
00000a74  0d00000000   create VAL ( will be modified! ) 
00000a79  00           NOP ( will be modified! ) 
00000a7a  54           2 VAL 
00000a7b  1a           2* 
00000a7c  1a           2* 
00000a7d  0d00000000   ALLOT VAL ( will be modified! ) 
00000a82  00           NOP ( will be modified! ) 
00000a83  0d00000000   ALIGN VAL ( will be modified! ) 
00000a88  00           NOP ( will be modified! ) 
00000a89  0d00000000   HERE VAL ( will be modified! ) 
00000a8e  00           NOP ( will be modified! ) 
00000a8f  4f           7 VAL 
00000a90  0d0d080000   §60 VAL 
00000a95  0d00000000   create VAL ( will be modified! ) 
00000a9a  00           NOP ( will be modified! ) 
00000a9b  54           2 VAL 
00000a9c  1a           2* 
00000a9d  1a           2* 
00000a9e  0d00000000   ALLOT VAL ( will be modified! ) 
00000aa3  00           NOP ( will be modified! ) 
00000aa4  0d00000000   ALIGN VAL ( will be modified! ) 
00000aa9  00           NOP ( will be modified! ) 
00000aaa  0d00000000   HERE VAL ( will be modified! ) 
00000aaf  00           NOP ( will be modified! ) 
00000ab0  4f           7 VAL 
00000ab1  0d00080000   §61 VAL 
00000ab6  0d00000000   create VAL ( will be modified! ) 
00000abb  00           NOP ( will be modified! ) 
00000abc  54           2 VAL 
00000abd  1a           2* 
00000abe  1a           2* 
00000abf  0d00000000   ALLOT VAL ( will be modified! ) 
00000ac4  00           NOP ( will be modified! ) 
00000ac5  8d00000000   HERE A:VAL ( will be modified! ) 
00000aca  80           A:NOP ( will be modified! ) 
00000acb  0d00000000   ALIGN VAL ( will be modified! ) 
00000ad0  00           NOP ( will be modified! ) 
00000ad1  0d00000000   HERE VAL ( will be modified! ) 
00000ad6  00           NOP ( will be modified! ) 
00000ad7  54           2 VAL 
00000ad8  0de6070000   §62 VAL 
00000add  0d00000000   create VAL ( will be modified! ) 
00000ae2  00           NOP ( will be modified! ) 
00000ae3  55           1 VAL 
00000ae4  1a           2* 
00000ae5  1a           2* 
00000ae6  0d00000000   ALLOT VAL ( will be modified! ) 
00000aeb  00           NOP ( will be modified! ) 
00000aec  461000       16 VAL 
00000aef  0e           DUP 
00000af0  1a           2* 
00000af1  1a           2* 
00000af2  1a           2* 
00000af3  0d00000000   ALLOT VAL ( will be modified! ) 
00000af8  00           NOP ( will be modified! ) 
00000af9  10           R@ 
00000afa  01           ! 
00000afb  9d           A:CELL+ 
00000afc  0d00448758   1485259776 VAL 
00000b01  10           R@ 
00000b02  01           ! 
00000b03  9d           A:CELL+ 
00000b04  0d15000000   Double.Double§1485259776 VAL 
00000b09  10           R@ 
00000b0a  01           ! 
00000b0b  9d           A:CELL+ 
00000b0c  0d0044c25b   1539458048 VAL 
00000b11  10           R@ 
00000b12  01           ! 
00000b13  9d           A:CELL+ 
00000b14  0d8c000000   Double.Double§1539458048 VAL 
00000b19  10           R@ 
00000b1a  01           ! 
00000b1b  9d           A:CELL+ 
00000b1c  0d0044e309   165889024 VAL 
00000b21  10           R@ 
00000b22  01           ! 
00000b23  9d           A:CELL+ 
00000b24  0de6000000   Double.Double§165889024 VAL 
00000b29  10           R@ 
00000b2a  01           ! 
00000b2b  9d           A:CELL+ 
00000b2c  0d00622289   -1994235392 VAL 
00000b31  10           R@ 
00000b32  01           ! 
00000b33  9d           A:CELL+ 
00000b34  0d51010000   Double.byteValue§-1994235392 VAL 
00000b39  10           R@ 
00000b3a  01           ! 
00000b3b  9d           A:CELL+ 
00000b3c  0d006399cb   -879140096 VAL 
00000b41  10           R@ 
00000b42  01           ! 
00000b43  9d           A:CELL+ 
00000b44  0d9b020000   Double.compareTo§-879140096 VAL 
00000b49  10           R@ 
00000b4a  01           ! 
00000b4b  9d           A:CELL+ 
00000b4c  0d0063e170   1893819136 VAL 
00000b51  10           R@ 
00000b52  01           ! 
00000b53  9d           A:CELL+ 
00000b54  0de8020000   Double.compareTo§1893819136 VAL 
00000b59  10           R@ 
00000b5a  01           ! 
00000b5b  9d           A:CELL+ 
00000b5c  0d006450ec   -330275840 VAL 
00000b61  10           R@ 
00000b62  01           ! 
00000b63  9d           A:CELL+ 
00000b64  0d54030000   Double.doubleValue§-330275840 VAL 
00000b69  10           R@ 
00000b6a  01           ! 
00000b6b  9d           A:CELL+ 
00000b6c  0d0065b0f1   -240098048 VAL 
00000b71  10           R@ 
00000b72  01           ! 
00000b73  9d           A:CELL+ 
00000b74  0d94030000   Double.equals§-240098048 VAL 
00000b79  10           R@ 
00000b7a  01           ! 
00000b7b  9d           A:CELL+ 
00000b7c  0d00685ca0   -1604556800 VAL 
00000b81  10           R@ 
00000b82  01           ! 
00000b83  9d           A:CELL+ 
00000b84  0deb030000   Double.hashCode§-1604556800 VAL 
00000b89  10           R@ 
00000b8a  01           ! 
00000b8b  9d           A:CELL+ 
00000b8c  0d0069e4e9   -370906880 VAL 
00000b91  10           R@ 
00000b92  01           ! 
00000b93  9d           A:CELL+ 
00000b94  0d28040000   Double.intValue§-370906880 VAL 
00000b99  10           R@ 
00000b9a  01           ! 
00000b9b  9d           A:CELL+ 
00000b9c  0d00693f47   1195337984 VAL 
00000ba1  10           R@ 
00000ba2  01           ! 
00000ba3  9d           A:CELL+ 
00000ba4  0d48040000   Double.isInfinite§1195337984 VAL 
00000ba9  10           R@ 
00000baa  01           ! 
00000bab  9d           A:CELL+ 
00000bac  0d0069f76e   1861708032 VAL 
00000bb1  10           R@ 
00000bb2  01           ! 
00000bb3  9d           A:CELL+ 
00000bb4  0de0040000   Double.isNaN§1861708032 VAL 
00000bb9  10           R@ 
00000bba  01           ! 
00000bbb  9d           A:CELL+ 
00000bbc  0d006cd059   1506831360 VAL 
00000bc1  10           R@ 
00000bc2  01           ! 
00000bc3  9d           A:CELL+ 
00000bc4  0d1c050000   Double.longValue§1506831360 VAL 
00000bc9  10           R@ 
00000bca  01           ! 
00000bcb  9d           A:CELL+ 
00000bcc  0d0073aa2a   715813632 VAL 
00000bd1  10           R@ 
00000bd2  01           ! 
00000bd3  9d           A:CELL+ 
00000bd4  0d0f060000   Double.shortValue§715813632 VAL 
00000bd9  10           R@ 
00000bda  01           ! 
00000bdb  9d           A:CELL+ 
00000bdc  0d0074a960   1621718016 VAL 
00000be1  10           R@ 
00000be2  01           ! 
00000be3  9d           A:CELL+ 
00000be4  0d5b060000   Double.toString§1621718016 VAL 
00000be9  10           R@ 
00000bea  01           ! 
00000beb  9d           A:CELL+ 
00000bec  0d007e37bf   -1086882304 VAL 
00000bf1  10           R@ 
00000bf2  01           ! 
00000bf3  9d           A:CELL+ 
00000bf4  0d87070000   Double.~destructor§-1086882304 VAL 
00000bf9  10           R@ 
00000bfa  01           ! 
00000bfb  9d           A:CELL+ 
00000bfc  88           A:DROP 
00000bfd  3d           EXIT 

instruction usage:
load/store:		104	(6.722689075630252%)
32-bit values:		195	(12.605042016806722%)
16-bit values:		30	(1.9392372333548804%)
5-bit values:		199	(12.863606981254039%)
values total:		424	(27.407886231415645%)
arithmetic/logical:	150	(9.696186166774403%)
relations:		15	(0.9696186166774402%)
flow control:		69	(4.460245636716225%)
other:			785	(50.743374272786035%)
total:			1547

average bytes per instruction: 1.6069812540400776

string storage in byte:	584
unresolved references:	163

Size of static code: 2240
Size of initial code: 830

references:
ffffffff	2	>FLOAT
ffffffff	11	ALIGN
ffffffff	12	ALLOT
ffffffff	1	DECREFERENCE
15	1	Double.Double§1485259776
15	1	Double.Double§1485259776
8c	1	Double.Double§1539458048
8c	1	Double.Double§1539458048
e6	1	Double.Double§165889024
e6	1	Double.Double§165889024
ffffffff	1	Double.NEGATIVE_INFINITY
ffffffff	1	Double.POSITIVE_INFINITY
151	1	Double.byteValue§-1994235392
151	1	Double.byteValue§-1994235392
17e	1	Double.classMonitorEnter§-433167616
17e	1	Double.classMonitorEnter§-433167616
181	1	Double.classMonitorLeave§-1691393280
181	1	Double.classMonitorLeave§-1691393280
29b	1	Double.compareTo§-879140096
29b	1	Double.compareTo§-879140096
2e8	1	Double.compareTo§1893819136
2e8	1	Double.compareTo§1893819136
1a9	2	Double.compare§-820026624
1a9	2	Double.compare§-820026624
31f	6	Double.doubleToLongBits§577332224
31f	6	Double.doubleToLongBits§577332224
328	1	Double.doubleToRawLongBits§-243047424
328	1	Double.doubleToRawLongBits§-243047424
354	1	Double.doubleValue§-330275840
354	1	Double.doubleValue§-330275840
394	1	Double.equals§-240098048
394	1	Double.equals§-240098048
3eb	1	Double.hashCode§-1604556800
3eb	1	Double.hashCode§-1604556800
428	1	Double.intValue§-370906880
428	1	Double.intValue§-370906880
448	1	Double.isInfinite§1195337984
448	1	Double.isInfinite§1195337984
465	2	Double.isInfinite§1623288064
465	2	Double.isInfinite§1623288064
4a7	2	Double.isNaN§1346070784
4a7	2	Double.isNaN§1346070784
4e0	1	Double.isNaN§1861708032
4e0	1	Double.isNaN§1861708032
513	1	Double.longBitsToDouble§1340697600
513	1	Double.longBitsToDouble§1340697600
51c	1	Double.longValue§1506831360
51c	1	Double.longValue§1506831360
55f	1	Double.parseDouble§1159491584
55f	1	Double.parseDouble§1159491584
60f	1	Double.shortValue§715813632
60f	1	Double.shortValue§715813632
65b	1	Double.toString§1621718016
65b	1	Double.toString§1621718016
678	1	Double.toString§2044621824
678	1	Double.toString§2044621824
6aa	2	Double.valueOf§-1535871488
6aa	2	Double.valueOf§-1535871488
787	1	Double.~destructor§-1086882304
787	1	Double.~destructor§-1086882304
ffffffff	4	Double§-1583528960.table
ffffffff	8	EXECUTE-METHOD
ffffffff	2	EXECUTE-NEW
ffffffff	5	F-
ffffffff	1	F..
ffffffff	4	F>D
ffffffff	1	FNEGATE
ffffffff	12	HERE
ffffffff	2	INCREFERENCE
ffffffff	1	INSTANCEOF
ffffffff	1	JavaArray.createString§-105880832
ffffffff	15	JavaArray.kill§1620077312
ffffffff	2	MALLOC
ffffffff	1	SHIFTR
ffffffff	1	String.valueOf§-721717760
3d8	1	and_2236
ffffffff	22	create
49f	1	or_2258
62	1	std2156
62	1	std2156
184	1	§11
275	1	§13
2cd	1	§21
331	1	§25
36d	1	§27
4c2	1	§34
4fa	1	§36
53b	1	§39
63c	1	§42
76b	1	§47
7ca	1	§49
de	3	§5
8b2	1	§52
8a0	1	§53
886	1	§54
87a	1	§55
860	1	§56
848	1	§57
832	1	§58
826	1	§59
80d	1	§60
800	1	§61
7e6	1	§62
