00000010  56           0 VAL 
00000011  0d00000000   Gauss._staticBlocking VAL ( will be modified! ) 
00000016  00           NOP ( will be modified! ) 
00000017  01           ! 
00000018  56           0 VAL 
00000019  0d00000000   Gauss._staticThread VAL ( will be modified! ) 
0000001e  00           NOP ( will be modified! ) 
0000001f  01           ! 
00000020  3d           EXIT 

instruction usage:
load/store:		2	(22.22222222222222%)
32-bit values:		2	(22.22222222222222%)
16-bit values:		0	(0.0%)
5-bit values:		2	(22.22222222222222%)
values total:		4	(44.44444444444444%)
arithmetic/logical:	0	(0.0%)
relations:		0	(0.0%)
flow control:		1	(11.11111111111111%)
other:			2	(22.22222222222222%)
total:			9

average bytes per instruction: 3.3333333333333335

string storage in byte:	0
unresolved references:	2

Size of static code: 13
Size of initial code: 17

references:
ffffffff	1	Gauss._staticBlocking
ffffffff	1	Gauss._staticThread
