00000014               
00000014               equation.JavaArray.JavaArray§-2046277120 LABEL 
00000014  56           0 VAL 
00000015  90           A:R@ ( §this declared ) 
00000016  08           DROP 
00000017  0d00000000   sort.Object§-1890496768.table VAL ( will be modified! ) 
0000001c  00           NOP ( will be modified! ) 
0000001d  0d004fea6c   1827294976 VAL 
00000022  0d00000000   EXECUTE-NEW VAL ( will be modified! ) 
00000027  00           NOP ( will be modified! ) 
00000028  462800       40 VAL 
0000002b  0d00000000   MALLOC VAL ( will be modified! ) 
00000030  00           NOP ( will be modified! ) 
00000031  08           DROP 
00000032  0e           DUP ( §this will be modified! ) 
00000033  88           A:DROP 
00000034  90           A:R@ 
00000035  08           DROP 
00000036  0f           OVER 
00000037  420900       §1 0BRANCH 
0000003a  0f           OVER 
0000003b  1d           CELL+ 
0000003c  02           @ 
0000003d  52           4 VAL 
0000003e  16           + 
0000003f  0f           OVER 
00000040  0f           OVER 
00000041  01           ! 
00000042  08           DROP 
00000043               §1 LABEL 
00000043  1d           CELL+ 
00000044  02           @ 
00000045  0f           OVER 
00000046  0f           OVER 
00000047  01           ! 
00000048  0a           NIP 
00000049  0d00000000   equation.JavaArray§1352878592.table VAL ( will be modified! ) 
0000004e  00           NOP ( will be modified! ) 
0000004f  0f           OVER 
00000050  4a           12 VAL 
00000051  16           + 
00000052  01           ! 
00000053  0d0000a350   1352859648 VAL 
00000058  0f           OVER 
00000059  461400       20 VAL 
0000005c  16           + 
0000005d  01           ! 
0000005e  0d7c000000   §2 VAL 
00000063  0f           OVER 
00000064  461000       16 VAL 
00000067  16           + 
00000068  01           ! 
00000069  08           DROP 
0000006a  56           0 VAL ( §this will be fetched! ) 
0000006b  10           R@ 
0000006c  1d           CELL+ 
0000006d  02           @ 
0000006e  461800       24 VAL 
00000071  16           + 
00000072  01           ! ( §this will be fetched! ) 
00000073  10           R@ 
00000074  56           0 VAL 
00000075               §break217 LABEL 
00000075  88           A:DROP 
00000076  08           DROP 
00000077               §0 LABEL 
00000077  3d           EXIT 
00000078  0900         §2 LABEL 
0000007a  4a6176614172726179 " JavaArray " 
00000083               
00000083               equation.JavaArray.JavaArray§-227194368 LABEL 
00000083  90           A:R@ ( code declared ) 
00000084  08           DROP 
00000085  90           A:R@ ( length declared ) 
00000086  08           DROP 
00000087  56           0 VAL 
00000088  0e           DUP 
00000089  90           A:R@ ( x declared ) 
0000008a  08           DROP 
0000008b  90           A:R@ ( §this declared ) 
0000008c  08           DROP 
0000008d  0d00000000   sort.Object§-1890496768.table VAL ( will be modified! ) 
00000092  00           NOP ( will be modified! ) 
00000093  0d004fea6c   1827294976 VAL 
00000098  0d00000000   EXECUTE-NEW VAL ( will be modified! ) 
0000009d  00           NOP ( will be modified! ) 
0000009e  462800       40 VAL 
000000a1  0d00000000   MALLOC VAL ( will be modified! ) 
000000a6  00           NOP ( will be modified! ) 
000000a7  08           DROP 
000000a8  0e           DUP ( §this will be modified! ) 
000000a9  88           A:DROP 
000000aa  90           A:R@ 
000000ab  08           DROP 
000000ac  0f           OVER 
000000ad  420900       §4 0BRANCH 
000000b0  0f           OVER 
000000b1  1d           CELL+ 
000000b2  02           @ 
000000b3  52           4 VAL 
000000b4  16           + 
000000b5  0f           OVER 
000000b6  0f           OVER 
000000b7  01           ! 
000000b8  08           DROP 
000000b9               §4 LABEL 
000000b9  1d           CELL+ 
000000ba  02           @ 
000000bb  0f           OVER 
000000bc  0f           OVER 
000000bd  01           ! 
000000be  0a           NIP 
000000bf  0d00000000   equation.JavaArray§1352878592.table VAL ( will be modified! ) 
000000c4  00           NOP ( will be modified! ) 
000000c5  0f           OVER 
000000c6  4a           12 VAL 
000000c7  16           + 
000000c8  01           ! 
000000c9  0d0000a350   1352859648 VAL 
000000ce  0f           OVER 
000000cf  461400       20 VAL 
000000d2  16           + 
000000d3  01           ! 
000000d4  0d7c000000   §2 VAL 
000000d9  0f           OVER 
000000da  461000       16 VAL 
000000dd  16           + 
000000de  01           ! 
000000df  08           DROP 
000000e0  56           0 VAL ( §this will be fetched! ) 
000000e1  10           R@ 
000000e2  1d           CELL+ 
000000e3  02           @ 
000000e4  461800       24 VAL 
000000e7  16           + 
000000e8  01           ! ( code will be fetched! ) 
000000e9  d3           3 A:VAL 
000000ea  8b           A:PICK 
000000eb  10           R@ 
000000ec  88           A:DROP 
000000ed  90           A:R@ 
000000ee  2a           0< 
000000ef  10           R@ 
000000f0  88           A:DROP 
000000f1  461000       16 VAL 
000000f4  0d00000000   SHIFTR VAL ( will be modified! ) 
000000f9  00           NOP ( will be modified! ) 
000000fa  0a           NIP ( x will be modified! ) 
000000fb  90           A:R@ 
000000fc  d5           1 A:VAL 
000000fd  8c           A:PUT 
000000fe  08           DROP ( x will be fetched! ) 
000000ff  d5           1 A:VAL 
00000100  8b           A:PICK 
00000101  10           R@ 
00000102  88           A:DROP 
00000103  55           1 VAL 
00000104  0f           OVER 
00000105  17           - 
00000106  36           0<> 
00000107  421900       §§group_205 0BRANCH 
0000010a  54           2 VAL 
0000010b  0f           OVER 
0000010c  17           - 
0000010d  36           0<> 
0000010e  421200       §§group_205 0BRANCH 
00000111  51           5 VAL 
00000112  0f           OVER 
00000113  17           - 
00000114  36           0<> 
00000115  422400       §§group_206 0BRANCH 
00000118  50           6 VAL 
00000119  0f           OVER 
0000011a  17           - 
0000011b  36           0<> 
0000011c  421d00       §§group_206 0BRANCH 
0000011f  402e00       §§group_207 BRANCH 
00000122  0e           DUP 
00000123               §§group_205 LABEL 
00000123  08           DROP ( x will be fetched! ) 
00000124  d5           1 A:VAL 
00000125  8b           A:PICK 
00000126  10           R@ 
00000127  88           A:DROP 
00000128  55           1 VAL 
00000129  17           - 
0000012a  0e           DUP ( §this will be fetched! ) 
0000012b  10           R@ 
0000012c  1d           CELL+ 
0000012d  02           @ 
0000012e  462000       32 VAL 
00000131  16           + 
00000132  01           ! ( x will be modified! ) 
00000133  90           A:R@ 
00000134  d5           1 A:VAL 
00000135  8c           A:PUT 
00000136  08           DROP 
00000137  56           0 VAL 
00000138  402500       §break204 BRANCH 
0000013b  0e           DUP 
0000013c               §§group_206 LABEL 
0000013c  08           DROP 
0000013d  53           3 VAL 
0000013e  0e           DUP ( §this will be fetched! ) 
0000013f  10           R@ 
00000140  1d           CELL+ 
00000141  02           @ 
00000142  462000       32 VAL 
00000145  16           + 
00000146  01           ! ( x will be modified! ) 
00000147  90           A:R@ 
00000148  d5           1 A:VAL 
00000149  8c           A:PUT 
0000014a  08           DROP 
0000014b  56           0 VAL 
0000014c  401100       §break204 BRANCH 
0000014f  0e           DUP 
00000150               §§group_207 LABEL 
00000150  08           DROP 
00000151  54           2 VAL 
00000152  0e           DUP ( §this will be fetched! ) 
00000153  10           R@ 
00000154  1d           CELL+ 
00000155  02           @ 
00000156  462000       32 VAL 
00000159  16           + 
0000015a  01           ! ( x will be modified! ) 
0000015b  90           A:R@ 
0000015c  d5           1 A:VAL 
0000015d  8c           A:PUT 
0000015e  08           DROP 
0000015f  56           0 VAL 
00000160               §break204 LABEL 
00000160  37           0>! 
00000161  420900       §5 0BRANCH 
00000164  0d01000100   65537 VAL 
00000169  17           - 
0000016a  405000       §break203 BRANCH 
0000016d               §5 LABEL 
0000016d  08           DROP ( code will be fetched! ) 
0000016e  d3           3 A:VAL 
0000016f  8b           A:PICK 
00000170  10           R@ 
00000171  88           A:DROP 
00000172  0dffff0000   65535 VAL 
00000177  1c           AND 
00000178  55           1 VAL 
00000179  17           - 
0000017a  38           0> 
0000017b  420500       §6 0BRANCH 
0000017e  54           2 VAL ( x will be modified! ) 
0000017f  90           A:R@ 
00000180  d5           1 A:VAL 
00000181  8c           A:PUT 
00000182  08           DROP 
00000183               §6 LABEL ( length will be fetched! ) 
00000183  d4           2 A:VAL 
00000184  8b           A:PICK 
00000185  10           R@ 
00000186  88           A:DROP ( §this will be fetched! ) 
00000187  10           R@ 
00000188  1d           CELL+ 
00000189  02           @ 
0000018a  461c00       28 VAL 
0000018d  16           + 
0000018e  01           ! ( code will be fetched! ) 
0000018f  d3           3 A:VAL 
00000190  8b           A:PICK 
00000191  10           R@ 
00000192  88           A:DROP ( §this will be fetched! ) 
00000193  10           R@ 
00000194  1d           CELL+ 
00000195  02           @ 
00000196  461400       20 VAL 
00000199  16           + 
0000019a  01           ! ( length will be fetched! ) 
0000019b  d4           2 A:VAL 
0000019c  8b           A:PICK 
0000019d  10           R@ 
0000019e  88           A:DROP ( x will be fetched! ) 
0000019f  d5           1 A:VAL 
000001a0  8b           A:PICK 
000001a1  10           R@ 
000001a2  88           A:DROP 
000001a3  20           LSHIFT 
000001a4  0d00000000   MALLOC VAL ( will be modified! ) 
000001a9  00           NOP ( will be modified! ) 
000001aa  08           DROP ( x will be modified! ) 
000001ab  90           A:R@ 
000001ac  d5           1 A:VAL 
000001ad  8c           A:PUT 
000001ae  08           DROP ( x will be fetched! ) 
000001af  d5           1 A:VAL 
000001b0  8b           A:PICK 
000001b1  10           R@ 
000001b2  88           A:DROP ( §this will be fetched! ) 
000001b3  10           R@ 
000001b4  1d           CELL+ 
000001b5  02           @ 
000001b6  462400       36 VAL 
000001b9  16           + 
000001ba  01           ! ( §this will be fetched! ) 
000001bb  10           R@ 
000001bc  56           0 VAL 
000001bd               §break203 LABEL 
000001bd  89           A:2DROP 
000001be  89           A:2DROP 
000001bf  08           DROP 
000001c0               §3 LABEL 
000001c0  3d           EXIT 
000001c1               
000001c1               equation.JavaArray.clone§1043948288 LABEL 
000001c1  90           A:R@ ( §this declared ) 
000001c2  08           DROP 
000001c3  56           0 VAL 
000001c4  0e           DUP 
000001c5  0e           DUP 
000001c6  90           A:R@ ( b declared ) 
000001c7  08           DROP 
000001c8  90           A:R@ ( code declared ) 
000001c9  08           DROP 
000001ca  90           A:R@ ( x declared ) 
000001cb  08           DROP ( §this will be fetched! ) 
000001cc  d3           3 A:VAL 
000001cd  8b           A:PICK 
000001ce  10           R@ 
000001cf  88           A:DROP 
000001d0  1d           CELL+ 
000001d1  02           @ 
000001d2  461400       20 VAL 
000001d5  16           + 
000001d6  02           @ ( code will be modified! ) 
000001d7  90           A:R@ 
000001d8  d5           1 A:VAL 
000001d9  8c           A:PUT 
000001da  08           DROP ( §this will be fetched! ) 
000001db  d3           3 A:VAL 
000001dc  8b           A:PICK 
000001dd  10           R@ 
000001de  88           A:DROP 
000001df  1d           CELL+ 
000001e0  02           @ 
000001e1  461c00       28 VAL 
000001e4  16           + 
000001e5  02           @ ( code will be fetched! ) 
000001e6  d5           1 A:VAL 
000001e7  8b           A:PICK 
000001e8  10           R@ 
000001e9  88           A:DROP 
000001ea  0d00000000   equation.JavaArray§1352878592.table VAL ( will be modified! ) 
000001ef  00           NOP ( will be modified! ) 
000001f0  0d004a75f2   -227194368 VAL 
000001f5  0d00000000   EXECUTE-NEW VAL ( will be modified! ) 
000001fa  00           NOP ( will be modified! ) ( b will be fetched! ) 
000001fb  d4           2 A:VAL 
000001fc  8b           A:PICK 
000001fd  10           R@ 
000001fe  88           A:DROP 
000001ff  57           -1 VAL 
00000200  3e14030000   equation.JavaArray.kill§1620077312 VAL ( will be modified! ) 
00000205  00           NOP ( will be modified! ) ( b will be modified! ) 
00000206  90           A:R@ 
00000207  d4           2 A:VAL 
00000208  8c           A:PUT 
00000209  08           DROP ( b will be fetched! ) 
0000020a  d4           2 A:VAL 
0000020b  8b           A:PICK 
0000020c  10           R@ 
0000020d  88           A:DROP 
0000020e  1d           CELL+ 
0000020f  02           @ 
00000210  462400       36 VAL 
00000213  16           + 
00000214  02           @ ( x will be modified! ) 
00000215  88           A:DROP 
00000216  90           A:R@ 
00000217  08           DROP ( x will be fetched! ) 
00000218  10           R@ 
00000219  0d00000000   DECREFERENCE VAL ( will be modified! ) 
0000021e  00           NOP ( will be modified! ) ( §this will be fetched! ) 
0000021f  d3           3 A:VAL 
00000220  8b           A:PICK 
00000221  10           R@ 
00000222  88           A:DROP 
00000223  1d           CELL+ 
00000224  02           @ 
00000225  462400       36 VAL 
00000228  16           + 
00000229  02           @ ( x will be modified! ) 
0000022a  88           A:DROP 
0000022b  90           A:R@ 
0000022c  08           DROP ( x will be fetched! ) 
0000022d  10           R@ 
0000022e  0d00000000   INCREFERENCE VAL ( will be modified! ) 
00000233  00           NOP ( will be modified! ) ( x will be fetched! ) 
00000234  10           R@ ( b will be fetched! ) 
00000235  d4           2 A:VAL 
00000236  8b           A:PICK 
00000237  10           R@ 
00000238  88           A:DROP 
00000239  1d           CELL+ 
0000023a  02           @ 
0000023b  462400       36 VAL 
0000023e  16           + 
0000023f  01           ! ( b will be fetched! ) 
00000240  d4           2 A:VAL 
00000241  8b           A:PICK 
00000242  10           R@ 
00000243  88           A:DROP 
00000244  0e           DUP 
00000245  0d00000000   INCREFERENCE VAL ( will be modified! ) 
0000024a  00           NOP ( will be modified! ) 
0000024b  56           0 VAL 
0000024c  400100       §break208 BRANCH 
0000024f  56           0 VAL 
00000250               §break208 LABEL ( b will be fetched! ) 
00000250  d4           2 A:VAL 
00000251  8b           A:PICK 
00000252  10           R@ 
00000253  88           A:DROP 
00000254  57           -1 VAL 
00000255  3ebf020000   equation.JavaArray.kill§1620077312 VAL ( will be modified! ) 
0000025a  00           NOP ( will be modified! ) 
0000025b  89           A:2DROP 
0000025c  89           A:2DROP 
0000025d  08           DROP 
0000025e               §7 LABEL 
0000025e  3d           EXIT 
0000025f               
0000025f               equation.JavaArray.createString§-105880832 LABEL 
0000025f  90           A:R@ ( length declared ) 
00000260  08           DROP 
00000261  90           A:R@ ( bytestring declared ) 
00000262  08           DROP 
00000263  56           0 VAL 
00000264  0e           DUP 
00000265  90           A:R@ ( body declared ) 
00000266  08           DROP 
00000267  90           A:R@ ( target declared ) 
00000268  08           DROP ( length will be fetched! ) 
00000269  d3           3 A:VAL 
0000026a  8b           A:PICK 
0000026b  10           R@ 
0000026c  88           A:DROP 
0000026d  0d01000100   65537 VAL 
00000272  0d00000000   equation.JavaArray§1352878592.table VAL ( will be modified! ) 
00000277  00           NOP ( will be modified! ) 
00000278  0d004a75f2   -227194368 VAL 
0000027d  0d00000000   EXECUTE-NEW VAL ( will be modified! ) 
00000282  00           NOP ( will be modified! ) ( body will be fetched! ) 
00000283  d5           1 A:VAL 
00000284  8b           A:PICK 
00000285  10           R@ 
00000286  88           A:DROP 
00000287  57           -1 VAL 
00000288  3e8c020000   equation.JavaArray.kill§1620077312 VAL ( will be modified! ) 
0000028d  00           NOP ( will be modified! ) ( body will be modified! ) 
0000028e  90           A:R@ 
0000028f  d5           1 A:VAL 
00000290  8c           A:PUT 
00000291  08           DROP ( body will be fetched! ) 
00000292  d5           1 A:VAL 
00000293  8b           A:PICK 
00000294  10           R@ 
00000295  88           A:DROP 
00000296  90           A:R@ 
00000297  56           0 VAL 
00000298  10           R@ 
00000299  88           A:DROP 
0000029a  0d0067cbc7   -942971136 VAL 
0000029f  57           -1 VAL 
000002a0  0d00000000   EXECUTE-METHOD VAL ( will be modified! ) 
000002a5  00           NOP ( will be modified! ) ( target will be modified! ) 
000002a6  88           A:DROP 
000002a7  90           A:R@ 
000002a8  08           DROP ( bytestring will be fetched! ) 
000002a9  d4           2 A:VAL 
000002aa  8b           A:PICK 
000002ab  10           R@ 
000002ac  88           A:DROP ( target will be fetched! ) 
000002ad  10           R@ ( length will be fetched! ) 
000002ae  d3           3 A:VAL 
000002af  8b           A:PICK 
000002b0  10           R@ 
000002b1  88           A:DROP 
000002b2  56           0 VAL 
000002b3  91           A:R1@ 
000002b4  90           A:R@ 
000002b5  09           2DROP 
000002b6  400900       §11 BRANCH 
000002b9               §9 LABEL 
000002b9  0f           OVER 
000002ba  10           R@ 
000002bb  16           + 
000002bc  04           C@ 
000002bd  0f           OVER 
000002be  10           R@ 
000002bf  16           + 
000002c0  03           C! 
000002c1  98           A:1+ 
000002c2               §11 LABEL 
000002c2  ad           A:CMP 
000002c3  b8           A:0> 
000002c4  9f           A:INVERT 
000002c5  c2f1ff       §9 A:0BRANCH 
000002c8  89           A:2DROP 
000002c9               §10 LABEL 
000002c9  09           2DROP ( body will be fetched! ) 
000002ca  d5           1 A:VAL 
000002cb  8b           A:PICK 
000002cc  10           R@ 
000002cd  88           A:DROP 
000002ce  0e           DUP 
000002cf  0d00000000   INCREFERENCE VAL ( will be modified! ) 
000002d4  00           NOP ( will be modified! ) 
000002d5  0d00000000   equation.String§1651856128.table VAL ( will be modified! ) 
000002da  00           NOP ( will be modified! ) 
000002db  0d0053d087   -2016390400 VAL 
000002e0  0d00000000   EXECUTE-NEW VAL ( will be modified! ) 
000002e5  00           NOP ( will be modified! ) 
000002e6  56           0 VAL 
000002e7  400100       §break212 BRANCH 
000002ea  56           0 VAL 
000002eb               §break212 LABEL ( body will be fetched! ) 
000002eb  d5           1 A:VAL 
000002ec  8b           A:PICK 
000002ed  10           R@ 
000002ee  88           A:DROP 
000002ef  57           -1 VAL 
000002f0  3e24020000   equation.JavaArray.kill§1620077312 VAL ( will be modified! ) 
000002f5  00           NOP ( will be modified! ) 
000002f6  89           A:2DROP 
000002f7  89           A:2DROP 
000002f8  08           DROP 
000002f9               §8 LABEL 
000002f9  3d           EXIT 
000002fa               
000002fa               equation.JavaArray.createUnicode§-675323136 LABEL 
000002fa  90           A:R@ ( length declared ) 
000002fb  08           DROP 
000002fc  90           A:R@ ( forthstring declared ) 
000002fd  08           DROP 
000002fe  56           0 VAL 
000002ff  0e           DUP 
00000300  90           A:R@ ( body declared ) 
00000301  08           DROP 
00000302  90           A:R@ ( target declared ) 
00000303  08           DROP ( length will be fetched! ) 
00000304  d3           3 A:VAL 
00000305  8b           A:PICK 
00000306  10           R@ 
00000307  88           A:DROP 
00000308  1b           2/ 
00000309  0e           DUP ( length will be modified! ) 
0000030a  90           A:R@ 
0000030b  d3           3 A:VAL 
0000030c  8c           A:PUT 
0000030d  08           DROP 
0000030e  0d01000200   131073 VAL 
00000313  0d00000000   equation.JavaArray§1352878592.table VAL ( will be modified! ) 
00000318  00           NOP ( will be modified! ) 
00000319  0d004a75f2   -227194368 VAL 
0000031e  0d00000000   EXECUTE-NEW VAL ( will be modified! ) 
00000323  00           NOP ( will be modified! ) ( body will be fetched! ) 
00000324  d5           1 A:VAL 
00000325  8b           A:PICK 
00000326  10           R@ 
00000327  88           A:DROP 
00000328  57           -1 VAL 
00000329  3eeb010000   equation.JavaArray.kill§1620077312 VAL ( will be modified! ) 
0000032e  00           NOP ( will be modified! ) ( body will be modified! ) 
0000032f  90           A:R@ 
00000330  d5           1 A:VAL 
00000331  8c           A:PUT 
00000332  08           DROP ( body will be fetched! ) 
00000333  d5           1 A:VAL 
00000334  8b           A:PICK 
00000335  10           R@ 
00000336  88           A:DROP 
00000337  90           A:R@ 
00000338  56           0 VAL 
00000339  10           R@ 
0000033a  88           A:DROP 
0000033b  0d0067cbc7   -942971136 VAL 
00000340  57           -1 VAL 
00000341  0d00000000   EXECUTE-METHOD VAL ( will be modified! ) 
00000346  00           NOP ( will be modified! ) ( target will be modified! ) 
00000347  88           A:DROP 
00000348  90           A:R@ 
00000349  08           DROP ( forthstring will be fetched! ) 
0000034a  d4           2 A:VAL 
0000034b  8b           A:PICK 
0000034c  10           R@ 
0000034d  88           A:DROP ( target will be fetched! ) 
0000034e  10           R@ ( length will be fetched! ) 
0000034f  d3           3 A:VAL 
00000350  8b           A:PICK 
00000351  10           R@ 
00000352  88           A:DROP 
00000353  1a           2* 
00000354  56           0 VAL 
00000355  91           A:R1@ 
00000356  90           A:R@ 
00000357  09           2DROP 
00000358  400900       §16 BRANCH 
0000035b               §14 LABEL 
0000035b  0f           OVER 
0000035c  10           R@ 
0000035d  16           + 
0000035e  04           C@ 
0000035f  0f           OVER 
00000360  10           R@ 
00000361  16           + 
00000362  03           C! 
00000363  98           A:1+ 
00000364               §16 LABEL 
00000364  ad           A:CMP 
00000365  b8           A:0> 
00000366  9f           A:INVERT 
00000367  c2f1ff       §14 A:0BRANCH 
0000036a  89           A:2DROP 
0000036b               §15 LABEL 
0000036b  09           2DROP ( body will be fetched! ) 
0000036c  d5           1 A:VAL 
0000036d  8b           A:PICK 
0000036e  10           R@ 
0000036f  88           A:DROP 
00000370  0e           DUP 
00000371  0d00000000   INCREFERENCE VAL ( will be modified! ) 
00000376  00           NOP ( will be modified! ) 
00000377  0d00000000   equation.String§1651856128.table VAL ( will be modified! ) 
0000037c  00           NOP ( will be modified! ) 
0000037d  0d005319fa   -99003648 VAL 
00000382  0d00000000   EXECUTE-NEW VAL ( will be modified! ) 
00000387  00           NOP ( will be modified! ) 
00000388  56           0 VAL 
00000389  400100       §break213 BRANCH 
0000038c  56           0 VAL 
0000038d               §break213 LABEL ( body will be fetched! ) 
0000038d  d5           1 A:VAL 
0000038e  8b           A:PICK 
0000038f  10           R@ 
00000390  88           A:DROP 
00000391  57           -1 VAL 
00000392  3e82010000   equation.JavaArray.kill§1620077312 VAL ( will be modified! ) 
00000397  00           NOP ( will be modified! ) 
00000398  89           A:2DROP 
00000399  89           A:2DROP 
0000039a  08           DROP 
0000039b               §13 LABEL 
0000039b  3d           EXIT 
0000039c  2a00         §12 LABEL 
0000039e  6571756174696f6e2e4a61766141727261792e637265617465537472696e67a72d313035383830383332 " equation.JavaArray.createString§-105880832 " 
000003c8               
000003c8               equation.JavaArray.getElem§-942971136 LABEL 
000003c8  90           A:R@ ( pos declared ) 
000003c9  08           DROP 
000003ca  90           A:R@ ( §this declared ) 
000003cb  08           DROP 
000003cc  56           0 VAL 
000003cd  0e           DUP 
000003ce  0e           DUP 
000003cf  90           A:R@ ( code declared ) 
000003d0  08           DROP 
000003d1  90           A:R@ ( shift declared ) 
000003d2  08           DROP 
000003d3  90           A:R@ ( x declared ) 
000003d4  08           DROP ( §this will be fetched! ) 
000003d5  d3           3 A:VAL 
000003d6  8b           A:PICK 
000003d7  10           R@ 
000003d8  88           A:DROP 
000003d9  1d           CELL+ 
000003da  02           @ 
000003db  462400       36 VAL 
000003de  16           + 
000003df  02           @ ( x will be modified! ) 
000003e0  88           A:DROP 
000003e1  90           A:R@ 
000003e2  08           DROP ( x will be fetched! ) 
000003e3  10           R@ 
000003e4  1d           CELL+ 
000003e5  02           @ ( x will be modified! ) 
000003e6  88           A:DROP 
000003e7  90           A:R@ 
000003e8  08           DROP ( §this will be fetched! ) 
000003e9  d3           3 A:VAL 
000003ea  8b           A:PICK 
000003eb  10           R@ 
000003ec  88           A:DROP 
000003ed  1d           CELL+ 
000003ee  02           @ 
000003ef  461400       20 VAL 
000003f2  16           + 
000003f3  02           @ ( code will be modified! ) 
000003f4  90           A:R@ 
000003f5  d4           2 A:VAL 
000003f6  8c           A:PUT 
000003f7  08           DROP ( code will be fetched! ) 
000003f8  d4           2 A:VAL 
000003f9  8b           A:PICK 
000003fa  10           R@ 
000003fb  88           A:DROP 
000003fc  0dffff0000   65535 VAL 
00000401  1c           AND 
00000402  55           1 VAL 
00000403  17           - 
00000404  38           0> 
00000405  420400       §19 0BRANCH 
00000408  54           2 VAL 
00000409  400b00       §20 BRANCH 
0000040c               §19 LABEL ( §this will be fetched! ) 
0000040c  d3           3 A:VAL 
0000040d  8b           A:PICK 
0000040e  10           R@ 
0000040f  88           A:DROP 
00000410  1d           CELL+ 
00000411  02           @ 
00000412  462000       32 VAL 
00000415  16           + 
00000416  02           @ 
00000417               §20 LABEL ( shift will be modified! ) 
00000417  90           A:R@ 
00000418  d5           1 A:VAL 
00000419  8c           A:PUT 
0000041a  08           DROP ( pos will be fetched! ) 
0000041b  d2           4 A:VAL 
0000041c  8b           A:PICK 
0000041d  10           R@ 
0000041e  88           A:DROP ( §this will be fetched! ) 
0000041f  d3           3 A:VAL 
00000420  8b           A:PICK 
00000421  10           R@ 
00000422  88           A:DROP 
00000423  1d           CELL+ 
00000424  02           @ 
00000425  461c00       28 VAL 
00000428  16           + 
00000429  02           @ 
0000042a  17           - 
0000042b  2a           0< 
0000042c  410700       and_356 0BRANCH! 
0000042f  08           DROP ( pos will be fetched! ) 
00000430  d2           4 A:VAL 
00000431  8b           A:PICK 
00000432  10           R@ 
00000433  88           A:DROP 
00000434  2a           0< 
00000435  1f           INVERT 
00000436               and_356 LABEL 
00000436  421100       §21 0BRANCH ( x will be fetched! ) 
00000439  10           R@ ( pos will be fetched! ) 
0000043a  d2           4 A:VAL 
0000043b  8b           A:PICK 
0000043c  10           R@ 
0000043d  88           A:DROP ( shift will be fetched! ) 
0000043e  d5           1 A:VAL 
0000043f  8b           A:PICK 
00000440  10           R@ 
00000441  88           A:DROP 
00000442  20           LSHIFT 
00000443  16           + ( x will be modified! ) 
00000444  88           A:DROP 
00000445  90           A:R@ 
00000446  08           DROP 
00000447  402e00       §22 BRANCH 
0000044a               §21 LABEL ( pos will be fetched! ) 
0000044a  d2           4 A:VAL 
0000044b  8b           A:PICK 
0000044c  10           R@ 
0000044d  88           A:DROP 
0000044e  36           0<> 
0000044f  422600       §23 0BRANCH 
00000452  0d87040000   §24 VAL 
00000457  1e           HALF+ 
00000458  0e           DUP 
00000459  19           1- 
0000045a  04           C@ 
0000045b  4e           8 VAL 
0000045c  20           LSHIFT 
0000045d  0f           OVER 
0000045e  19           1- 
0000045f  19           1- 
00000460  04           C@ 
00000461  22           OR 
00000462  0d00000000   TYPE VAL ( will be modified! ) 
00000467  00           NOP ( will be modified! ) ( pos will be fetched! ) 
00000468  d2           4 A:VAL 
00000469  8b           A:PICK 
0000046a  10           R@ 
0000046b  88           A:DROP 
0000046c  0d00000000   . VAL ( will be modified! ) 
00000471  00           NOP ( will be modified! ) 
00000472  0d00000000   CR VAL ( will be modified! ) 
00000477  00           NOP ( will be modified! ) 
00000478               §23 LABEL 
00000478               §22 LABEL ( x will be fetched! ) 
00000478  10           R@ 
00000479  56           0 VAL 
0000047a  400100       §break209 BRANCH 
0000047d  56           0 VAL 
0000047e               §break209 LABEL 
0000047e  89           A:2DROP 
0000047f  89           A:2DROP 
00000480  88           A:DROP 
00000481  08           DROP 
00000482               §18 LABEL 
00000482  3d           EXIT 
00000483  1400         §24 LABEL 
00000485  696e646578206f7574206f662072616e67653a20 " index out of range:  " 
00000499  2b00         §17 LABEL 
0000049b  6571756174696f6e2e4a61766141727261792e637265617465556e69636f6465a72d363735333233313336 " equation.JavaArray.createUnicode§-675323136 " 
000004c6               
000004c6               equation.JavaArray.handler§-1096259584 LABEL 
000004c6  90           A:R@ ( e declared ) 
000004c7  08           DROP ( e will be fetched! ) 
000004c8  10           R@ 
000004c9  90           A:R@ 
000004ca  10           R@ 
000004cb  88           A:DROP 
000004cc  0d00670865   1695049472 VAL 
000004d1  57           -1 VAL 
000004d2  0d00000000   EXECUTE-METHOD VAL ( will be modified! ) 
000004d7  00           NOP ( will be modified! ) 
000004d8  3e87000000   equation.JavaArray.print§562786304 VAL ( will be modified! ) 
000004dd  00           NOP ( will be modified! ) 
000004de  0d0a050000   §26 VAL 
000004e3  1e           HALF+ 
000004e4  0e           DUP 
000004e5  19           1- 
000004e6  04           C@ 
000004e7  4e           8 VAL 
000004e8  20           LSHIFT 
000004e9  0f           OVER 
000004ea  19           1- 
000004eb  19           1- 
000004ec  04           C@ 
000004ed  22           OR 
000004ee  0d00000000   TYPE VAL ( will be modified! ) 
000004f3  00           NOP ( will be modified! ) 
000004f4  0d00000000   ABORT VAL ( will be modified! ) 
000004f9  00           NOP ( will be modified! ) 
000004fa  56           0 VAL 
000004fb               §break216 LABEL ( e will be fetched! ) 
000004fb  10           R@ 
000004fc  57           -1 VAL 
000004fd  3e17000000   equation.JavaArray.kill§1620077312 VAL ( will be modified! ) 
00000502  00           NOP ( will be modified! ) 
00000503  88           A:DROP 
00000504  08           DROP 
00000505               §25 LABEL 
00000505  3d           EXIT 
00000506  0f00         §26 LABEL 
00000508  70726f6772616d2061626f72746564 " program aborted " 
00000517               
00000517               equation.JavaArray.kill§1620077312 LABEL 
00000517  90           A:R@ ( polymorph declared ) 
00000518  08           DROP 
00000519  90           A:R@ ( obj declared ) 
0000051a  08           DROP ( obj will be fetched! ) 
0000051b  10           R@ 
0000051c  0d00000000   HANDLEVALID VAL ( will be modified! ) 
00000521  00           NOP ( will be modified! ) 
00000522  421100       §29 0BRANCH ( obj will be fetched! ) 
00000525  10           R@ 
00000526  0e           DUP 
00000527  0d007e37bf   -1086882304 VAL ( polymorph will be fetched! ) 
0000052c  d5           1 A:VAL 
0000052d  8b           A:PICK 
0000052e  10           R@ 
0000052f  88           A:DROP 
00000530  0d00000000   EXECUTE-METHOD VAL ( will be modified! ) 
00000535  00           NOP ( will be modified! ) 
00000536               §29 LABEL 
00000536  56           0 VAL 
00000537               §break214 LABEL 
00000537  89           A:2DROP 
00000538  08           DROP 
00000539               §28 LABEL 
00000539  3d           EXIT 
0000053a  2600         §27 LABEL 
0000053c  6571756174696f6e2e4a61766141727261792e68616e646c6572a72d31303936323539353834 " equation.JavaArray.handler§-1096259584 " 
00000562               
00000562               equation.JavaArray.print§562786304 LABEL 
00000562  90           A:R@ ( s declared ) 
00000563  08           DROP 
00000564  56           0 VAL 
00000565  0e           DUP 
00000566  90           A:R@ ( a declared ) 
00000567  08           DROP 
00000568  90           A:R@ ( length declared ) 
00000569  08           DROP ( s will be fetched! ) 
0000056a  d4           2 A:VAL 
0000056b  8b           A:PICK 
0000056c  10           R@ 
0000056d  88           A:DROP 
0000056e  90           A:R@ 
0000056f  10           R@ 
00000570  88           A:DROP 
00000571  0d006c350b   188050432 VAL 
00000576  57           -1 VAL 
00000577  0d00000000   EXECUTE-METHOD VAL ( will be modified! ) 
0000057c  00           NOP ( will be modified! ) ( length will be modified! ) 
0000057d  88           A:DROP 
0000057e  90           A:R@ 
0000057f  08           DROP ( s will be fetched! ) 
00000580  d4           2 A:VAL 
00000581  8b           A:PICK 
00000582  10           R@ 
00000583  88           A:DROP 
00000584  1d           CELL+ 
00000585  02           @ 
00000586  461c00       28 VAL 
00000589  16           + 
0000058a  02           @ 
0000058b  90           A:R@ 
0000058c  88           A:DROP 
0000058d  90           A:R@ 
0000058e  56           0 VAL 
0000058f  10           R@ 
00000590  88           A:DROP 
00000591  0d0067cbc7   -942971136 VAL 
00000596  57           -1 VAL 
00000597  0d00000000   EXECUTE-METHOD VAL ( will be modified! ) 
0000059c  00           NOP ( will be modified! ) ( a will be modified! ) 
0000059d  90           A:R@ 
0000059e  d5           1 A:VAL 
0000059f  8c           A:PUT 
000005a0  08           DROP ( a will be fetched! ) 
000005a1  d5           1 A:VAL 
000005a2  8b           A:PICK 
000005a3  10           R@ 
000005a4  88           A:DROP ( length will be fetched! ) 
000005a5  10           R@ 
000005a6  1a           2* 
000005a7  0d00000000   PRINT VAL ( will be modified! ) 
000005ac  00           NOP ( will be modified! ) 
000005ad  56           0 VAL 
000005ae               §break215 LABEL ( s will be fetched! ) 
000005ae  d4           2 A:VAL 
000005af  8b           A:PICK 
000005b0  10           R@ 
000005b1  88           A:DROP 
000005b2  57           -1 VAL 
000005b3  3e61ff       equation.JavaArray.kill§1620077312 CALL 
000005b6  89           A:2DROP 
000005b7  88           A:DROP 
000005b8  08           DROP 
000005b9               §31 LABEL 
000005b9  3d           EXIT 
000005ba  2200         §30 LABEL 
000005bc  6571756174696f6e2e4a61766141727261792e6b696c6ca731363230303737333132 " equation.JavaArray.kill§1620077312 " 
000005de               
000005de               equation.JavaArray.~destructor§-1086882304 LABEL 
000005de  90           A:R@ ( §this declared ) 
000005df  08           DROP 
000005e0  56           0 VAL 
000005e1  0e           DUP 
000005e2  0e           DUP 
000005e3  0e           DUP 
000005e4  0e           DUP 
000005e5  0e           DUP 
000005e6  0e           DUP 
000005e7  0e           DUP 
000005e8  90           A:R@ ( c declared ) 
000005e9  08           DROP 
000005ea  90           A:R@ ( code declared ) 
000005eb  08           DROP 
000005ec  90           A:R@ ( depth declared ) 
000005ed  08           DROP 
000005ee  90           A:R@ ( hash declared ) 
000005ef  08           DROP 
000005f0  90           A:R@ ( l declared ) 
000005f1  08           DROP 
000005f2  90           A:R@ ( obj declared ) 
000005f3  08           DROP 
000005f4  90           A:R@ ( x declared ) 
000005f5  08           DROP 
000005f6  90           A:R@ ( y declared ) 
000005f7  08           DROP ( §this will be fetched! ) 
000005f8  ce           8 A:VAL 
000005f9  8b           A:PICK 
000005fa  10           R@ 
000005fb  88           A:DROP 
000005fc  1d           CELL+ 
000005fd  02           @ 
000005fe  462000       32 VAL 
00000601  16           + 
00000602  02           @ ( y will be modified! ) 
00000603  88           A:DROP 
00000604  90           A:R@ 
00000605  08           DROP ( §this will be fetched! ) 
00000606  ce           8 A:VAL 
00000607  8b           A:PICK 
00000608  10           R@ 
00000609  88           A:DROP 
0000060a  1d           CELL+ 
0000060b  02           @ 
0000060c  462400       36 VAL 
0000060f  16           + 
00000610  02           @ ( x will be modified! ) 
00000611  90           A:R@ 
00000612  d5           1 A:VAL 
00000613  8c           A:PUT 
00000614  08           DROP ( §this will be fetched! ) 
00000615  ce           8 A:VAL 
00000616  8b           A:PICK 
00000617  10           R@ 
00000618  88           A:DROP 
00000619  1d           CELL+ 
0000061a  02           @ 
0000061b  461c00       28 VAL 
0000061e  16           + 
0000061f  02           @ ( l will be modified! ) 
00000620  90           A:R@ 
00000621  d3           3 A:VAL 
00000622  8c           A:PUT 
00000623  08           DROP ( §this will be fetched! ) 
00000624  ce           8 A:VAL 
00000625  8b           A:PICK 
00000626  10           R@ 
00000627  88           A:DROP 
00000628  1d           CELL+ 
00000629  02           @ 
0000062a  461400       20 VAL 
0000062d  16           + 
0000062e  02           @ ( code will be modified! ) 
0000062f  90           A:R@ 
00000630  d0           6 A:VAL 
00000631  8c           A:PUT 
00000632  08           DROP ( code will be fetched! ) 
00000633  d0           6 A:VAL 
00000634  8b           A:PICK 
00000635  10           R@ 
00000636  88           A:DROP 
00000637  0dffff0000   65535 VAL 
0000063c  1c           AND ( depth will be modified! ) 
0000063d  90           A:R@ 
0000063e  d1           5 A:VAL 
0000063f  8c           A:PUT 
00000640  08           DROP ( code will be fetched! ) 
00000641  d0           6 A:VAL 
00000642  8b           A:PICK 
00000643  10           R@ 
00000644  88           A:DROP 
00000645  90           A:R@ 
00000646  2a           0< 
00000647  10           R@ 
00000648  88           A:DROP 
00000649  461000       16 VAL 
0000064c  0d00000000   SHIFTR VAL ( will be modified! ) 
00000651  00           NOP ( will be modified! ) 
00000652  0a           NIP ( hash will be modified! ) 
00000653  90           A:R@ 
00000654  d2           4 A:VAL 
00000655  8c           A:PUT 
00000656  08           DROP ( §this will be fetched! ) 
00000657  ce           8 A:VAL 
00000658  8b           A:PICK 
00000659  10           R@ 
0000065a  88           A:DROP 
0000065b  02           @ 
0000065c  19           1- 
0000065d  2c           0= 
0000065e  42ba00       §34 0BRANCH ( §this will be fetched! ) 
00000661  ce           8 A:VAL 
00000662  8b           A:PICK 
00000663  10           R@ 
00000664  88           A:DROP 
00000665  1d           CELL+ 
00000666  02           @ 
00000667  02           @ ( obj will be modified! ) 
00000668  90           A:R@ 
00000669  d4           2 A:VAL 
0000066a  8c           A:PUT 
0000066b  08           DROP ( obj will be fetched! ) 
0000066c  d4           2 A:VAL 
0000066d  8b           A:PICK 
0000066e  10           R@ 
0000066f  88           A:DROP 
00000670  56           0 VAL 
00000671  3ea3fe       equation.JavaArray.kill§1620077312 CALL ( §this will be fetched! ) 
00000674  ce           8 A:VAL 
00000675  8b           A:PICK 
00000676  10           R@ 
00000677  88           A:DROP 
00000678  1d           CELL+ 
00000679  02           @ 
0000067a  4e           8 VAL 
0000067b  16           + 
0000067c  02           @ ( obj will be modified! ) 
0000067d  90           A:R@ 
0000067e  d4           2 A:VAL 
0000067f  8c           A:PUT 
00000680  08           DROP ( obj will be fetched! ) 
00000681  d4           2 A:VAL 
00000682  8b           A:PICK 
00000683  10           R@ 
00000684  88           A:DROP 
00000685  56           0 VAL 
00000686  3e8efe       equation.JavaArray.kill§1620077312 CALL ( x will be fetched! ) 
00000689  d5           1 A:VAL 
0000068a  8b           A:PICK 
0000068b  10           R@ 
0000068c  88           A:DROP 
0000068d  02           @ ( c will be modified! ) 
0000068e  90           A:R@ 
0000068f  cf           7 A:VAL 
00000690  8c           A:PUT 
00000691  08           DROP ( c will be fetched! ) 
00000692  cf           7 A:VAL 
00000693  8b           A:PICK 
00000694  10           R@ 
00000695  88           A:DROP 
00000696  55           1 VAL 
00000697  17           - 
00000698  2c           0= 
00000699  411400       and_401 0BRANCH! 
0000069c  08           DROP ( depth will be fetched! ) 
0000069d  d1           5 A:VAL 
0000069e  8b           A:PICK 
0000069f  10           R@ 
000006a0  88           A:DROP 
000006a1  55           1 VAL 
000006a2  17           - 
000006a3  38           0> 
000006a4  2b           0=! 
000006a5  420800       or_402 0BRANCH 
000006a8  08           DROP ( hash will be fetched! ) 
000006a9  d2           4 A:VAL 
000006aa  8b           A:PICK 
000006ab  10           R@ 
000006ac  88           A:DROP 
000006ad  50           6 VAL 
000006ae  17           - 
000006af  38           0> 
000006b0               or_402 LABEL 
000006b0               and_401 LABEL 
000006b0  424e00       §35 0BRANCH ( §this will be fetched! ) 
000006b3  ce           8 A:VAL 
000006b4  8b           A:PICK 
000006b5  10           R@ 
000006b6  88           A:DROP 
000006b7  90           A:R@ 
000006b8  56           0 VAL 
000006b9  10           R@ 
000006ba  88           A:DROP 
000006bb  0d0067cbc7   -942971136 VAL 
000006c0  57           -1 VAL 
000006c1  0d00000000   EXECUTE-METHOD VAL ( will be modified! ) 
000006c6  00           NOP ( will be modified! ) ( x will be modified! ) 
000006c7  90           A:R@ 
000006c8  d5           1 A:VAL 
000006c9  8c           A:PUT 
000006ca  08           DROP ( x will be fetched! ) 
000006cb  d5           1 A:VAL 
000006cc  8b           A:PICK 
000006cd  10           R@ 
000006ce  88           A:DROP ( l will be fetched! ) 
000006cf  d3           3 A:VAL 
000006d0  8b           A:PICK 
000006d1  10           R@ 
000006d2  88           A:DROP 
000006d3  56           0 VAL 
000006d4  91           A:R1@ 
000006d5  90           A:R@ 
000006d6  09           2DROP 
000006d7  401000       §38 BRANCH 
000006da               §36 LABEL 
000006da  0e           DUP 
000006db  02           @ ( obj will be modified! ) 
000006dc  90           A:R@ 
000006dd  d2           4 A:VAL 
000006de  8c           A:PUT 
000006df  08           DROP ( obj will be fetched! ) 
000006e0  d2           4 A:VAL 
000006e1  8b           A:PICK 
000006e2  10           R@ 
000006e3  88           A:DROP 
000006e4  57           -1 VAL 
000006e5  3e2ffe       equation.JavaArray.kill§1620077312 CALL 
000006e8  1d           CELL+ 
000006e9  98           A:1+ 
000006ea               §38 LABEL 
000006ea  ad           A:CMP 
000006eb  b8           A:0> 
000006ec  9f           A:INVERT 
000006ed  c2eaff       §36 A:0BRANCH 
000006f0  89           A:2DROP 
000006f1               §37 LABEL 
000006f1  08           DROP 
000006f2  56           0 VAL 
000006f3               §break211 LABEL 
000006f3  37           0>! 
000006f4  420900       §39 0BRANCH 
000006f7  0d01000100   65537 VAL 
000006fc  17           - 
000006fd  402600       §break210 BRANCH 
00000700               §39 LABEL 
00000700  08           DROP 
00000701               §35 LABEL ( §this will be fetched! ) 
00000701  ce           8 A:VAL 
00000702  8b           A:PICK 
00000703  10           R@ 
00000704  88           A:DROP 
00000705  1d           CELL+ 
00000706  02           @ 
00000707  462400       36 VAL 
0000070a  16           + 
0000070b  02           @ ( x will be modified! ) 
0000070c  90           A:R@ 
0000070d  d5           1 A:VAL 
0000070e  8c           A:PUT 
0000070f  08           DROP ( x will be fetched! ) 
00000710  d5           1 A:VAL 
00000711  8b           A:PICK 
00000712  10           R@ 
00000713  88           A:DROP 
00000714  0d00000000   FREE VAL ( will be modified! ) 
00000719  00           NOP ( will be modified! ) 
0000071a  08           DROP 
0000071b               §34 LABEL ( §this will be fetched! ) 
0000071b  ce           8 A:VAL 
0000071c  8b           A:PICK 
0000071d  10           R@ 
0000071e  88           A:DROP 
0000071f  0d00000000   DECREFERENCE VAL ( will be modified! ) 
00000724  00           NOP ( will be modified! ) 
00000725  56           0 VAL 
00000726               §break210 LABEL 
00000726  89           A:2DROP 
00000727  89           A:2DROP 
00000728  89           A:2DROP 
00000729  89           A:2DROP 
0000072a  88           A:DROP 
0000072b  08           DROP 
0000072c               §33 LABEL 
0000072c  3d           EXIT 
0000072d  2200         §32 LABEL 
0000072f  6571756174696f6e2e4a61766141727261792e7072696e74a7353632373836333034 " equation.JavaArray.print§562786304 " 
00000751  2300         §41 LABEL 
00000753  6571756174696f6e2e4a6176614172726179a7313335323837383539322e7461626c65 " equation.JavaArray§1352878592.table " 
00000776  2200         §40 LABEL 
00000778  6571756174696f6e2e4a61766141727261792e5f737461746963426c6f636b696e67 " equation.JavaArray._staticBlocking " 
0000079c  0d63020000   equation.JavaArray.createString§-105880832 VAL 
000007a1  53           3 VAL 
000007a2  0da0030000   §12 VAL 
000007a7  0d00000000   create VAL ( will be modified! ) 
000007ac  00           NOP ( will be modified! ) 
000007ad  0dfe020000   equation.JavaArray.createUnicode§-675323136 VAL 
000007b2  53           3 VAL 
000007b3  0d9d040000   §17 VAL 
000007b8  0d00000000   create VAL ( will be modified! ) 
000007bd  00           NOP ( will be modified! ) 
000007be  0dca040000   equation.JavaArray.handler§-1096259584 VAL 
000007c3  53           3 VAL 
000007c4  0d3e050000   §27 VAL 
000007c9  0d00000000   create VAL ( will be modified! ) 
000007ce  00           NOP ( will be modified! ) 
000007cf  0d1b050000   equation.JavaArray.kill§1620077312 VAL 
000007d4  53           3 VAL 
000007d5  0dbe050000   §30 VAL 
000007da  0d00000000   create VAL ( will be modified! ) 
000007df  00           NOP ( will be modified! ) 
000007e0  0d66050000   equation.JavaArray.print§562786304 VAL 
000007e5  53           3 VAL 
000007e6  0d31070000   §32 VAL 
000007eb  0d00000000   create VAL ( will be modified! ) 
000007f0  00           NOP ( will be modified! ) 
000007f1  0d00000000   ALIGN VAL ( will be modified! ) 
000007f6  00           NOP ( will be modified! ) 
000007f7  0d00000000   HERE VAL ( will be modified! ) 
000007fc  00           NOP ( will be modified! ) 
000007fd  54           2 VAL 
000007fe  0d7a070000   §40 VAL 
00000803  0d00000000   create VAL ( will be modified! ) 
00000808  00           NOP ( will be modified! ) 
00000809  55           1 VAL 
0000080a  1a           2* 
0000080b  1a           2* 
0000080c  0d00000000   ALLOT VAL ( will be modified! ) 
00000811  00           NOP ( will be modified! ) 
00000812  8d00000000   HERE A:VAL ( will be modified! ) 
00000817  80           A:NOP ( will be modified! ) 
00000818  0d00000000   ALIGN VAL ( will be modified! ) 
0000081d  00           NOP ( will be modified! ) 
0000081e  0d00000000   HERE VAL ( will be modified! ) 
00000823  00           NOP ( will be modified! ) 
00000824  54           2 VAL 
00000825  0d55070000   §41 VAL 
0000082a  0d00000000   create VAL ( will be modified! ) 
0000082f  00           NOP ( will be modified! ) 
00000830  55           1 VAL 
00000831  1a           2* 
00000832  1a           2* 
00000833  0d00000000   ALLOT VAL ( will be modified! ) 
00000838  00           NOP ( will be modified! ) 
00000839  51           5 VAL 
0000083a  0e           DUP 
0000083b  1a           2* 
0000083c  1a           2* 
0000083d  1a           2* 
0000083e  0d00000000   ALLOT VAL ( will be modified! ) 
00000843  00           NOP ( will be modified! ) 
00000844  10           R@ 
00000845  01           ! 
00000846  9d           A:CELL+ 
00000847  0d004a0886   -2046277120 VAL 
0000084c  10           R@ 
0000084d  01           ! 
0000084e  9d           A:CELL+ 
0000084f  0d18000000   equation.JavaArray.JavaArray§-2046277120 VAL 
00000854  10           R@ 
00000855  01           ! 
00000856  9d           A:CELL+ 
00000857  0d004a75f2   -227194368 VAL 
0000085c  10           R@ 
0000085d  01           ! 
0000085e  9d           A:CELL+ 
0000085f  0d87000000   equation.JavaArray.JavaArray§-227194368 VAL 
00000864  10           R@ 
00000865  01           ! 
00000866  9d           A:CELL+ 
00000867  0d0063393e   1043948288 VAL 
0000086c  10           R@ 
0000086d  01           ! 
0000086e  9d           A:CELL+ 
0000086f  0dc5010000   equation.JavaArray.clone§1043948288 VAL 
00000874  10           R@ 
00000875  01           ! 
00000876  9d           A:CELL+ 
00000877  0d0067cbc7   -942971136 VAL 
0000087c  10           R@ 
0000087d  01           ! 
0000087e  9d           A:CELL+ 
0000087f  0dcc030000   equation.JavaArray.getElem§-942971136 VAL 
00000884  10           R@ 
00000885  01           ! 
00000886  9d           A:CELL+ 
00000887  0d007e37bf   -1086882304 VAL 
0000088c  10           R@ 
0000088d  01           ! 
0000088e  9d           A:CELL+ 
0000088f  0de2050000   equation.JavaArray.~destructor§-1086882304 VAL 
00000894  10           R@ 
00000895  01           ! 
00000896  9d           A:CELL+ 
00000897  88           A:DROP 
00000898  3d           EXIT 

instruction usage:
load/store:		87	(6.910246227164417%)
32-bit values:		114	(9.054805401111993%)
16-bit values:		31	(2.4622716441620334%)
5-bit values:		178	(14.138204924543288%)
values total:		323	(25.655281969817317%)
arithmetic/logical:	130	(10.325655281969818%)
relations:		21	(1.6679904686258933%)
flow control:		50	(3.971405877680699%)
other:			648	(51.469420174741856%)
total:			1259

average bytes per instruction: 1.4892772041302622

string storage in byte:	324
unresolved references:	78

Size of static code: 1946
Size of initial code: 253

references:
ffffffff	1	.
ffffffff	1	ABORT
ffffffff	2	ALIGN
ffffffff	3	ALLOT
ffffffff	1	CR
ffffffff	2	DECREFERENCE
ffffffff	7	EXECUTE-METHOD
ffffffff	7	EXECUTE-NEW
ffffffff	1	FREE
ffffffff	1	HANDLEVALID
ffffffff	3	HERE
ffffffff	4	INCREFERENCE
ffffffff	3	MALLOC
ffffffff	1	PRINT
ffffffff	2	SHIFTR
ffffffff	2	TYPE
43a	1	and_356
6b4	1	and_401
ffffffff	7	create
18	1	equation.JavaArray.JavaArray§-2046277120
18	1	equation.JavaArray.JavaArray§-2046277120
87	1	equation.JavaArray.JavaArray§-227194368
87	1	equation.JavaArray.JavaArray§-227194368
1c5	1	equation.JavaArray.clone§1043948288
1c5	1	equation.JavaArray.clone§1043948288
263	1	equation.JavaArray.createString§-105880832
263	1	equation.JavaArray.createString§-105880832
2fe	1	equation.JavaArray.createUnicode§-675323136
2fe	1	equation.JavaArray.createUnicode§-675323136
3cc	1	equation.JavaArray.getElem§-942971136
3cc	1	equation.JavaArray.getElem§-942971136
4ca	1	equation.JavaArray.handler§-1096259584
4ca	1	equation.JavaArray.handler§-1096259584
51b	12	equation.JavaArray.kill§1620077312
51b	12	equation.JavaArray.kill§1620077312
566	2	equation.JavaArray.print§562786304
566	2	equation.JavaArray.print§562786304
5e2	1	equation.JavaArray.~destructor§-1086882304
5e2	1	equation.JavaArray.~destructor§-1086882304
ffffffff	5	equation.JavaArray§1352878592.table
ffffffff	2	equation.String§1651856128.table
6b4	1	or_402
ffffffff	2	sort.Object§-1890496768.table
3a0	1	§12
49d	1	§17
7c	2	§2
487	1	§24
50a	1	§26
53e	1	§27
5be	1	§30
731	1	§32
77a	1	§40
755	1	§41
