00000014  56           0 VAL 
00000015  0d00000000   equation.JavaArray._staticBlocking VAL ( will be modified! ) 
0000001a  00           NOP ( will be modified! ) 
0000001b  01           ! 
0000001c  3d           EXIT 

instruction usage:
load/store:		1	(20.0%)
32-bit values:		1	(20.0%)
16-bit values:		0	(0.0%)
5-bit values:		1	(20.0%)
values total:		2	(40.0%)
arithmetic/logical:	0	(0.0%)
relations:		0	(0.0%)
flow control:		1	(20.0%)
other:			1	(20.0%)
total:			5

average bytes per instruction: 5.2

string storage in byte:	0
unresolved references:	1

Size of static code: 17
Size of initial code: 9

references:
ffffffff	1	equation.JavaArray._staticBlocking
