00000010  56           0 VAL 
00000011  0d00000000   Double._staticBlocking VAL ( will be modified! ) 
00000016  00           NOP ( will be modified! ) 
00000017  01           ! 
00000018  56           0 VAL 
00000019  0d00000000   Double._staticThread VAL ( will be modified! ) 
0000001e  00           NOP ( will be modified! ) 
0000001f  01           ! 
00000020  0d0000f03f   1072693248 VAL 
00000025  56           0 VAL 
00000026  0d00000000   Double.one VAL ( will be modified! ) 
0000002b  00           NOP ( will be modified! ) 
0000002c  90           A:R@ 
0000002d  01           ! 
0000002e  10           R@ 
0000002f  88           A:DROP 
00000030  1d           CELL+ 
00000031  01           ! 
00000032  56           0 VAL 
00000033  56           0 VAL 
00000034  0d00000000   Double.zero VAL ( will be modified! ) 
00000039  00           NOP ( will be modified! ) 
0000003a  90           A:R@ 
0000003b  01           ! 
0000003c  10           R@ 
0000003d  88           A:DROP 
0000003e  1d           CELL+ 
0000003f  01           ! 
00000040  0d00000000   Double.one VAL ( will be modified! ) 
00000045  00           NOP ( will be modified! ) 
00000046  90           A:R@ 
00000047  1d           CELL+ 
00000048  02           @ 
00000049  10           R@ 
0000004a  88           A:DROP 
0000004b  02           @ 
0000004c  0d00000000   Double.zero VAL ( will be modified! ) 
00000051  00           NOP ( will be modified! ) 
00000052  90           A:R@ 
00000053  1d           CELL+ 
00000054  02           @ 
00000055  10           R@ 
00000056  88           A:DROP 
00000057  02           @ 
00000058  0d00000000   F/ VAL ( will be modified! ) 
0000005d  00           NOP ( will be modified! ) 
0000005e  0d00000000   Double.POSITIVE_INFINITY VAL ( will be modified! ) 
00000063  00           NOP ( will be modified! ) 
00000064  90           A:R@ 
00000065  01           ! 
00000066  10           R@ 
00000067  88           A:DROP 
00000068  1d           CELL+ 
00000069  01           ! 
0000006a  0d00000000   Double.one VAL ( will be modified! ) 
0000006f  00           NOP ( will be modified! ) 
00000070  90           A:R@ 
00000071  90           A:R@ 
00000072  1d           CELL+ 
00000073  02           @ 
00000074  10           R@ 
00000075  88           A:DROP 
00000076  02           @ 
00000077  0d00000000   FNEGATE VAL ( will be modified! ) 
0000007c  00           NOP ( will be modified! ) 
0000007d  88           A:DROP 
0000007e  0d00000000   Double.zero VAL ( will be modified! ) 
00000083  00           NOP ( will be modified! ) 
00000084  90           A:R@ 
00000085  1d           CELL+ 
00000086  02           @ 
00000087  10           R@ 
00000088  88           A:DROP 
00000089  02           @ 
0000008a  0d00000000   F/ VAL ( will be modified! ) 
0000008f  00           NOP ( will be modified! ) 
00000090  0d00000000   Double.NEGATIVE_INFINITY VAL ( will be modified! ) 
00000095  00           NOP ( will be modified! ) 
00000096  90           A:R@ 
00000097  01           ! 
00000098  10           R@ 
00000099  88           A:DROP 
0000009a  1d           CELL+ 
0000009b  01           ! 
0000009c  0d00000000   Double.zero VAL ( will be modified! ) 
000000a1  00           NOP ( will be modified! ) 
000000a2  90           A:R@ 
000000a3  1d           CELL+ 
000000a4  02           @ 
000000a5  10           R@ 
000000a6  88           A:DROP 
000000a7  02           @ 
000000a8  0d00000000   Double.zero VAL ( will be modified! ) 
000000ad  00           NOP ( will be modified! ) 
000000ae  90           A:R@ 
000000af  1d           CELL+ 
000000b0  02           @ 
000000b1  10           R@ 
000000b2  88           A:DROP 
000000b3  02           @ 
000000b4  0d00000000   F/ VAL ( will be modified! ) 
000000b9  00           NOP ( will be modified! ) 
000000ba  0d00000000   Double.NaN VAL ( will be modified! ) 
000000bf  00           NOP ( will be modified! ) 
000000c0  90           A:R@ 
000000c1  01           ! 
000000c2  10           R@ 
000000c3  88           A:DROP 
000000c4  1d           CELL+ 
000000c5  01           ! 
000000c6  0dffffef7f   2146435071 VAL 
000000cb  57           -1 VAL 
000000cc  0d00000000   Double.MAX_VALUE VAL ( will be modified! ) 
000000d1  00           NOP ( will be modified! ) 
000000d2  90           A:R@ 
000000d3  01           ! 
000000d4  10           R@ 
000000d5  88           A:DROP 
000000d6  1d           CELL+ 
000000d7  01           ! 
000000d8  56           0 VAL 
000000d9  56           0 VAL 
000000da  0d00000000   Double.MIN_VALUE VAL ( will be modified! ) 
000000df  00           NOP ( will be modified! ) 
000000e0  90           A:R@ 
000000e1  01           ! 
000000e2  10           R@ 
000000e3  88           A:DROP 
000000e4  1d           CELL+ 
000000e5  01           ! 
000000e6  0d4ac2b380   -2135702966 VAL 
000000eb  0d04fb6b29   694942468 VAL 
000000f0  0d00000000   Double.serialVersionUID VAL ( will be modified! ) 
000000f5  00           NOP ( will be modified! ) 
000000f6  90           A:R@ 
000000f7  01           ! 
000000f8  10           R@ 
000000f9  88           A:DROP 
000000fa  1d           CELL+ 
000000fb  01           ! 
000000fc  3d           EXIT 

instruction usage:
load/store:		30	(21.27659574468085%)
32-bit values:		24	(17.02127659574468%)
16-bit values:		0	(0.0%)
5-bit values:		8	(5.673758865248227%)
values total:		32	(22.69503546099291%)
arithmetic/logical:	14	(9.929078014184398%)
relations:		0	(0.0%)
flow control:		1	(0.7092198581560284%)
other:			64	(45.39007092198582%)
total:			141

average bytes per instruction: 1.7801418439716312

string storage in byte:	0
unresolved references:	20

Size of static code: 14
Size of initial code: 237

references:
ffffffff	1	Double.MAX_VALUE
ffffffff	1	Double.MIN_VALUE
ffffffff	1	Double.NEGATIVE_INFINITY
ffffffff	1	Double.NaN
ffffffff	1	Double.POSITIVE_INFINITY
ffffffff	1	Double._staticBlocking
ffffffff	1	Double._staticThread
ffffffff	3	Double.one
ffffffff	1	Double.serialVersionUID
ffffffff	5	Double.zero
ffffffff	3	F/
ffffffff	1	FNEGATE
