00000011               
00000011               Double.Double§1485259776 LABEL 
00000011  54           2 VAL 
00000012  0d00000000   VALLOCATE VAL ( will be modified! ) 
00000017  00           NOP ( will be modified! ) 
00000018  90           A:R@ ( §base0 declared ) 
00000019  08           DROP 
0000001a  90           A:R@ ( §exception declared ) 
0000001b  08           DROP 
0000001c  0e           DUP 
0000001d  52           4 VAL ( §base0 will be fetched! ) 
0000001e  d5           1 A:VAL 
0000001f  8b           A:PICK 
00000020  10           R@ 
00000021  88           A:DROP 
00000022  16           + 
00000023  0d00000000   V! VAL ( will be modified! ) 
00000028  00           NOP ( will be modified! ) 
00000029  90           A:R@ ( s declared ) 
0000002a  08           DROP 
0000002b  56           0 VAL 
0000002c  90           A:R@ ( §this declared ) 
0000002d  08           DROP 
0000002e  55           1 VAL 
0000002f  0d00000000   VALLOCATE VAL ( will be modified! ) 
00000034  00           NOP ( will be modified! ) 
00000035  90           A:R@ ( §tempvar declared ) 
00000036  08           DROP ( s will be fetched! ) 
00000037  d4           2 A:VAL 
00000038  8b           A:PICK 
00000039  10           R@ 
0000003a  88           A:DROP 
0000003b  0d87000000   std33105 VAL 
00000040  3e10080000   Double.valueOf§-1535871488 VAL ( will be modified! ) 
00000045  00           NOP ( will be modified! ) 
00000046  0e           DUP ( §tempvar will be fetched! ) 
00000047  10           R@ 
00000048  0d00000000   V! VAL ( will be modified! ) 
0000004d  00           NOP ( will be modified! ) 
0000004e  90           A:R@ 
0000004f  08           DROP 
00000050  10           R@ 
00000051  88           A:DROP 
00000052  0d006450ec   -330275840 VAL 
00000057  57           -1 VAL 
00000058  0d00000000   EXECUTE-METHOD VAL ( will be modified! ) 
0000005d  00           NOP ( will be modified! ) 
0000005e  0d00000000   Double§-1583528960.table VAL ( will be modified! ) 
00000063  00           NOP ( will be modified! ) 
00000064  0d0044e309   165889024 VAL 
00000069  0d00000000   EXECUTE-NEW VAL ( will be modified! ) 
0000006e  00           NOP ( will be modified! ) 
0000006f  0e           DUP ( §base0 will be fetched! ) 
00000070  d2           4 A:VAL 
00000071  8b           A:PICK 
00000072  10           R@ 
00000073  88           A:DROP 
00000074  0d00000000   V! VAL ( will be modified! ) 
00000079  00           NOP ( will be modified! ) ( §this will be modified! ) 
0000007a  90           A:R@ 
0000007b  d5           1 A:VAL 
0000007c  8c           A:PUT 
0000007d  08           DROP 
0000007e  56           0 VAL 
0000007f  0e           DUP 
00000080  420100       §1 0BRANCH 
00000083               std33105 LABEL 
00000083  57           -1 VAL 
00000084               §1 LABEL ( §tempvar will be fetched! ) 
00000084  10           R@ 
00000085  0d00000000   SETVTOP VAL ( will be modified! ) 
0000008a  00           NOP ( will be modified! ) remove §tempvar 
0000008b  88           A:DROP 
0000008c  420c00       §2 0BRANCH ( §exception will be fetched! ) 
0000008f  d4           2 A:VAL 
00000090  8b           A:PICK 
00000091  10           R@ 
00000092  88           A:DROP ( §return will be modified! ) 
00000093  90           A:R@ 
00000094  d2           4 A:VAL 
00000095  8c           A:PUT 
00000096  08           DROP 
00000097  56           0 VAL 
00000098  400a00       §break33071 BRANCH 
0000009b               §2 LABEL ( §this will be fetched! ) 
0000009b  10           R@ 
0000009c  0e           DUP 
0000009d  56           0 VAL 
0000009e  0d00000000   V! VAL ( will be modified! ) 
000000a3  00           NOP ( will be modified! ) 
000000a4  56           0 VAL 
000000a5               §break33071 LABEL ( §base0 will be fetched! ) 
000000a5  d3           3 A:VAL 
000000a6  8b           A:PICK 
000000a7  10           R@ 
000000a8  88           A:DROP 
000000a9  0d00000000   SETVTOP VAL ( will be modified! ) 
000000ae  00           NOP ( will be modified! ) remove §this remove s remove §exception remove §base0 
000000af  89           A:2DROP 
000000b0  89           A:2DROP 
000000b1  08           DROP 
000000b2               §0 LABEL 
000000b2  3d           EXIT 
000000b3               
000000b3               Double.Double§1539458048 LABEL 
000000b3  55           1 VAL 
000000b4  0d00000000   VALLOCATE VAL ( will be modified! ) 
000000b9  00           NOP ( will be modified! ) 
000000ba  90           A:R@ ( §base0 declared ) 
000000bb  08           DROP 
000000bc  56           0 VAL 
000000bd  90           A:R@ ( §this declared ) 
000000be  08           DROP 
000000bf  56           0 VAL 
000000c0  462400       36 VAL 
000000c3  0d00000000   MALLOC VAL ( will be modified! ) 
000000c8  00           NOP ( will be modified! ) 
000000c9  08           DROP 
000000ca  0e           DUP 
000000cb  0e           DUP ( §base0 will be fetched! ) 
000000cc  d5           1 A:VAL 
000000cd  8b           A:PICK 
000000ce  10           R@ 
000000cf  88           A:DROP 
000000d0  0d00000000   V! VAL ( will be modified! ) 
000000d5  00           NOP ( will be modified! ) ( §this will be modified! ) 
000000d6  88           A:DROP 
000000d7  90           A:R@ 
000000d8  08           DROP 
000000d9  0f           OVER 
000000da  420900       §4 0BRANCH 
000000dd  0f           OVER 
000000de  1d           CELL+ 
000000df  02           @ 
000000e0  52           4 VAL 
000000e1  16           + 
000000e2  0f           OVER 
000000e3  0f           OVER 
000000e4  01           ! 
000000e5  08           DROP 
000000e6               §4 LABEL 
000000e6  1d           CELL+ 
000000e7  02           @ 
000000e8  0f           OVER 
000000e9  0f           OVER 
000000ea  01           ! 
000000eb  0a           NIP 
000000ec  0d00000000   Double§-1583528960.table VAL ( will be modified! ) 
000000f1  00           NOP ( will be modified! ) 
000000f2  0f           OVER 
000000f3  4a           12 VAL 
000000f4  16           + 
000000f5  01           ! 
000000f6  0d00009da1   -1583546368 VAL 
000000fb  0f           OVER 
000000fc  461400       20 VAL 
000000ff  16           + 
00000100  01           ! 
00000101  0d2f010000   §5 VAL 
00000106  0f           OVER 
00000107  461000       16 VAL 
0000010a  16           + 
0000010b  01           ! 
0000010c  56           0 VAL 
0000010d  0f           OVER 
0000010e  461800       24 VAL 
00000111  16           + 
00000112  01           ! 
00000113  08           DROP ( §this will be fetched! ) 
00000114  10           R@ 
00000115  0e           DUP 
00000116  56           0 VAL 
00000117  0d00000000   V! VAL ( will be modified! ) 
0000011c  00           NOP ( will be modified! ) 
0000011d  56           0 VAL 
0000011e               §break33088 LABEL ( §base0 will be fetched! ) 
0000011e  d5           1 A:VAL 
0000011f  8b           A:PICK 
00000120  10           R@ 
00000121  88           A:DROP 
00000122  0d00000000   SETVTOP VAL ( will be modified! ) 
00000127  00           NOP ( will be modified! ) remove §this remove §base0 
00000128  89           A:2DROP 
00000129  08           DROP 
0000012a               §3 LABEL 
0000012a  3d           EXIT 
0000012b  0600         §5 LABEL 
0000012d  446f75626c65 " Double " 
00000133               
00000133               Double.Double§165889024 LABEL 
00000133  55           1 VAL 
00000134  0d00000000   VALLOCATE VAL ( will be modified! ) 
00000139  00           NOP ( will be modified! ) 
0000013a  90           A:R@ ( §base0 declared ) 
0000013b  08           DROP 
0000013c  91           A:R1@ ( value declared ) 
0000013d  90           A:R@ 
0000013e  09           2DROP 
0000013f  56           0 VAL 
00000140  90           A:R@ ( §this declared ) 
00000141  08           DROP 
00000142  56           0 VAL 
00000143  462400       36 VAL 
00000146  0d00000000   MALLOC VAL ( will be modified! ) 
0000014b  00           NOP ( will be modified! ) 
0000014c  08           DROP 
0000014d  0e           DUP 
0000014e  0e           DUP ( §base0 will be fetched! ) 
0000014f  d3           3 A:VAL 
00000150  8b           A:PICK 
00000151  10           R@ 
00000152  88           A:DROP 
00000153  0d00000000   V! VAL ( will be modified! ) 
00000158  00           NOP ( will be modified! ) ( §this will be modified! ) 
00000159  88           A:DROP 
0000015a  90           A:R@ 
0000015b  08           DROP 
0000015c  0f           OVER 
0000015d  420900       §7 0BRANCH 
00000160  0f           OVER 
00000161  1d           CELL+ 
00000162  02           @ 
00000163  52           4 VAL 
00000164  16           + 
00000165  0f           OVER 
00000166  0f           OVER 
00000167  01           ! 
00000168  08           DROP 
00000169               §7 LABEL 
00000169  1d           CELL+ 
0000016a  02           @ 
0000016b  0f           OVER 
0000016c  0f           OVER 
0000016d  01           ! 
0000016e  0a           NIP 
0000016f  0d00000000   Double§-1583528960.table VAL ( will be modified! ) 
00000174  00           NOP ( will be modified! ) 
00000175  0f           OVER 
00000176  4a           12 VAL 
00000177  16           + 
00000178  01           ! 
00000179  0d00009da1   -1583546368 VAL 
0000017e  0f           OVER 
0000017f  461400       20 VAL 
00000182  16           + 
00000183  01           ! 
00000184  0d2f010000   §5 VAL 
00000189  0f           OVER 
0000018a  461000       16 VAL 
0000018d  16           + 
0000018e  01           ! 
0000018f  56           0 VAL 
00000190  0f           OVER 
00000191  461800       24 VAL 
00000194  16           + 
00000195  01           ! 
00000196  08           DROP ( value will be fetched! ) 
00000197  d4           2 A:VAL 
00000198  8b           A:PICK 
00000199  10           R@ 
0000019a  88           A:DROP 
0000019b  d5           1 A:VAL 
0000019c  8b           A:PICK 
0000019d  10           R@ 
0000019e  88           A:DROP ( §this will be fetched! ) 
0000019f  10           R@ 
000001a0  1d           CELL+ 
000001a1  02           @ 
000001a2  461c00       28 VAL 
000001a5  16           + 
000001a6  90           A:R@ 
000001a7  01           ! 
000001a8  10           R@ 
000001a9  88           A:DROP 
000001aa  1d           CELL+ 
000001ab  01           ! ( §this will be fetched! ) 
000001ac  10           R@ 
000001ad  0e           DUP 
000001ae  56           0 VAL 
000001af  0d00000000   V! VAL ( will be modified! ) 
000001b4  00           NOP ( will be modified! ) 
000001b5  56           0 VAL 
000001b6               §break33070 LABEL ( §base0 will be fetched! ) 
000001b6  d3           3 A:VAL 
000001b7  8b           A:PICK 
000001b8  10           R@ 
000001b9  88           A:DROP 
000001ba  0d00000000   SETVTOP VAL ( will be modified! ) 
000001bf  00           NOP ( will be modified! ) remove §this remove value remove §base0 
000001c0  89           A:2DROP 
000001c1  89           A:2DROP 
000001c2  08           DROP 
000001c3               §6 LABEL 
000001c3  3d           EXIT 
000001c4               
000001c4               Double.byteValue§-1994235392 LABEL 
000001c4  55           1 VAL 
000001c5  0d00000000   VALLOCATE VAL ( will be modified! ) 
000001ca  00           NOP ( will be modified! ) 
000001cb  90           A:R@ ( §base0 declared ) 
000001cc  08           DROP 
000001cd  0e           DUP 
000001ce  56           0 VAL ( §base0 will be fetched! ) 
000001cf  10           R@ 
000001d0  16           + 
000001d1  0d00000000   V! VAL ( will be modified! ) 
000001d6  00           NOP ( will be modified! ) 
000001d7  90           A:R@ ( §this declared ) 
000001d8  08           DROP ( §this will be fetched! ) 
000001d9  10           R@ 
000001da  1d           CELL+ 
000001db  02           @ 
000001dc  461c00       28 VAL 
000001df  16           + 
000001e0  90           A:R@ 
000001e1  90           A:R@ 
000001e2  1d           CELL+ 
000001e3  02           @ 
000001e4  10           R@ 
000001e5  88           A:DROP 
000001e6  02           @ 
000001e7  0d00000000   F>D VAL ( will be modified! ) 
000001ec  00           NOP ( will be modified! ) 
000001ed  0a           NIP 
000001ee  467f00       127 VAL 
000001f1  2d           CMP 
000001f2  5c           U0> 
000001f3  0a           NIP 
000001f4  420400       §9 0BRANCH 
000001f7  4600ff       -256 VAL 
000001fa  22           OR 
000001fb               §9 LABEL 
000001fb  88           A:DROP 
000001fc  56           0 VAL 
000001fd  400100       §break33075 BRANCH 
00000200  56           0 VAL 
00000201               §break33075 LABEL ( §base0 will be fetched! ) 
00000201  d5           1 A:VAL 
00000202  8b           A:PICK 
00000203  10           R@ 
00000204  88           A:DROP 
00000205  0d00000000   SETVTOP VAL ( will be modified! ) 
0000020a  00           NOP ( will be modified! ) remove §this remove §base0 
0000020b  89           A:2DROP 
0000020c  08           DROP 
0000020d               §8 LABEL 
0000020d  3d           EXIT 
0000020e               
0000020e               Double.compare§-820026624 LABEL 
0000020e  91           A:R1@ ( d2 declared ) 
0000020f  90           A:R@ 
00000210  09           2DROP 
00000211  91           A:R1@ ( d1 declared ) 
00000212  90           A:R@ 
00000213  09           2DROP 
00000214  56           0 VAL 
00000215  0e           DUP 
00000216  0f           OVER 
00000217  0f           OVER 
00000218  91           A:R1@ ( anotherBits declared ) 
00000219  90           A:R@ 
0000021a  09           2DROP 
0000021b  91           A:R1@ ( thisBits declared ) 
0000021c  90           A:R@ 
0000021d  09           2DROP ( d1 will be fetched! ) 
0000021e  d1           5 A:VAL 
0000021f  8b           A:PICK 
00000220  10           R@ 
00000221  88           A:DROP 
00000222  d2           4 A:VAL 
00000223  8b           A:PICK 
00000224  10           R@ 
00000225  88           A:DROP ( d2 will be fetched! ) 
00000226  cf           7 A:VAL 
00000227  8b           A:PICK 
00000228  10           R@ 
00000229  88           A:DROP 
0000022a  d0           6 A:VAL 
0000022b  8b           A:PICK 
0000022c  10           R@ 
0000022d  88           A:DROP 
0000022e  0d00000000   F- VAL ( will be modified! ) 
00000233  00           NOP ( will be modified! ) 
00000234  0f           OVER 
00000235  1a           2* 
00000236  22           OR 
00000237  36           0<> 
00000238  0f           OVER 
00000239  2a           0< 
0000023a  1c           AND 
0000023b  0a           NIP 
0000023c  420500       §11 0BRANCH 
0000023f  57           -1 VAL 
00000240  56           0 VAL 
00000241  409000       §break33087 BRANCH 
00000244               §11 LABEL ( d1 will be fetched! ) 
00000244  d1           5 A:VAL 
00000245  8b           A:PICK 
00000246  10           R@ 
00000247  88           A:DROP 
00000248  d2           4 A:VAL 
00000249  8b           A:PICK 
0000024a  10           R@ 
0000024b  88           A:DROP ( d2 will be fetched! ) 
0000024c  cf           7 A:VAL 
0000024d  8b           A:PICK 
0000024e  10           R@ 
0000024f  88           A:DROP 
00000250  d0           6 A:VAL 
00000251  8b           A:PICK 
00000252  10           R@ 
00000253  88           A:DROP 
00000254  0d00000000   F- VAL ( will be modified! ) 
00000259  00           NOP ( will be modified! ) 
0000025a  0d00000000   FNEGATE VAL ( will be modified! ) 
0000025f  00           NOP ( will be modified! ) 
00000260  0f           OVER 
00000261  1a           2* 
00000262  22           OR 
00000263  36           0<> 
00000264  0f           OVER 
00000265  2a           0< 
00000266  1c           AND 
00000267  0a           NIP 
00000268  420500       §12 0BRANCH 
0000026b  55           1 VAL 
0000026c  56           0 VAL 
0000026d  406400       §break33087 BRANCH 
00000270               §12 LABEL ( d1 will be fetched! ) 
00000270  d1           5 A:VAL 
00000271  8b           A:PICK 
00000272  10           R@ 
00000273  88           A:DROP 
00000274  d2           4 A:VAL 
00000275  8b           A:PICK 
00000276  10           R@ 
00000277  88           A:DROP 
00000278  3e20010000   Double.doubleToLongBits§577332224 VAL ( will be modified! ) 
0000027d  00           NOP ( will be modified! ) ( thisBits will be modified! ) 
0000027e  89           A:2DROP 
0000027f  91           A:R1@ 
00000280  90           A:R@ 
00000281  09           2DROP ( d2 will be fetched! ) 
00000282  cf           7 A:VAL 
00000283  8b           A:PICK 
00000284  10           R@ 
00000285  88           A:DROP 
00000286  d0           6 A:VAL 
00000287  8b           A:PICK 
00000288  10           R@ 
00000289  88           A:DROP 
0000028a  3e0e010000   Double.doubleToLongBits§577332224 VAL ( will be modified! ) 
0000028f  00           NOP ( will be modified! ) ( anotherBits will be modified! ) 
00000290  91           A:R1@ 
00000291  d3           3 A:VAL 
00000292  8c           A:PUT 
00000293  90           A:R@ 
00000294  d4           2 A:VAL 
00000295  8c           A:PUT 
00000296  09           2DROP ( thisBits will be fetched! ) 
00000297  11           R1@ 
00000298  10           R@ ( anotherBits will be fetched! ) 
00000299  d3           3 A:VAL 
0000029a  8b           A:PICK 
0000029b  10           R@ 
0000029c  88           A:DROP 
0000029d  d4           2 A:VAL 
0000029e  8b           A:PICK 
0000029f  10           R@ 
000002a0  88           A:DROP 
000002a1  90           A:R@ 
000002a2  08           DROP 
000002a3  91           A:R1@ 
000002a4  0a           NIP 
000002a5  24           XOR 
000002a6  a4           A:XOR 
000002a7  10           R@ 
000002a8  88           A:DROP 
000002a9  22           OR 
000002aa  2c           0= 
000002ab  420400       §13 0BRANCH 
000002ae  56           0 VAL 
000002af  401d00       §14 BRANCH 
000002b2               §13 LABEL ( thisBits will be fetched! ) 
000002b2  11           R1@ 
000002b3  10           R@ ( anotherBits will be fetched! ) 
000002b4  d3           3 A:VAL 
000002b5  8b           A:PICK 
000002b6  10           R@ 
000002b7  88           A:DROP 
000002b8  d4           2 A:VAL 
000002b9  8b           A:PICK 
000002ba  10           R@ 
000002bb  88           A:DROP 
000002bc  91           A:R1@ 
000002bd  0a           NIP 
000002be  17           - 
000002bf  10           R@ 
000002c0  91           A:R1@ 
000002c1  0a           NIP 
000002c2  26           -B 
000002c3  10           R@ 
000002c4  89           A:2DROP 
000002c5  08           DROP 
000002c6  2a           0< 
000002c7  420400       §15 0BRANCH 
000002ca  57           -1 VAL 
000002cb  400100       §16 BRANCH 
000002ce               §15 LABEL 
000002ce  55           1 VAL 
000002cf               §16 LABEL 
000002cf               §14 LABEL 
000002cf  56           0 VAL 
000002d0  400100       §break33087 BRANCH 
000002d3  56           0 VAL 
000002d4               §break33087 LABEL remove thisBits remove anotherBits remove d1 remove d2 
000002d4  89           A:2DROP 
000002d5  89           A:2DROP 
000002d6  89           A:2DROP 
000002d7  89           A:2DROP 
000002d8  08           DROP 
000002d9               §10 LABEL 
000002d9  3d           EXIT 
000002da               
000002da               Double.compareTo§-879140096 LABEL 
000002da  54           2 VAL 
000002db  0d00000000   VALLOCATE VAL ( will be modified! ) 
000002e0  00           NOP ( will be modified! ) 
000002e1  90           A:R@ ( §base0 declared ) 
000002e2  08           DROP 
000002e3  0e           DUP 
000002e4  52           4 VAL ( §base0 will be fetched! ) 
000002e5  10           R@ 
000002e6  16           + 
000002e7  0d00000000   V! VAL ( will be modified! ) 
000002ec  00           NOP ( will be modified! ) 
000002ed  90           A:R@ ( §this declared ) 
000002ee  08           DROP 
000002ef  0e           DUP 
000002f0  56           0 VAL ( §base0 will be fetched! ) 
000002f1  d5           1 A:VAL 
000002f2  8b           A:PICK 
000002f3  10           R@ 
000002f4  88           A:DROP 
000002f5  16           + 
000002f6  0d00000000   V! VAL ( will be modified! ) 
000002fb  00           NOP ( will be modified! ) 
000002fc  90           A:R@ ( o declared ) 
000002fd  08           DROP ( §this will be fetched! ) 
000002fe  d5           1 A:VAL 
000002ff  8b           A:PICK 
00000300  10           R@ 
00000301  88           A:DROP 
00000302  90           A:R@ 
00000303  08           DROP ( o will be fetched! ) 
00000304  d5           1 A:VAL 
00000305  8b           A:PICK 
00000306  10           R@ 
00000307  88           A:DROP 
00000308  10           R@ 
00000309  88           A:DROP 
0000030a  0d0063e170   1893819136 VAL 
0000030f  57           -1 VAL 
00000310  0d00000000   EXECUTE-METHOD VAL ( will be modified! ) 
00000315  00           NOP ( will be modified! ) 
00000316  56           0 VAL 
00000317  400100       §break33086 BRANCH 
0000031a  56           0 VAL 
0000031b               §break33086 LABEL ( §base0 will be fetched! ) 
0000031b  d4           2 A:VAL 
0000031c  8b           A:PICK 
0000031d  10           R@ 
0000031e  88           A:DROP 
0000031f  0d00000000   SETVTOP VAL ( will be modified! ) 
00000324  00           NOP ( will be modified! ) remove o remove §this remove §base0 
00000325  89           A:2DROP 
00000326  88           A:DROP 
00000327  08           DROP 
00000328               §18 LABEL 
00000328  3d           EXIT 
00000329  1900         §17 LABEL 
0000032b  446f75626c652e636f6d70617265a72d383230303236363234 " Double.compare§-820026624 " 
00000344               
00000344               Double.compareTo§1893819136 LABEL 
00000344  54           2 VAL 
00000345  0d00000000   VALLOCATE VAL ( will be modified! ) 
0000034a  00           NOP ( will be modified! ) 
0000034b  90           A:R@ ( §base0 declared ) 
0000034c  08           DROP 
0000034d  0e           DUP 
0000034e  52           4 VAL ( §base0 will be fetched! ) 
0000034f  10           R@ 
00000350  16           + 
00000351  0d00000000   V! VAL ( will be modified! ) 
00000356  00           NOP ( will be modified! ) 
00000357  90           A:R@ ( §this declared ) 
00000358  08           DROP 
00000359  0e           DUP 
0000035a  56           0 VAL ( §base0 will be fetched! ) 
0000035b  d5           1 A:VAL 
0000035c  8b           A:PICK 
0000035d  10           R@ 
0000035e  88           A:DROP 
0000035f  16           + 
00000360  0d00000000   V! VAL ( will be modified! ) 
00000365  00           NOP ( will be modified! ) 
00000366  90           A:R@ ( anotherDouble declared ) 
00000367  08           DROP ( §this will be fetched! ) 
00000368  d5           1 A:VAL 
00000369  8b           A:PICK 
0000036a  10           R@ 
0000036b  88           A:DROP 
0000036c  1d           CELL+ 
0000036d  02           @ 
0000036e  461c00       28 VAL 
00000371  16           + 
00000372  90           A:R@ 
00000373  1d           CELL+ 
00000374  02           @ 
00000375  10           R@ 
00000376  88           A:DROP 
00000377  02           @ ( anotherDouble will be fetched! ) 
00000378  10           R@ 
00000379  1d           CELL+ 
0000037a  02           @ 
0000037b  461c00       28 VAL 
0000037e  16           + 
0000037f  90           A:R@ 
00000380  1d           CELL+ 
00000381  02           @ 
00000382  10           R@ 
00000383  88           A:DROP 
00000384  02           @ 
00000385  3e86fe       Double.compare§-820026624 CALL 
00000388  56           0 VAL 
00000389  400100       §break33085 BRANCH 
0000038c  56           0 VAL 
0000038d               §break33085 LABEL ( §base0 will be fetched! ) 
0000038d  d4           2 A:VAL 
0000038e  8b           A:PICK 
0000038f  10           R@ 
00000390  88           A:DROP 
00000391  0d00000000   SETVTOP VAL ( will be modified! ) 
00000396  00           NOP ( will be modified! ) remove anotherDouble remove §this remove §base0 
00000397  89           A:2DROP 
00000398  88           A:DROP 
00000399  08           DROP 
0000039a               §19 LABEL 
0000039a  3d           EXIT 
0000039b               
0000039b               Double.doubleToLongBits§577332224 LABEL 
0000039b  91           A:R1@ ( value declared ) 
0000039c  90           A:R@ 
0000039d  09           2DROP ( value will be fetched! ) 
0000039e  11           R1@ 
0000039f  10           R@ 
000003a0  56           0 VAL 
000003a1               §break33082 LABEL remove value 
000003a1  89           A:2DROP 
000003a2  08           DROP 
000003a3               §20 LABEL 
000003a3  3d           EXIT 
000003a4               
000003a4               Double.doubleToRawLongBits§-243047424 LABEL 
000003a4  91           A:R1@ ( value declared ) 
000003a5  90           A:R@ 
000003a6  09           2DROP ( value will be fetched! ) 
000003a7  11           R1@ 
000003a8  10           R@ 
000003a9  56           0 VAL 
000003aa               §break33083 LABEL remove value 
000003aa  89           A:2DROP 
000003ab  08           DROP 
000003ac               §22 LABEL 
000003ac  3d           EXIT 
000003ad  2100         §21 LABEL 
000003af  446f75626c652e646f75626c65546f4c6f6e6742697473a7353737333332323234 " Double.doubleToLongBits§577332224 " 
000003d0               
000003d0               Double.doubleValue§-330275840 LABEL 
000003d0  55           1 VAL 
000003d1  0d00000000   VALLOCATE VAL ( will be modified! ) 
000003d6  00           NOP ( will be modified! ) 
000003d7  90           A:R@ ( §base0 declared ) 
000003d8  08           DROP 
000003d9  0e           DUP 
000003da  56           0 VAL ( §base0 will be fetched! ) 
000003db  10           R@ 
000003dc  16           + 
000003dd  0d00000000   V! VAL ( will be modified! ) 
000003e2  00           NOP ( will be modified! ) 
000003e3  90           A:R@ ( §this declared ) 
000003e4  08           DROP ( §this will be fetched! ) 
000003e5  10           R@ 
000003e6  1d           CELL+ 
000003e7  02           @ 
000003e8  461c00       28 VAL 
000003eb  16           + 
000003ec  90           A:R@ 
000003ed  90           A:R@ 
000003ee  1d           CELL+ 
000003ef  02           @ 
000003f0  10           R@ 
000003f1  88           A:DROP 
000003f2  02           @ 
000003f3  88           A:DROP 
000003f4  56           0 VAL 
000003f5  400100       §break33079 BRANCH 
000003f8  56           0 VAL 
000003f9               §break33079 LABEL ( §base0 will be fetched! ) 
000003f9  d5           1 A:VAL 
000003fa  8b           A:PICK 
000003fb  10           R@ 
000003fc  88           A:DROP 
000003fd  0d00000000   SETVTOP VAL ( will be modified! ) 
00000402  00           NOP ( will be modified! ) remove §this remove §base0 
00000403  89           A:2DROP 
00000404  08           DROP 
00000405               §24 LABEL 
00000405  3d           EXIT 
00000406  2500         §23 LABEL 
00000408  446f75626c652e646f75626c65546f5261774c6f6e6742697473a72d323433303437343234 " Double.doubleToRawLongBits§-243047424 " 
0000042d               
0000042d               Double.equals§-240098048 LABEL 
0000042d  54           2 VAL 
0000042e  0d00000000   VALLOCATE VAL ( will be modified! ) 
00000433  00           NOP ( will be modified! ) 
00000434  90           A:R@ ( §base0 declared ) 
00000435  08           DROP 
00000436  0e           DUP 
00000437  52           4 VAL ( §base0 will be fetched! ) 
00000438  10           R@ 
00000439  16           + 
0000043a  0d00000000   V! VAL ( will be modified! ) 
0000043f  00           NOP ( will be modified! ) 
00000440  90           A:R@ ( §this declared ) 
00000441  08           DROP 
00000442  0e           DUP 
00000443  56           0 VAL ( §base0 will be fetched! ) 
00000444  d5           1 A:VAL 
00000445  8b           A:PICK 
00000446  10           R@ 
00000447  88           A:DROP 
00000448  16           + 
00000449  0d00000000   V! VAL ( will be modified! ) 
0000044e  00           NOP ( will be modified! ) 
0000044f  90           A:R@ ( obj declared ) 
00000450  08           DROP ( obj will be fetched! ) 
00000451  10           R@ 
00000452  0d2f010000   §5 VAL 
00000457  0d00000000   INSTANCEOF VAL ( will be modified! ) 
0000045c  00           NOP ( will be modified! ) 
0000045d  412e00       and_33177 0BRANCH! 
00000460  08           DROP ( obj will be fetched! ) 
00000461  10           R@ 
00000462  1d           CELL+ 
00000463  02           @ 
00000464  461c00       28 VAL 
00000467  16           + 
00000468  90           A:R@ 
00000469  1d           CELL+ 
0000046a  02           @ 
0000046b  10           R@ 
0000046c  88           A:DROP 
0000046d  02           @ 
0000046e  3e2aff       Double.doubleToLongBits§577332224 CALL ( §this will be fetched! ) 
00000471  d5           1 A:VAL 
00000472  8b           A:PICK 
00000473  10           R@ 
00000474  88           A:DROP 
00000475  1d           CELL+ 
00000476  02           @ 
00000477  461c00       28 VAL 
0000047a  16           + 
0000047b  90           A:R@ 
0000047c  1d           CELL+ 
0000047d  02           @ 
0000047e  10           R@ 
0000047f  88           A:DROP 
00000480  02           @ 
00000481  3e17ff       Double.doubleToLongBits§577332224 CALL 
00000484  90           A:R@ 
00000485  08           DROP 
00000486  91           A:R1@ 
00000487  0a           NIP 
00000488  24           XOR 
00000489  a4           A:XOR 
0000048a  10           R@ 
0000048b  88           A:DROP 
0000048c  22           OR 
0000048d  2c           0= 
0000048e               and_33177 LABEL 
0000048e  56           0 VAL 
0000048f  400100       §break33081 BRANCH 
00000492  56           0 VAL 
00000493               §break33081 LABEL ( §base0 will be fetched! ) 
00000493  d4           2 A:VAL 
00000494  8b           A:PICK 
00000495  10           R@ 
00000496  88           A:DROP 
00000497  0d00000000   SETVTOP VAL ( will be modified! ) 
0000049c  00           NOP ( will be modified! ) remove obj remove §this remove §base0 
0000049d  89           A:2DROP 
0000049e  88           A:DROP 
0000049f  08           DROP 
000004a0               §25 LABEL 
000004a0  3d           EXIT 
000004a1               
000004a1               Double.hashCode§-1604556800 LABEL 
000004a1  55           1 VAL 
000004a2  0d00000000   VALLOCATE VAL ( will be modified! ) 
000004a7  00           NOP ( will be modified! ) 
000004a8  90           A:R@ ( §base0 declared ) 
000004a9  08           DROP 
000004aa  0e           DUP 
000004ab  56           0 VAL ( §base0 will be fetched! ) 
000004ac  10           R@ 
000004ad  16           + 
000004ae  0d00000000   V! VAL ( will be modified! ) 
000004b3  00           NOP ( will be modified! ) 
000004b4  90           A:R@ ( §this declared ) 
000004b5  08           DROP 
000004b6  56           0 VAL 
000004b7  0e           DUP 
000004b8  91           A:R1@ ( bits declared ) 
000004b9  90           A:R@ 
000004ba  09           2DROP ( §this will be fetched! ) 
000004bb  d4           2 A:VAL 
000004bc  8b           A:PICK 
000004bd  10           R@ 
000004be  88           A:DROP 
000004bf  1d           CELL+ 
000004c0  02           @ 
000004c1  461c00       28 VAL 
000004c4  16           + 
000004c5  90           A:R@ 
000004c6  1d           CELL+ 
000004c7  02           @ 
000004c8  10           R@ 
000004c9  88           A:DROP 
000004ca  02           @ 
000004cb  3ecdfe       Double.doubleToLongBits§577332224 CALL ( bits will be modified! ) 
000004ce  89           A:2DROP 
000004cf  91           A:R1@ 
000004d0  90           A:R@ 
000004d1  09           2DROP ( bits will be fetched! ) 
000004d2  11           R1@ 
000004d3  10           R@ ( bits will be fetched! ) 
000004d4  11           R1@ 
000004d5  10           R@ 
000004d6  462000       32 VAL 
000004d9  0d00000000   SHIFTR VAL ( will be modified! ) 
000004de  00           NOP ( will be modified! ) 
000004df  90           A:R@ 
000004e0  08           DROP 
000004e1  91           A:R1@ 
000004e2  0a           NIP 
000004e3  24           XOR 
000004e4  a4           A:XOR 
000004e5  10           R@ 
000004e6  88           A:DROP 
000004e7  0a           NIP 
000004e8  56           0 VAL 
000004e9  400100       §break33080 BRANCH 
000004ec  56           0 VAL 
000004ed               §break33080 LABEL ( §base0 will be fetched! ) 
000004ed  d3           3 A:VAL 
000004ee  8b           A:PICK 
000004ef  10           R@ 
000004f0  88           A:DROP 
000004f1  0d00000000   SETVTOP VAL ( will be modified! ) 
000004f6  00           NOP ( will be modified! ) remove bits remove §this remove §base0 
000004f7  89           A:2DROP 
000004f8  89           A:2DROP 
000004f9  08           DROP 
000004fa               §26 LABEL 
000004fa  3d           EXIT 
000004fb               
000004fb               Double.intValue§-370906880 LABEL 
000004fb  55           1 VAL 
000004fc  0d00000000   VALLOCATE VAL ( will be modified! ) 
00000501  00           NOP ( will be modified! ) 
00000502  90           A:R@ ( §base0 declared ) 
00000503  08           DROP 
00000504  0e           DUP 
00000505  56           0 VAL ( §base0 will be fetched! ) 
00000506  10           R@ 
00000507  16           + 
00000508  0d00000000   V! VAL ( will be modified! ) 
0000050d  00           NOP ( will be modified! ) 
0000050e  90           A:R@ ( §this declared ) 
0000050f  08           DROP ( §this will be fetched! ) 
00000510  10           R@ 
00000511  1d           CELL+ 
00000512  02           @ 
00000513  461c00       28 VAL 
00000516  16           + 
00000517  90           A:R@ 
00000518  90           A:R@ 
00000519  1d           CELL+ 
0000051a  02           @ 
0000051b  10           R@ 
0000051c  88           A:DROP 
0000051d  02           @ 
0000051e  0d00000000   F>D VAL ( will be modified! ) 
00000523  00           NOP ( will be modified! ) 
00000524  0a           NIP 
00000525  88           A:DROP 
00000526  56           0 VAL 
00000527  400100       §break33077 BRANCH 
0000052a  56           0 VAL 
0000052b               §break33077 LABEL ( §base0 will be fetched! ) 
0000052b  d5           1 A:VAL 
0000052c  8b           A:PICK 
0000052d  10           R@ 
0000052e  88           A:DROP 
0000052f  0d00000000   SETVTOP VAL ( will be modified! ) 
00000534  00           NOP ( will be modified! ) remove §this remove §base0 
00000535  89           A:2DROP 
00000536  08           DROP 
00000537               §27 LABEL 
00000537  3d           EXIT 
00000538               
00000538               Double.isInfinite§1195337984 LABEL 
00000538  55           1 VAL 
00000539  0d00000000   VALLOCATE VAL ( will be modified! ) 
0000053e  00           NOP ( will be modified! ) 
0000053f  90           A:R@ ( §base0 declared ) 
00000540  08           DROP 
00000541  0e           DUP 
00000542  56           0 VAL ( §base0 will be fetched! ) 
00000543  10           R@ 
00000544  16           + 
00000545  0d00000000   V! VAL ( will be modified! ) 
0000054a  00           NOP ( will be modified! ) 
0000054b  90           A:R@ ( §this declared ) 
0000054c  08           DROP ( §this will be fetched! ) 
0000054d  10           R@ 
0000054e  1d           CELL+ 
0000054f  02           @ 
00000550  461c00       28 VAL 
00000553  16           + 
00000554  90           A:R@ 
00000555  1d           CELL+ 
00000556  02           @ 
00000557  10           R@ 
00000558  88           A:DROP 
00000559  02           @ 
0000055a  3e15000000   Double.isInfinite§1623288064 VAL ( will be modified! ) 
0000055f  00           NOP ( will be modified! ) 
00000560  56           0 VAL 
00000561  400100       §break33073 BRANCH 
00000564  56           0 VAL 
00000565               §break33073 LABEL ( §base0 will be fetched! ) 
00000565  d5           1 A:VAL 
00000566  8b           A:PICK 
00000567  10           R@ 
00000568  88           A:DROP 
00000569  0d00000000   SETVTOP VAL ( will be modified! ) 
0000056e  00           NOP ( will be modified! ) remove §this remove §base0 
0000056f  89           A:2DROP 
00000570  08           DROP 
00000571               §28 LABEL 
00000571  3d           EXIT 
00000572               
00000572               Double.isInfinite§1623288064 LABEL 
00000572  91           A:R1@ ( v declared ) 
00000573  90           A:R@ 
00000574  09           2DROP ( v will be fetched! ) 
00000575  11           R1@ 
00000576  10           R@ 
00000577  0d00000000   Double.POSITIVE_INFINITY VAL ( will be modified! ) 
0000057c  00           NOP ( will be modified! ) 
0000057d  90           A:R@ 
0000057e  1d           CELL+ 
0000057f  02           @ 
00000580  10           R@ 
00000581  88           A:DROP 
00000582  02           @ 
00000583  0d00000000   F- VAL ( will be modified! ) 
00000588  00           NOP ( will be modified! ) 
00000589  0f           OVER 
0000058a  1a           2* 
0000058b  22           OR 
0000058c  0a           NIP 
0000058d  2c           0= 
0000058e  2b           0=! 
0000058f  421a00       or_33199 0BRANCH 
00000592  08           DROP ( v will be fetched! ) 
00000593  11           R1@ 
00000594  10           R@ 
00000595  0d00000000   Double.NEGATIVE_INFINITY VAL ( will be modified! ) 
0000059a  00           NOP ( will be modified! ) 
0000059b  90           A:R@ 
0000059c  1d           CELL+ 
0000059d  02           @ 
0000059e  10           R@ 
0000059f  88           A:DROP 
000005a0  02           @ 
000005a1  0d00000000   F- VAL ( will be modified! ) 
000005a6  00           NOP ( will be modified! ) 
000005a7  0f           OVER 
000005a8  1a           2* 
000005a9  22           OR 
000005aa  0a           NIP 
000005ab  2c           0= 
000005ac               or_33199 LABEL 
000005ac  56           0 VAL 
000005ad  400100       §break33069 BRANCH 
000005b0  56           0 VAL 
000005b1               §break33069 LABEL remove v 
000005b1  89           A:2DROP 
000005b2  08           DROP 
000005b3               §29 LABEL 
000005b3  3d           EXIT 
000005b4               
000005b4               Double.isNaN§1346070784 LABEL 
000005b4  91           A:R1@ ( v declared ) 
000005b5  90           A:R@ 
000005b6  09           2DROP ( v will be fetched! ) 
000005b7  11           R1@ 
000005b8  10           R@ ( v will be fetched! ) 
000005b9  11           R1@ 
000005ba  10           R@ 
000005bb  0d00000000   F- VAL ( will be modified! ) 
000005c0  00           NOP ( will be modified! ) 
000005c1  0f           OVER 
000005c2  1a           2* 
000005c3  22           OR 
000005c4  0a           NIP 
000005c5  2c           0= 
000005c6  2c           0= 
000005c7  56           0 VAL 
000005c8  400100       §break33068 BRANCH 
000005cb  56           0 VAL 
000005cc               §break33068 LABEL remove v 
000005cc  89           A:2DROP 
000005cd  08           DROP 
000005ce               §31 LABEL 
000005ce  3d           EXIT 
000005cf  1c00         §30 LABEL 
000005d1  446f75626c652e6973496e66696e697465a731363233323838303634 " Double.isInfinite§1623288064 " 
000005ed               
000005ed               Double.isNaN§1861708032 LABEL 
000005ed  55           1 VAL 
000005ee  0d00000000   VALLOCATE VAL ( will be modified! ) 
000005f3  00           NOP ( will be modified! ) 
000005f4  90           A:R@ ( §base0 declared ) 
000005f5  08           DROP 
000005f6  0e           DUP 
000005f7  56           0 VAL ( §base0 will be fetched! ) 
000005f8  10           R@ 
000005f9  16           + 
000005fa  0d00000000   V! VAL ( will be modified! ) 
000005ff  00           NOP ( will be modified! ) 
00000600  90           A:R@ ( §this declared ) 
00000601  08           DROP ( §this will be fetched! ) 
00000602  10           R@ 
00000603  1d           CELL+ 
00000604  02           @ 
00000605  461c00       28 VAL 
00000608  16           + 
00000609  90           A:R@ 
0000060a  1d           CELL+ 
0000060b  02           @ 
0000060c  10           R@ 
0000060d  88           A:DROP 
0000060e  02           @ 
0000060f  3ea2ff       Double.isNaN§1346070784 CALL 
00000612  56           0 VAL 
00000613  400100       §break33072 BRANCH 
00000616  56           0 VAL 
00000617               §break33072 LABEL ( §base0 will be fetched! ) 
00000617  d5           1 A:VAL 
00000618  8b           A:PICK 
00000619  10           R@ 
0000061a  88           A:DROP 
0000061b  0d00000000   SETVTOP VAL ( will be modified! ) 
00000620  00           NOP ( will be modified! ) remove §this remove §base0 
00000621  89           A:2DROP 
00000622  08           DROP 
00000623               §33 LABEL 
00000623  3d           EXIT 
00000624  1700         §32 LABEL 
00000626  446f75626c652e69734e614ea731333436303730373834 " Double.isNaN§1346070784 " 
0000063d               
0000063d               Double.longBitsToDouble§1340697600 LABEL 
0000063d  91           A:R1@ ( bits declared ) 
0000063e  90           A:R@ 
0000063f  09           2DROP ( bits will be fetched! ) 
00000640  11           R1@ 
00000641  10           R@ 
00000642  56           0 VAL 
00000643               §break33084 LABEL remove bits 
00000643  89           A:2DROP 
00000644  08           DROP 
00000645               §34 LABEL 
00000645  3d           EXIT 
00000646               
00000646               Double.longValue§1506831360 LABEL 
00000646  55           1 VAL 
00000647  0d00000000   VALLOCATE VAL ( will be modified! ) 
0000064c  00           NOP ( will be modified! ) 
0000064d  90           A:R@ ( §base0 declared ) 
0000064e  08           DROP 
0000064f  0e           DUP 
00000650  56           0 VAL ( §base0 will be fetched! ) 
00000651  10           R@ 
00000652  16           + 
00000653  0d00000000   V! VAL ( will be modified! ) 
00000658  00           NOP ( will be modified! ) 
00000659  90           A:R@ ( §this declared ) 
0000065a  08           DROP ( §this will be fetched! ) 
0000065b  10           R@ 
0000065c  1d           CELL+ 
0000065d  02           @ 
0000065e  461c00       28 VAL 
00000661  16           + 
00000662  90           A:R@ 
00000663  90           A:R@ 
00000664  1d           CELL+ 
00000665  02           @ 
00000666  10           R@ 
00000667  88           A:DROP 
00000668  02           @ 
00000669  0d00000000   F>D VAL ( will be modified! ) 
0000066e  00           NOP ( will be modified! ) 
0000066f  88           A:DROP 
00000670  56           0 VAL 
00000671  400100       §break33078 BRANCH 
00000674  56           0 VAL 
00000675               §break33078 LABEL ( §base0 will be fetched! ) 
00000675  d5           1 A:VAL 
00000676  8b           A:PICK 
00000677  10           R@ 
00000678  88           A:DROP 
00000679  0d00000000   SETVTOP VAL ( will be modified! ) 
0000067e  00           NOP ( will be modified! ) remove §this remove §base0 
0000067f  89           A:2DROP 
00000680  08           DROP 
00000681               §36 LABEL 
00000681  3d           EXIT 
00000682  2200         §35 LABEL 
00000684  446f75626c652e6c6f6e6742697473546f446f75626c65a731333430363937363030 " Double.longBitsToDouble§1340697600 " 
000006a6               
000006a6               Double.parseDouble§1159491584 LABEL 
000006a6  54           2 VAL 
000006a7  0d00000000   VALLOCATE VAL ( will be modified! ) 
000006ac  00           NOP ( will be modified! ) 
000006ad  90           A:R@ ( §base0 declared ) 
000006ae  08           DROP 
000006af  90           A:R@ ( §exception declared ) 
000006b0  08           DROP 
000006b1  0e           DUP 
000006b2  56           0 VAL ( §base0 will be fetched! ) 
000006b3  d5           1 A:VAL 
000006b4  8b           A:PICK 
000006b5  10           R@ 
000006b6  88           A:DROP 
000006b7  16           + 
000006b8  0d00000000   V! VAL ( will be modified! ) 
000006bd  00           NOP ( will be modified! ) 
000006be  90           A:R@ ( s declared ) 
000006bf  08           DROP 
000006c0  56           0 VAL 
000006c1  0e           DUP 
000006c2  0e           DUP 
000006c3  90           A:R@ ( b declared ) 
000006c4  08           DROP 
000006c5  90           A:R@ ( body declared ) 
000006c6  08           DROP 
000006c7  90           A:R@ ( length declared ) 
000006c8  08           DROP 
000006c9  56           0 VAL 
000006ca  0e           DUP 
000006cb  91           A:R1@ ( d declared ) 
000006cc  90           A:R@ 
000006cd  09           2DROP 
000006ce  55           1 VAL 
000006cf  0d00000000   VALLOCATE VAL ( will be modified! ) 
000006d4  00           NOP ( will be modified! ) 
000006d5  90           A:R@ ( §tempvar declared ) 
000006d6  08           DROP ( s will be fetched! ) 
000006d7  d0           6 A:VAL 
000006d8  8b           A:PICK 
000006d9  10           R@ 
000006da  88           A:DROP 
000006db  90           A:R@ 
000006dc  08           DROP 
000006dd  10           R@ 
000006de  88           A:DROP 
000006df  0d00745bc0   -1067748352 VAL 
000006e4  57           -1 VAL 
000006e5  0d00000000   EXECUTE-METHOD VAL ( will be modified! ) 
000006ea  00           NOP ( will be modified! ) 
000006eb  0e           DUP ( §tempvar will be fetched! ) 
000006ec  10           R@ 
000006ed  0d00000000   V! VAL ( will be modified! ) 
000006f2  00           NOP ( will be modified! ) 
000006f3  90           A:R@ 
000006f4  08           DROP 
000006f5  10           R@ 
000006f6  88           A:DROP 
000006f7  0d00672ddc   -601004288 VAL 
000006fc  57           -1 VAL 
000006fd  0d00000000   EXECUTE-METHOD VAL ( will be modified! ) 
00000702  00           NOP ( will be modified! ) 
00000703  0e           DUP 
00000704  52           4 VAL ( §base0 will be fetched! ) 
00000705  ce           8 A:VAL 
00000706  8b           A:PICK 
00000707  10           R@ 
00000708  88           A:DROP 
00000709  16           + 
0000070a  0d00000000   V! VAL ( will be modified! ) 
0000070f  00           NOP ( will be modified! ) ( b will be modified! ) 
00000710  90           A:R@ 
00000711  d1           5 A:VAL 
00000712  8c           A:PUT 
00000713  08           DROP ( §tempvar will be fetched! ) 
00000714  10           R@ 
00000715  0d00000000   SETVTOP VAL ( will be modified! ) 
0000071a  00           NOP ( will be modified! ) remove §tempvar 
0000071b  88           A:DROP ( b will be fetched! ) 
0000071c  d2           4 A:VAL 
0000071d  8b           A:PICK 
0000071e  10           R@ 
0000071f  88           A:DROP 
00000720  1d           CELL+ 
00000721  02           @ 
00000722  461c00       28 VAL 
00000725  16           + 
00000726  02           @ ( length will be modified! ) 
00000727  90           A:R@ 
00000728  d4           2 A:VAL 
00000729  8c           A:PUT 
0000072a  08           DROP ( b will be fetched! ) 
0000072b  d2           4 A:VAL 
0000072c  8b           A:PICK 
0000072d  10           R@ 
0000072e  88           A:DROP 
0000072f  90           A:R@ 
00000730  08           DROP 
00000731  56           0 VAL 
00000732  10           R@ 
00000733  88           A:DROP 
00000734  0d0067cbc7   -942971136 VAL 
00000739  57           -1 VAL 
0000073a  0d00000000   EXECUTE-METHOD VAL ( will be modified! ) 
0000073f  00           NOP ( will be modified! ) ( body will be modified! ) 
00000740  90           A:R@ 
00000741  d3           3 A:VAL 
00000742  8c           A:PUT 
00000743  08           DROP ( body will be fetched! ) 
00000744  d3           3 A:VAL 
00000745  8b           A:PICK 
00000746  10           R@ 
00000747  88           A:DROP ( length will be fetched! ) 
00000748  d4           2 A:VAL 
00000749  8b           A:PICK 
0000074a  10           R@ 
0000074b  88           A:DROP 
0000074c  0d00000000   >FLOAT VAL ( will be modified! ) 
00000751  00           NOP ( will be modified! ) 
00000752  08           DROP ( d will be modified! ) 
00000753  89           A:2DROP 
00000754  91           A:R1@ 
00000755  90           A:R@ 
00000756  09           2DROP ( d will be fetched! ) 
00000757  11           R1@ 
00000758  10           R@ 
00000759  56           0 VAL 
0000075a  400100       §break33067 BRANCH 
0000075d  56           0 VAL 
0000075e               §break33067 LABEL ( §base0 will be fetched! ) 
0000075e  cf           7 A:VAL 
0000075f  8b           A:PICK 
00000760  10           R@ 
00000761  88           A:DROP 
00000762  0d00000000   SETVTOP VAL ( will be modified! ) 
00000767  00           NOP ( will be modified! ) remove d remove length remove body remove b remove s remove §exception remove §base0 
00000768  89           A:2DROP 
00000769  89           A:2DROP 
0000076a  89           A:2DROP 
0000076b  89           A:2DROP 
0000076c  08           DROP 
0000076d               §37 LABEL 
0000076d  3d           EXIT 
0000076e               
0000076e               Double.shortValue§715813632 LABEL 
0000076e  55           1 VAL 
0000076f  0d00000000   VALLOCATE VAL ( will be modified! ) 
00000774  00           NOP ( will be modified! ) 
00000775  90           A:R@ ( §base0 declared ) 
00000776  08           DROP 
00000777  0e           DUP 
00000778  56           0 VAL ( §base0 will be fetched! ) 
00000779  10           R@ 
0000077a  16           + 
0000077b  0d00000000   V! VAL ( will be modified! ) 
00000780  00           NOP ( will be modified! ) 
00000781  90           A:R@ ( §this declared ) 
00000782  08           DROP ( §this will be fetched! ) 
00000783  10           R@ 
00000784  1d           CELL+ 
00000785  02           @ 
00000786  461c00       28 VAL 
00000789  16           + 
0000078a  90           A:R@ 
0000078b  90           A:R@ 
0000078c  1d           CELL+ 
0000078d  02           @ 
0000078e  10           R@ 
0000078f  88           A:DROP 
00000790  02           @ 
00000791  0d00000000   F>D VAL ( will be modified! ) 
00000796  00           NOP ( will be modified! ) 
00000797  0a           NIP 
00000798  46ff7f       32767 VAL 
0000079b  2d           CMP 
0000079c  5c           U0> 
0000079d  0a           NIP 
0000079e  420400       §40 0BRANCH 
000007a1  460000       -65536 VAL 
000007a4  22           OR 
000007a5               §40 LABEL 
000007a5  88           A:DROP 
000007a6  56           0 VAL 
000007a7  400100       §break33076 BRANCH 
000007aa  56           0 VAL 
000007ab               §break33076 LABEL ( §base0 will be fetched! ) 
000007ab  d5           1 A:VAL 
000007ac  8b           A:PICK 
000007ad  10           R@ 
000007ae  88           A:DROP 
000007af  0d00000000   SETVTOP VAL ( will be modified! ) 
000007b4  00           NOP ( will be modified! ) remove §this remove §base0 
000007b5  89           A:2DROP 
000007b6  08           DROP 
000007b7               §39 LABEL 
000007b7  3d           EXIT 
000007b8  1d00         §38 LABEL 
000007ba  446f75626c652e7061727365446f75626c65a731313539343931353834 " Double.parseDouble§1159491584 " 
000007d7               
000007d7               Double.toString§1621718016 LABEL 
000007d7  55           1 VAL 
000007d8  0d00000000   VALLOCATE VAL ( will be modified! ) 
000007dd  00           NOP ( will be modified! ) 
000007de  90           A:R@ ( §base0 declared ) 
000007df  08           DROP 
000007e0  0e           DUP 
000007e1  56           0 VAL ( §base0 will be fetched! ) 
000007e2  10           R@ 
000007e3  16           + 
000007e4  0d00000000   V! VAL ( will be modified! ) 
000007e9  00           NOP ( will be modified! ) 
000007ea  90           A:R@ ( §this declared ) 
000007eb  08           DROP ( §this will be fetched! ) 
000007ec  10           R@ 
000007ed  1d           CELL+ 
000007ee  02           @ 
000007ef  461c00       28 VAL 
000007f2  16           + 
000007f3  90           A:R@ 
000007f4  1d           CELL+ 
000007f5  02           @ 
000007f6  10           R@ 
000007f7  88           A:DROP 
000007f8  02           @ 
000007f9  0d00000000   String.valueOf§-721717760 VAL ( will be modified! ) 
000007fe  00           NOP ( will be modified! ) 
000007ff  0e           DUP 
00000800  56           0 VAL 
00000801  0d00000000   V! VAL ( will be modified! ) 
00000806  00           NOP ( will be modified! ) 
00000807  56           0 VAL 
00000808  400100       §break33074 BRANCH 
0000080b  56           0 VAL 
0000080c               §break33074 LABEL ( §base0 will be fetched! ) 
0000080c  d5           1 A:VAL 
0000080d  8b           A:PICK 
0000080e  10           R@ 
0000080f  88           A:DROP 
00000810  0d00000000   SETVTOP VAL ( will be modified! ) 
00000815  00           NOP ( will be modified! ) remove §this remove §base0 
00000816  89           A:2DROP 
00000817  08           DROP 
00000818               §41 LABEL 
00000818  3d           EXIT 
00000819               
00000819               Double.toString§2044621824 LABEL 
00000819  91           A:R1@ ( d declared ) 
0000081a  90           A:R@ 
0000081b  09           2DROP 
0000081c  56           0 VAL 
0000081d  0e           DUP 
0000081e  90           A:R@ ( bytestring declared ) 
0000081f  08           DROP 
00000820  90           A:R@ ( length declared ) 
00000821  08           DROP ( d will be fetched! ) 
00000822  d3           3 A:VAL 
00000823  8b           A:PICK 
00000824  10           R@ 
00000825  88           A:DROP 
00000826  d4           2 A:VAL 
00000827  8b           A:PICK 
00000828  10           R@ 
00000829  88           A:DROP 
0000082a  0d00000000   F.. VAL ( will be modified! ) 
0000082f  00           NOP ( will be modified! ) ( length will be modified! ) 
00000830  88           A:DROP 
00000831  90           A:R@ 
00000832  08           DROP ( bytestring will be modified! ) 
00000833  90           A:R@ 
00000834  d5           1 A:VAL 
00000835  8c           A:PUT 
00000836  08           DROP ( length will be fetched! ) 
00000837  10           R@ ( bytestring will be fetched! ) 
00000838  d5           1 A:VAL 
00000839  8b           A:PICK 
0000083a  10           R@ 
0000083b  88           A:DROP 
0000083c  0d00000000   JavaArray.createString§-105880832 VAL ( will be modified! ) 
00000841  00           NOP ( will be modified! ) 
00000842  0e           DUP 
00000843  56           0 VAL 
00000844  0d00000000   V! VAL ( will be modified! ) 
00000849  00           NOP ( will be modified! ) 
0000084a  56           0 VAL 
0000084b  400100       §break33065 BRANCH 
0000084e  56           0 VAL 
0000084f               §break33065 LABEL remove length remove bytestring remove d 
0000084f  89           A:2DROP 
00000850  89           A:2DROP 
00000851  08           DROP 
00000852               §42 LABEL 
00000852  3d           EXIT 
00000853               
00000853               Double.valueOf§-1535871488 LABEL 
00000853  54           2 VAL 
00000854  0d00000000   VALLOCATE VAL ( will be modified! ) 
00000859  00           NOP ( will be modified! ) 
0000085a  90           A:R@ ( §base0 declared ) 
0000085b  08           DROP 
0000085c  90           A:R@ ( §exception declared ) 
0000085d  08           DROP 
0000085e  0e           DUP 
0000085f  56           0 VAL ( §base0 will be fetched! ) 
00000860  d5           1 A:VAL 
00000861  8b           A:PICK 
00000862  10           R@ 
00000863  88           A:DROP 
00000864  16           + 
00000865  0d00000000   V! VAL ( will be modified! ) 
0000086a  00           NOP ( will be modified! ) 
0000086b  90           A:R@ ( s declared ) 
0000086c  08           DROP 
0000086d  56           0 VAL 
0000086e  0e           DUP 
0000086f  0e           DUP 
00000870  90           A:R@ ( b declared ) 
00000871  08           DROP 
00000872  90           A:R@ ( body declared ) 
00000873  08           DROP 
00000874  90           A:R@ ( length declared ) 
00000875  08           DROP 
00000876  56           0 VAL 
00000877  0e           DUP 
00000878  91           A:R1@ ( d declared ) 
00000879  90           A:R@ 
0000087a  09           2DROP 
0000087b  55           1 VAL 
0000087c  0d00000000   VALLOCATE VAL ( will be modified! ) 
00000881  00           NOP ( will be modified! ) 
00000882  90           A:R@ ( §tempvar declared ) 
00000883  08           DROP ( s will be fetched! ) 
00000884  d0           6 A:VAL 
00000885  8b           A:PICK 
00000886  10           R@ 
00000887  88           A:DROP 
00000888  90           A:R@ 
00000889  08           DROP 
0000088a  10           R@ 
0000088b  88           A:DROP 
0000088c  0d00745bc0   -1067748352 VAL 
00000891  57           -1 VAL 
00000892  0d00000000   EXECUTE-METHOD VAL ( will be modified! ) 
00000897  00           NOP ( will be modified! ) 
00000898  0e           DUP ( §tempvar will be fetched! ) 
00000899  10           R@ 
0000089a  0d00000000   V! VAL ( will be modified! ) 
0000089f  00           NOP ( will be modified! ) 
000008a0  90           A:R@ 
000008a1  08           DROP 
000008a2  10           R@ 
000008a3  88           A:DROP 
000008a4  0d00672ddc   -601004288 VAL 
000008a9  57           -1 VAL 
000008aa  0d00000000   EXECUTE-METHOD VAL ( will be modified! ) 
000008af  00           NOP ( will be modified! ) 
000008b0  0e           DUP 
000008b1  52           4 VAL ( §base0 will be fetched! ) 
000008b2  ce           8 A:VAL 
000008b3  8b           A:PICK 
000008b4  10           R@ 
000008b5  88           A:DROP 
000008b6  16           + 
000008b7  0d00000000   V! VAL ( will be modified! ) 
000008bc  00           NOP ( will be modified! ) ( b will be modified! ) 
000008bd  90           A:R@ 
000008be  d1           5 A:VAL 
000008bf  8c           A:PUT 
000008c0  08           DROP ( §tempvar will be fetched! ) 
000008c1  10           R@ 
000008c2  0d00000000   SETVTOP VAL ( will be modified! ) 
000008c7  00           NOP ( will be modified! ) remove §tempvar 
000008c8  88           A:DROP ( b will be fetched! ) 
000008c9  d2           4 A:VAL 
000008ca  8b           A:PICK 
000008cb  10           R@ 
000008cc  88           A:DROP 
000008cd  1d           CELL+ 
000008ce  02           @ 
000008cf  461c00       28 VAL 
000008d2  16           + 
000008d3  02           @ ( length will be modified! ) 
000008d4  90           A:R@ 
000008d5  d4           2 A:VAL 
000008d6  8c           A:PUT 
000008d7  08           DROP ( b will be fetched! ) 
000008d8  d2           4 A:VAL 
000008d9  8b           A:PICK 
000008da  10           R@ 
000008db  88           A:DROP 
000008dc  90           A:R@ 
000008dd  08           DROP 
000008de  56           0 VAL 
000008df  10           R@ 
000008e0  88           A:DROP 
000008e1  0d0067cbc7   -942971136 VAL 
000008e6  57           -1 VAL 
000008e7  0d00000000   EXECUTE-METHOD VAL ( will be modified! ) 
000008ec  00           NOP ( will be modified! ) ( body will be modified! ) 
000008ed  90           A:R@ 
000008ee  d3           3 A:VAL 
000008ef  8c           A:PUT 
000008f0  08           DROP ( body will be fetched! ) 
000008f1  d3           3 A:VAL 
000008f2  8b           A:PICK 
000008f3  10           R@ 
000008f4  88           A:DROP ( length will be fetched! ) 
000008f5  d4           2 A:VAL 
000008f6  8b           A:PICK 
000008f7  10           R@ 
000008f8  88           A:DROP 
000008f9  0d00000000   >FLOAT VAL ( will be modified! ) 
000008fe  00           NOP ( will be modified! ) 
000008ff  08           DROP ( d will be modified! ) 
00000900  89           A:2DROP 
00000901  91           A:R1@ 
00000902  90           A:R@ 
00000903  09           2DROP ( d will be fetched! ) 
00000904  11           R1@ 
00000905  10           R@ 
00000906  0d00000000   Double§-1583528960.table VAL ( will be modified! ) 
0000090b  00           NOP ( will be modified! ) 
0000090c  0d0044e309   165889024 VAL 
00000911  0d00000000   EXECUTE-NEW VAL ( will be modified! ) 
00000916  00           NOP ( will be modified! ) 
00000917  0e           DUP 
00000918  56           0 VAL 
00000919  0d00000000   V! VAL ( will be modified! ) 
0000091e  00           NOP ( will be modified! ) 
0000091f  56           0 VAL 
00000920  400100       §break33066 BRANCH 
00000923  56           0 VAL 
00000924               §break33066 LABEL ( §base0 will be fetched! ) 
00000924  cf           7 A:VAL 
00000925  8b           A:PICK 
00000926  10           R@ 
00000927  88           A:DROP 
00000928  0d00000000   SETVTOP VAL ( will be modified! ) 
0000092d  00           NOP ( will be modified! ) remove d remove length remove body remove b remove s remove §exception remove §base0 
0000092e  89           A:2DROP 
0000092f  89           A:2DROP 
00000930  89           A:2DROP 
00000931  89           A:2DROP 
00000932  08           DROP 
00000933               §44 LABEL 
00000933  3d           EXIT 
00000934  1a00         §43 LABEL 
00000936  446f75626c652e746f537472696e67a732303434363231383234 " Double.toString§2044621824 " 
00000950  1800         §56 LABEL 
00000952  446f75626c65a72d313538333532383936302e7461626c65 " Double§-1583528960.table " 
0000096a  0b00         §55 LABEL 
0000096c  446f75626c652e7a65726f " Double.zero " 
00000977  1700         §54 LABEL 
00000979  446f75626c652e73657269616c56657273696f6e554944 " Double.serialVersionUID " 
00000990  0a00         §53 LABEL 
00000992  446f75626c652e6f6e65 " Double.one " 
0000099c  1400         §52 LABEL 
0000099e  446f75626c652e5f737461746963546872656164 " Double._staticThread " 
000009b2  1600         §51 LABEL 
000009b4  446f75626c652e5f737461746963426c6f636b696e67 " Double._staticBlocking " 
000009ca  1800         §50 LABEL 
000009cc  446f75626c652e504f5349544956455f494e46494e495459 " Double.POSITIVE_INFINITY " 
000009e4  0a00         §49 LABEL 
000009e6  446f75626c652e4e614e " Double.NaN " 
000009f0  1800         §48 LABEL 
000009f2  446f75626c652e4e454741544956455f494e46494e495459 " Double.NEGATIVE_INFINITY " 
00000a0a  1000         §47 LABEL 
00000a0c  446f75626c652e4d494e5f56414c5545 " Double.MIN_VALUE " 
00000a1c  1000         §46 LABEL 
00000a1e  446f75626c652e4d41585f56414c5545 " Double.MAX_VALUE " 
00000a2e  1a00         §45 LABEL 
00000a30  446f75626c652e76616c75654f66a72d31353335383731343838 " Double.valueOf§-1535871488 " 
00000a4c  0d12020000   Double.compare§-820026624 VAL 
00000a51  53           3 VAL 
00000a52  0d2d030000   §17 VAL 
00000a57  0d00000000   create VAL ( will be modified! ) 
00000a5c  00           NOP ( will be modified! ) 
00000a5d  0d9f030000   Double.doubleToLongBits§577332224 VAL 
00000a62  53           3 VAL 
00000a63  0db1030000   §21 VAL 
00000a68  0d00000000   create VAL ( will be modified! ) 
00000a6d  00           NOP ( will be modified! ) 
00000a6e  0da8030000   Double.doubleToRawLongBits§-243047424 VAL 
00000a73  53           3 VAL 
00000a74  0d0a040000   §23 VAL 
00000a79  0d00000000   create VAL ( will be modified! ) 
00000a7e  00           NOP ( will be modified! ) 
00000a7f  0d76050000   Double.isInfinite§1623288064 VAL 
00000a84  53           3 VAL 
00000a85  0dd3050000   §30 VAL 
00000a8a  0d00000000   create VAL ( will be modified! ) 
00000a8f  00           NOP ( will be modified! ) 
00000a90  0db8050000   Double.isNaN§1346070784 VAL 
00000a95  53           3 VAL 
00000a96  0d28060000   §32 VAL 
00000a9b  0d00000000   create VAL ( will be modified! ) 
00000aa0  00           NOP ( will be modified! ) 
00000aa1  0d41060000   Double.longBitsToDouble§1340697600 VAL 
00000aa6  53           3 VAL 
00000aa7  0d86060000   §35 VAL 
00000aac  0d00000000   create VAL ( will be modified! ) 
00000ab1  00           NOP ( will be modified! ) 
00000ab2  0daa060000   Double.parseDouble§1159491584 VAL 
00000ab7  53           3 VAL 
00000ab8  0dbc070000   §38 VAL 
00000abd  0d00000000   create VAL ( will be modified! ) 
00000ac2  00           NOP ( will be modified! ) 
00000ac3  0d1d080000   Double.toString§2044621824 VAL 
00000ac8  53           3 VAL 
00000ac9  0d38090000   §43 VAL 
00000ace  0d00000000   create VAL ( will be modified! ) 
00000ad3  00           NOP ( will be modified! ) 
00000ad4  0d57080000   Double.valueOf§-1535871488 VAL 
00000ad9  53           3 VAL 
00000ada  0d320a0000   §45 VAL 
00000adf  0d00000000   create VAL ( will be modified! ) 
00000ae4  00           NOP ( will be modified! ) 
00000ae5  0d00000000   ALIGN VAL ( will be modified! ) 
00000aea  00           NOP ( will be modified! ) 
00000aeb  0d00000000   HERE VAL ( will be modified! ) 
00000af0  00           NOP ( will be modified! ) 
00000af1  4f           7 VAL 
00000af2  0d200a0000   §46 VAL 
00000af7  0d00000000   create VAL ( will be modified! ) 
00000afc  00           NOP ( will be modified! ) 
00000afd  54           2 VAL 
00000afe  1a           2* 
00000aff  1a           2* 
00000b00  0d00000000   ALLOT VAL ( will be modified! ) 
00000b05  00           NOP ( will be modified! ) 
00000b06  0d00000000   ALIGN VAL ( will be modified! ) 
00000b0b  00           NOP ( will be modified! ) 
00000b0c  0d00000000   HERE VAL ( will be modified! ) 
00000b11  00           NOP ( will be modified! ) 
00000b12  4f           7 VAL 
00000b13  0d0e0a0000   §47 VAL 
00000b18  0d00000000   create VAL ( will be modified! ) 
00000b1d  00           NOP ( will be modified! ) 
00000b1e  54           2 VAL 
00000b1f  1a           2* 
00000b20  1a           2* 
00000b21  0d00000000   ALLOT VAL ( will be modified! ) 
00000b26  00           NOP ( will be modified! ) 
00000b27  0d00000000   ALIGN VAL ( will be modified! ) 
00000b2c  00           NOP ( will be modified! ) 
00000b2d  0d00000000   HERE VAL ( will be modified! ) 
00000b32  00           NOP ( will be modified! ) 
00000b33  4f           7 VAL 
00000b34  0df4090000   §48 VAL 
00000b39  0d00000000   create VAL ( will be modified! ) 
00000b3e  00           NOP ( will be modified! ) 
00000b3f  54           2 VAL 
00000b40  1a           2* 
00000b41  1a           2* 
00000b42  0d00000000   ALLOT VAL ( will be modified! ) 
00000b47  00           NOP ( will be modified! ) 
00000b48  0d00000000   ALIGN VAL ( will be modified! ) 
00000b4d  00           NOP ( will be modified! ) 
00000b4e  0d00000000   HERE VAL ( will be modified! ) 
00000b53  00           NOP ( will be modified! ) 
00000b54  4f           7 VAL 
00000b55  0de8090000   §49 VAL 
00000b5a  0d00000000   create VAL ( will be modified! ) 
00000b5f  00           NOP ( will be modified! ) 
00000b60  54           2 VAL 
00000b61  1a           2* 
00000b62  1a           2* 
00000b63  0d00000000   ALLOT VAL ( will be modified! ) 
00000b68  00           NOP ( will be modified! ) 
00000b69  0d00000000   ALIGN VAL ( will be modified! ) 
00000b6e  00           NOP ( will be modified! ) 
00000b6f  0d00000000   HERE VAL ( will be modified! ) 
00000b74  00           NOP ( will be modified! ) 
00000b75  4f           7 VAL 
00000b76  0dce090000   §50 VAL 
00000b7b  0d00000000   create VAL ( will be modified! ) 
00000b80  00           NOP ( will be modified! ) 
00000b81  54           2 VAL 
00000b82  1a           2* 
00000b83  1a           2* 
00000b84  0d00000000   ALLOT VAL ( will be modified! ) 
00000b89  00           NOP ( will be modified! ) 
00000b8a  0d00000000   ALIGN VAL ( will be modified! ) 
00000b8f  00           NOP ( will be modified! ) 
00000b90  0d00000000   HERE VAL ( will be modified! ) 
00000b95  00           NOP ( will be modified! ) 
00000b96  54           2 VAL 
00000b97  0db6090000   §51 VAL 
00000b9c  0d00000000   create VAL ( will be modified! ) 
00000ba1  00           NOP ( will be modified! ) 
00000ba2  55           1 VAL 
00000ba3  1a           2* 
00000ba4  1a           2* 
00000ba5  0d00000000   ALLOT VAL ( will be modified! ) 
00000baa  00           NOP ( will be modified! ) 
00000bab  0d00000000   ALIGN VAL ( will be modified! ) 
00000bb0  00           NOP ( will be modified! ) 
00000bb1  0d00000000   HERE VAL ( will be modified! ) 
00000bb6  00           NOP ( will be modified! ) 
00000bb7  54           2 VAL 
00000bb8  0da0090000   §52 VAL 
00000bbd  0d00000000   create VAL ( will be modified! ) 
00000bc2  00           NOP ( will be modified! ) 
00000bc3  55           1 VAL 
00000bc4  1a           2* 
00000bc5  1a           2* 
00000bc6  0d00000000   ALLOT VAL ( will be modified! ) 
00000bcb  00           NOP ( will be modified! ) 
00000bcc  0d00000000   HERE VAL ( will be modified! ) 
00000bd1  00           NOP ( will be modified! ) 
00000bd2  52           4 VAL 
00000bd3  17           - 
00000bd4  0d00000000   SALLOCATE VAL ( will be modified! ) 
00000bd9  00           NOP ( will be modified! ) 
00000bda  0d00000000   ALIGN VAL ( will be modified! ) 
00000bdf  00           NOP ( will be modified! ) 
00000be0  0d00000000   HERE VAL ( will be modified! ) 
00000be5  00           NOP ( will be modified! ) 
00000be6  4f           7 VAL 
00000be7  0d94090000   §53 VAL 
00000bec  0d00000000   create VAL ( will be modified! ) 
00000bf1  00           NOP ( will be modified! ) 
00000bf2  54           2 VAL 
00000bf3  1a           2* 
00000bf4  1a           2* 
00000bf5  0d00000000   ALLOT VAL ( will be modified! ) 
00000bfa  00           NOP ( will be modified! ) 
00000bfb  0d00000000   ALIGN VAL ( will be modified! ) 
00000c00  00           NOP ( will be modified! ) 
00000c01  0d00000000   HERE VAL ( will be modified! ) 
00000c06  00           NOP ( will be modified! ) 
00000c07  4f           7 VAL 
00000c08  0d7b090000   §54 VAL 
00000c0d  0d00000000   create VAL ( will be modified! ) 
00000c12  00           NOP ( will be modified! ) 
00000c13  54           2 VAL 
00000c14  1a           2* 
00000c15  1a           2* 
00000c16  0d00000000   ALLOT VAL ( will be modified! ) 
00000c1b  00           NOP ( will be modified! ) 
00000c1c  0d00000000   ALIGN VAL ( will be modified! ) 
00000c21  00           NOP ( will be modified! ) 
00000c22  0d00000000   HERE VAL ( will be modified! ) 
00000c27  00           NOP ( will be modified! ) 
00000c28  4f           7 VAL 
00000c29  0d6e090000   §55 VAL 
00000c2e  0d00000000   create VAL ( will be modified! ) 
00000c33  00           NOP ( will be modified! ) 
00000c34  54           2 VAL 
00000c35  1a           2* 
00000c36  1a           2* 
00000c37  0d00000000   ALLOT VAL ( will be modified! ) 
00000c3c  00           NOP ( will be modified! ) 
00000c3d  8d00000000   HERE A:VAL ( will be modified! ) 
00000c42  80           A:NOP ( will be modified! ) 
00000c43  0d00000000   ALIGN VAL ( will be modified! ) 
00000c48  00           NOP ( will be modified! ) 
00000c49  0d00000000   HERE VAL ( will be modified! ) 
00000c4e  00           NOP ( will be modified! ) 
00000c4f  54           2 VAL 
00000c50  0d54090000   §56 VAL 
00000c55  0d00000000   create VAL ( will be modified! ) 
00000c5a  00           NOP ( will be modified! ) 
00000c5b  55           1 VAL 
00000c5c  1a           2* 
00000c5d  1a           2* 
00000c5e  0d00000000   ALLOT VAL ( will be modified! ) 
00000c63  00           NOP ( will be modified! ) 
00000c64  47           15 VAL 
00000c65  0e           DUP 
00000c66  1a           2* 
00000c67  1a           2* 
00000c68  1a           2* 
00000c69  0d00000000   ALLOT VAL ( will be modified! ) 
00000c6e  00           NOP ( will be modified! ) 
00000c6f  10           R@ 
00000c70  01           ! 
00000c71  9d           A:CELL+ 
00000c72  0d00448758   1485259776 VAL 
00000c77  10           R@ 
00000c78  01           ! 
00000c79  9d           A:CELL+ 
00000c7a  0d15000000   Double.Double§1485259776 VAL 
00000c7f  10           R@ 
00000c80  01           ! 
00000c81  9d           A:CELL+ 
00000c82  0d0044c25b   1539458048 VAL 
00000c87  10           R@ 
00000c88  01           ! 
00000c89  9d           A:CELL+ 
00000c8a  0db7000000   Double.Double§1539458048 VAL 
00000c8f  10           R@ 
00000c90  01           ! 
00000c91  9d           A:CELL+ 
00000c92  0d0044e309   165889024 VAL 
00000c97  10           R@ 
00000c98  01           ! 
00000c99  9d           A:CELL+ 
00000c9a  0d37010000   Double.Double§165889024 VAL 
00000c9f  10           R@ 
00000ca0  01           ! 
00000ca1  9d           A:CELL+ 
00000ca2  0d00622289   -1994235392 VAL 
00000ca7  10           R@ 
00000ca8  01           ! 
00000ca9  9d           A:CELL+ 
00000caa  0dc8010000   Double.byteValue§-1994235392 VAL 
00000caf  10           R@ 
00000cb0  01           ! 
00000cb1  9d           A:CELL+ 
00000cb2  0d006399cb   -879140096 VAL 
00000cb7  10           R@ 
00000cb8  01           ! 
00000cb9  9d           A:CELL+ 
00000cba  0dde020000   Double.compareTo§-879140096 VAL 
00000cbf  10           R@ 
00000cc0  01           ! 
00000cc1  9d           A:CELL+ 
00000cc2  0d0063e170   1893819136 VAL 
00000cc7  10           R@ 
00000cc8  01           ! 
00000cc9  9d           A:CELL+ 
00000cca  0d48030000   Double.compareTo§1893819136 VAL 
00000ccf  10           R@ 
00000cd0  01           ! 
00000cd1  9d           A:CELL+ 
00000cd2  0d006450ec   -330275840 VAL 
00000cd7  10           R@ 
00000cd8  01           ! 
00000cd9  9d           A:CELL+ 
00000cda  0dd4030000   Double.doubleValue§-330275840 VAL 
00000cdf  10           R@ 
00000ce0  01           ! 
00000ce1  9d           A:CELL+ 
00000ce2  0d0065b0f1   -240098048 VAL 
00000ce7  10           R@ 
00000ce8  01           ! 
00000ce9  9d           A:CELL+ 
00000cea  0d31040000   Double.equals§-240098048 VAL 
00000cef  10           R@ 
00000cf0  01           ! 
00000cf1  9d           A:CELL+ 
00000cf2  0d00685ca0   -1604556800 VAL 
00000cf7  10           R@ 
00000cf8  01           ! 
00000cf9  9d           A:CELL+ 
00000cfa  0da5040000   Double.hashCode§-1604556800 VAL 
00000cff  10           R@ 
00000d00  01           ! 
00000d01  9d           A:CELL+ 
00000d02  0d0069e4e9   -370906880 VAL 
00000d07  10           R@ 
00000d08  01           ! 
00000d09  9d           A:CELL+ 
00000d0a  0dff040000   Double.intValue§-370906880 VAL 
00000d0f  10           R@ 
00000d10  01           ! 
00000d11  9d           A:CELL+ 
00000d12  0d00693f47   1195337984 VAL 
00000d17  10           R@ 
00000d18  01           ! 
00000d19  9d           A:CELL+ 
00000d1a  0d3c050000   Double.isInfinite§1195337984 VAL 
00000d1f  10           R@ 
00000d20  01           ! 
00000d21  9d           A:CELL+ 
00000d22  0d0069f76e   1861708032 VAL 
00000d27  10           R@ 
00000d28  01           ! 
00000d29  9d           A:CELL+ 
00000d2a  0df1050000   Double.isNaN§1861708032 VAL 
00000d2f  10           R@ 
00000d30  01           ! 
00000d31  9d           A:CELL+ 
00000d32  0d006cd059   1506831360 VAL 
00000d37  10           R@ 
00000d38  01           ! 
00000d39  9d           A:CELL+ 
00000d3a  0d4a060000   Double.longValue§1506831360 VAL 
00000d3f  10           R@ 
00000d40  01           ! 
00000d41  9d           A:CELL+ 
00000d42  0d0073aa2a   715813632 VAL 
00000d47  10           R@ 
00000d48  01           ! 
00000d49  9d           A:CELL+ 
00000d4a  0d72070000   Double.shortValue§715813632 VAL 
00000d4f  10           R@ 
00000d50  01           ! 
00000d51  9d           A:CELL+ 
00000d52  0d0074a960   1621718016 VAL 
00000d57  10           R@ 
00000d58  01           ! 
00000d59  9d           A:CELL+ 
00000d5a  0ddb070000   Double.toString§1621718016 VAL 
00000d5f  10           R@ 
00000d60  01           ! 
00000d61  9d           A:CELL+ 
00000d62  88           A:DROP 
00000d63  3d           EXIT 

instruction usage:
load/store:		97	(5.418994413407821%)
32-bit values:		243	(13.575418994413408%)
16-bit values:		29	(1.6201117318435754%)
5-bit values:		236	(13.184357541899441%)
values total:		508	(28.37988826815642%)
arithmetic/logical:	165	(9.217877094972067%)
relations:		14	(0.782122905027933%)
flow control:		65	(3.6312849162011176%)
other:			941	(52.56983240223464%)
total:			1790

average bytes per instruction: 1.6296089385474861

string storage in byte:	509
unresolved references:	212

Size of static code: 2634
Size of initial code: 792

references:
ffffffff	2	>FLOAT
ffffffff	11	ALIGN
ffffffff	12	ALLOT
15	1	Double.Double§1485259776
15	1	Double.Double§1485259776
b7	1	Double.Double§1539458048
b7	1	Double.Double§1539458048
137	1	Double.Double§165889024
137	1	Double.Double§165889024
ffffffff	1	Double.NEGATIVE_INFINITY
ffffffff	1	Double.POSITIVE_INFINITY
1c8	1	Double.byteValue§-1994235392
1c8	1	Double.byteValue§-1994235392
2de	1	Double.compareTo§-879140096
2de	1	Double.compareTo§-879140096
348	1	Double.compareTo§1893819136
348	1	Double.compareTo§1893819136
212	2	Double.compare§-820026624
212	2	Double.compare§-820026624
39f	6	Double.doubleToLongBits§577332224
39f	6	Double.doubleToLongBits§577332224
3a8	1	Double.doubleToRawLongBits§-243047424
3a8	1	Double.doubleToRawLongBits§-243047424
3d4	1	Double.doubleValue§-330275840
3d4	1	Double.doubleValue§-330275840
431	1	Double.equals§-240098048
431	1	Double.equals§-240098048
4a5	1	Double.hashCode§-1604556800
4a5	1	Double.hashCode§-1604556800
4ff	1	Double.intValue§-370906880
4ff	1	Double.intValue§-370906880
53c	1	Double.isInfinite§1195337984
53c	1	Double.isInfinite§1195337984
576	2	Double.isInfinite§1623288064
576	2	Double.isInfinite§1623288064
5b8	2	Double.isNaN§1346070784
5b8	2	Double.isNaN§1346070784
5f1	1	Double.isNaN§1861708032
5f1	1	Double.isNaN§1861708032
641	1	Double.longBitsToDouble§1340697600
641	1	Double.longBitsToDouble§1340697600
64a	1	Double.longValue§1506831360
64a	1	Double.longValue§1506831360
6aa	1	Double.parseDouble§1159491584
6aa	1	Double.parseDouble§1159491584
772	1	Double.shortValue§715813632
772	1	Double.shortValue§715813632
7db	1	Double.toString§1621718016
7db	1	Double.toString§1621718016
81d	1	Double.toString§2044621824
81d	1	Double.toString§2044621824
857	2	Double.valueOf§-1535871488
857	2	Double.valueOf§-1535871488
ffffffff	4	Double§-1583528960.table
ffffffff	8	EXECUTE-METHOD
ffffffff	2	EXECUTE-NEW
ffffffff	5	F-
ffffffff	1	F..
ffffffff	4	F>D
ffffffff	1	FNEGATE
ffffffff	13	HERE
ffffffff	1	INSTANCEOF
ffffffff	1	JavaArray.createString§-105880832
ffffffff	2	MALLOC
ffffffff	1	SALLOCATE
ffffffff	20	SETVTOP
ffffffff	1	SHIFTR
ffffffff	1	String.valueOf§-721717760
ffffffff	32	V!
ffffffff	20	VALLOCATE
492	1	and_33177
ffffffff	20	create
5b0	1	or_33199
87	1	std33105
87	1	std33105
32d	1	§17
3b1	1	§21
40a	1	§23
5d3	1	§30
628	1	§32
686	1	§35
7bc	1	§38
938	1	§43
a32	1	§45
a20	1	§46
a0e	1	§47
9f4	1	§48
9e8	1	§49
12f	3	§5
9ce	1	§50
9b6	1	§51
9a0	1	§52
994	1	§53
97b	1	§54
96e	1	§55
954	1	§56
