00000010  56           0 VAL 
00000011  0d00000000   Error._staticBlocking VAL ( will be modified! ) 
00000016  00           NOP ( will be modified! ) 
00000017  01           ! 
00000018  56           0 VAL 
00000019  0d00000000   Error._staticThread VAL ( will be modified! ) 
0000001e  00           NOP ( will be modified! ) 
0000001f  01           ! 
00000020  0d56361d45   1159542358 VAL 
00000025  0d560e828b   -1954410922 VAL 
0000002a  0d00000000   Error.serialVersionUID VAL ( will be modified! ) 
0000002f  00           NOP ( will be modified! ) 
00000030  90           A:R@ 
00000031  01           ! 
00000032  10           R@ 
00000033  88           A:DROP 
00000034  1d           CELL+ 
00000035  01           ! 
00000036  3d           EXIT 

instruction usage:
load/store:		4	(21.052631578947366%)
32-bit values:		5	(26.31578947368421%)
16-bit values:		0	(0.0%)
5-bit values:		2	(10.526315789473683%)
values total:		7	(36.84210526315789%)
arithmetic/logical:	1	(5.263157894736842%)
relations:		0	(0.0%)
flow control:		1	(5.263157894736842%)
other:			6	(31.57894736842105%)
total:			19

average bytes per instruction: 2.736842105263158

string storage in byte:	0
unresolved references:	3

Size of static code: 13
Size of initial code: 39

references:
ffffffff	1	Error._staticBlocking
ffffffff	1	Error._staticThread
ffffffff	1	Error.serialVersionUID
