00000010               
00000010               lang.Math.IEEEremainder§1596082432 LABEL 
00000010  91           A:R1@ ( f2 declared ) 
00000011  90           A:R@ 
00000012  09           2DROP 
00000013  91           A:R1@ ( f1 declared ) 
00000014  90           A:R@ 
00000015  09           2DROP ( f1 will be fetched! ) 
00000016  11           R1@ 
00000017  10           R@ ( f2 will be fetched! ) 
00000018  d3           3 A:VAL 
00000019  8b           A:PICK 
0000001a  10           R@ 
0000001b  88           A:DROP 
0000001c  d4           2 A:VAL 
0000001d  8b           A:PICK 
0000001e  10           R@ 
0000001f  88           A:DROP 
00000020  0d00000000   F/ VAL ( will be modified! ) 
00000025  00           NOP ( will be modified! ) 
00000026  0f           OVER 
00000027  0f           OVER 
00000028  0d00000000   stripf VAL ( will be modified! ) 
0000002d  00           NOP ( will be modified! ) 
0000002e  0d00000000   F- VAL ( will be modified! ) 
00000033  00           NOP ( will be modified! ) ( f2 will be fetched! ) 
00000034  d3           3 A:VAL 
00000035  8b           A:PICK 
00000036  10           R@ 
00000037  88           A:DROP 
00000038  d4           2 A:VAL 
00000039  8b           A:PICK 
0000003a  10           R@ 
0000003b  88           A:DROP 
0000003c  0d00000000   F* VAL ( will be modified! ) 
00000041  00           NOP ( will be modified! ) 
00000042  56           0 VAL 
00000043               §break28389 LABEL remove f1 remove f2 
00000043  89           A:2DROP 
00000044  89           A:2DROP 
00000045  08           DROP 
00000046               §0 LABEL 
00000046  3d           EXIT 
00000047               
00000047               lang.Math.Math§-590525184 LABEL 
00000047  55           1 VAL 
00000048  0d00000000   VALLOCATE VAL ( will be modified! ) 
0000004d  00           NOP ( will be modified! ) 
0000004e  90           A:R@ ( §base0 declared ) 
0000004f  08           DROP 
00000050  56           0 VAL 
00000051  90           A:R@ ( §this declared ) 
00000052  08           DROP 
00000053  0d00000000   Object§-1890496768.table VAL ( will be modified! ) 
00000058  00           NOP ( will be modified! ) 
00000059  0d004fea6c   1827294976 VAL 
0000005e  0d00000000   EXECUTE-NEW VAL ( will be modified! ) 
00000063  00           NOP ( will be modified! ) 
00000064  461c00       28 VAL 
00000067  0d00000000   MALLOC VAL ( will be modified! ) 
0000006c  00           NOP ( will be modified! ) 
0000006d  08           DROP 
0000006e  0e           DUP 
0000006f  0e           DUP ( §base0 will be fetched! ) 
00000070  d5           1 A:VAL 
00000071  8b           A:PICK 
00000072  10           R@ 
00000073  88           A:DROP 
00000074  0d00000000   V! VAL ( will be modified! ) 
00000079  00           NOP ( will be modified! ) ( §this will be modified! ) 
0000007a  88           A:DROP 
0000007b  90           A:R@ 
0000007c  08           DROP 
0000007d  0f           OVER 
0000007e  420900       §3 0BRANCH 
00000081  0f           OVER 
00000082  1d           CELL+ 
00000083  02           @ 
00000084  52           4 VAL 
00000085  16           + 
00000086  0f           OVER 
00000087  0f           OVER 
00000088  01           ! 
00000089  08           DROP 
0000008a               §3 LABEL 
0000008a  1d           CELL+ 
0000008b  02           @ 
0000008c  0f           OVER 
0000008d  0f           OVER 
0000008e  01           ! 
0000008f  0a           NIP 
00000090  0d00000000   lang.Math§-1239069440.table VAL ( will be modified! ) 
00000095  00           NOP ( will be modified! ) 
00000096  0f           OVER 
00000097  4a           12 VAL 
00000098  16           + 
00000099  01           ! 
0000009a  0d000025b6   -1239089152 VAL 
0000009f  0f           OVER 
000000a0  461400       20 VAL 
000000a3  16           + 
000000a4  01           ! 
000000a5  0dd3000000   §4 VAL 
000000aa  0f           OVER 
000000ab  461000       16 VAL 
000000ae  16           + 
000000af  01           ! 
000000b0  56           0 VAL 
000000b1  0f           OVER 
000000b2  461800       24 VAL 
000000b5  16           + 
000000b6  01           ! 
000000b7  08           DROP ( §this will be fetched! ) 
000000b8  10           R@ 
000000b9  0e           DUP 
000000ba  56           0 VAL 
000000bb  0d00000000   V! VAL ( will be modified! ) 
000000c0  00           NOP ( will be modified! ) 
000000c1  56           0 VAL 
000000c2               §break28377 LABEL ( §base0 will be fetched! ) 
000000c2  d5           1 A:VAL 
000000c3  8b           A:PICK 
000000c4  10           R@ 
000000c5  88           A:DROP 
000000c6  0d00000000   SETVTOP VAL ( will be modified! ) 
000000cb  00           NOP ( will be modified! ) remove §this remove §base0 
000000cc  89           A:2DROP 
000000cd  08           DROP 
000000ce               §2 LABEL 
000000ce  3d           EXIT 
000000cf  0400         §4 LABEL 
000000d1  4d617468     " Math " 
000000d5  2200         §1 LABEL 
000000d7  6c616e672e4d6174682e4945454572656d61696e646572a731353936303832343332 " lang.Math.IEEEremainder§1596082432 " 
000000f9               
000000f9               lang.Math.abs§-537370368 LABEL 
000000f9  91           A:R1@ ( a declared ) 
000000fa  90           A:R@ 
000000fb  09           2DROP ( a will be fetched! ) 
000000fc  11           R1@ 
000000fd  10           R@ 
000000fe  90           A:R@ 
000000ff  08           DROP 
00000100  0dffffff7f   2147483647 VAL 
00000105  1c           AND 
00000106  10           R@ 
00000107  88           A:DROP 
00000108  56           0 VAL 
00000109               §break28399 LABEL remove a 
00000109  89           A:2DROP 
0000010a  08           DROP 
0000010b               §5 LABEL 
0000010b  3d           EXIT 
0000010c               
0000010c               lang.Math.abs§1087791360 LABEL 
0000010c  90           A:R@ ( a declared ) 
0000010d  08           DROP ( a will be fetched! ) 
0000010e  10           R@ 
0000010f  29           0<! 
00000110  420100       §8 0BRANCH 
00000113  21           NEGATE 
00000114               §8 LABEL 
00000114  56           0 VAL 
00000115               §break28397 LABEL remove a 
00000115  88           A:DROP 
00000116  08           DROP 
00000117               §7 LABEL 
00000117  3d           EXIT 
00000118  1800         §6 LABEL 
0000011a  6c616e672e4d6174682e616273a72d353337333730333638 " lang.Math.abs§-537370368 " 
00000132               
00000132               lang.Math.abs§55402752 LABEL 
00000132  91           A:R1@ ( a declared ) 
00000133  90           A:R@ 
00000134  09           2DROP ( a will be fetched! ) 
00000135  11           R1@ 
00000136  10           R@ 
00000137  0f           OVER 
00000138  2a           0< 
00000139  420900       §11 0BRANCH 
0000013c  21           NEGATE 
0000013d  90           A:R@ 
0000013e  08           DROP 
0000013f  56           0 VAL 
00000140  0f           OVER 
00000141  26           -B 
00000142  0a           NIP 
00000143  10           R@ 
00000144  88           A:DROP 
00000145               §11 LABEL 
00000145  56           0 VAL 
00000146               §break28398 LABEL remove a 
00000146  89           A:2DROP 
00000147  08           DROP 
00000148               §10 LABEL 
00000148  3d           EXIT 
00000149  1800         §9 LABEL 
0000014b  6c616e672e4d6174682e616273a731303837373931333630 " lang.Math.abs§1087791360 " 
00000163               
00000163               lang.Math.acos§1364418816 LABEL 
00000163  91           A:R1@ ( a declared ) 
00000164  90           A:R@ 
00000165  09           2DROP ( a will be fetched! ) 
00000166  11           R1@ 
00000167  10           R@ 
00000168  0d00000000   FACOS VAL ( will be modified! ) 
0000016d  00           NOP ( will be modified! ) 
0000016e  56           0 VAL 
0000016f               §break28382 LABEL remove a 
0000016f  89           A:2DROP 
00000170  08           DROP 
00000171               §13 LABEL 
00000171  3d           EXIT 
00000172  1600         §12 LABEL 
00000174  6c616e672e4d6174682e616273a73535343032373532 " lang.Math.abs§55402752 " 
0000018a               
0000018a               lang.Math.acosh§-571776768 LABEL 
0000018a  91           A:R1@ ( a declared ) 
0000018b  90           A:R@ 
0000018c  09           2DROP ( a will be fetched! ) 
0000018d  11           R1@ 
0000018e  10           R@ 
0000018f  0d00000000   FACOSH VAL ( will be modified! ) 
00000194  00           NOP ( will be modified! ) 
00000195  56           0 VAL 
00000196               §break28410 LABEL remove a 
00000196  89           A:2DROP 
00000197  08           DROP 
00000198               §15 LABEL 
00000198  3d           EXIT 
00000199  1900         §14 LABEL 
0000019b  6c616e672e4d6174682e61636f73a731333634343138383136 " lang.Math.acos§1364418816 " 
000001b4               
000001b4               lang.Math.asin§-904437504 LABEL 
000001b4  91           A:R1@ ( a declared ) 
000001b5  90           A:R@ 
000001b6  09           2DROP ( a will be fetched! ) 
000001b7  11           R1@ 
000001b8  10           R@ 
000001b9  0d00000000   FASIN VAL ( will be modified! ) 
000001be  00           NOP ( will be modified! ) 
000001bf  56           0 VAL 
000001c0               §break28381 LABEL remove a 
000001c0  89           A:2DROP 
000001c1  08           DROP 
000001c2               §17 LABEL 
000001c2  3d           EXIT 
000001c3  1a00         §16 LABEL 
000001c5  6c616e672e4d6174682e61636f7368a72d353731373736373638 " lang.Math.acosh§-571776768 " 
000001df               
000001df               lang.Math.asinh§-649043712 LABEL 
000001df  91           A:R1@ ( a declared ) 
000001e0  90           A:R@ 
000001e1  09           2DROP ( a will be fetched! ) 
000001e2  11           R1@ 
000001e3  10           R@ 
000001e4  0d00000000   FASINH VAL ( will be modified! ) 
000001e9  00           NOP ( will be modified! ) 
000001ea  56           0 VAL 
000001eb               §break28409 LABEL remove a 
000001eb  89           A:2DROP 
000001ec  08           DROP 
000001ed               §19 LABEL 
000001ed  3d           EXIT 
000001ee  1900         §18 LABEL 
000001f0  6c616e672e4d6174682e6173696ea72d393034343337353034 " lang.Math.asin§-904437504 " 
00000209               
00000209               lang.Math.atan§1069965568 LABEL 
00000209  91           A:R1@ ( a declared ) 
0000020a  90           A:R@ 
0000020b  09           2DROP ( a will be fetched! ) 
0000020c  11           R1@ 
0000020d  10           R@ 
0000020e  0d00000000   FATAN VAL ( will be modified! ) 
00000213  00           NOP ( will be modified! ) 
00000214  56           0 VAL 
00000215               §break28383 LABEL remove a 
00000215  89           A:2DROP 
00000216  08           DROP 
00000217               §21 LABEL 
00000217  3d           EXIT 
00000218  1a00         §20 LABEL 
0000021a  6c616e672e4d6174682e6173696e68a72d363439303433373132 " lang.Math.asinh§-649043712 " 
00000234               
00000234               lang.Math.atan2§1799971072 LABEL 
00000234  91           A:R1@ ( x declared ) 
00000235  90           A:R@ 
00000236  09           2DROP 
00000237  91           A:R1@ ( y declared ) 
00000238  90           A:R@ 
00000239  09           2DROP ( y will be fetched! ) 
0000023a  11           R1@ 
0000023b  10           R@ ( x will be fetched! ) 
0000023c  d3           3 A:VAL 
0000023d  8b           A:PICK 
0000023e  10           R@ 
0000023f  88           A:DROP 
00000240  d4           2 A:VAL 
00000241  8b           A:PICK 
00000242  10           R@ 
00000243  88           A:DROP 
00000244  0d00000000   FATAN2 VAL ( will be modified! ) 
00000249  00           NOP ( will be modified! ) 
0000024a  56           0 VAL 
0000024b               §break28393 LABEL remove y remove x 
0000024b  89           A:2DROP 
0000024c  89           A:2DROP 
0000024d  08           DROP 
0000024e               §23 LABEL 
0000024e  3d           EXIT 
0000024f  1900         §22 LABEL 
00000251  6c616e672e4d6174682e6174616ea731303639393635353638 " lang.Math.atan§1069965568 " 
0000026a               
0000026a               lang.Math.atanh§513892608 LABEL 
0000026a  91           A:R1@ ( a declared ) 
0000026b  90           A:R@ 
0000026c  09           2DROP ( a will be fetched! ) 
0000026d  11           R1@ 
0000026e  10           R@ 
0000026f  0d00000000   FATANH VAL ( will be modified! ) 
00000274  00           NOP ( will be modified! ) 
00000275  56           0 VAL 
00000276               §break28411 LABEL remove a 
00000276  89           A:2DROP 
00000277  08           DROP 
00000278               §25 LABEL 
00000278  3d           EXIT 
00000279  1a00         §24 LABEL 
0000027b  6c616e672e4d6174682e6174616e32a731373939393731303732 " lang.Math.atan2§1799971072 " 
00000295               
00000295               lang.Math.ceil§1303274240 LABEL 
00000295  91           A:R1@ ( a declared ) 
00000296  90           A:R@ 
00000297  09           2DROP ( a will be fetched! ) 
00000298  11           R1@ 
00000299  10           R@ 
0000029a  0d00000000   FROUND VAL ( will be modified! ) 
0000029f  00           NOP ( will be modified! ) 
000002a0  56           0 VAL 
000002a1               §break28390 LABEL remove a 
000002a1  89           A:2DROP 
000002a2  08           DROP 
000002a3               §27 LABEL 
000002a3  3d           EXIT 
000002a4  1900         §26 LABEL 
000002a6  6c616e672e4d6174682e6174616e68a7353133383932363038 " lang.Math.atanh§513892608 " 
000002bf               
000002bf               lang.Math.cos§-587308288 LABEL 
000002bf  91           A:R1@ ( a declared ) 
000002c0  90           A:R@ 
000002c1  09           2DROP ( a will be fetched! ) 
000002c2  11           R1@ 
000002c3  10           R@ 
000002c4  0d00000000   FCOS VAL ( will be modified! ) 
000002c9  00           NOP ( will be modified! ) 
000002ca  56           0 VAL 
000002cb               §break28379 LABEL remove a 
000002cb  89           A:2DROP 
000002cc  08           DROP 
000002cd               §29 LABEL 
000002cd  3d           EXIT 
000002ce  1900         §28 LABEL 
000002d0  6c616e672e4d6174682e6365696ca731333033323734323430 " lang.Math.ceil§1303274240 " 
000002e9               
000002e9               lang.Math.cosh§-1551277312 LABEL 
000002e9  91           A:R1@ ( a declared ) 
000002ea  90           A:R@ 
000002eb  09           2DROP ( a will be fetched! ) 
000002ec  11           R1@ 
000002ed  10           R@ 
000002ee  0d00000000   FCOSH VAL ( will be modified! ) 
000002f3  00           NOP ( will be modified! ) 
000002f4  56           0 VAL 
000002f5               §break28407 LABEL remove a 
000002f5  89           A:2DROP 
000002f6  08           DROP 
000002f7               §31 LABEL 
000002f7  3d           EXIT 
000002f8  1800         §30 LABEL 
000002fa  6c616e672e4d6174682e636f73a72d353837333038323838 " lang.Math.cos§-587308288 " 
00000312               
00000312               lang.Math.exp§-1340119808 LABEL 
00000312  91           A:R1@ ( a declared ) 
00000313  90           A:R@ 
00000314  09           2DROP ( a will be fetched! ) 
00000315  11           R1@ 
00000316  10           R@ 
00000317  0d00000000   FEXP VAL ( will be modified! ) 
0000031c  00           NOP ( will be modified! ) 
0000031d  56           0 VAL 
0000031e               §break28386 LABEL remove a 
0000031e  89           A:2DROP 
0000031f  08           DROP 
00000320               §33 LABEL 
00000320  3d           EXIT 
00000321  1a00         §32 LABEL 
00000323  6c616e672e4d6174682e636f7368a72d31353531323737333132 " lang.Math.cosh§-1551277312 " 
0000033d               
0000033d               lang.Math.floor§2139252224 LABEL 
0000033d  91           A:R1@ ( a declared ) 
0000033e  90           A:R@ 
0000033f  09           2DROP ( a will be fetched! ) 
00000340  11           R1@ 
00000341  10           R@ 
00000342  0d00000000   FLOOR VAL ( will be modified! ) 
00000347  00           NOP ( will be modified! ) 
00000348  56           0 VAL 
00000349               §break28391 LABEL remove a 
00000349  89           A:2DROP 
0000034a  08           DROP 
0000034b               §35 LABEL 
0000034b  3d           EXIT 
0000034c  1900         §34 LABEL 
0000034e  6c616e672e4d6174682e657870a72d31333430313139383038 " lang.Math.exp§-1340119808 " 
00000367               
00000367               lang.Math.log§3501056 LABEL 
00000367  91           A:R1@ ( a declared ) 
00000368  90           A:R@ 
00000369  09           2DROP ( a will be fetched! ) 
0000036a  11           R1@ 
0000036b  10           R@ 
0000036c  0d00000000   FLN VAL ( will be modified! ) 
00000371  00           NOP ( will be modified! ) 
00000372  56           0 VAL 
00000373               §break28387 LABEL remove a 
00000373  89           A:2DROP 
00000374  08           DROP 
00000375               §37 LABEL 
00000375  3d           EXIT 
00000376  1a00         §36 LABEL 
00000378  6c616e672e4d6174682e666c6f6f72a732313339323532323234 " lang.Math.floor§2139252224 " 
00000392               
00000392               lang.Math.max§-67736320 LABEL 
00000392  91           A:R1@ ( b declared ) 
00000393  90           A:R@ 
00000394  09           2DROP 
00000395  91           A:R1@ ( a declared ) 
00000396  90           A:R@ 
00000397  09           2DROP ( a will be fetched! ) 
00000398  11           R1@ 
00000399  10           R@ ( b will be fetched! ) 
0000039a  d3           3 A:VAL 
0000039b  8b           A:PICK 
0000039c  10           R@ 
0000039d  88           A:DROP 
0000039e  d4           2 A:VAL 
0000039f  8b           A:PICK 
000003a0  10           R@ 
000003a1  88           A:DROP 
000003a2  91           A:R1@ 
000003a3  0a           NIP 
000003a4  17           - 
000003a5  10           R@ 
000003a6  91           A:R1@ 
000003a7  0a           NIP 
000003a8  26           -B 
000003a9  10           R@ 
000003aa  89           A:2DROP 
000003ab  08           DROP 
000003ac  2a           0< 
000003ad  1f           INVERT 
000003ae  420500       §40 0BRANCH ( a will be fetched! ) 
000003b1  11           R1@ 
000003b2  10           R@ 
000003b3  400800       §41 BRANCH 
000003b6               §40 LABEL ( b will be fetched! ) 
000003b6  d3           3 A:VAL 
000003b7  8b           A:PICK 
000003b8  10           R@ 
000003b9  88           A:DROP 
000003ba  d4           2 A:VAL 
000003bb  8b           A:PICK 
000003bc  10           R@ 
000003bd  88           A:DROP 
000003be               §41 LABEL 
000003be  56           0 VAL 
000003bf  400100       §break28401 BRANCH 
000003c2  56           0 VAL 
000003c3               §break28401 LABEL remove a remove b 
000003c3  89           A:2DROP 
000003c4  89           A:2DROP 
000003c5  08           DROP 
000003c6               §39 LABEL 
000003c6  3d           EXIT 
000003c7  1500         §38 LABEL 
000003c9  6c616e672e4d6174682e6c6f67a733353031303536 " lang.Math.log§3501056 " 
000003de               
000003de               lang.Math.max§1704291584 LABEL 
000003de  90           A:R@ ( b declared ) 
000003df  08           DROP 
000003e0  90           A:R@ ( a declared ) 
000003e1  08           DROP ( a will be fetched! ) 
000003e2  10           R@ ( b will be fetched! ) 
000003e3  d5           1 A:VAL 
000003e4  8b           A:PICK 
000003e5  10           R@ 
000003e6  88           A:DROP 
000003e7  2d           CMP 
000003e8  2a           0< 
000003e9  420400       §44 0BRANCH 
000003ec  91           A:R1@ 
000003ed  0a           NIP 
000003ee  10           R@ 
000003ef  88           A:DROP 
000003f0               §44 LABEL 
000003f0  08           DROP 
000003f1  56           0 VAL 
000003f2               §break28400 LABEL remove a remove b 
000003f2  89           A:2DROP 
000003f3  08           DROP 
000003f4               §43 LABEL 
000003f4  3d           EXIT 
000003f5  1700         §42 LABEL 
000003f7  6c616e672e4d6174682e6d6178a72d3637373336333230 " lang.Math.max§-67736320 " 
0000040e               
0000040e               lang.Math.max§76639488 LABEL 
0000040e  91           A:R1@ ( b declared ) 
0000040f  90           A:R@ 
00000410  09           2DROP 
00000411  91           A:R1@ ( a declared ) 
00000412  90           A:R@ 
00000413  09           2DROP ( a will be fetched! ) 
00000414  11           R1@ 
00000415  10           R@ ( b will be fetched! ) 
00000416  d3           3 A:VAL 
00000417  8b           A:PICK 
00000418  10           R@ 
00000419  88           A:DROP 
0000041a  d4           2 A:VAL 
0000041b  8b           A:PICK 
0000041c  10           R@ 
0000041d  88           A:DROP 
0000041e  0d00000000   FMAX VAL ( will be modified! ) 
00000423  00           NOP ( will be modified! ) 
00000424  56           0 VAL 
00000425               §break28402 LABEL remove a remove b 
00000425  89           A:2DROP 
00000426  89           A:2DROP 
00000427  08           DROP 
00000428               §46 LABEL 
00000428  3d           EXIT 
00000429  1800         §45 LABEL 
0000042b  6c616e672e4d6174682e6d6178a731373034323931353834 " lang.Math.max§1704291584 " 
00000443               
00000443               lang.Math.min§1264872704 LABEL 
00000443  91           A:R1@ ( b declared ) 
00000444  90           A:R@ 
00000445  09           2DROP 
00000446  91           A:R1@ ( a declared ) 
00000447  90           A:R@ 
00000448  09           2DROP ( a will be fetched! ) 
00000449  11           R1@ 
0000044a  10           R@ ( b will be fetched! ) 
0000044b  d3           3 A:VAL 
0000044c  8b           A:PICK 
0000044d  10           R@ 
0000044e  88           A:DROP 
0000044f  d4           2 A:VAL 
00000450  8b           A:PICK 
00000451  10           R@ 
00000452  88           A:DROP 
00000453  91           A:R1@ 
00000454  0a           NIP 
00000455  17           - 
00000456  10           R@ 
00000457  91           A:R1@ 
00000458  0a           NIP 
00000459  26           -B 
0000045a  10           R@ 
0000045b  89           A:2DROP 
0000045c  91           A:R1@ 
0000045d  22           OR 
0000045e  36           0<> 
0000045f  10           R@ 
00000460  88           A:DROP 
00000461  2a           0< 
00000462  1f           INVERT 
00000463  1c           AND 
00000464  1f           INVERT 
00000465  420500       §49 0BRANCH ( a will be fetched! ) 
00000468  11           R1@ 
00000469  10           R@ 
0000046a  400800       §50 BRANCH 
0000046d               §49 LABEL ( b will be fetched! ) 
0000046d  d3           3 A:VAL 
0000046e  8b           A:PICK 
0000046f  10           R@ 
00000470  88           A:DROP 
00000471  d4           2 A:VAL 
00000472  8b           A:PICK 
00000473  10           R@ 
00000474  88           A:DROP 
00000475               §50 LABEL 
00000475  56           0 VAL 
00000476  400100       §break28404 BRANCH 
00000479  56           0 VAL 
0000047a               §break28404 LABEL remove a remove b 
0000047a  89           A:2DROP 
0000047b  89           A:2DROP 
0000047c  08           DROP 
0000047d               §48 LABEL 
0000047d  3d           EXIT 
0000047e  1600         §47 LABEL 
00000480  6c616e672e4d6174682e6d6178a73736363339343838 " lang.Math.max§76639488 " 
00000496               
00000496               lang.Math.min§1500146944 LABEL 
00000496  91           A:R1@ ( b declared ) 
00000497  90           A:R@ 
00000498  09           2DROP 
00000499  91           A:R1@ ( a declared ) 
0000049a  90           A:R@ 
0000049b  09           2DROP ( a will be fetched! ) 
0000049c  11           R1@ 
0000049d  10           R@ ( b will be fetched! ) 
0000049e  d3           3 A:VAL 
0000049f  8b           A:PICK 
000004a0  10           R@ 
000004a1  88           A:DROP 
000004a2  d4           2 A:VAL 
000004a3  8b           A:PICK 
000004a4  10           R@ 
000004a5  88           A:DROP 
000004a6  0d00000000   FMIN VAL ( will be modified! ) 
000004ab  00           NOP ( will be modified! ) 
000004ac  56           0 VAL 
000004ad               §break28405 LABEL remove a remove b 
000004ad  89           A:2DROP 
000004ae  89           A:2DROP 
000004af  08           DROP 
000004b0               §52 LABEL 
000004b0  3d           EXIT 
000004b1  1800         §51 LABEL 
000004b3  6c616e672e4d6174682e6d696ea731323634383732373034 " lang.Math.min§1264872704 " 
000004cb               
000004cb               lang.Math.min§61172992 LABEL 
000004cb  90           A:R@ ( b declared ) 
000004cc  08           DROP 
000004cd  90           A:R@ ( a declared ) 
000004ce  08           DROP ( a will be fetched! ) 
000004cf  10           R@ ( b will be fetched! ) 
000004d0  d5           1 A:VAL 
000004d1  8b           A:PICK 
000004d2  10           R@ 
000004d3  88           A:DROP 
000004d4  2d           CMP 
000004d5  38           0> 
000004d6  420400       §55 0BRANCH 
000004d9  91           A:R1@ 
000004da  0a           NIP 
000004db  10           R@ 
000004dc  88           A:DROP 
000004dd               §55 LABEL 
000004dd  08           DROP 
000004de  56           0 VAL 
000004df               §break28403 LABEL remove a remove b 
000004df  89           A:2DROP 
000004e0  08           DROP 
000004e1               §54 LABEL 
000004e1  3d           EXIT 
000004e2  1800         §53 LABEL 
000004e4  6c616e672e4d6174682e6d696ea731353030313436393434 " lang.Math.min§1500146944 " 
000004fc               
000004fc               lang.Math.pow§1665822720 LABEL 
000004fc  91           A:R1@ ( b declared ) 
000004fd  90           A:R@ 
000004fe  09           2DROP 
000004ff  91           A:R1@ ( a declared ) 
00000500  90           A:R@ 
00000501  09           2DROP ( a will be fetched! ) 
00000502  11           R1@ 
00000503  10           R@ ( b will be fetched! ) 
00000504  d3           3 A:VAL 
00000505  8b           A:PICK 
00000506  10           R@ 
00000507  88           A:DROP 
00000508  d4           2 A:VAL 
00000509  8b           A:PICK 
0000050a  10           R@ 
0000050b  88           A:DROP 
0000050c  0d00000000   F** VAL ( will be modified! ) 
00000511  00           NOP ( will be modified! ) 
00000512  56           0 VAL 
00000513               §break28394 LABEL remove a remove b 
00000513  89           A:2DROP 
00000514  89           A:2DROP 
00000515  08           DROP 
00000516               §57 LABEL 
00000516  3d           EXIT 
00000517  1600         §56 LABEL 
00000519  6c616e672e4d6174682e6d696ea73631313732393932 " lang.Math.min§61172992 " 
0000052f               
0000052f               lang.Math.rint§486240768 LABEL 
0000052f  91           A:R1@ ( a declared ) 
00000530  90           A:R@ 
00000531  09           2DROP ( a will be fetched! ) 
00000532  11           R1@ 
00000533  10           R@ 
00000534  0d00000000   D>F VAL ( will be modified! ) 
00000539  00           NOP ( will be modified! ) 
0000053a  0d00000000   F>D VAL ( will be modified! ) 
0000053f  00           NOP ( will be modified! ) 
00000540  56           0 VAL 
00000541               §break28392 LABEL remove a 
00000541  89           A:2DROP 
00000542  08           DROP 
00000543               §59 LABEL 
00000543  3d           EXIT 
00000544  1800         §58 LABEL 
00000546  6c616e672e4d6174682e706f77a731363635383232373230 " lang.Math.pow§1665822720 " 
0000055e               
0000055e               lang.Math.round§-1758170624 LABEL 
0000055e  91           A:R1@ ( a declared ) 
0000055f  90           A:R@ 
00000560  09           2DROP ( a will be fetched! ) 
00000561  11           R1@ 
00000562  10           R@ 
00000563  3ed7fd       lang.Math.floor§2139252224 CALL 
00000566  0d00000000   F>D VAL ( will be modified! ) 
0000056b  00           NOP ( will be modified! ) 
0000056c  0a           NIP 
0000056d  56           0 VAL 
0000056e  400100       §break28395 BRANCH 
00000571  56           0 VAL 
00000572               §break28395 LABEL remove a 
00000572  89           A:2DROP 
00000573  08           DROP 
00000574               §61 LABEL 
00000574  3d           EXIT 
00000575  1800         §60 LABEL 
00000577  6c616e672e4d6174682e72696e74a7343836323430373638 " lang.Math.rint§486240768 " 
0000058f               
0000058f               lang.Math.round§-1814662656 LABEL 
0000058f  91           A:R1@ ( a declared ) 
00000590  90           A:R@ 
00000591  09           2DROP ( a will be fetched! ) 
00000592  11           R1@ 
00000593  10           R@ 
00000594  3ea6fd       lang.Math.floor§2139252224 CALL 
00000597  0d00000000   F>D VAL ( will be modified! ) 
0000059c  00           NOP ( will be modified! ) 
0000059d  56           0 VAL 
0000059e  400100       §break28396 BRANCH 
000005a1  56           0 VAL 
000005a2               §break28396 LABEL remove a 
000005a2  89           A:2DROP 
000005a3  08           DROP 
000005a4               §63 LABEL 
000005a4  3d           EXIT 
000005a5  1b00         §62 LABEL 
000005a7  6c616e672e4d6174682e726f756e64a72d31373538313730363234 " lang.Math.round§-1758170624 " 
000005c2               
000005c2               lang.Math.sin§1203401472 LABEL 
000005c2  91           A:R1@ ( a declared ) 
000005c3  90           A:R@ 
000005c4  09           2DROP ( a will be fetched! ) 
000005c5  11           R1@ 
000005c6  10           R@ 
000005c7  0d00000000   FSIN VAL ( will be modified! ) 
000005cc  00           NOP ( will be modified! ) 
000005cd  56           0 VAL 
000005ce               §break28378 LABEL remove a 
000005ce  89           A:2DROP 
000005cf  08           DROP 
000005d0               §65 LABEL 
000005d0  3d           EXIT 
000005d1  1b00         §64 LABEL 
000005d3  6c616e672e4d6174682e726f756e64a72d31383134363632363536 " lang.Math.round§-1814662656 " 
000005ee               
000005ee               lang.Math.sinh§-1489865984 LABEL 
000005ee  91           A:R1@ ( a declared ) 
000005ef  90           A:R@ 
000005f0  09           2DROP ( a will be fetched! ) 
000005f1  11           R1@ 
000005f2  10           R@ 
000005f3  0d00000000   FSINH VAL ( will be modified! ) 
000005f8  00           NOP ( will be modified! ) 
000005f9  56           0 VAL 
000005fa               §break28406 LABEL remove a 
000005fa  89           A:2DROP 
000005fb  08           DROP 
000005fc               §67 LABEL 
000005fc  3d           EXIT 
000005fd  1800         §66 LABEL 
000005ff  6c616e672e4d6174682e73696ea731323033343031343732 " lang.Math.sin§1203401472 " 
00000617               
00000617               lang.Math.sqrt§851931904 LABEL 
00000617  91           A:R1@ ( a declared ) 
00000618  90           A:R@ 
00000619  09           2DROP ( a will be fetched! ) 
0000061a  11           R1@ 
0000061b  10           R@ 
0000061c  0d00000000   FSQRT VAL ( will be modified! ) 
00000621  00           NOP ( will be modified! ) 
00000622  56           0 VAL 
00000623               §break28388 LABEL remove a 
00000623  89           A:2DROP 
00000624  08           DROP 
00000625               §69 LABEL 
00000625  3d           EXIT 
00000626  1a00         §68 LABEL 
00000628  6c616e672e4d6174682e73696e68a72d31343839383635393834 " lang.Math.sinh§-1489865984 " 
00000642               
00000642               lang.Math.tan§-1301580800 LABEL 
00000642  91           A:R1@ ( a declared ) 
00000643  90           A:R@ 
00000644  09           2DROP ( a will be fetched! ) 
00000645  11           R1@ 
00000646  10           R@ 
00000647  0d00000000   FTAN VAL ( will be modified! ) 
0000064c  00           NOP ( will be modified! ) 
0000064d  56           0 VAL 
0000064e               §break28380 LABEL remove a 
0000064e  89           A:2DROP 
0000064f  08           DROP 
00000650               §71 LABEL 
00000650  3d           EXIT 
00000651  1800         §70 LABEL 
00000653  6c616e672e4d6174682e73717274a7383531393331393034 " lang.Math.sqrt§851931904 " 
0000066b               
0000066b               lang.Math.tanh§1623421952 LABEL 
0000066b  91           A:R1@ ( a declared ) 
0000066c  90           A:R@ 
0000066d  09           2DROP ( a will be fetched! ) 
0000066e  11           R1@ 
0000066f  10           R@ 
00000670  0d00000000   FTANH VAL ( will be modified! ) 
00000675  00           NOP ( will be modified! ) 
00000676  56           0 VAL 
00000677               §break28408 LABEL remove a 
00000677  89           A:2DROP 
00000678  08           DROP 
00000679               §73 LABEL 
00000679  3d           EXIT 
0000067a  1900         §72 LABEL 
0000067c  6c616e672e4d6174682e74616ea72d31333031353830383030 " lang.Math.tan§-1301580800 " 
00000695               
00000695               lang.Math.toDegrees§2084860928 LABEL 
00000695  91           A:R1@ ( angrad declared ) 
00000696  90           A:R@ 
00000697  09           2DROP ( angrad will be fetched! ) 
00000698  11           R1@ 
00000699  10           R@ 
0000069a  0d00806640   1080459264 VAL 
0000069f  56           0 VAL 
000006a0  0d00000000   F* VAL ( will be modified! ) 
000006a5  00           NOP ( will be modified! ) 
000006a6  0d00000000   lang.Math.PI VAL ( will be modified! ) 
000006ab  00           NOP ( will be modified! ) 
000006ac  90           A:R@ 
000006ad  1d           CELL+ 
000006ae  02           @ 
000006af  10           R@ 
000006b0  88           A:DROP 
000006b1  02           @ 
000006b2  0d00000000   F/ VAL ( will be modified! ) 
000006b7  00           NOP ( will be modified! ) 
000006b8  56           0 VAL 
000006b9  400100       §break28385 BRANCH 
000006bc  56           0 VAL 
000006bd               §break28385 LABEL remove angrad 
000006bd  89           A:2DROP 
000006be  08           DROP 
000006bf               §75 LABEL 
000006bf  3d           EXIT 
000006c0  1900         §74 LABEL 
000006c2  6c616e672e4d6174682e74616e68a731363233343231393532 " lang.Math.tanh§1623421952 " 
000006db               
000006db               lang.Math.toRadians§-173575168 LABEL 
000006db  91           A:R1@ ( angdeg declared ) 
000006dc  90           A:R@ 
000006dd  09           2DROP ( angdeg will be fetched! ) 
000006de  11           R1@ 
000006df  10           R@ 
000006e0  0d00806640   1080459264 VAL 
000006e5  56           0 VAL 
000006e6  0d00000000   F/ VAL ( will be modified! ) 
000006eb  00           NOP ( will be modified! ) 
000006ec  0d00000000   lang.Math.PI VAL ( will be modified! ) 
000006f1  00           NOP ( will be modified! ) 
000006f2  90           A:R@ 
000006f3  1d           CELL+ 
000006f4  02           @ 
000006f5  10           R@ 
000006f6  88           A:DROP 
000006f7  02           @ 
000006f8  0d00000000   F* VAL ( will be modified! ) 
000006fd  00           NOP ( will be modified! ) 
000006fe  56           0 VAL 
000006ff  400100       §break28384 BRANCH 
00000702  56           0 VAL 
00000703               §break28384 LABEL remove angdeg 
00000703  89           A:2DROP 
00000704  08           DROP 
00000705               §77 LABEL 
00000705  3d           EXIT 
00000706  1e00         §76 LABEL 
00000708  6c616e672e4d6174682e746f44656772656573a732303834383630393238 " lang.Math.toDegrees§2084860928 " 
00000726  1b00         §83 LABEL 
00000728  6c616e672e4d617468a72d313233393036393434302e7461626c65 " lang.Math§-1239069440.table " 
00000743  1700         §82 LABEL 
00000745  6c616e672e4d6174682e5f737461746963546872656164 " lang.Math._staticThread " 
0000075c  1900         §81 LABEL 
0000075e  6c616e672e4d6174682e5f737461746963426c6f636b696e67 " lang.Math._staticBlocking " 
00000777  0c00         §80 LABEL 
00000779  6c616e672e4d6174682e5049 " lang.Math.PI " 
00000785  0b00         §79 LABEL 
00000787  6c616e672e4d6174682e45 " lang.Math.E " 
00000792  1e00         §78 LABEL 
00000794  6c616e672e4d6174682e746f52616469616e73a72d313733353735313638 " lang.Math.toRadians§-173575168 " 
000007b4  0d14000000   lang.Math.IEEEremainder§1596082432 VAL 
000007b9  53           3 VAL 
000007ba  0dd9000000   §1 VAL 
000007bf  0d00000000   create VAL ( will be modified! ) 
000007c4  00           NOP ( will be modified! ) 
000007c5  0dfd000000   lang.Math.abs§-537370368 VAL 
000007ca  53           3 VAL 
000007cb  0d1c010000   §6 VAL 
000007d0  0d00000000   create VAL ( will be modified! ) 
000007d5  00           NOP ( will be modified! ) 
000007d6  0d10010000   lang.Math.abs§1087791360 VAL 
000007db  53           3 VAL 
000007dc  0d4d010000   §9 VAL 
000007e1  0d00000000   create VAL ( will be modified! ) 
000007e6  00           NOP ( will be modified! ) 
000007e7  0d36010000   lang.Math.abs§55402752 VAL 
000007ec  53           3 VAL 
000007ed  0d76010000   §12 VAL 
000007f2  0d00000000   create VAL ( will be modified! ) 
000007f7  00           NOP ( will be modified! ) 
000007f8  0d67010000   lang.Math.acos§1364418816 VAL 
000007fd  53           3 VAL 
000007fe  0d9d010000   §14 VAL 
00000803  0d00000000   create VAL ( will be modified! ) 
00000808  00           NOP ( will be modified! ) 
00000809  0d8e010000   lang.Math.acosh§-571776768 VAL 
0000080e  53           3 VAL 
0000080f  0dc7010000   §16 VAL 
00000814  0d00000000   create VAL ( will be modified! ) 
00000819  00           NOP ( will be modified! ) 
0000081a  0db8010000   lang.Math.asin§-904437504 VAL 
0000081f  53           3 VAL 
00000820  0df2010000   §18 VAL 
00000825  0d00000000   create VAL ( will be modified! ) 
0000082a  00           NOP ( will be modified! ) 
0000082b  0de3010000   lang.Math.asinh§-649043712 VAL 
00000830  53           3 VAL 
00000831  0d1c020000   §20 VAL 
00000836  0d00000000   create VAL ( will be modified! ) 
0000083b  00           NOP ( will be modified! ) 
0000083c  0d0d020000   lang.Math.atan§1069965568 VAL 
00000841  53           3 VAL 
00000842  0d53020000   §22 VAL 
00000847  0d00000000   create VAL ( will be modified! ) 
0000084c  00           NOP ( will be modified! ) 
0000084d  0d38020000   lang.Math.atan2§1799971072 VAL 
00000852  53           3 VAL 
00000853  0d7d020000   §24 VAL 
00000858  0d00000000   create VAL ( will be modified! ) 
0000085d  00           NOP ( will be modified! ) 
0000085e  0d6e020000   lang.Math.atanh§513892608 VAL 
00000863  53           3 VAL 
00000864  0da8020000   §26 VAL 
00000869  0d00000000   create VAL ( will be modified! ) 
0000086e  00           NOP ( will be modified! ) 
0000086f  0d99020000   lang.Math.ceil§1303274240 VAL 
00000874  53           3 VAL 
00000875  0dd2020000   §28 VAL 
0000087a  0d00000000   create VAL ( will be modified! ) 
0000087f  00           NOP ( will be modified! ) 
00000880  0dc3020000   lang.Math.cos§-587308288 VAL 
00000885  53           3 VAL 
00000886  0dfc020000   §30 VAL 
0000088b  0d00000000   create VAL ( will be modified! ) 
00000890  00           NOP ( will be modified! ) 
00000891  0ded020000   lang.Math.cosh§-1551277312 VAL 
00000896  53           3 VAL 
00000897  0d25030000   §32 VAL 
0000089c  0d00000000   create VAL ( will be modified! ) 
000008a1  00           NOP ( will be modified! ) 
000008a2  0d16030000   lang.Math.exp§-1340119808 VAL 
000008a7  53           3 VAL 
000008a8  0d50030000   §34 VAL 
000008ad  0d00000000   create VAL ( will be modified! ) 
000008b2  00           NOP ( will be modified! ) 
000008b3  0d41030000   lang.Math.floor§2139252224 VAL 
000008b8  53           3 VAL 
000008b9  0d7a030000   §36 VAL 
000008be  0d00000000   create VAL ( will be modified! ) 
000008c3  00           NOP ( will be modified! ) 
000008c4  0d6b030000   lang.Math.log§3501056 VAL 
000008c9  53           3 VAL 
000008ca  0dcb030000   §38 VAL 
000008cf  0d00000000   create VAL ( will be modified! ) 
000008d4  00           NOP ( will be modified! ) 
000008d5  0d96030000   lang.Math.max§-67736320 VAL 
000008da  53           3 VAL 
000008db  0df9030000   §42 VAL 
000008e0  0d00000000   create VAL ( will be modified! ) 
000008e5  00           NOP ( will be modified! ) 
000008e6  0de2030000   lang.Math.max§1704291584 VAL 
000008eb  53           3 VAL 
000008ec  0d2d040000   §45 VAL 
000008f1  0d00000000   create VAL ( will be modified! ) 
000008f6  00           NOP ( will be modified! ) 
000008f7  0d12040000   lang.Math.max§76639488 VAL 
000008fc  53           3 VAL 
000008fd  0d82040000   §47 VAL 
00000902  0d00000000   create VAL ( will be modified! ) 
00000907  00           NOP ( will be modified! ) 
00000908  0d47040000   lang.Math.min§1264872704 VAL 
0000090d  53           3 VAL 
0000090e  0db5040000   §51 VAL 
00000913  0d00000000   create VAL ( will be modified! ) 
00000918  00           NOP ( will be modified! ) 
00000919  0d9a040000   lang.Math.min§1500146944 VAL 
0000091e  53           3 VAL 
0000091f  0de6040000   §53 VAL 
00000924  0d00000000   create VAL ( will be modified! ) 
00000929  00           NOP ( will be modified! ) 
0000092a  0dcf040000   lang.Math.min§61172992 VAL 
0000092f  53           3 VAL 
00000930  0d1b050000   §56 VAL 
00000935  0d00000000   create VAL ( will be modified! ) 
0000093a  00           NOP ( will be modified! ) 
0000093b  0d00050000   lang.Math.pow§1665822720 VAL 
00000940  53           3 VAL 
00000941  0d48050000   §58 VAL 
00000946  0d00000000   create VAL ( will be modified! ) 
0000094b  00           NOP ( will be modified! ) 
0000094c  0d33050000   lang.Math.rint§486240768 VAL 
00000951  53           3 VAL 
00000952  0d79050000   §60 VAL 
00000957  0d00000000   create VAL ( will be modified! ) 
0000095c  00           NOP ( will be modified! ) 
0000095d  0d62050000   lang.Math.round§-1758170624 VAL 
00000962  53           3 VAL 
00000963  0da9050000   §62 VAL 
00000968  0d00000000   create VAL ( will be modified! ) 
0000096d  00           NOP ( will be modified! ) 
0000096e  0d93050000   lang.Math.round§-1814662656 VAL 
00000973  53           3 VAL 
00000974  0dd5050000   §64 VAL 
00000979  0d00000000   create VAL ( will be modified! ) 
0000097e  00           NOP ( will be modified! ) 
0000097f  0dc6050000   lang.Math.sin§1203401472 VAL 
00000984  53           3 VAL 
00000985  0d01060000   §66 VAL 
0000098a  0d00000000   create VAL ( will be modified! ) 
0000098f  00           NOP ( will be modified! ) 
00000990  0df2050000   lang.Math.sinh§-1489865984 VAL 
00000995  53           3 VAL 
00000996  0d2a060000   §68 VAL 
0000099b  0d00000000   create VAL ( will be modified! ) 
000009a0  00           NOP ( will be modified! ) 
000009a1  0d1b060000   lang.Math.sqrt§851931904 VAL 
000009a6  53           3 VAL 
000009a7  0d55060000   §70 VAL 
000009ac  0d00000000   create VAL ( will be modified! ) 
000009b1  00           NOP ( will be modified! ) 
000009b2  0d46060000   lang.Math.tan§-1301580800 VAL 
000009b7  53           3 VAL 
000009b8  0d7e060000   §72 VAL 
000009bd  0d00000000   create VAL ( will be modified! ) 
000009c2  00           NOP ( will be modified! ) 
000009c3  0d6f060000   lang.Math.tanh§1623421952 VAL 
000009c8  53           3 VAL 
000009c9  0dc4060000   §74 VAL 
000009ce  0d00000000   create VAL ( will be modified! ) 
000009d3  00           NOP ( will be modified! ) 
000009d4  0d99060000   lang.Math.toDegrees§2084860928 VAL 
000009d9  53           3 VAL 
000009da  0d0a070000   §76 VAL 
000009df  0d00000000   create VAL ( will be modified! ) 
000009e4  00           NOP ( will be modified! ) 
000009e5  0ddf060000   lang.Math.toRadians§-173575168 VAL 
000009ea  53           3 VAL 
000009eb  0d96070000   §78 VAL 
000009f0  0d00000000   create VAL ( will be modified! ) 
000009f5  00           NOP ( will be modified! ) 
000009f6  0d00000000   ALIGN VAL ( will be modified! ) 
000009fb  00           NOP ( will be modified! ) 
000009fc  0d00000000   HERE VAL ( will be modified! ) 
00000a01  00           NOP ( will be modified! ) 
00000a02  4f           7 VAL 
00000a03  0d89070000   §79 VAL 
00000a08  0d00000000   create VAL ( will be modified! ) 
00000a0d  00           NOP ( will be modified! ) 
00000a0e  54           2 VAL 
00000a0f  1a           2* 
00000a10  1a           2* 
00000a11  0d00000000   ALLOT VAL ( will be modified! ) 
00000a16  00           NOP ( will be modified! ) 
00000a17  0d00000000   ALIGN VAL ( will be modified! ) 
00000a1c  00           NOP ( will be modified! ) 
00000a1d  0d00000000   HERE VAL ( will be modified! ) 
00000a22  00           NOP ( will be modified! ) 
00000a23  4f           7 VAL 
00000a24  0d7b070000   §80 VAL 
00000a29  0d00000000   create VAL ( will be modified! ) 
00000a2e  00           NOP ( will be modified! ) 
00000a2f  54           2 VAL 
00000a30  1a           2* 
00000a31  1a           2* 
00000a32  0d00000000   ALLOT VAL ( will be modified! ) 
00000a37  00           NOP ( will be modified! ) 
00000a38  0d00000000   ALIGN VAL ( will be modified! ) 
00000a3d  00           NOP ( will be modified! ) 
00000a3e  0d00000000   HERE VAL ( will be modified! ) 
00000a43  00           NOP ( will be modified! ) 
00000a44  54           2 VAL 
00000a45  0d60070000   §81 VAL 
00000a4a  0d00000000   create VAL ( will be modified! ) 
00000a4f  00           NOP ( will be modified! ) 
00000a50  55           1 VAL 
00000a51  1a           2* 
00000a52  1a           2* 
00000a53  0d00000000   ALLOT VAL ( will be modified! ) 
00000a58  00           NOP ( will be modified! ) 
00000a59  0d00000000   ALIGN VAL ( will be modified! ) 
00000a5e  00           NOP ( will be modified! ) 
00000a5f  0d00000000   HERE VAL ( will be modified! ) 
00000a64  00           NOP ( will be modified! ) 
00000a65  54           2 VAL 
00000a66  0d47070000   §82 VAL 
00000a6b  0d00000000   create VAL ( will be modified! ) 
00000a70  00           NOP ( will be modified! ) 
00000a71  55           1 VAL 
00000a72  1a           2* 
00000a73  1a           2* 
00000a74  0d00000000   ALLOT VAL ( will be modified! ) 
00000a79  00           NOP ( will be modified! ) 
00000a7a  0d00000000   HERE VAL ( will be modified! ) 
00000a7f  00           NOP ( will be modified! ) 
00000a80  52           4 VAL 
00000a81  17           - 
00000a82  0d00000000   SALLOCATE VAL ( will be modified! ) 
00000a87  00           NOP ( will be modified! ) 
00000a88  8d00000000   HERE A:VAL ( will be modified! ) 
00000a8d  80           A:NOP ( will be modified! ) 
00000a8e  0d00000000   ALIGN VAL ( will be modified! ) 
00000a93  00           NOP ( will be modified! ) 
00000a94  0d00000000   HERE VAL ( will be modified! ) 
00000a99  00           NOP ( will be modified! ) 
00000a9a  54           2 VAL 
00000a9b  0d2a070000   §83 VAL 
00000aa0  0d00000000   create VAL ( will be modified! ) 
00000aa5  00           NOP ( will be modified! ) 
00000aa6  55           1 VAL 
00000aa7  1a           2* 
00000aa8  1a           2* 
00000aa9  0d00000000   ALLOT VAL ( will be modified! ) 
00000aae  00           NOP ( will be modified! ) 
00000aaf  55           1 VAL 
00000ab0  0e           DUP 
00000ab1  1a           2* 
00000ab2  1a           2* 
00000ab3  1a           2* 
00000ab4  0d00000000   ALLOT VAL ( will be modified! ) 
00000ab9  00           NOP ( will be modified! ) 
00000aba  10           R@ 
00000abb  01           ! 
00000abc  9d           A:CELL+ 
00000abd  0d004dcddc   -590525184 VAL 
00000ac2  10           R@ 
00000ac3  01           ! 
00000ac4  9d           A:CELL+ 
00000ac5  0d4b000000   lang.Math.Math§-590525184 VAL 
00000aca  10           R@ 
00000acb  01           ! 
00000acc  9d           A:CELL+ 
00000acd  88           A:DROP 
00000ace  3d           EXIT 

instruction usage:
load/store:		15	(1.5906680805938493%)
32-bit values:		182	(19.300106044538705%)
16-bit values:		4	(0.4241781548250266%)
5-bit values:		120	(12.725344644750795%)
values total:		306	(32.44962884411453%)
arithmetic/logical:	41	(4.3478260869565215%)
relations:		7	(0.7423117709437964%)
flow control:		53	(5.620360551431601%)
other:			521	(55.24920466595971%)
total:			943

average bytes per instruction: 1.8335100742311772

string storage in byte:	1036
unresolved references:	176

Size of static code: 1970
Size of initial code: 795

references:
ffffffff	5	ALIGN
ffffffff	6	ALLOT
ffffffff	1	D>F
ffffffff	1	EXECUTE-NEW
ffffffff	3	F*
ffffffff	1	F**
ffffffff	1	F-
ffffffff	3	F/
ffffffff	3	F>D
ffffffff	1	FACOS
ffffffff	1	FACOSH
ffffffff	1	FASIN
ffffffff	1	FASINH
ffffffff	1	FATAN
ffffffff	1	FATAN2
ffffffff	1	FATANH
ffffffff	1	FCOS
ffffffff	1	FCOSH
ffffffff	1	FEXP
ffffffff	1	FLN
ffffffff	1	FLOOR
ffffffff	1	FMAX
ffffffff	1	FMIN
ffffffff	1	FROUND
ffffffff	1	FSIN
ffffffff	1	FSINH
ffffffff	1	FSQRT
ffffffff	1	FTAN
ffffffff	1	FTANH
ffffffff	7	HERE
ffffffff	1	MALLOC
ffffffff	1	Object§-1890496768.table
ffffffff	1	SALLOCATE
ffffffff	1	SETVTOP
ffffffff	2	V!
ffffffff	1	VALLOCATE
ffffffff	39	create
14	1	lang.Math.IEEEremainder§1596082432
14	1	lang.Math.IEEEremainder§1596082432
4b	1	lang.Math.Math§-590525184
4b	1	lang.Math.Math§-590525184
ffffffff	2	lang.Math.PI
fd	1	lang.Math.abs§-537370368
fd	1	lang.Math.abs§-537370368
110	1	lang.Math.abs§1087791360
110	1	lang.Math.abs§1087791360
136	1	lang.Math.abs§55402752
136	1	lang.Math.abs§55402752
18e	1	lang.Math.acosh§-571776768
18e	1	lang.Math.acosh§-571776768
167	1	lang.Math.acos§1364418816
167	1	lang.Math.acos§1364418816
1e3	1	lang.Math.asinh§-649043712
1e3	1	lang.Math.asinh§-649043712
1b8	1	lang.Math.asin§-904437504
1b8	1	lang.Math.asin§-904437504
238	1	lang.Math.atan2§1799971072
238	1	lang.Math.atan2§1799971072
26e	1	lang.Math.atanh§513892608
26e	1	lang.Math.atanh§513892608
20d	1	lang.Math.atan§1069965568
20d	1	lang.Math.atan§1069965568
299	1	lang.Math.ceil§1303274240
299	1	lang.Math.ceil§1303274240
2ed	1	lang.Math.cosh§-1551277312
2ed	1	lang.Math.cosh§-1551277312
2c3	1	lang.Math.cos§-587308288
2c3	1	lang.Math.cos§-587308288
316	1	lang.Math.exp§-1340119808
316	1	lang.Math.exp§-1340119808
341	3	lang.Math.floor§2139252224
341	3	lang.Math.floor§2139252224
36b	1	lang.Math.log§3501056
36b	1	lang.Math.log§3501056
396	1	lang.Math.max§-67736320
396	1	lang.Math.max§-67736320
3e2	1	lang.Math.max§1704291584
3e2	1	lang.Math.max§1704291584
412	1	lang.Math.max§76639488
412	1	lang.Math.max§76639488
447	1	lang.Math.min§1264872704
447	1	lang.Math.min§1264872704
49a	1	lang.Math.min§1500146944
49a	1	lang.Math.min§1500146944
4cf	1	lang.Math.min§61172992
4cf	1	lang.Math.min§61172992
500	1	lang.Math.pow§1665822720
500	1	lang.Math.pow§1665822720
533	1	lang.Math.rint§486240768
533	1	lang.Math.rint§486240768
562	1	lang.Math.round§-1758170624
562	1	lang.Math.round§-1758170624
593	1	lang.Math.round§-1814662656
593	1	lang.Math.round§-1814662656
5f2	1	lang.Math.sinh§-1489865984
5f2	1	lang.Math.sinh§-1489865984
5c6	1	lang.Math.sin§1203401472
5c6	1	lang.Math.sin§1203401472
61b	1	lang.Math.sqrt§851931904
61b	1	lang.Math.sqrt§851931904
66f	1	lang.Math.tanh§1623421952
66f	1	lang.Math.tanh§1623421952
646	1	lang.Math.tan§-1301580800
646	1	lang.Math.tan§-1301580800
699	1	lang.Math.toDegrees§2084860928
699	1	lang.Math.toDegrees§2084860928
6df	1	lang.Math.toRadians§-173575168
6df	1	lang.Math.toRadians§-173575168
ffffffff	1	lang.Math§-1239069440.table
ffffffff	1	stripf
d9	1	§1
176	1	§12
19d	1	§14
1c7	1	§16
1f2	1	§18
21c	1	§20
253	1	§22
27d	1	§24
2a8	1	§26
2d2	1	§28
2fc	1	§30
325	1	§32
350	1	§34
37a	1	§36
3cb	1	§38
d3	1	§4
3f9	1	§42
42d	1	§45
482	1	§47
4b5	1	§51
4e6	1	§53
51b	1	§56
548	1	§58
11c	1	§6
579	1	§60
5a9	1	§62
5d5	1	§64
601	1	§66
62a	1	§68
655	1	§70
67e	1	§72
6c4	1	§74
70a	1	§76
796	1	§78
789	1	§79
77b	1	§80
760	1	§81
747	1	§82
72a	1	§83
14d	1	§9
