0000001f               
0000001f               NullPointerException.NullPointerException§-938062336 LABEL 
0000001f  54           2 VAL 
00000020  0d00000000   VALLOCATE VAL ( will be modified! ) 
00000025  00           NOP ( will be modified! ) 
00000026  90           A:R@ ( §base0 declared ) 
00000027  08           DROP 
00000028  0e           DUP 
00000029  52           4 VAL ( §base0 will be fetched! ) 
0000002a  10           R@ 
0000002b  16           + 
0000002c  0d00000000   V! VAL ( will be modified! ) 
00000031  00           NOP ( will be modified! ) 
00000032  90           A:R@ ( s declared ) 
00000033  08           DROP 
00000034  56           0 VAL 
00000035  90           A:R@ ( §this declared ) 
00000036  08           DROP ( s will be fetched! ) 
00000037  d5           1 A:VAL 
00000038  8b           A:PICK 
00000039  10           R@ 
0000003a  88           A:DROP 
0000003b  0d00000000   RuntimeException§-1151249920.table VAL ( will be modified! ) 
00000040  00           NOP ( will be modified! ) 
00000041  0d005295d3   -745188864 VAL 
00000046  0d00000000   EXECUTE-NEW VAL ( will be modified! ) 
0000004b  00           NOP ( will be modified! ) 
0000004c  461c00       28 VAL 
0000004f  0d00000000   MALLOC VAL ( will be modified! ) 
00000054  00           NOP ( will be modified! ) 
00000055  08           DROP 
00000056  0e           DUP 
00000057  0e           DUP ( §base0 will be fetched! ) 
00000058  d4           2 A:VAL 
00000059  8b           A:PICK 
0000005a  10           R@ 
0000005b  88           A:DROP 
0000005c  0d00000000   V! VAL ( will be modified! ) 
00000061  00           NOP ( will be modified! ) ( §this will be modified! ) 
00000062  88           A:DROP 
00000063  90           A:R@ 
00000064  08           DROP 
00000065  0f           OVER 
00000066  420900       §1 0BRANCH 
00000069  0f           OVER 
0000006a  1d           CELL+ 
0000006b  02           @ 
0000006c  52           4 VAL 
0000006d  16           + 
0000006e  0f           OVER 
0000006f  0f           OVER 
00000070  01           ! 
00000071  08           DROP 
00000072               §1 LABEL 
00000072  1d           CELL+ 
00000073  02           @ 
00000074  0f           OVER 
00000075  0f           OVER 
00000076  01           ! 
00000077  0a           NIP 
00000078  0d00000000   NullPointerException§561335808.table VAL ( will be modified! ) 
0000007d  00           NOP ( will be modified! ) 
0000007e  0f           OVER 
0000007f  4a           12 VAL 
00000080  16           + 
00000081  01           ! 
00000082  0d00007521   561315840 VAL 
00000087  0f           OVER 
00000088  461400       20 VAL 
0000008b  16           + 
0000008c  01           ! 
0000008d  0dbc000000   §2 VAL 
00000092  0f           OVER 
00000093  461000       16 VAL 
00000096  16           + 
00000097  01           ! 
00000098  56           0 VAL 
00000099  0f           OVER 
0000009a  461800       24 VAL 
0000009d  16           + 
0000009e  01           ! 
0000009f  08           DROP ( §this will be fetched! ) 
000000a0  10           R@ 
000000a1  0e           DUP 
000000a2  56           0 VAL 
000000a3  0d00000000   V! VAL ( will be modified! ) 
000000a8  00           NOP ( will be modified! ) 
000000a9  56           0 VAL 
000000aa               §break28665 LABEL ( §base0 will be fetched! ) 
000000aa  d4           2 A:VAL 
000000ab  8b           A:PICK 
000000ac  10           R@ 
000000ad  88           A:DROP 
000000ae  0d00000000   SETVTOP VAL ( will be modified! ) 
000000b3  00           NOP ( will be modified! ) remove §this remove s remove §base0 
000000b4  89           A:2DROP 
000000b5  88           A:DROP 
000000b6  08           DROP 
000000b7               §0 LABEL 
000000b7  3d           EXIT 
000000b8  1400         §2 LABEL 
000000ba  4e756c6c506f696e746572457863657074696f6e " NullPointerException " 
000000ce               
000000ce               NullPointerException.NullPointerException§966675968 LABEL 
000000ce  55           1 VAL 
000000cf  0d00000000   VALLOCATE VAL ( will be modified! ) 
000000d4  00           NOP ( will be modified! ) 
000000d5  90           A:R@ ( §base0 declared ) 
000000d6  08           DROP 
000000d7  56           0 VAL 
000000d8  90           A:R@ ( §this declared ) 
000000d9  08           DROP 
000000da  0d00000000   RuntimeException§-1151249920.table VAL ( will be modified! ) 
000000df  00           NOP ( will be modified! ) 
000000e0  0d00529e3b   1000231424 VAL 
000000e5  0d00000000   EXECUTE-NEW VAL ( will be modified! ) 
000000ea  00           NOP ( will be modified! ) 
000000eb  461c00       28 VAL 
000000ee  0d00000000   MALLOC VAL ( will be modified! ) 
000000f3  00           NOP ( will be modified! ) 
000000f4  08           DROP 
000000f5  0e           DUP 
000000f6  0e           DUP ( §base0 will be fetched! ) 
000000f7  d5           1 A:VAL 
000000f8  8b           A:PICK 
000000f9  10           R@ 
000000fa  88           A:DROP 
000000fb  0d00000000   V! VAL ( will be modified! ) 
00000100  00           NOP ( will be modified! ) ( §this will be modified! ) 
00000101  88           A:DROP 
00000102  90           A:R@ 
00000103  08           DROP 
00000104  0f           OVER 
00000105  420900       §4 0BRANCH 
00000108  0f           OVER 
00000109  1d           CELL+ 
0000010a  02           @ 
0000010b  52           4 VAL 
0000010c  16           + 
0000010d  0f           OVER 
0000010e  0f           OVER 
0000010f  01           ! 
00000110  08           DROP 
00000111               §4 LABEL 
00000111  1d           CELL+ 
00000112  02           @ 
00000113  0f           OVER 
00000114  0f           OVER 
00000115  01           ! 
00000116  0a           NIP 
00000117  0d00000000   NullPointerException§561335808.table VAL ( will be modified! ) 
0000011c  00           NOP ( will be modified! ) 
0000011d  0f           OVER 
0000011e  4a           12 VAL 
0000011f  16           + 
00000120  01           ! 
00000121  0d00007521   561315840 VAL 
00000126  0f           OVER 
00000127  461400       20 VAL 
0000012a  16           + 
0000012b  01           ! 
0000012c  0dbc000000   §2 VAL 
00000131  0f           OVER 
00000132  461000       16 VAL 
00000135  16           + 
00000136  01           ! 
00000137  56           0 VAL 
00000138  0f           OVER 
00000139  461800       24 VAL 
0000013c  16           + 
0000013d  01           ! 
0000013e  08           DROP ( §this will be fetched! ) 
0000013f  10           R@ 
00000140  0e           DUP 
00000141  56           0 VAL 
00000142  0d00000000   V! VAL ( will be modified! ) 
00000147  00           NOP ( will be modified! ) 
00000148  56           0 VAL 
00000149               §break28664 LABEL ( §base0 will be fetched! ) 
00000149  d5           1 A:VAL 
0000014a  8b           A:PICK 
0000014b  10           R@ 
0000014c  88           A:DROP 
0000014d  0d00000000   SETVTOP VAL ( will be modified! ) 
00000152  00           NOP ( will be modified! ) remove §this remove §base0 
00000153  89           A:2DROP 
00000154  08           DROP 
00000155               §3 LABEL 
00000155  3d           EXIT 
00000156  2400         §7 LABEL 
00000158  4e756c6c506f696e746572457863657074696f6ea73536313333353830382e7461626c65 " NullPointerException§561335808.table " 
0000017c  2200         §6 LABEL 
0000017e  4e756c6c506f696e746572457863657074696f6e2e5f737461746963546872656164 " NullPointerException._staticThread " 
000001a0  2400         §5 LABEL 
000001a2  4e756c6c506f696e746572457863657074696f6e2e5f737461746963426c6f636b696e67 " NullPointerException._staticBlocking " 
000001c8  0d00000000   ALIGN VAL ( will be modified! ) 
000001cd  00           NOP ( will be modified! ) 
000001ce  0d00000000   HERE VAL ( will be modified! ) 
000001d3  00           NOP ( will be modified! ) 
000001d4  54           2 VAL 
000001d5  0da4010000   §5 VAL 
000001da  0d00000000   create VAL ( will be modified! ) 
000001df  00           NOP ( will be modified! ) 
000001e0  55           1 VAL 
000001e1  1a           2* 
000001e2  1a           2* 
000001e3  0d00000000   ALLOT VAL ( will be modified! ) 
000001e8  00           NOP ( will be modified! ) 
000001e9  0d00000000   ALIGN VAL ( will be modified! ) 
000001ee  00           NOP ( will be modified! ) 
000001ef  0d00000000   HERE VAL ( will be modified! ) 
000001f4  00           NOP ( will be modified! ) 
000001f5  54           2 VAL 
000001f6  0d80010000   §6 VAL 
000001fb  0d00000000   create VAL ( will be modified! ) 
00000200  00           NOP ( will be modified! ) 
00000201  55           1 VAL 
00000202  1a           2* 
00000203  1a           2* 
00000204  0d00000000   ALLOT VAL ( will be modified! ) 
00000209  00           NOP ( will be modified! ) 
0000020a  0d00000000   HERE VAL ( will be modified! ) 
0000020f  00           NOP ( will be modified! ) 
00000210  52           4 VAL 
00000211  17           - 
00000212  0d00000000   SALLOCATE VAL ( will be modified! ) 
00000217  00           NOP ( will be modified! ) 
00000218  8d00000000   HERE A:VAL ( will be modified! ) 
0000021d  80           A:NOP ( will be modified! ) 
0000021e  0d00000000   ALIGN VAL ( will be modified! ) 
00000223  00           NOP ( will be modified! ) 
00000224  0d00000000   HERE VAL ( will be modified! ) 
00000229  00           NOP ( will be modified! ) 
0000022a  54           2 VAL 
0000022b  0d5a010000   §7 VAL 
00000230  0d00000000   create VAL ( will be modified! ) 
00000235  00           NOP ( will be modified! ) 
00000236  55           1 VAL 
00000237  1a           2* 
00000238  1a           2* 
00000239  0d00000000   ALLOT VAL ( will be modified! ) 
0000023e  00           NOP ( will be modified! ) 
0000023f  54           2 VAL 
00000240  0e           DUP 
00000241  1a           2* 
00000242  1a           2* 
00000243  1a           2* 
00000244  0d00000000   ALLOT VAL ( will be modified! ) 
00000249  00           NOP ( will be modified! ) 
0000024a  10           R@ 
0000024b  01           ! 
0000024c  9d           A:CELL+ 
0000024d  0d004e16c8   -938062336 VAL 
00000252  10           R@ 
00000253  01           ! 
00000254  9d           A:CELL+ 
00000255  0d23000000   NullPointerException.NullPointerException§-938062336 VAL 
0000025a  10           R@ 
0000025b  01           ! 
0000025c  9d           A:CELL+ 
0000025d  0d004e9e39   966675968 VAL 
00000262  10           R@ 
00000263  01           ! 
00000264  9d           A:CELL+ 
00000265  0dd2000000   NullPointerException.NullPointerException§966675968 VAL 
0000026a  10           R@ 
0000026b  01           ! 
0000026c  9d           A:CELL+ 
0000026d  88           A:DROP 
0000026e  3d           EXIT 

instruction usage:
load/store:		21	(8.333333333333332%)
32-bit values:		46	(18.253968253968253%)
16-bit values:		8	(3.1746031746031744%)
5-bit values:		28	(11.11111111111111%)
values total:		82	(32.53968253968254%)
arithmetic/logical:	30	(11.904761904761903%)
relations:		0	(0.0%)
flow control:		5	(1.984126984126984%)
other:			114	(45.23809523809524%)
total:			252

average bytes per instruction: 1.9325396825396826

string storage in byte:	134
unresolved references:	40

Size of static code: 454
Size of initial code: 167

references:
ffffffff	3	ALIGN
ffffffff	4	ALLOT
ffffffff	2	EXECUTE-NEW
ffffffff	5	HERE
ffffffff	2	MALLOC
23	1	NullPointerException.NullPointerException§-938062336
23	1	NullPointerException.NullPointerException§-938062336
d2	1	NullPointerException.NullPointerException§966675968
d2	1	NullPointerException.NullPointerException§966675968
ffffffff	2	NullPointerException§561335808.table
ffffffff	2	RuntimeException§-1151249920.table
ffffffff	1	SALLOCATE
ffffffff	2	SETVTOP
ffffffff	5	V!
ffffffff	2	VALLOCATE
ffffffff	3	create
bc	2	§2
1a4	1	§5
180	1	§6
15a	1	§7
