00000010  0d1d95ac86   -2035509987 VAL 
00000015  0d8be0940b   194306187 VAL 
0000001a  0d00000000   Number.serialVersionUID VAL ( will be modified! ) 
0000001f  00           NOP ( will be modified! ) 
00000020  90           A:R@ 
00000021  01           ! 
00000022  10           R@ 
00000023  88           A:DROP 
00000024  1d           CELL+ 
00000025  01           ! 
00000026  3d           EXIT 

instruction usage:
load/store:		2	(18.181818181818183%)
32-bit values:		3	(27.27272727272727%)
16-bit values:		0	(0.0%)
5-bit values:		0	(0.0%)
values total:		3	(27.27272727272727%)
arithmetic/logical:	1	(9.090909090909092%)
relations:		0	(0.0%)
flow control:		1	(9.090909090909092%)
other:			4	(36.36363636363637%)
total:			11

average bytes per instruction: 3.3636363636363638

string storage in byte:	0
unresolved references:	1

Size of static code: 14
Size of initial code: 23

references:
ffffffff	1	Number.serialVersionUID
