00000011               
00000011               Object.Object§1827294976 LABEL 
00000011  55           1 VAL 
00000012  0d00000000   VALLOCATE VAL ( will be modified! ) 
00000017  00           NOP ( will be modified! ) 
00000018  90           A:R@ ( §base0 declared ) 
00000019  08           DROP 
0000001a  56           0 VAL 
0000001b  90           A:R@ ( §this declared ) 
0000001c  08           DROP 
0000001d  56           0 VAL 
0000001e  462400       36 VAL 
00000021  0d00000000   MALLOC VAL ( will be modified! ) 
00000026  00           NOP ( will be modified! ) 
00000027  08           DROP 
00000028  0e           DUP 
00000029  0e           DUP ( §base0 will be fetched! ) 
0000002a  d5           1 A:VAL 
0000002b  8b           A:PICK 
0000002c  10           R@ 
0000002d  88           A:DROP 
0000002e  0d00000000   V! VAL ( will be modified! ) 
00000033  00           NOP ( will be modified! ) ( §this will be modified! ) 
00000034  88           A:DROP 
00000035  90           A:R@ 
00000036  08           DROP 
00000037  0f           OVER 
00000038  420900       §1 0BRANCH 
0000003b  0f           OVER 
0000003c  1d           CELL+ 
0000003d  02           @ 
0000003e  52           4 VAL 
0000003f  16           + 
00000040  0f           OVER 
00000041  0f           OVER 
00000042  01           ! 
00000043  08           DROP 
00000044               §1 LABEL 
00000044  1d           CELL+ 
00000045  02           @ 
00000046  0f           OVER 
00000047  0f           OVER 
00000048  01           ! 
00000049  0a           NIP 
0000004a  0d00000000   Object§-1890496768.table VAL ( will be modified! ) 
0000004f  00           NOP ( will be modified! ) 
00000050  0f           OVER 
00000051  4a           12 VAL 
00000052  16           + 
00000053  01           ! 
00000054  0d0000518f   -1890516992 VAL 
00000059  0f           OVER 
0000005a  461400       20 VAL 
0000005d  16           + 
0000005e  01           ! 
0000005f  0d9f000000   §2 VAL 
00000064  0f           OVER 
00000065  461000       16 VAL 
00000068  16           + 
00000069  01           ! 
0000006a  55           1 VAL 
0000006b  0f           OVER 
0000006c  461800       24 VAL 
0000006f  16           + 
00000070  01           ! 
00000071  08           DROP 
00000072  56           0 VAL ( §this will be fetched! ) 
00000073  10           R@ 
00000074  1d           CELL+ 
00000075  02           @ 
00000076  462000       32 VAL 
00000079  16           + 
0000007a  01           ! 
0000007b  56           0 VAL ( §this will be fetched! ) 
0000007c  10           R@ 
0000007d  1d           CELL+ 
0000007e  02           @ 
0000007f  461c00       28 VAL 
00000082  16           + 
00000083  01           ! ( §this will be fetched! ) 
00000084  10           R@ 
00000085  0e           DUP 
00000086  56           0 VAL 
00000087  0d00000000   V! VAL ( will be modified! ) 
0000008c  00           NOP ( will be modified! ) 
0000008d  56           0 VAL 
0000008e               §break28162 LABEL ( §base0 will be fetched! ) 
0000008e  d5           1 A:VAL 
0000008f  8b           A:PICK 
00000090  10           R@ 
00000091  88           A:DROP 
00000092  0d00000000   SETVTOP VAL ( will be modified! ) 
00000097  00           NOP ( will be modified! ) remove §this remove §base0 
00000098  89           A:2DROP 
00000099  08           DROP 
0000009a               §0 LABEL 
0000009a  3d           EXIT 
0000009b  0600         §2 LABEL 
0000009d  4f626a656374 " Object " 
000000a3               
000000a3               Object.clone§-360160512 LABEL 
000000a3  55           1 VAL 
000000a4  0d00000000   VALLOCATE VAL ( will be modified! ) 
000000a9  00           NOP ( will be modified! ) 
000000aa  90           A:R@ ( §base0 declared ) 
000000ab  08           DROP 
000000ac  0e           DUP 
000000ad  56           0 VAL ( §base0 will be fetched! ) 
000000ae  10           R@ 
000000af  16           + 
000000b0  0d00000000   V! VAL ( will be modified! ) 
000000b5  00           NOP ( will be modified! ) 
000000b6  90           A:R@ ( §this declared ) 
000000b7  08           DROP 
000000b8  90           A:R@ ( §exception declared ) 
000000b9  08           DROP ( §this will be fetched! ) 
000000ba  d5           1 A:VAL 
000000bb  8b           A:PICK 
000000bc  10           R@ 
000000bd  88           A:DROP 
000000be  0d00000000   ALLOCATED-SIZE VAL ( will be modified! ) 
000000c3  00           NOP ( will be modified! ) 
000000c4  90           A:R@ 
000000c5  0d00000000   ALLOCATE VAL ( will be modified! ) 
000000ca  00           NOP ( will be modified! ) 
000000cb  08           DROP 
000000cc  90           A:R@ 
000000cd  08           DROP ( §this will be fetched! ) 
000000ce  d3           3 A:VAL 
000000cf  8b           A:PICK 
000000d0  10           R@ 
000000d1  88           A:DROP 
000000d2  1d           CELL+ 
000000d3  02           @ 
000000d4  10           R@ 
000000d5  1d           CELL+ 
000000d6  02           @ 
000000d7  11           R1@ 
000000d8  56           0 VAL 
000000d9  91           A:R1@ 
000000da  90           A:R@ 
000000db  09           2DROP 
000000dc  400900       §6 BRANCH 
000000df               §4 LABEL 
000000df  0f           OVER 
000000e0  10           R@ 
000000e1  16           + 
000000e2  04           C@ 
000000e3  0f           OVER 
000000e4  10           R@ 
000000e5  16           + 
000000e6  03           C! 
000000e7  98           A:1+ 
000000e8               §6 LABEL 
000000e8  ad           A:CMP 
000000e9  b8           A:0> 
000000ea  9f           A:INVERT 
000000eb  c2f1ff       §4 A:0BRANCH 
000000ee  89           A:2DROP 
000000ef               §5 LABEL 
000000ef  09           2DROP 
000000f0  0d00000000   SWEEP VAL ( will be modified! ) 
000000f5  00           NOP ( will be modified! ) 
000000f6  02           @ 
000000f7  2c           0= 
000000f8  421900       §7 0BRANCH 
000000fb  10           R@ 
000000fc  1d           CELL+ 
000000fd  02           @ 
000000fe  0e           DUP 
000000ff  0d00000000   INCREFERENCE VAL ( will be modified! ) 
00000104  00           NOP ( will be modified! ) 
00000105  1d           CELL+ 
00000106  0e           DUP 
00000107  0d00000000   INCREFERENCE VAL ( will be modified! ) 
0000010c  00           NOP ( will be modified! ) 
0000010d  1d           CELL+ 
0000010e  0d00000000   INCREFERENCE VAL ( will be modified! ) 
00000113  00           NOP ( will be modified! ) 
00000114               §7 LABEL 
00000114  10           R@ 
00000115  89           A:2DROP 
00000116  56           0 VAL 
00000117               §break28154 LABEL ( §base0 will be fetched! ) 
00000117  d4           2 A:VAL 
00000118  8b           A:PICK 
00000119  10           R@ 
0000011a  88           A:DROP 
0000011b  0d00000000   SETVTOP VAL ( will be modified! ) 
00000120  00           NOP ( will be modified! ) remove §exception remove §this remove §base0 
00000121  89           A:2DROP 
00000122  88           A:DROP 
00000123  08           DROP 
00000124               §3 LABEL 
00000124  3d           EXIT 
00000125               
00000125               Object.equals§-240098048 LABEL 
00000125  54           2 VAL 
00000126  0d00000000   VALLOCATE VAL ( will be modified! ) 
0000012b  00           NOP ( will be modified! ) 
0000012c  90           A:R@ ( §base0 declared ) 
0000012d  08           DROP 
0000012e  0e           DUP 
0000012f  52           4 VAL ( §base0 will be fetched! ) 
00000130  10           R@ 
00000131  16           + 
00000132  0d00000000   V! VAL ( will be modified! ) 
00000137  00           NOP ( will be modified! ) 
00000138  90           A:R@ ( §this declared ) 
00000139  08           DROP 
0000013a  0e           DUP 
0000013b  56           0 VAL ( §base0 will be fetched! ) 
0000013c  d5           1 A:VAL 
0000013d  8b           A:PICK 
0000013e  10           R@ 
0000013f  88           A:DROP 
00000140  16           + 
00000141  0d00000000   V! VAL ( will be modified! ) 
00000146  00           NOP ( will be modified! ) 
00000147  90           A:R@ ( obj declared ) 
00000148  08           DROP ( §this will be fetched! ) 
00000149  d5           1 A:VAL 
0000014a  8b           A:PICK 
0000014b  10           R@ 
0000014c  88           A:DROP ( obj will be fetched! ) 
0000014d  10           R@ 
0000014e  17           - 
0000014f  2c           0= 
00000150  56           0 VAL 
00000151  400100       §break28153 BRANCH 
00000154  56           0 VAL 
00000155               §break28153 LABEL ( §base0 will be fetched! ) 
00000155  d4           2 A:VAL 
00000156  8b           A:PICK 
00000157  10           R@ 
00000158  88           A:DROP 
00000159  0d00000000   SETVTOP VAL ( will be modified! ) 
0000015e  00           NOP ( will be modified! ) remove obj remove §this remove §base0 
0000015f  89           A:2DROP 
00000160  88           A:DROP 
00000161  08           DROP 
00000162               §8 LABEL 
00000162  3d           EXIT 
00000163               
00000163               Object.finalize§997811712 LABEL 
00000163  55           1 VAL 
00000164  0d00000000   VALLOCATE VAL ( will be modified! ) 
00000169  00           NOP ( will be modified! ) 
0000016a  90           A:R@ ( §base0 declared ) 
0000016b  08           DROP 
0000016c  0e           DUP 
0000016d  56           0 VAL ( §base0 will be fetched! ) 
0000016e  10           R@ 
0000016f  16           + 
00000170  0d00000000   V! VAL ( will be modified! ) 
00000175  00           NOP ( will be modified! ) 
00000176  90           A:R@ ( §this declared ) 
00000177  08           DROP 
00000178  90           A:R@ ( §exception declared ) 
00000179  08           DROP 
0000017a  56           0 VAL 
0000017b               §break28161 LABEL ( §base0 will be fetched! ) 
0000017b  d4           2 A:VAL 
0000017c  8b           A:PICK 
0000017d  10           R@ 
0000017e  88           A:DROP 
0000017f  0d00000000   SETVTOP VAL ( will be modified! ) 
00000184  00           NOP ( will be modified! ) remove §exception remove §this remove §base0 
00000185  89           A:2DROP 
00000186  88           A:DROP 
00000187  08           DROP 
00000188               §9 LABEL 
00000188  3d           EXIT 
00000189               
00000189               Object.hashCode§-1604556800 LABEL 
00000189  55           1 VAL 
0000018a  0d00000000   VALLOCATE VAL ( will be modified! ) 
0000018f  00           NOP ( will be modified! ) 
00000190  90           A:R@ ( §base0 declared ) 
00000191  08           DROP 
00000192  0e           DUP 
00000193  56           0 VAL ( §base0 will be fetched! ) 
00000194  10           R@ 
00000195  16           + 
00000196  0d00000000   V! VAL ( will be modified! ) 
0000019b  00           NOP ( will be modified! ) 
0000019c  90           A:R@ ( §this declared ) 
0000019d  08           DROP ( §this will be fetched! ) 
0000019e  10           R@ 
0000019f  0e           DUP 
000001a0  56           0 VAL 
000001a1  0d00000000   V! VAL ( will be modified! ) 
000001a6  00           NOP ( will be modified! ) 
000001a7  56           0 VAL 
000001a8  400100       §break28152 BRANCH 
000001ab  56           0 VAL 
000001ac               §break28152 LABEL ( §base0 will be fetched! ) 
000001ac  d5           1 A:VAL 
000001ad  8b           A:PICK 
000001ae  10           R@ 
000001af  88           A:DROP 
000001b0  0d00000000   SETVTOP VAL ( will be modified! ) 
000001b5  00           NOP ( will be modified! ) remove §this remove §base0 
000001b6  89           A:2DROP 
000001b7  08           DROP 
000001b8               §10 LABEL 
000001b8  3d           EXIT 
000001b9               
000001b9               Object.monitorEnter§801271040 LABEL 
000001b9  53           3 VAL 
000001ba  0d00000000   VALLOCATE VAL ( will be modified! ) 
000001bf  00           NOP ( will be modified! ) 
000001c0  90           A:R@ ( §base0 declared ) 
000001c1  08           DROP 
000001c2  0e           DUP 
000001c3  52           4 VAL ( §base0 will be fetched! ) 
000001c4  10           R@ 
000001c5  16           + 
000001c6  0d00000000   V! VAL ( will be modified! ) 
000001cb  00           NOP ( will be modified! ) 
000001cc  90           A:R@ ( §this declared ) 
000001cd  08           DROP 
000001ce  0e           DUP 
000001cf  56           0 VAL ( §base0 will be fetched! ) 
000001d0  d5           1 A:VAL 
000001d1  8b           A:PICK 
000001d2  10           R@ 
000001d3  88           A:DROP 
000001d4  16           + 
000001d5  0d00000000   V! VAL ( will be modified! ) 
000001da  00           NOP ( will be modified! ) 
000001db  90           A:R@ ( classThread declared ) 
000001dc  08           DROP 
000001dd  56           0 VAL 
000001de  90           A:R@ ( t declared ) 
000001df  08           DROP 
000001e0  46d4ff       -44 VAL 
000001e3  02           @ ( §this will be fetched! ) 
000001e4  d4           2 A:VAL 
000001e5  8b           A:PICK 
000001e6  10           R@ 
000001e7  88           A:DROP 
000001e8  1d           CELL+ 
000001e9  02           @ 
000001ea  461c00       28 VAL 
000001ed  16           + 
000001ee  02           @ 
000001ef  36           0<> 
000001f0  411300       and_32887 0BRANCH! 
000001f3  08           DROP ( §this will be fetched! ) 
000001f4  d4           2 A:VAL 
000001f5  8b           A:PICK 
000001f6  10           R@ 
000001f7  88           A:DROP 
000001f8  1d           CELL+ 
000001f9  02           @ 
000001fa  461c00       28 VAL 
000001fd  16           + 
000001fe  02           @ 
000001ff  0d00000000   ThreadState.getState§366110464 VAL ( will be modified! ) 
00000204  00           NOP ( will be modified! ) 
00000205  2c           0= 
00000206               and_32887 LABEL 
00000206  421a00       §12 0BRANCH 
00000209  56           0 VAL ( §this will be fetched! ) 
0000020a  d4           2 A:VAL 
0000020b  8b           A:PICK 
0000020c  10           R@ 
0000020d  88           A:DROP 
0000020e  1d           CELL+ 
0000020f  02           @ 
00000210  461c00       28 VAL 
00000213  16           + 
00000214  01           ! 
00000215  56           0 VAL ( §this will be fetched! ) 
00000216  d4           2 A:VAL 
00000217  8b           A:PICK 
00000218  10           R@ 
00000219  88           A:DROP 
0000021a  1d           CELL+ 
0000021b  02           @ 
0000021c  462000       32 VAL 
0000021f  16           + 
00000220  01           ! 
00000221  56           0 VAL 
00000222               §break28147 LABEL 
00000222  08           DROP 
00000223               §12 LABEL 
00000223               §13 LABEL 
00000223  0d00000000   Thread.currentThread§-1671470336 VAL ( will be modified! ) 
00000228  00           NOP ( will be modified! ) 
00000229  0e           DUP 
0000022a  0e           DUP 
0000022b  4e           8 VAL ( §base0 will be fetched! ) 
0000022c  d3           3 A:VAL 
0000022d  8b           A:PICK 
0000022e  10           R@ 
0000022f  88           A:DROP 
00000230  16           + 
00000231  0d00000000   V! VAL ( will be modified! ) 
00000236  00           NOP ( will be modified! ) ( t will be modified! ) 
00000237  88           A:DROP 
00000238  90           A:R@ 
00000239  08           DROP ( §this will be fetched! ) 
0000023a  d4           2 A:VAL 
0000023b  8b           A:PICK 
0000023c  10           R@ 
0000023d  88           A:DROP 
0000023e  1d           CELL+ 
0000023f  02           @ 
00000240  461c00       28 VAL 
00000243  16           + 
00000244  02           @ 
00000245  17           - 
00000246  36           0<> 
00000247  2b           0=! 
00000248  421100       or_32900 0BRANCH 
0000024b  08           DROP ( t will be fetched! ) 
0000024c  10           R@ ( classThread will be fetched! ) 
0000024d  d5           1 A:VAL 
0000024e  8b           A:PICK 
0000024f  10           R@ 
00000250  88           A:DROP 
00000251  17           - 
00000252  36           0<> 
00000253  410600       and_32901 0BRANCH! 
00000256  08           DROP ( classThread will be fetched! ) 
00000257  d5           1 A:VAL 
00000258  8b           A:PICK 
00000259  10           R@ 
0000025a  88           A:DROP 
0000025b  36           0<> 
0000025c               and_32901 LABEL 
0000025c               or_32900 LABEL 
0000025c  410d00       and_32899 0BRANCH! 
0000025f  08           DROP ( §this will be fetched! ) 
00000260  d4           2 A:VAL 
00000261  8b           A:PICK 
00000262  10           R@ 
00000263  88           A:DROP 
00000264  1d           CELL+ 
00000265  02           @ 
00000266  461c00       28 VAL 
00000269  16           + 
0000026a  02           @ 
0000026b  36           0<> 
0000026c               and_32899 LABEL 
0000026c  421900       §14 0BRANCH 
0000026f  0d00000000   ThreadState.BLOCKED VAL ( will be modified! ) 
00000274  00           NOP ( will be modified! ) 
00000275  02           @ ( §this will be fetched! ) 
00000276  d4           2 A:VAL 
00000277  8b           A:PICK 
00000278  10           R@ 
00000279  88           A:DROP 
0000027a  56           0 VAL 
0000027b  90           A:R@ 
0000027c  2a           0< 
0000027d  10           R@ 
0000027e  88           A:DROP 
0000027f  0d00000000   ThreadState.switchTask§416117504 VAL ( will be modified! ) 
00000284  00           NOP ( will be modified! ) 
00000285  409bff       §13 BRANCH 
00000288               §14 LABEL 
00000288  56           0 VAL 
00000289               §break28148 LABEL 
00000289  08           DROP ( t will be fetched! ) 
0000028a  10           R@ ( §this will be fetched! ) 
0000028b  d4           2 A:VAL 
0000028c  8b           A:PICK 
0000028d  10           R@ 
0000028e  88           A:DROP 
0000028f  1d           CELL+ 
00000290  02           @ 
00000291  461c00       28 VAL 
00000294  16           + 
00000295  01           ! ( §this will be fetched! ) 
00000296  d4           2 A:VAL 
00000297  8b           A:PICK 
00000298  10           R@ 
00000299  88           A:DROP 
0000029a  1d           CELL+ 
0000029b  02           @ 
0000029c  462000       32 VAL 
0000029f  16           + 
000002a0  90           A:R@ 
000002a1  02           @ 
000002a2  18           1+ 
000002a3  10           R@ 
000002a4  01           ! 
000002a5  88           A:DROP 
000002a6  46d4ff       -44 VAL 
000002a9  01           ! 
000002aa  56           0 VAL 
000002ab               §break28146 LABEL ( §base0 will be fetched! ) 
000002ab  d3           3 A:VAL 
000002ac  8b           A:PICK 
000002ad  10           R@ 
000002ae  88           A:DROP 
000002af  0d00000000   SETVTOP VAL ( will be modified! ) 
000002b4  00           NOP ( will be modified! ) remove t remove classThread remove §this remove §base0 
000002b5  89           A:2DROP 
000002b6  89           A:2DROP 
000002b7  08           DROP 
000002b8               §11 LABEL 
000002b8  3d           EXIT 
000002b9               
000002b9               Object.monitorLeave§1974299904 LABEL 
000002b9  55           1 VAL 
000002ba  0d00000000   VALLOCATE VAL ( will be modified! ) 
000002bf  00           NOP ( will be modified! ) 
000002c0  90           A:R@ ( §base0 declared ) 
000002c1  08           DROP 
000002c2  0e           DUP 
000002c3  56           0 VAL ( §base0 will be fetched! ) 
000002c4  10           R@ 
000002c5  16           + 
000002c6  0d00000000   V! VAL ( will be modified! ) 
000002cb  00           NOP ( will be modified! ) 
000002cc  90           A:R@ ( §this declared ) 
000002cd  08           DROP 
000002ce  46d4ff       -44 VAL 
000002d1  02           @ 
000002d2  55           1 VAL 
000002d3  0d00000000   VALLOCATE VAL ( will be modified! ) 
000002d8  00           NOP ( will be modified! ) 
000002d9  90           A:R@ ( §tempvar declared ) 
000002da  08           DROP ( §this will be fetched! ) 
000002db  d5           1 A:VAL 
000002dc  8b           A:PICK 
000002dd  10           R@ 
000002de  88           A:DROP 
000002df  1d           CELL+ 
000002e0  02           @ 
000002e1  461c00       28 VAL 
000002e4  16           + 
000002e5  02           @ 
000002e6  0d00000000   Thread.currentThread§-1671470336 VAL ( will be modified! ) 
000002eb  00           NOP ( will be modified! ) 
000002ec  0e           DUP ( §tempvar will be fetched! ) 
000002ed  10           R@ 
000002ee  0d00000000   V! VAL ( will be modified! ) 
000002f3  00           NOP ( will be modified! ) 
000002f4  17           - 
000002f5  2c           0= 
000002f6  410d00       and_32918 0BRANCH! 
000002f9  08           DROP ( §this will be fetched! ) 
000002fa  d5           1 A:VAL 
000002fb  8b           A:PICK 
000002fc  10           R@ 
000002fd  88           A:DROP 
000002fe  1d           CELL+ 
000002ff  02           @ 
00000300  462000       32 VAL 
00000303  16           + 
00000304  02           @ 
00000305  38           0> 
00000306               and_32918 LABEL ( §tempvar will be fetched! ) 
00000306  10           R@ 
00000307  0d00000000   SETVTOP VAL ( will be modified! ) 
0000030c  00           NOP ( will be modified! ) remove §tempvar 
0000030d  88           A:DROP 
0000030e  421d00       §16 0BRANCH ( §this will be fetched! ) 
00000311  10           R@ 
00000312  1d           CELL+ 
00000313  02           @ 
00000314  462000       32 VAL 
00000317  16           + 
00000318  90           A:R@ 
00000319  02           @ 
0000031a  19           1- 
0000031b  0e           DUP 
0000031c  10           R@ 
0000031d  01           ! 
0000031e  88           A:DROP 
0000031f  2c           0= 
00000320  420900       §17 0BRANCH 
00000323  56           0 VAL ( §this will be fetched! ) 
00000324  10           R@ 
00000325  1d           CELL+ 
00000326  02           @ 
00000327  461c00       28 VAL 
0000032a  16           + 
0000032b  01           ! 
0000032c               §17 LABEL 
0000032c  56           0 VAL 
0000032d               §break28151 LABEL 
0000032d  08           DROP 
0000032e               §16 LABEL 
0000032e  46d4ff       -44 VAL 
00000331  01           ! 
00000332  56           0 VAL 
00000333               §break28150 LABEL ( §base0 will be fetched! ) 
00000333  d5           1 A:VAL 
00000334  8b           A:PICK 
00000335  10           R@ 
00000336  88           A:DROP 
00000337  0d00000000   SETVTOP VAL ( will be modified! ) 
0000033c  00           NOP ( will be modified! ) remove §this remove §base0 
0000033d  89           A:2DROP 
0000033e  08           DROP 
0000033f               §15 LABEL 
0000033f  3d           EXIT 
00000340               
00000340               Object.notify§2134994432 LABEL 
00000340  55           1 VAL 
00000341  0d00000000   VALLOCATE VAL ( will be modified! ) 
00000346  00           NOP ( will be modified! ) 
00000347  90           A:R@ ( §base0 declared ) 
00000348  08           DROP 
00000349  0e           DUP 
0000034a  56           0 VAL ( §base0 will be fetched! ) 
0000034b  10           R@ 
0000034c  16           + 
0000034d  0d00000000   V! VAL ( will be modified! ) 
00000352  00           NOP ( will be modified! ) 
00000353  90           A:R@ ( §this declared ) 
00000354  08           DROP 
00000355  90           A:R@ ( §exception declared ) 
00000356  08           DROP 
00000357  55           1 VAL 
00000358  0d00000000   VALLOCATE VAL ( will be modified! ) 
0000035d  00           NOP ( will be modified! ) 
0000035e  90           A:R@ ( §tempvar declared ) 
0000035f  08           DROP ( §this will be fetched! ) 
00000360  d4           2 A:VAL 
00000361  8b           A:PICK 
00000362  10           R@ 
00000363  88           A:DROP 
00000364  1d           CELL+ 
00000365  02           @ 
00000366  461c00       28 VAL 
00000369  16           + 
0000036a  02           @ 
0000036b  36           0<> 
0000036c  411c00       and_32935 0BRANCH! 
0000036f  08           DROP ( §this will be fetched! ) 
00000370  d4           2 A:VAL 
00000371  8b           A:PICK 
00000372  10           R@ 
00000373  88           A:DROP 
00000374  1d           CELL+ 
00000375  02           @ 
00000376  461c00       28 VAL 
00000379  16           + 
0000037a  02           @ 
0000037b  0d00000000   Thread.currentThread§-1671470336 VAL ( will be modified! ) 
00000380  00           NOP ( will be modified! ) 
00000381  0e           DUP ( §tempvar will be fetched! ) 
00000382  10           R@ 
00000383  0d00000000   V! VAL ( will be modified! ) 
00000388  00           NOP ( will be modified! ) 
00000389  17           - 
0000038a  36           0<> 
0000038b               and_32935 LABEL ( §tempvar will be fetched! ) 
0000038b  10           R@ 
0000038c  0d00000000   SETVTOP VAL ( will be modified! ) 
00000391  00           NOP ( will be modified! ) remove §tempvar 
00000392  88           A:DROP 
00000393  421a00       §19 0BRANCH 
00000396  0d00000000   IllegalMonitorStateException§-52541184.table VAL ( will be modified! ) 
0000039b  00           NOP ( will be modified! ) 
0000039c  0d0049c702   46614784 VAL 
000003a1  0d00000000   EXECUTE-NEW VAL ( will be modified! ) 
000003a6  00           NOP ( will be modified! ) ( §exception will be fetched! ) 
000003a7  10           R@ ( §return will be modified! ) 
000003a8  90           A:R@ 
000003a9  d3           3 A:VAL 
000003aa  8c           A:PUT 
000003ab  08           DROP 
000003ac  56           0 VAL 
000003ad  401300       §break28156 BRANCH 
000003b0               §19 LABEL 
000003b0  0d00000000   ThreadState.WAITING VAL ( will be modified! ) 
000003b5  00           NOP ( will be modified! ) 
000003b6  02           @ ( §this will be fetched! ) 
000003b7  d5           1 A:VAL 
000003b8  8b           A:PICK 
000003b9  10           R@ 
000003ba  88           A:DROP 
000003bb  56           0 VAL 
000003bc  0d00000000   ThreadState.unblockTask§1685746944 VAL ( will be modified! ) 
000003c1  00           NOP ( will be modified! ) 
000003c2  56           0 VAL 
000003c3               §break28156 LABEL ( §base0 will be fetched! ) 
000003c3  d4           2 A:VAL 
000003c4  8b           A:PICK 
000003c5  10           R@ 
000003c6  88           A:DROP 
000003c7  0d00000000   SETVTOP VAL ( will be modified! ) 
000003cc  00           NOP ( will be modified! ) remove §exception remove §this remove §base0 
000003cd  89           A:2DROP 
000003ce  88           A:DROP 
000003cf  08           DROP 
000003d0               §18 LABEL 
000003d0  3d           EXIT 
000003d1               
000003d1               Object.notifyAll§2130144768 LABEL 
000003d1  55           1 VAL 
000003d2  0d00000000   VALLOCATE VAL ( will be modified! ) 
000003d7  00           NOP ( will be modified! ) 
000003d8  90           A:R@ ( §base0 declared ) 
000003d9  08           DROP 
000003da  0e           DUP 
000003db  56           0 VAL ( §base0 will be fetched! ) 
000003dc  10           R@ 
000003dd  16           + 
000003de  0d00000000   V! VAL ( will be modified! ) 
000003e3  00           NOP ( will be modified! ) 
000003e4  90           A:R@ ( §this declared ) 
000003e5  08           DROP 
000003e6  90           A:R@ ( §exception declared ) 
000003e7  08           DROP 
000003e8  55           1 VAL 
000003e9  0d00000000   VALLOCATE VAL ( will be modified! ) 
000003ee  00           NOP ( will be modified! ) 
000003ef  90           A:R@ ( §tempvar declared ) 
000003f0  08           DROP ( §this will be fetched! ) 
000003f1  d4           2 A:VAL 
000003f2  8b           A:PICK 
000003f3  10           R@ 
000003f4  88           A:DROP 
000003f5  1d           CELL+ 
000003f6  02           @ 
000003f7  461c00       28 VAL 
000003fa  16           + 
000003fb  02           @ 
000003fc  36           0<> 
000003fd  411c00       and_32946 0BRANCH! 
00000400  08           DROP ( §this will be fetched! ) 
00000401  d4           2 A:VAL 
00000402  8b           A:PICK 
00000403  10           R@ 
00000404  88           A:DROP 
00000405  1d           CELL+ 
00000406  02           @ 
00000407  461c00       28 VAL 
0000040a  16           + 
0000040b  02           @ 
0000040c  0d00000000   Thread.currentThread§-1671470336 VAL ( will be modified! ) 
00000411  00           NOP ( will be modified! ) 
00000412  0e           DUP ( §tempvar will be fetched! ) 
00000413  10           R@ 
00000414  0d00000000   V! VAL ( will be modified! ) 
00000419  00           NOP ( will be modified! ) 
0000041a  17           - 
0000041b  36           0<> 
0000041c               and_32946 LABEL ( §tempvar will be fetched! ) 
0000041c  10           R@ 
0000041d  0d00000000   SETVTOP VAL ( will be modified! ) 
00000422  00           NOP ( will be modified! ) remove §tempvar 
00000423  88           A:DROP 
00000424  421a00       §21 0BRANCH 
00000427  0d00000000   IllegalMonitorStateException§-52541184.table VAL ( will be modified! ) 
0000042c  00           NOP ( will be modified! ) 
0000042d  0d0049c702   46614784 VAL 
00000432  0d00000000   EXECUTE-NEW VAL ( will be modified! ) 
00000437  00           NOP ( will be modified! ) ( §exception will be fetched! ) 
00000438  10           R@ ( §return will be modified! ) 
00000439  90           A:R@ 
0000043a  d3           3 A:VAL 
0000043b  8c           A:PUT 
0000043c  08           DROP 
0000043d  56           0 VAL 
0000043e  401b00       §break28157 BRANCH 
00000441               §21 LABEL 
00000441  46d4ff       -44 VAL 
00000444  02           @ 
00000445  0d00000000   ThreadState.WAITING VAL ( will be modified! ) 
0000044a  00           NOP ( will be modified! ) 
0000044b  02           @ ( §this will be fetched! ) 
0000044c  d5           1 A:VAL 
0000044d  8b           A:PICK 
0000044e  10           R@ 
0000044f  88           A:DROP 
00000450  57           -1 VAL 
00000451  0d00000000   ThreadState.unblockTask§1685746944 VAL ( will be modified! ) 
00000456  00           NOP ( will be modified! ) 
00000457  46d4ff       -44 VAL 
0000045a  01           ! 
0000045b  56           0 VAL 
0000045c               §break28157 LABEL ( §base0 will be fetched! ) 
0000045c  d4           2 A:VAL 
0000045d  8b           A:PICK 
0000045e  10           R@ 
0000045f  88           A:DROP 
00000460  0d00000000   SETVTOP VAL ( will be modified! ) 
00000465  00           NOP ( will be modified! ) remove §exception remove §this remove §base0 
00000466  89           A:2DROP 
00000467  88           A:DROP 
00000468  08           DROP 
00000469               §20 LABEL 
00000469  3d           EXIT 
0000046a               
0000046a               Object.toString§1621718016 LABEL 
0000046a  54           2 VAL 
0000046b  0d00000000   VALLOCATE VAL ( will be modified! ) 
00000470  00           NOP ( will be modified! ) 
00000471  90           A:R@ ( §base0 declared ) 
00000472  08           DROP 
00000473  0e           DUP 
00000474  56           0 VAL ( §base0 will be fetched! ) 
00000475  10           R@ 
00000476  16           + 
00000477  0d00000000   V! VAL ( will be modified! ) 
0000047c  00           NOP ( will be modified! ) 
0000047d  90           A:R@ ( §this declared ) 
0000047e  08           DROP 
0000047f  56           0 VAL 
00000480  0e           DUP 
00000481  0e           DUP 
00000482  90           A:R@ ( h declared ) 
00000483  08           DROP 
00000484  90           A:R@ ( length declared ) 
00000485  08           DROP 
00000486  90           A:R@ ( string declared ) 
00000487  08           DROP ( §this will be fetched! ) 
00000488  d3           3 A:VAL 
00000489  8b           A:PICK 
0000048a  10           R@ 
0000048b  88           A:DROP 
0000048c  1d           CELL+ 
0000048d  02           @ 
0000048e  461000       16 VAL 
00000491  16           + 
00000492  1e           HALF+ 
00000493  0e           DUP 
00000494  19           1- 
00000495  04           C@ 
00000496  4e           8 VAL 
00000497  20           LSHIFT 
00000498  0f           OVER 
00000499  19           1- 
0000049a  19           1- 
0000049b  04           C@ 
0000049c  22           OR ( length will be modified! ) 
0000049d  90           A:R@ 
0000049e  d5           1 A:VAL 
0000049f  8c           A:PUT 
000004a0  08           DROP ( string will be modified! ) 
000004a1  88           A:DROP 
000004a2  90           A:R@ 
000004a3  08           DROP 
000004a4  52           4 VAL 
000004a5  0d00000000   VALLOCATE VAL ( will be modified! ) 
000004aa  00           NOP ( will be modified! ) 
000004ab  90           A:R@ ( §tempvar declared ) 
000004ac  08           DROP ( length will be fetched! ) 
000004ad  d4           2 A:VAL 
000004ae  8b           A:PICK 
000004af  10           R@ 
000004b0  88           A:DROP ( string will be fetched! ) 
000004b1  d5           1 A:VAL 
000004b2  8b           A:PICK 
000004b3  10           R@ 
000004b4  88           A:DROP 
000004b5  0d00000000   JavaArray.createString§-105880832 VAL ( will be modified! ) 
000004ba  00           NOP ( will be modified! ) 
000004bb  0e           DUP ( §tempvar will be fetched! ) 
000004bc  10           R@ 
000004bd  0d00000000   V! VAL ( will be modified! ) 
000004c2  00           NOP ( will be modified! ) 
000004c3  0d66050000   §23 VAL 
000004c8  1e           HALF+ 
000004c9  0e           DUP 
000004ca  19           1- 
000004cb  04           C@ 
000004cc  4e           8 VAL 
000004cd  20           LSHIFT 
000004ce  0f           OVER 
000004cf  19           1- 
000004d0  19           1- 
000004d1  04           C@ 
000004d2  22           OR 
000004d3  0d00000000   JavaArray.createUnicode§-675323136 VAL ( will be modified! ) 
000004d8  00           NOP ( will be modified! ) 
000004d9  0e           DUP ( §tempvar will be fetched! ) 
000004da  10           R@ 
000004db  52           4 VAL 
000004dc  16           + 
000004dd  0d00000000   V! VAL ( will be modified! ) 
000004e2  00           NOP ( will be modified! ) 
000004e3  91           A:R1@ 
000004e4  0a           NIP 
000004e5  10           R@ 
000004e6  88           A:DROP 
000004e7  0d0063e4a8   -1461427456 VAL 
000004ec  57           -1 VAL 
000004ed  0d00000000   EXECUTE-METHOD VAL ( will be modified! ) 
000004f2  00           NOP ( will be modified! ) 
000004f3  0e           DUP ( §tempvar will be fetched! ) 
000004f4  10           R@ 
000004f5  4e           8 VAL 
000004f6  16           + 
000004f7  0d00000000   V! VAL ( will be modified! ) 
000004fc  00           NOP ( will be modified! ) ( §this will be fetched! ) 
000004fd  d2           4 A:VAL 
000004fe  8b           A:PICK 
000004ff  10           R@ 
00000500  88           A:DROP 
00000501  90           A:R@ 
00000502  08           DROP 
00000503  10           R@ 
00000504  88           A:DROP 
00000505  0d00685ca0   -1604556800 VAL 
0000050a  57           -1 VAL 
0000050b  0d00000000   EXECUTE-METHOD VAL ( will be modified! ) 
00000510  00           NOP ( will be modified! ) 
00000511  0d00000000   <# VAL ( will be modified! ) 
00000516  00           NOP ( will be modified! ) 
00000517  56           0 VAL 
00000518  0d00000000   ..R VAL ( will be modified! ) 
0000051d  00           NOP ( will be modified! ) 
0000051e  0d00000000   JavaArray.createString§-105880832 VAL ( will be modified! ) 
00000523  00           NOP ( will be modified! ) 
00000524  0e           DUP ( §tempvar will be fetched! ) 
00000525  10           R@ 
00000526  4a           12 VAL 
00000527  16           + 
00000528  0d00000000   V! VAL ( will be modified! ) 
0000052d  00           NOP ( will be modified! ) 
0000052e  91           A:R1@ 
0000052f  0a           NIP 
00000530  10           R@ 
00000531  88           A:DROP 
00000532  0d0063e4a8   -1461427456 VAL 
00000537  57           -1 VAL 
00000538  0d00000000   EXECUTE-METHOD VAL ( will be modified! ) 
0000053d  00           NOP ( will be modified! ) 
0000053e  0e           DUP 
0000053f  56           0 VAL 
00000540  0d00000000   V! VAL ( will be modified! ) 
00000545  00           NOP ( will be modified! ) ( §tempvar will be fetched! ) 
00000546  10           R@ 
00000547  0d00000000   SETVTOP VAL ( will be modified! ) 
0000054c  00           NOP ( will be modified! ) remove §tempvar 
0000054d  88           A:DROP 
0000054e  56           0 VAL 
0000054f  400100       §break28155 BRANCH 
00000552  56           0 VAL 
00000553               §break28155 LABEL ( §base0 will be fetched! ) 
00000553  d2           4 A:VAL 
00000554  8b           A:PICK 
00000555  10           R@ 
00000556  88           A:DROP 
00000557  0d00000000   SETVTOP VAL ( will be modified! ) 
0000055c  00           NOP ( will be modified! ) remove string remove length remove h remove §this remove §base0 
0000055d  89           A:2DROP 
0000055e  89           A:2DROP 
0000055f  88           A:DROP 
00000560  08           DROP 
00000561               §22 LABEL 
00000561  3d           EXIT 
00000562  0200         §23 LABEL 
00000564  4000         " @  " 
00000566               
00000566               Object.wait§-1913293056 LABEL 
00000566  55           1 VAL 
00000567  0d00000000   VALLOCATE VAL ( will be modified! ) 
0000056c  00           NOP ( will be modified! ) 
0000056d  90           A:R@ ( §base0 declared ) 
0000056e  08           DROP 
0000056f  0e           DUP 
00000570  56           0 VAL ( §base0 will be fetched! ) 
00000571  10           R@ 
00000572  16           + 
00000573  0d00000000   V! VAL ( will be modified! ) 
00000578  00           NOP ( will be modified! ) 
00000579  90           A:R@ ( §this declared ) 
0000057a  08           DROP 
0000057b  90           A:R@ ( §exception declared ) 
0000057c  08           DROP 
0000057d  91           A:R1@ ( timeout declared ) 
0000057e  90           A:R@ 
0000057f  09           2DROP ( timeout will be fetched! ) 
00000580  11           R1@ 
00000581  10           R@ 
00000582  08           DROP 
00000583  2a           0< 
00000584  424c00       §25 0BRANCH 
00000587  55           1 VAL 
00000588  0d00000000   VALLOCATE VAL ( will be modified! ) 
0000058d  00           NOP ( will be modified! ) 
0000058e  90           A:R@ ( §tempvar declared ) 
0000058f  08           DROP 
00000590  0dc4060000   §26 VAL 
00000595  1e           HALF+ 
00000596  0e           DUP 
00000597  19           1- 
00000598  04           C@ 
00000599  4e           8 VAL 
0000059a  20           LSHIFT 
0000059b  0f           OVER 
0000059c  19           1- 
0000059d  19           1- 
0000059e  04           C@ 
0000059f  22           OR 
000005a0  0d00000000   JavaArray.createUnicode§-675323136 VAL ( will be modified! ) 
000005a5  00           NOP ( will be modified! ) 
000005a6  0e           DUP ( §tempvar will be fetched! ) 
000005a7  10           R@ 
000005a8  0d00000000   V! VAL ( will be modified! ) 
000005ad  00           NOP ( will be modified! ) 
000005ae  0d00000000   IllegalArgumentException§-946714368.table VAL ( will be modified! ) 
000005b3  00           NOP ( will be modified! ) 
000005b4  0d0049f52b   737495296 VAL 
000005b9  0d00000000   EXECUTE-NEW VAL ( will be modified! ) 
000005be  00           NOP ( will be modified! ) ( §exception will be fetched! ) 
000005bf  d3           3 A:VAL 
000005c0  8b           A:PICK 
000005c1  10           R@ 
000005c2  88           A:DROP ( §return will be modified! ) 
000005c3  90           A:R@ 
000005c4  d0           6 A:VAL 
000005c5  8c           A:PUT 
000005c6  08           DROP ( §tempvar will be fetched! ) 
000005c7  10           R@ 
000005c8  0d00000000   SETVTOP VAL ( will be modified! ) 
000005cd  00           NOP ( will be modified! ) remove §tempvar 
000005ce  88           A:DROP 
000005cf  56           0 VAL 
000005d0  40de00       §break28158 BRANCH 
000005d3               §25 LABEL 
000005d3  55           1 VAL 
000005d4  0d00000000   VALLOCATE VAL ( will be modified! ) 
000005d9  00           NOP ( will be modified! ) 
000005da  90           A:R@ ( §tempvar declared ) 
000005db  08           DROP ( §this will be fetched! ) 
000005dc  d2           4 A:VAL 
000005dd  8b           A:PICK 
000005de  10           R@ 
000005df  88           A:DROP 
000005e0  1d           CELL+ 
000005e1  02           @ 
000005e2  461c00       28 VAL 
000005e5  16           + 
000005e6  02           @ 
000005e7  36           0<> 
000005e8  411c00       and_32970 0BRANCH! 
000005eb  08           DROP ( §this will be fetched! ) 
000005ec  d2           4 A:VAL 
000005ed  8b           A:PICK 
000005ee  10           R@ 
000005ef  88           A:DROP 
000005f0  1d           CELL+ 
000005f1  02           @ 
000005f2  461c00       28 VAL 
000005f5  16           + 
000005f6  02           @ 
000005f7  0d00000000   Thread.currentThread§-1671470336 VAL ( will be modified! ) 
000005fc  00           NOP ( will be modified! ) 
000005fd  0e           DUP ( §tempvar will be fetched! ) 
000005fe  10           R@ 
000005ff  0d00000000   V! VAL ( will be modified! ) 
00000604  00           NOP ( will be modified! ) 
00000605  17           - 
00000606  36           0<> 
00000607               and_32970 LABEL ( §tempvar will be fetched! ) 
00000607  10           R@ 
00000608  0d00000000   SETVTOP VAL ( will be modified! ) 
0000060d  00           NOP ( will be modified! ) remove §tempvar 
0000060e  88           A:DROP 
0000060f  421d00       §27 0BRANCH 
00000612  0d00000000   IllegalMonitorStateException§-52541184.table VAL ( will be modified! ) 
00000617  00           NOP ( will be modified! ) 
00000618  0d0049c702   46614784 VAL 
0000061d  0d00000000   EXECUTE-NEW VAL ( will be modified! ) 
00000622  00           NOP ( will be modified! ) ( §exception will be fetched! ) 
00000623  d4           2 A:VAL 
00000624  8b           A:PICK 
00000625  10           R@ 
00000626  88           A:DROP ( §return will be modified! ) 
00000627  90           A:R@ 
00000628  d1           5 A:VAL 
00000629  8c           A:PUT 
0000062a  08           DROP 
0000062b  56           0 VAL 
0000062c  408200       §break28158 BRANCH 
0000062f               §27 LABEL 
0000062f  55           1 VAL 
00000630  0d00000000   VALLOCATE VAL ( will be modified! ) 
00000635  00           NOP ( will be modified! ) 
00000636  90           A:R@ ( §tempvar declared ) 
00000637  08           DROP 
00000638  0d00000000   Thread.currentThread§-1671470336 VAL ( will be modified! ) 
0000063d  00           NOP ( will be modified! ) 
0000063e  0e           DUP ( §tempvar will be fetched! ) 
0000063f  10           R@ 
00000640  0d00000000   V! VAL ( will be modified! ) 
00000645  00           NOP ( will be modified! ) 
00000646  0d00000000   Thread.interrupted§-1804572416 VAL ( will be modified! ) 
0000064b  00           NOP ( will be modified! ) ( §tempvar will be fetched! ) 
0000064c  10           R@ 
0000064d  0d00000000   SETVTOP VAL ( will be modified! ) 
00000652  00           NOP ( will be modified! ) remove §tempvar 
00000653  88           A:DROP 
00000654  421d00       §28 0BRANCH 
00000657  0d00000000   InterruptedException§-1721546496.table VAL ( will be modified! ) 
0000065c  00           NOP ( will be modified! ) 
0000065d  0d0049cc4e   1322010880 VAL 
00000662  0d00000000   EXECUTE-NEW VAL ( will be modified! ) 
00000667  00           NOP ( will be modified! ) ( §exception will be fetched! ) 
00000668  d4           2 A:VAL 
00000669  8b           A:PICK 
0000066a  10           R@ 
0000066b  88           A:DROP ( §return will be modified! ) 
0000066c  90           A:R@ 
0000066d  d1           5 A:VAL 
0000066e  8c           A:PUT 
0000066f  08           DROP 
00000670  56           0 VAL 
00000671  403d00       §break28158 BRANCH 
00000674               §28 LABEL ( §this will be fetched! ) 
00000674  d3           3 A:VAL 
00000675  8b           A:PICK 
00000676  10           R@ 
00000677  88           A:DROP 
00000678  90           A:R@ 
00000679  08           DROP 
0000067a  56           0 VAL 
0000067b  10           R@ 
0000067c  88           A:DROP 
0000067d  0d006dc22f   801271040 VAL 
00000682  57           -1 VAL 
00000683  0d00000000   EXECUTE-METHOD VAL ( will be modified! ) 
00000688  00           NOP ( will be modified! ) 
00000689  0d00000000   ThreadState.WAITING VAL ( will be modified! ) 
0000068e  00           NOP ( will be modified! ) 
0000068f  02           @ ( §this will be fetched! ) 
00000690  d3           3 A:VAL 
00000691  8b           A:PICK 
00000692  10           R@ 
00000693  88           A:DROP ( timeout will be fetched! ) 
00000694  11           R1@ 
00000695  10           R@ 
00000696  0d00000000   ThreadState.switchTask§416117504 VAL ( will be modified! ) 
0000069b  00           NOP ( will be modified! ) ( §this will be fetched! ) 
0000069c  d3           3 A:VAL 
0000069d  8b           A:PICK 
0000069e  10           R@ 
0000069f  88           A:DROP 
000006a0  90           A:R@ 
000006a1  08           DROP 
000006a2  10           R@ 
000006a3  88           A:DROP 
000006a4  0d006dad75   1974299904 VAL 
000006a9  57           -1 VAL 
000006aa  0d00000000   EXECUTE-METHOD VAL ( will be modified! ) 
000006af  00           NOP ( will be modified! ) 
000006b0  56           0 VAL 
000006b1               §break28158 LABEL ( §base0 will be fetched! ) 
000006b1  d2           4 A:VAL 
000006b2  8b           A:PICK 
000006b3  10           R@ 
000006b4  88           A:DROP 
000006b5  0d00000000   SETVTOP VAL ( will be modified! ) 
000006ba  00           NOP ( will be modified! ) remove timeout remove §exception remove §this remove §base0 
000006bb  89           A:2DROP 
000006bc  89           A:2DROP 
000006bd  88           A:DROP 
000006be  08           DROP 
000006bf               §24 LABEL 
000006bf  3d           EXIT 
000006c0  3200         §26 LABEL 
000006c2  740069006d0065006f00750074002000760061006c007500650020006900730020006e006500670061007400690076006500 " t i m e o u t   v a l u e   i s   n e g a t i v e  " 
000006f4               
000006f4               Object.wait§-892045568 LABEL 
000006f4  55           1 VAL 
000006f5  0d00000000   VALLOCATE VAL ( will be modified! ) 
000006fa  00           NOP ( will be modified! ) 
000006fb  90           A:R@ ( §base0 declared ) 
000006fc  08           DROP 
000006fd  0e           DUP 
000006fe  56           0 VAL ( §base0 will be fetched! ) 
000006ff  10           R@ 
00000700  16           + 
00000701  0d00000000   V! VAL ( will be modified! ) 
00000706  00           NOP ( will be modified! ) 
00000707  90           A:R@ ( §this declared ) 
00000708  08           DROP 
00000709  90           A:R@ ( §exception declared ) 
0000070a  08           DROP ( §this will be fetched! ) 
0000070b  d5           1 A:VAL 
0000070c  8b           A:PICK 
0000070d  10           R@ 
0000070e  88           A:DROP 
0000070f  90           A:R@ 
00000710  08           DROP 
00000711  56           0 VAL 
00000712  90           A:R@ 
00000713  2a           0< 
00000714  10           R@ 
00000715  88           A:DROP 
00000716  0d32070000   std32987 VAL 
0000071b  10           R@ 
0000071c  88           A:DROP 
0000071d  0d0077f58d   -1913293056 VAL 
00000722  57           -1 VAL 
00000723  0d00000000   EXECUTE-METHOD VAL ( will be modified! ) 
00000728  00           NOP ( will be modified! ) 
00000729  56           0 VAL 
0000072a  0e           DUP 
0000072b  420100       §30 0BRANCH 
0000072e               std32987 LABEL 
0000072e  57           -1 VAL 
0000072f               §30 LABEL 
0000072f  420900       §31 0BRANCH ( §exception will be fetched! ) 
00000732  10           R@ ( §return will be modified! ) 
00000733  90           A:R@ 
00000734  d3           3 A:VAL 
00000735  8c           A:PUT 
00000736  08           DROP 
00000737  56           0 VAL 
00000738  400100       §break28160 BRANCH 
0000073b               §31 LABEL 
0000073b  56           0 VAL 
0000073c               §break28160 LABEL ( §base0 will be fetched! ) 
0000073c  d4           2 A:VAL 
0000073d  8b           A:PICK 
0000073e  10           R@ 
0000073f  88           A:DROP 
00000740  0d00000000   SETVTOP VAL ( will be modified! ) 
00000745  00           NOP ( will be modified! ) remove §exception remove §this remove §base0 
00000746  89           A:2DROP 
00000747  88           A:DROP 
00000748  08           DROP 
00000749               §29 LABEL 
00000749  3d           EXIT 
0000074a               
0000074a               Object.wait§2084337408 LABEL 
0000074a  55           1 VAL 
0000074b  0d00000000   VALLOCATE VAL ( will be modified! ) 
00000750  00           NOP ( will be modified! ) 
00000751  90           A:R@ ( §base0 declared ) 
00000752  08           DROP 
00000753  0e           DUP 
00000754  56           0 VAL ( §base0 will be fetched! ) 
00000755  10           R@ 
00000756  16           + 
00000757  0d00000000   V! VAL ( will be modified! ) 
0000075c  00           NOP ( will be modified! ) 
0000075d  90           A:R@ ( §this declared ) 
0000075e  08           DROP 
0000075f  90           A:R@ ( §exception declared ) 
00000760  08           DROP 
00000761  90           A:R@ ( nanos declared ) 
00000762  08           DROP 
00000763  91           A:R1@ ( timeout declared ) 
00000764  90           A:R@ 
00000765  09           2DROP ( timeout will be fetched! ) 
00000766  11           R1@ 
00000767  10           R@ 
00000768  08           DROP 
00000769  2a           0< 
0000076a  424c00       §33 0BRANCH 
0000076d  55           1 VAL 
0000076e  0d00000000   VALLOCATE VAL ( will be modified! ) 
00000773  00           NOP ( will be modified! ) 
00000774  90           A:R@ ( §tempvar declared ) 
00000775  08           DROP 
00000776  0dc4060000   §26 VAL 
0000077b  1e           HALF+ 
0000077c  0e           DUP 
0000077d  19           1- 
0000077e  04           C@ 
0000077f  4e           8 VAL 
00000780  20           LSHIFT 
00000781  0f           OVER 
00000782  19           1- 
00000783  19           1- 
00000784  04           C@ 
00000785  22           OR 
00000786  0d00000000   JavaArray.createUnicode§-675323136 VAL ( will be modified! ) 
0000078b  00           NOP ( will be modified! ) 
0000078c  0e           DUP ( §tempvar will be fetched! ) 
0000078d  10           R@ 
0000078e  0d00000000   V! VAL ( will be modified! ) 
00000793  00           NOP ( will be modified! ) 
00000794  0d00000000   IllegalArgumentException§-946714368.table VAL ( will be modified! ) 
00000799  00           NOP ( will be modified! ) 
0000079a  0d0049f52b   737495296 VAL 
0000079f  0d00000000   EXECUTE-NEW VAL ( will be modified! ) 
000007a4  00           NOP ( will be modified! ) ( §exception will be fetched! ) 
000007a5  d2           4 A:VAL 
000007a6  8b           A:PICK 
000007a7  10           R@ 
000007a8  88           A:DROP ( §return will be modified! ) 
000007a9  90           A:R@ 
000007aa  cf           7 A:VAL 
000007ab  8c           A:PUT 
000007ac  08           DROP ( §tempvar will be fetched! ) 
000007ad  10           R@ 
000007ae  0d00000000   SETVTOP VAL ( will be modified! ) 
000007b3  00           NOP ( will be modified! ) remove §tempvar 
000007b4  88           A:DROP 
000007b5  56           0 VAL 
000007b6  40cd00       §break28159 BRANCH 
000007b9               §33 LABEL ( nanos will be fetched! ) 
000007b9  d4           2 A:VAL 
000007ba  8b           A:PICK 
000007bb  10           R@ 
000007bc  88           A:DROP 
000007bd  2a           0< 
000007be  2b           0=! 
000007bf  420c00       or_32998 0BRANCH 
000007c2  08           DROP ( nanos will be fetched! ) 
000007c3  d4           2 A:VAL 
000007c4  8b           A:PICK 
000007c5  10           R@ 
000007c6  88           A:DROP 
000007c7  0d3f420f00   999999 VAL 
000007cc  17           - 
000007cd  38           0> 
000007ce               or_32998 LABEL 
000007ce  424c00       §34 0BRANCH 
000007d1  55           1 VAL 
000007d2  0d00000000   VALLOCATE VAL ( will be modified! ) 
000007d7  00           NOP ( will be modified! ) 
000007d8  90           A:R@ ( §tempvar declared ) 
000007d9  08           DROP 
000007da  0d99080000   §35 VAL 
000007df  1e           HALF+ 
000007e0  0e           DUP 
000007e1  19           1- 
000007e2  04           C@ 
000007e3  4e           8 VAL 
000007e4  20           LSHIFT 
000007e5  0f           OVER 
000007e6  19           1- 
000007e7  19           1- 
000007e8  04           C@ 
000007e9  22           OR 
000007ea  0d00000000   JavaArray.createUnicode§-675323136 VAL ( will be modified! ) 
000007ef  00           NOP ( will be modified! ) 
000007f0  0e           DUP ( §tempvar will be fetched! ) 
000007f1  10           R@ 
000007f2  0d00000000   V! VAL ( will be modified! ) 
000007f7  00           NOP ( will be modified! ) 
000007f8  0d00000000   IllegalArgumentException§-946714368.table VAL ( will be modified! ) 
000007fd  00           NOP ( will be modified! ) 
000007fe  0d0049f52b   737495296 VAL 
00000803  0d00000000   EXECUTE-NEW VAL ( will be modified! ) 
00000808  00           NOP ( will be modified! ) ( §exception will be fetched! ) 
00000809  d2           4 A:VAL 
0000080a  8b           A:PICK 
0000080b  10           R@ 
0000080c  88           A:DROP ( §return will be modified! ) 
0000080d  90           A:R@ 
0000080e  cf           7 A:VAL 
0000080f  8c           A:PUT 
00000810  08           DROP ( §tempvar will be fetched! ) 
00000811  10           R@ 
00000812  0d00000000   SETVTOP VAL ( will be modified! ) 
00000817  00           NOP ( will be modified! ) remove §tempvar 
00000818  88           A:DROP 
00000819  56           0 VAL 
0000081a  406900       §break28159 BRANCH 
0000081d               §34 LABEL ( nanos will be fetched! ) 
0000081d  d4           2 A:VAL 
0000081e  8b           A:PICK 
0000081f  10           R@ 
00000820  88           A:DROP 
00000821  0d20a10700   500000 VAL 
00000826  17           - 
00000827  2a           0< 
00000828  1f           INVERT 
00000829  2b           0=! 
0000082a  420e00       or_33004 0BRANCH 
0000082d  08           DROP ( nanos will be fetched! ) 
0000082e  d4           2 A:VAL 
0000082f  8b           A:PICK 
00000830  10           R@ 
00000831  88           A:DROP 
00000832  36           0<> 
00000833  410500       and_33005 0BRANCH! 
00000836  08           DROP ( timeout will be fetched! ) 
00000837  11           R1@ 
00000838  10           R@ 
00000839  22           OR 
0000083a  2c           0= 
0000083b               and_33005 LABEL 
0000083b               or_33004 LABEL 
0000083b  421100       §36 0BRANCH ( timeout will be fetched! ) 
0000083e  11           R1@ 
0000083f  10           R@ 
00000840  56           0 VAL 
00000841  55           1 VAL 
00000842  91           A:R1@ 
00000843  0a           NIP 
00000844  16           + 
00000845  10           R@ 
00000846  91           A:R1@ 
00000847  0a           NIP 
00000848  25           +B 
00000849  10           R@ 
0000084a  89           A:2DROP ( timeout will be modified! ) 
0000084b  89           A:2DROP 
0000084c  91           A:R1@ 
0000084d  90           A:R@ 
0000084e  09           2DROP 
0000084f               §36 LABEL ( §this will be fetched! ) 
0000084f  d2           4 A:VAL 
00000850  8b           A:PICK 
00000851  10           R@ 
00000852  88           A:DROP 
00000853  90           A:R@ 
00000854  08           DROP ( timeout will be fetched! ) 
00000855  d4           2 A:VAL 
00000856  8b           A:PICK 
00000857  10           R@ 
00000858  88           A:DROP 
00000859  d5           1 A:VAL 
0000085a  8b           A:PICK 
0000085b  10           R@ 
0000085c  88           A:DROP 
0000085d  0d79080000   std33009 VAL 
00000862  10           R@ 
00000863  88           A:DROP 
00000864  0d0077f58d   -1913293056 VAL 
00000869  57           -1 VAL 
0000086a  0d00000000   EXECUTE-METHOD VAL ( will be modified! ) 
0000086f  00           NOP ( will be modified! ) 
00000870  56           0 VAL 
00000871  0e           DUP 
00000872  420100       §37 0BRANCH 
00000875               std33009 LABEL 
00000875  57           -1 VAL 
00000876               §37 LABEL 
00000876  420c00       §38 0BRANCH ( §exception will be fetched! ) 
00000879  d3           3 A:VAL 
0000087a  8b           A:PICK 
0000087b  10           R@ 
0000087c  88           A:DROP ( §return will be modified! ) 
0000087d  90           A:R@ 
0000087e  d0           6 A:VAL 
0000087f  8c           A:PUT 
00000880  08           DROP 
00000881  56           0 VAL 
00000882  400100       §break28159 BRANCH 
00000885               §38 LABEL 
00000885  56           0 VAL 
00000886               §break28159 LABEL ( §base0 will be fetched! ) 
00000886  d1           5 A:VAL 
00000887  8b           A:PICK 
00000888  10           R@ 
00000889  88           A:DROP 
0000088a  0d00000000   SETVTOP VAL ( will be modified! ) 
0000088f  00           NOP ( will be modified! ) remove timeout remove nanos remove §exception remove §this remove §base0 
00000890  89           A:2DROP 
00000891  89           A:2DROP 
00000892  89           A:2DROP 
00000893  08           DROP 
00000894               §32 LABEL 
00000894  3d           EXIT 
00000895  4a00         §35 LABEL 
00000897  6e0061006e006f007300650063006f006e0064002000740069006d0065006f00750074002000760061006c007500650020006f007500740020006f0066002000720061006e0067006500 " n a n o s e c o n d   t i m e o u t   v a l u e   o u t   o f   r a n g e  " 
000008e1  1800         §41 LABEL 
000008e3  4f626a656374a72d313839303439363736382e7461626c65 " Object§-1890496768.table " 
000008fb  1400         §40 LABEL 
000008fd  4f626a6563742e5f737461746963546872656164 " Object._staticThread " 
00000911  1600         §39 LABEL 
00000913  4f626a6563742e5f737461746963426c6f636b696e67 " Object._staticBlocking " 
0000092c  0d00000000   ALIGN VAL ( will be modified! ) 
00000931  00           NOP ( will be modified! ) 
00000932  0d00000000   HERE VAL ( will be modified! ) 
00000937  00           NOP ( will be modified! ) 
00000938  54           2 VAL 
00000939  0d15090000   §39 VAL 
0000093e  0d00000000   create VAL ( will be modified! ) 
00000943  00           NOP ( will be modified! ) 
00000944  55           1 VAL 
00000945  1a           2* 
00000946  1a           2* 
00000947  0d00000000   ALLOT VAL ( will be modified! ) 
0000094c  00           NOP ( will be modified! ) 
0000094d  0d00000000   ALIGN VAL ( will be modified! ) 
00000952  00           NOP ( will be modified! ) 
00000953  0d00000000   HERE VAL ( will be modified! ) 
00000958  00           NOP ( will be modified! ) 
00000959  54           2 VAL 
0000095a  0dff080000   §40 VAL 
0000095f  0d00000000   create VAL ( will be modified! ) 
00000964  00           NOP ( will be modified! ) 
00000965  55           1 VAL 
00000966  1a           2* 
00000967  1a           2* 
00000968  0d00000000   ALLOT VAL ( will be modified! ) 
0000096d  00           NOP ( will be modified! ) 
0000096e  0d00000000   HERE VAL ( will be modified! ) 
00000973  00           NOP ( will be modified! ) 
00000974  52           4 VAL 
00000975  17           - 
00000976  0d00000000   SALLOCATE VAL ( will be modified! ) 
0000097b  00           NOP ( will be modified! ) 
0000097c  8d00000000   HERE A:VAL ( will be modified! ) 
00000981  80           A:NOP ( will be modified! ) 
00000982  0d00000000   ALIGN VAL ( will be modified! ) 
00000987  00           NOP ( will be modified! ) 
00000988  0d00000000   HERE VAL ( will be modified! ) 
0000098d  00           NOP ( will be modified! ) 
0000098e  54           2 VAL 
0000098f  0de5080000   §41 VAL 
00000994  0d00000000   create VAL ( will be modified! ) 
00000999  00           NOP ( will be modified! ) 
0000099a  55           1 VAL 
0000099b  1a           2* 
0000099c  1a           2* 
0000099d  0d00000000   ALLOT VAL ( will be modified! ) 
000009a2  00           NOP ( will be modified! ) 
000009a3  49           13 VAL 
000009a4  0e           DUP 
000009a5  1a           2* 
000009a6  1a           2* 
000009a7  1a           2* 
000009a8  0d00000000   ALLOT VAL ( will be modified! ) 
000009ad  00           NOP ( will be modified! ) 
000009ae  10           R@ 
000009af  01           ! 
000009b0  9d           A:CELL+ 
000009b1  0d004fea6c   1827294976 VAL 
000009b6  10           R@ 
000009b7  01           ! 
000009b8  9d           A:CELL+ 
000009b9  0d15000000   Object.Object§1827294976 VAL 
000009be  10           R@ 
000009bf  01           ! 
000009c0  9d           A:CELL+ 
000009c1  0d006388ea   -360160512 VAL 
000009c6  10           R@ 
000009c7  01           ! 
000009c8  9d           A:CELL+ 
000009c9  0da7000000   Object.clone§-360160512 VAL 
000009ce  10           R@ 
000009cf  01           ! 
000009d0  9d           A:CELL+ 
000009d1  0d0065b0f1   -240098048 VAL 
000009d6  10           R@ 
000009d7  01           ! 
000009d8  9d           A:CELL+ 
000009d9  0d29010000   Object.equals§-240098048 VAL 
000009de  10           R@ 
000009df  01           ! 
000009e0  9d           A:CELL+ 
000009e1  0d0066793b   997811712 VAL 
000009e6  10           R@ 
000009e7  01           ! 
000009e8  9d           A:CELL+ 
000009e9  0d67010000   Object.finalize§997811712 VAL 
000009ee  10           R@ 
000009ef  01           ! 
000009f0  9d           A:CELL+ 
000009f1  0d00685ca0   -1604556800 VAL 
000009f6  10           R@ 
000009f7  01           ! 
000009f8  9d           A:CELL+ 
000009f9  0d8d010000   Object.hashCode§-1604556800 VAL 
000009fe  10           R@ 
000009ff  01           ! 
00000a00  9d           A:CELL+ 
00000a01  0d006dc22f   801271040 VAL 
00000a06  10           R@ 
00000a07  01           ! 
00000a08  9d           A:CELL+ 
00000a09  0dbd010000   Object.monitorEnter§801271040 VAL 
00000a0e  10           R@ 
00000a0f  01           ! 
00000a10  9d           A:CELL+ 
00000a11  0d006dad75   1974299904 VAL 
00000a16  10           R@ 
00000a17  01           ! 
00000a18  9d           A:CELL+ 
00000a19  0dbd020000   Object.monitorLeave§1974299904 VAL 
00000a1e  10           R@ 
00000a1f  01           ! 
00000a20  9d           A:CELL+ 
00000a21  0d006e417f   2134994432 VAL 
00000a26  10           R@ 
00000a27  01           ! 
00000a28  9d           A:CELL+ 
00000a29  0d44030000   Object.notify§2134994432 VAL 
00000a2e  10           R@ 
00000a2f  01           ! 
00000a30  9d           A:CELL+ 
00000a31  0d006ef77e   2130144768 VAL 
00000a36  10           R@ 
00000a37  01           ! 
00000a38  9d           A:CELL+ 
00000a39  0dd5030000   Object.notifyAll§2130144768 VAL 
00000a3e  10           R@ 
00000a3f  01           ! 
00000a40  9d           A:CELL+ 
00000a41  0d0074a960   1621718016 VAL 
00000a46  10           R@ 
00000a47  01           ! 
00000a48  9d           A:CELL+ 
00000a49  0d6e040000   Object.toString§1621718016 VAL 
00000a4e  10           R@ 
00000a4f  01           ! 
00000a50  9d           A:CELL+ 
00000a51  0d0077f58d   -1913293056 VAL 
00000a56  10           R@ 
00000a57  01           ! 
00000a58  9d           A:CELL+ 
00000a59  0d6a050000   Object.wait§-1913293056 VAL 
00000a5e  10           R@ 
00000a5f  01           ! 
00000a60  9d           A:CELL+ 
00000a61  0d0077d4ca   -892045568 VAL 
00000a66  10           R@ 
00000a67  01           ! 
00000a68  9d           A:CELL+ 
00000a69  0df8060000   Object.wait§-892045568 VAL 
00000a6e  10           R@ 
00000a6f  01           ! 
00000a70  9d           A:CELL+ 
00000a71  0d00773c7c   2084337408 VAL 
00000a76  10           R@ 
00000a77  01           ! 
00000a78  9d           A:CELL+ 
00000a79  0d4e070000   Object.wait§2084337408 VAL 
00000a7e  10           R@ 
00000a7f  01           ! 
00000a80  9d           A:CELL+ 
00000a81  88           A:DROP 
00000a82  3d           EXIT 

instruction usage:
load/store:		104	(6.837606837606838%)
32-bit values:		197	(12.952005259697568%)
16-bit values:		31	(2.0381328073635765%)
5-bit values:		188	(12.360289283366207%)
values total:		416	(27.350427350427353%)
arithmetic/logical:	159	(10.453648915187378%)
relations:		30	(1.9723865877712032%)
flow control:		58	(3.8132807363576595%)
other:			754	(49.572649572649574%)
total:			1521

average bytes per instruction: 1.6278763971071664

string storage in byte:	212
unresolved references:	167

Size of static code: 2345
Size of initial code: 343

references:
ffffffff	1	..R
ffffffff	1	<#
ffffffff	3	ALIGN
ffffffff	1	ALLOCATE
ffffffff	1	ALLOCATED-SIZE
ffffffff	4	ALLOT
ffffffff	7	EXECUTE-METHOD
ffffffff	7	EXECUTE-NEW
ffffffff	5	HERE
ffffffff	3	INCREFERENCE
ffffffff	3	IllegalArgumentException§-946714368.table
ffffffff	3	IllegalMonitorStateException§-52541184.table
ffffffff	1	InterruptedException§-1721546496.table
ffffffff	2	JavaArray.createString§-105880832
ffffffff	4	JavaArray.createUnicode§-675323136
ffffffff	1	MALLOC
15	1	Object.Object§1827294976
15	1	Object.Object§1827294976
a7	1	Object.clone§-360160512
a7	1	Object.clone§-360160512
129	1	Object.equals§-240098048
129	1	Object.equals§-240098048
167	1	Object.finalize§997811712
167	1	Object.finalize§997811712
18d	1	Object.hashCode§-1604556800
18d	1	Object.hashCode§-1604556800
1bd	1	Object.monitorEnter§801271040
1bd	1	Object.monitorEnter§801271040
2bd	1	Object.monitorLeave§1974299904
2bd	1	Object.monitorLeave§1974299904
3d5	1	Object.notifyAll§2130144768
3d5	1	Object.notifyAll§2130144768
344	1	Object.notify§2134994432
344	1	Object.notify§2134994432
46e	1	Object.toString§1621718016
46e	1	Object.toString§1621718016
56a	1	Object.wait§-1913293056
56a	1	Object.wait§-1913293056
6f8	1	Object.wait§-892045568
6f8	1	Object.wait§-892045568
74e	1	Object.wait§2084337408
74e	1	Object.wait§2084337408
ffffffff	1	Object§-1890496768.table
ffffffff	1	SALLOCATE
ffffffff	22	SETVTOP
ffffffff	1	SWEEP
ffffffff	6	Thread.currentThread§-1671470336
ffffffff	1	Thread.interrupted§-1804572416
ffffffff	1	ThreadState.BLOCKED
ffffffff	3	ThreadState.WAITING
ffffffff	1	ThreadState.getState§366110464
ffffffff	2	ThreadState.switchTask§416117504
ffffffff	2	ThreadState.unblockTask§1685746944
ffffffff	31	V!
ffffffff	22	VALLOCATE
20a	1	and_32887
270	1	and_32899
260	1	and_32901
30a	1	and_32918
38f	1	and_32935
420	1	and_32946
60b	1	and_32970
83f	1	and_33005
ffffffff	3	create
260	1	or_32900
7d2	1	or_32998
83f	1	or_33004
732	1	std32987
732	1	std32987
879	1	std33009
879	1	std33009
9f	1	§2
566	1	§23
6c4	2	§26
899	1	§35
915	1	§39
8ff	1	§40
8e5	1	§41
