0000001c  56           0 VAL 
0000001d  0d00000000   StackTraceElement._staticBlocking VAL ( will be modified! ) 
00000022  00           NOP ( will be modified! ) 
00000023  01           ! 
00000024  56           0 VAL 
00000025  0d00000000   StackTraceElement._staticThread VAL ( will be modified! ) 
0000002a  00           NOP ( will be modified! ) 
0000002b  01           ! 
0000002c  0d00000000   StackTraceElement§-1278127360.table VAL ( will be modified! ) 
00000031  00           NOP ( will be modified! ) 
00000032  0d0053a77d   2108117760 VAL 
00000037  0d00000000   EXECUTE-NEW VAL ( will be modified! ) 
0000003c  00           NOP ( will be modified! ) 
0000003d  0d00000000   StackTraceElement._this VAL ( will be modified! ) 
00000042  00           NOP ( will be modified! ) 
00000043  01           ! 
00000044  0d9ac50961   1628030362 VAL 
00000049  0d85dd3626   641129861 VAL 
0000004e  0d00000000   StackTraceElement.serialVersionUID VAL ( will be modified! ) 
00000053  00           NOP ( will be modified! ) 
00000054  90           A:R@ 
00000055  01           ! 
00000056  10           R@ 
00000057  88           A:DROP 
00000058  1d           CELL+ 
00000059  01           ! 
0000005a  3d           EXIT 

instruction usage:
load/store:		5	(18.51851851851852%)
32-bit values:		9	(33.33333333333333%)
16-bit values:		0	(0.0%)
5-bit values:		2	(7.4074074074074066%)
values total:		11	(40.74074074074074%)
arithmetic/logical:	1	(3.7037037037037033%)
relations:		0	(0.0%)
flow control:		1	(3.7037037037037033%)
other:			9	(33.33333333333333%)
total:			27

average bytes per instruction: 3.259259259259259

string storage in byte:	0
unresolved references:	6

Size of static code: 25
Size of initial code: 63

references:
ffffffff	1	EXECUTE-NEW
ffffffff	1	StackTraceElement._staticBlocking
ffffffff	1	StackTraceElement._staticThread
ffffffff	1	StackTraceElement._this
ffffffff	1	StackTraceElement.serialVersionUID
ffffffff	1	StackTraceElement§-1278127360.table
