00000010  56           0 VAL 
00000011  0d00000000   String._staticBlocking VAL ( will be modified! ) 
00000016  00           NOP ( will be modified! ) 
00000017  01           ! 
00000018  56           0 VAL 
00000019  0d00000000   String._staticThread VAL ( will be modified! ) 
0000001e  00           NOP ( will be modified! ) 
0000001f  01           ! 
00000020  0d38a4f0a0   -1594842056 VAL 
00000025  0d42b33b7a   2050732866 VAL 
0000002a  0d00000000   String.serialVersionUID VAL ( will be modified! ) 
0000002f  00           NOP ( will be modified! ) 
00000030  90           A:R@ 
00000031  01           ! 
00000032  10           R@ 
00000033  88           A:DROP 
00000034  1d           CELL+ 
00000035  01           ! 
00000036  0d00000000   String.CaseInsensitiveComparator§-2000076032.table VAL ( will be modified! ) 
0000003b  00           NOP ( will be modified! ) 
0000003c  0d00437bfd   -42253568 VAL 
00000041  0d00000000   EXECUTE-NEW VAL ( will be modified! ) 
00000046  00           NOP ( will be modified! ) 
00000047  0d00000000   String.CASE_INSENSITIVE_ORDER VAL ( will be modified! ) 
0000004c  00           NOP ( will be modified! ) 
0000004d  01           ! 
0000004e  56           0 VAL 
0000004f  0d00000000   String.CaseInsensitiveComparator._staticBlocking VAL ( will be modified! ) 
00000054  00           NOP ( will be modified! ) 
00000055  01           ! 
00000056  56           0 VAL 
00000057  0d00000000   String.CaseInsensitiveComparator._staticThread VAL ( will be modified! ) 
0000005c  00           NOP ( will be modified! ) 
0000005d  01           ! 
0000005e  0d7d5c0377   1996708989 VAL 
00000063  0dcee5505c   1548805582 VAL 
00000068  0d00000000   String.CaseInsensitiveComparator.serialVersionUID VAL ( will be modified! ) 
0000006d  00           NOP ( will be modified! ) 
0000006e  90           A:R@ 
0000006f  01           ! 
00000070  10           R@ 
00000071  88           A:DROP 
00000072  1d           CELL+ 
00000073  01           ! 
00000074  3d           EXIT 

instruction usage:
load/store:		9	(20.0%)
32-bit values:		14	(31.11111111111111%)
16-bit values:		0	(0.0%)
5-bit values:		4	(8.88888888888889%)
values total:		18	(40.0%)
arithmetic/logical:	2	(4.444444444444445%)
relations:		0	(0.0%)
flow control:		1	(2.2222222222222223%)
other:			15	(33.33333333333333%)
total:			45

average bytes per instruction: 2.5555555555555554

string storage in byte:	0
unresolved references:	9

Size of static code: 14
Size of initial code: 101

references:
ffffffff	1	EXECUTE-NEW
ffffffff	1	String.CASE_INSENSITIVE_ORDER
ffffffff	1	String.CaseInsensitiveComparator._staticBlocking
ffffffff	1	String.CaseInsensitiveComparator._staticThread
ffffffff	1	String.CaseInsensitiveComparator.serialVersionUID
ffffffff	1	String.CaseInsensitiveComparator§-2000076032.table
ffffffff	1	String._staticBlocking
ffffffff	1	String._staticThread
ffffffff	1	String.serialVersionUID
