00000014               
00000014               Throwable.Throwable§-226929664 LABEL 
00000014  54           2 VAL 
00000015  0d00000000   VALLOCATE VAL ( will be modified! ) 
0000001a  00           NOP ( will be modified! ) 
0000001b  90           A:R@ ( §base0 declared ) 
0000001c  08           DROP 
0000001d  0e           DUP 
0000001e  52           4 VAL ( §base0 will be fetched! ) 
0000001f  10           R@ 
00000020  16           + 
00000021  0d00000000   V! VAL ( will be modified! ) 
00000026  00           NOP ( will be modified! ) 
00000027  90           A:R@ ( cause declared ) 
00000028  08           DROP 
00000029  56           0 VAL 
0000002a  90           A:R@ ( §this declared ) 
0000002b  08           DROP 
0000002c  0d00000000   Object§-1890496768.table VAL ( will be modified! ) 
00000031  00           NOP ( will be modified! ) 
00000032  0d004fea6c   1827294976 VAL 
00000037  0d00000000   EXECUTE-NEW VAL ( will be modified! ) 
0000003c  00           NOP ( will be modified! ) 
0000003d  462c00       44 VAL 
00000040  0d00000000   MALLOC VAL ( will be modified! ) 
00000045  00           NOP ( will be modified! ) 
00000046  08           DROP 
00000047  0e           DUP 
00000048  0e           DUP ( §base0 will be fetched! ) 
00000049  d4           2 A:VAL 
0000004a  8b           A:PICK 
0000004b  10           R@ 
0000004c  88           A:DROP 
0000004d  0d00000000   V! VAL ( will be modified! ) 
00000052  00           NOP ( will be modified! ) ( §this will be modified! ) 
00000053  88           A:DROP 
00000054  90           A:R@ 
00000055  08           DROP 
00000056  0f           OVER 
00000057  420900       §1 0BRANCH 
0000005a  0f           OVER 
0000005b  1d           CELL+ 
0000005c  02           @ 
0000005d  52           4 VAL 
0000005e  16           + 
0000005f  0f           OVER 
00000060  0f           OVER 
00000061  01           ! 
00000062  08           DROP 
00000063               §1 LABEL 
00000063  1d           CELL+ 
00000064  02           @ 
00000065  0f           OVER 
00000066  0f           OVER 
00000067  01           ! 
00000068  0a           NIP 
00000069  0d00000000   Throwable§1745900544.table VAL ( will be modified! ) 
0000006e  00           NOP ( will be modified! ) 
0000006f  0f           OVER 
00000070  4a           12 VAL 
00000071  16           + 
00000072  01           ! 
00000073  0d00001068   1745879040 VAL 
00000078  0f           OVER 
00000079  461400       20 VAL 
0000007c  16           + 
0000007d  01           ! 
0000007e  0d2a010000   §2 VAL 
00000083  0f           OVER 
00000084  461000       16 VAL 
00000087  16           + 
00000088  01           ! 
00000089  52           4 VAL 
0000008a  0f           OVER 
0000008b  461800       24 VAL 
0000008e  16           + 
0000008f  01           ! 
00000090  08           DROP ( §this will be fetched! ) 
00000091  10           R@ 
00000092  0e           DUP 
00000093  52           4 VAL ( §base0 will be fetched! ) 
00000094  d4           2 A:VAL 
00000095  8b           A:PICK 
00000096  10           R@ 
00000097  88           A:DROP 
00000098  16           + 
00000099  0d00000000   V! VAL ( will be modified! ) 
0000009e  00           NOP ( will be modified! ) ( cause will be modified! ) 
0000009f  90           A:R@ 
000000a0  d5           1 A:VAL 
000000a1  8c           A:PUT 
000000a2  08           DROP 
000000a3  56           0 VAL ( §this will be fetched! ) 
000000a4  10           R@ 
000000a5  1d           CELL+ 
000000a6  02           @ 
000000a7  462800       40 VAL 
000000aa  16           + 
000000ab  01           ! 
000000ac  55           1 VAL 
000000ad  0d00000000   VALLOCATE VAL ( will be modified! ) 
000000b2  00           NOP ( will be modified! ) 
000000b3  90           A:R@ ( §tempvar declared ) 
000000b4  08           DROP ( §this will be fetched! ) 
000000b5  d5           1 A:VAL 
000000b6  8b           A:PICK 
000000b7  10           R@ 
000000b8  88           A:DROP 
000000b9  90           A:R@ 
000000ba  08           DROP 
000000bb  10           R@ 
000000bc  88           A:DROP 
000000bd  0d0066d5cb   -875207168 VAL 
000000c2  57           -1 VAL 
000000c3  0d00000000   EXECUTE-METHOD VAL ( will be modified! ) 
000000c8  00           NOP ( will be modified! ) 
000000c9  0e           DUP ( §tempvar will be fetched! ) 
000000ca  10           R@ 
000000cb  0d00000000   V! VAL ( will be modified! ) 
000000d0  00           NOP ( will be modified! ) 
000000d1  08           DROP ( §tempvar will be fetched! ) 
000000d2  10           R@ 
000000d3  0d00000000   SETVTOP VAL ( will be modified! ) 
000000d8  00           NOP ( will be modified! ) remove §tempvar 
000000d9  88           A:DROP ( cause will be fetched! ) 
000000da  d5           1 A:VAL 
000000db  8b           A:PICK 
000000dc  10           R@ 
000000dd  88           A:DROP 
000000de  2c           0= 
000000df  420400       §3 0BRANCH 
000000e2  56           0 VAL 
000000e3  401400       §4 BRANCH 
000000e6               §3 LABEL ( cause will be fetched! ) 
000000e6  d5           1 A:VAL 
000000e7  8b           A:PICK 
000000e8  10           R@ 
000000e9  88           A:DROP 
000000ea  90           A:R@ 
000000eb  08           DROP 
000000ec  10           R@ 
000000ed  88           A:DROP 
000000ee  0d0074a960   1621718016 VAL 
000000f3  57           -1 VAL 
000000f4  0d00000000   EXECUTE-METHOD VAL ( will be modified! ) 
000000f9  00           NOP ( will be modified! ) 
000000fa               §4 LABEL ( §this will be fetched! ) 
000000fa  10           R@ 
000000fb  1d           CELL+ 
000000fc  02           @ 
000000fd  462000       32 VAL 
00000100  16           + 
00000101  01           ! ( cause will be fetched! ) 
00000102  d5           1 A:VAL 
00000103  8b           A:PICK 
00000104  10           R@ 
00000105  88           A:DROP ( §this will be fetched! ) 
00000106  10           R@ 
00000107  1d           CELL+ 
00000108  02           @ 
00000109  462400       36 VAL 
0000010c  16           + 
0000010d  01           ! ( §this will be fetched! ) 
0000010e  10           R@ 
0000010f  0e           DUP 
00000110  56           0 VAL 
00000111  0d00000000   V! VAL ( will be modified! ) 
00000116  00           NOP ( will be modified! ) 
00000117  56           0 VAL 
00000118               §break28186 LABEL ( §base0 will be fetched! ) 
00000118  d4           2 A:VAL 
00000119  8b           A:PICK 
0000011a  10           R@ 
0000011b  88           A:DROP 
0000011c  0d00000000   SETVTOP VAL ( will be modified! ) 
00000121  00           NOP ( will be modified! ) remove §this remove cause remove §base0 
00000122  89           A:2DROP 
00000123  88           A:DROP 
00000124  08           DROP 
00000125               §0 LABEL 
00000125  3d           EXIT 
00000126  0900         §2 LABEL 
00000128  5468726f7761626c65 " Throwable " 
00000131               
00000131               Throwable.Throwable§-862497792 LABEL 
00000131  55           1 VAL 
00000132  0d00000000   VALLOCATE VAL ( will be modified! ) 
00000137  00           NOP ( will be modified! ) 
00000138  90           A:R@ ( §base0 declared ) 
00000139  08           DROP 
0000013a  56           0 VAL 
0000013b  90           A:R@ ( §this declared ) 
0000013c  08           DROP 
0000013d  0d00000000   Object§-1890496768.table VAL ( will be modified! ) 
00000142  00           NOP ( will be modified! ) 
00000143  0d004fea6c   1827294976 VAL 
00000148  0d00000000   EXECUTE-NEW VAL ( will be modified! ) 
0000014d  00           NOP ( will be modified! ) 
0000014e  462c00       44 VAL 
00000151  0d00000000   MALLOC VAL ( will be modified! ) 
00000156  00           NOP ( will be modified! ) 
00000157  08           DROP 
00000158  0e           DUP 
00000159  0e           DUP ( §base0 will be fetched! ) 
0000015a  d5           1 A:VAL 
0000015b  8b           A:PICK 
0000015c  10           R@ 
0000015d  88           A:DROP 
0000015e  0d00000000   V! VAL ( will be modified! ) 
00000163  00           NOP ( will be modified! ) ( §this will be modified! ) 
00000164  88           A:DROP 
00000165  90           A:R@ 
00000166  08           DROP 
00000167  0f           OVER 
00000168  420900       §6 0BRANCH 
0000016b  0f           OVER 
0000016c  1d           CELL+ 
0000016d  02           @ 
0000016e  52           4 VAL 
0000016f  16           + 
00000170  0f           OVER 
00000171  0f           OVER 
00000172  01           ! 
00000173  08           DROP 
00000174               §6 LABEL 
00000174  1d           CELL+ 
00000175  02           @ 
00000176  0f           OVER 
00000177  0f           OVER 
00000178  01           ! 
00000179  0a           NIP 
0000017a  0d00000000   Throwable§1745900544.table VAL ( will be modified! ) 
0000017f  00           NOP ( will be modified! ) 
00000180  0f           OVER 
00000181  4a           12 VAL 
00000182  16           + 
00000183  01           ! 
00000184  0d00001068   1745879040 VAL 
00000189  0f           OVER 
0000018a  461400       20 VAL 
0000018d  16           + 
0000018e  01           ! 
0000018f  0d2a010000   §2 VAL 
00000194  0f           OVER 
00000195  461000       16 VAL 
00000198  16           + 
00000199  01           ! 
0000019a  52           4 VAL 
0000019b  0f           OVER 
0000019c  461800       24 VAL 
0000019f  16           + 
000001a0  01           ! 
000001a1  08           DROP ( §this will be fetched! ) 
000001a2  10           R@ ( §this will be fetched! ) 
000001a3  10           R@ 
000001a4  1d           CELL+ 
000001a5  02           @ 
000001a6  462400       36 VAL 
000001a9  16           + 
000001aa  01           ! 
000001ab  56           0 VAL ( §this will be fetched! ) 
000001ac  10           R@ 
000001ad  1d           CELL+ 
000001ae  02           @ 
000001af  462800       40 VAL 
000001b2  16           + 
000001b3  01           ! 
000001b4  55           1 VAL 
000001b5  0d00000000   VALLOCATE VAL ( will be modified! ) 
000001ba  00           NOP ( will be modified! ) 
000001bb  90           A:R@ ( §tempvar declared ) 
000001bc  08           DROP ( §this will be fetched! ) 
000001bd  d5           1 A:VAL 
000001be  8b           A:PICK 
000001bf  10           R@ 
000001c0  88           A:DROP 
000001c1  90           A:R@ 
000001c2  08           DROP 
000001c3  10           R@ 
000001c4  88           A:DROP 
000001c5  0d0066d5cb   -875207168 VAL 
000001ca  57           -1 VAL 
000001cb  0d00000000   EXECUTE-METHOD VAL ( will be modified! ) 
000001d0  00           NOP ( will be modified! ) 
000001d1  0e           DUP ( §tempvar will be fetched! ) 
000001d2  10           R@ 
000001d3  0d00000000   V! VAL ( will be modified! ) 
000001d8  00           NOP ( will be modified! ) 
000001d9  08           DROP ( §tempvar will be fetched! ) 
000001da  10           R@ 
000001db  0d00000000   SETVTOP VAL ( will be modified! ) 
000001e0  00           NOP ( will be modified! ) remove §tempvar 
000001e1  88           A:DROP ( §this will be fetched! ) 
000001e2  10           R@ 
000001e3  0e           DUP 
000001e4  56           0 VAL 
000001e5  0d00000000   V! VAL ( will be modified! ) 
000001ea  00           NOP ( will be modified! ) 
000001eb  56           0 VAL 
000001ec               §break28183 LABEL ( §base0 will be fetched! ) 
000001ec  d5           1 A:VAL 
000001ed  8b           A:PICK 
000001ee  10           R@ 
000001ef  88           A:DROP 
000001f0  0d00000000   SETVTOP VAL ( will be modified! ) 
000001f5  00           NOP ( will be modified! ) remove §this remove §base0 
000001f6  89           A:2DROP 
000001f7  08           DROP 
000001f8               §5 LABEL 
000001f8  3d           EXIT 
000001f9               
000001f9               Throwable.Throwable§1503810560 LABEL 
000001f9  53           3 VAL 
000001fa  0d00000000   VALLOCATE VAL ( will be modified! ) 
000001ff  00           NOP ( will be modified! ) 
00000200  90           A:R@ ( §base0 declared ) 
00000201  08           DROP 
00000202  0e           DUP 
00000203  52           4 VAL ( §base0 will be fetched! ) 
00000204  10           R@ 
00000205  16           + 
00000206  0d00000000   V! VAL ( will be modified! ) 
0000020b  00           NOP ( will be modified! ) 
0000020c  90           A:R@ ( cause declared ) 
0000020d  08           DROP 
0000020e  0e           DUP 
0000020f  4e           8 VAL ( §base0 will be fetched! ) 
00000210  d5           1 A:VAL 
00000211  8b           A:PICK 
00000212  10           R@ 
00000213  88           A:DROP 
00000214  16           + 
00000215  0d00000000   V! VAL ( will be modified! ) 
0000021a  00           NOP ( will be modified! ) 
0000021b  90           A:R@ ( message declared ) 
0000021c  08           DROP 
0000021d  56           0 VAL 
0000021e  90           A:R@ ( §this declared ) 
0000021f  08           DROP 
00000220  0d00000000   Object§-1890496768.table VAL ( will be modified! ) 
00000225  00           NOP ( will be modified! ) 
00000226  0d004fea6c   1827294976 VAL 
0000022b  0d00000000   EXECUTE-NEW VAL ( will be modified! ) 
00000230  00           NOP ( will be modified! ) 
00000231  462c00       44 VAL 
00000234  0d00000000   MALLOC VAL ( will be modified! ) 
00000239  00           NOP ( will be modified! ) 
0000023a  08           DROP 
0000023b  0e           DUP 
0000023c  0e           DUP ( §base0 will be fetched! ) 
0000023d  d3           3 A:VAL 
0000023e  8b           A:PICK 
0000023f  10           R@ 
00000240  88           A:DROP 
00000241  0d00000000   V! VAL ( will be modified! ) 
00000246  00           NOP ( will be modified! ) ( §this will be modified! ) 
00000247  88           A:DROP 
00000248  90           A:R@ 
00000249  08           DROP 
0000024a  0f           OVER 
0000024b  420900       §8 0BRANCH 
0000024e  0f           OVER 
0000024f  1d           CELL+ 
00000250  02           @ 
00000251  52           4 VAL 
00000252  16           + 
00000253  0f           OVER 
00000254  0f           OVER 
00000255  01           ! 
00000256  08           DROP 
00000257               §8 LABEL 
00000257  1d           CELL+ 
00000258  02           @ 
00000259  0f           OVER 
0000025a  0f           OVER 
0000025b  01           ! 
0000025c  0a           NIP 
0000025d  0d00000000   Throwable§1745900544.table VAL ( will be modified! ) 
00000262  00           NOP ( will be modified! ) 
00000263  0f           OVER 
00000264  4a           12 VAL 
00000265  16           + 
00000266  01           ! 
00000267  0d00001068   1745879040 VAL 
0000026c  0f           OVER 
0000026d  461400       20 VAL 
00000270  16           + 
00000271  01           ! 
00000272  0d2a010000   §2 VAL 
00000277  0f           OVER 
00000278  461000       16 VAL 
0000027b  16           + 
0000027c  01           ! 
0000027d  52           4 VAL 
0000027e  0f           OVER 
0000027f  461800       24 VAL 
00000282  16           + 
00000283  01           ! 
00000284  08           DROP ( §this will be fetched! ) 
00000285  10           R@ 
00000286  0e           DUP 
00000287  52           4 VAL ( §base0 will be fetched! ) 
00000288  d3           3 A:VAL 
00000289  8b           A:PICK 
0000028a  10           R@ 
0000028b  88           A:DROP 
0000028c  16           + 
0000028d  0d00000000   V! VAL ( will be modified! ) 
00000292  00           NOP ( will be modified! ) ( cause will be modified! ) 
00000293  90           A:R@ 
00000294  d4           2 A:VAL 
00000295  8c           A:PUT 
00000296  08           DROP 
00000297  56           0 VAL ( §this will be fetched! ) 
00000298  10           R@ 
00000299  1d           CELL+ 
0000029a  02           @ 
0000029b  462800       40 VAL 
0000029e  16           + 
0000029f  01           ! 
000002a0  55           1 VAL 
000002a1  0d00000000   VALLOCATE VAL ( will be modified! ) 
000002a6  00           NOP ( will be modified! ) 
000002a7  90           A:R@ ( §tempvar declared ) 
000002a8  08           DROP ( §this will be fetched! ) 
000002a9  d5           1 A:VAL 
000002aa  8b           A:PICK 
000002ab  10           R@ 
000002ac  88           A:DROP 
000002ad  90           A:R@ 
000002ae  08           DROP 
000002af  10           R@ 
000002b0  88           A:DROP 
000002b1  0d0066d5cb   -875207168 VAL 
000002b6  57           -1 VAL 
000002b7  0d00000000   EXECUTE-METHOD VAL ( will be modified! ) 
000002bc  00           NOP ( will be modified! ) 
000002bd  0e           DUP ( §tempvar will be fetched! ) 
000002be  10           R@ 
000002bf  0d00000000   V! VAL ( will be modified! ) 
000002c4  00           NOP ( will be modified! ) 
000002c5  08           DROP ( §tempvar will be fetched! ) 
000002c6  10           R@ 
000002c7  0d00000000   SETVTOP VAL ( will be modified! ) 
000002cc  00           NOP ( will be modified! ) remove §tempvar 
000002cd  88           A:DROP ( message will be fetched! ) 
000002ce  d5           1 A:VAL 
000002cf  8b           A:PICK 
000002d0  10           R@ 
000002d1  88           A:DROP ( §this will be fetched! ) 
000002d2  10           R@ 
000002d3  1d           CELL+ 
000002d4  02           @ 
000002d5  462000       32 VAL 
000002d8  16           + 
000002d9  01           ! ( cause will be fetched! ) 
000002da  d4           2 A:VAL 
000002db  8b           A:PICK 
000002dc  10           R@ 
000002dd  88           A:DROP ( §this will be fetched! ) 
000002de  10           R@ 
000002df  1d           CELL+ 
000002e0  02           @ 
000002e1  462400       36 VAL 
000002e4  16           + 
000002e5  01           ! ( §this will be fetched! ) 
000002e6  10           R@ 
000002e7  0e           DUP 
000002e8  56           0 VAL 
000002e9  0d00000000   V! VAL ( will be modified! ) 
000002ee  00           NOP ( will be modified! ) 
000002ef  56           0 VAL 
000002f0               §break28185 LABEL ( §base0 will be fetched! ) 
000002f0  d3           3 A:VAL 
000002f1  8b           A:PICK 
000002f2  10           R@ 
000002f3  88           A:DROP 
000002f4  0d00000000   SETVTOP VAL ( will be modified! ) 
000002f9  00           NOP ( will be modified! ) remove §this remove message remove cause remove §base0 
000002fa  89           A:2DROP 
000002fb  89           A:2DROP 
000002fc  08           DROP 
000002fd               §7 LABEL 
000002fd  3d           EXIT 
000002fe               
000002fe               Throwable.Throwable§861099008 LABEL 
000002fe  54           2 VAL 
000002ff  0d00000000   VALLOCATE VAL ( will be modified! ) 
00000304  00           NOP ( will be modified! ) 
00000305  90           A:R@ ( §base0 declared ) 
00000306  08           DROP 
00000307  0e           DUP 
00000308  52           4 VAL ( §base0 will be fetched! ) 
00000309  10           R@ 
0000030a  16           + 
0000030b  0d00000000   V! VAL ( will be modified! ) 
00000310  00           NOP ( will be modified! ) 
00000311  90           A:R@ ( message declared ) 
00000312  08           DROP 
00000313  56           0 VAL 
00000314  90           A:R@ ( §this declared ) 
00000315  08           DROP 
00000316  0d00000000   Object§-1890496768.table VAL ( will be modified! ) 
0000031b  00           NOP ( will be modified! ) 
0000031c  0d004fea6c   1827294976 VAL 
00000321  0d00000000   EXECUTE-NEW VAL ( will be modified! ) 
00000326  00           NOP ( will be modified! ) 
00000327  462c00       44 VAL 
0000032a  0d00000000   MALLOC VAL ( will be modified! ) 
0000032f  00           NOP ( will be modified! ) 
00000330  08           DROP 
00000331  0e           DUP 
00000332  0e           DUP ( §base0 will be fetched! ) 
00000333  d4           2 A:VAL 
00000334  8b           A:PICK 
00000335  10           R@ 
00000336  88           A:DROP 
00000337  0d00000000   V! VAL ( will be modified! ) 
0000033c  00           NOP ( will be modified! ) ( §this will be modified! ) 
0000033d  88           A:DROP 
0000033e  90           A:R@ 
0000033f  08           DROP 
00000340  0f           OVER 
00000341  420900       §10 0BRANCH 
00000344  0f           OVER 
00000345  1d           CELL+ 
00000346  02           @ 
00000347  52           4 VAL 
00000348  16           + 
00000349  0f           OVER 
0000034a  0f           OVER 
0000034b  01           ! 
0000034c  08           DROP 
0000034d               §10 LABEL 
0000034d  1d           CELL+ 
0000034e  02           @ 
0000034f  0f           OVER 
00000350  0f           OVER 
00000351  01           ! 
00000352  0a           NIP 
00000353  0d00000000   Throwable§1745900544.table VAL ( will be modified! ) 
00000358  00           NOP ( will be modified! ) 
00000359  0f           OVER 
0000035a  4a           12 VAL 
0000035b  16           + 
0000035c  01           ! 
0000035d  0d00001068   1745879040 VAL 
00000362  0f           OVER 
00000363  461400       20 VAL 
00000366  16           + 
00000367  01           ! 
00000368  0d2a010000   §2 VAL 
0000036d  0f           OVER 
0000036e  461000       16 VAL 
00000371  16           + 
00000372  01           ! 
00000373  52           4 VAL 
00000374  0f           OVER 
00000375  461800       24 VAL 
00000378  16           + 
00000379  01           ! 
0000037a  08           DROP ( §this will be fetched! ) 
0000037b  10           R@ ( §this will be fetched! ) 
0000037c  10           R@ 
0000037d  1d           CELL+ 
0000037e  02           @ 
0000037f  462400       36 VAL 
00000382  16           + 
00000383  01           ! 
00000384  56           0 VAL ( §this will be fetched! ) 
00000385  10           R@ 
00000386  1d           CELL+ 
00000387  02           @ 
00000388  462800       40 VAL 
0000038b  16           + 
0000038c  01           ! 
0000038d  55           1 VAL 
0000038e  0d00000000   VALLOCATE VAL ( will be modified! ) 
00000393  00           NOP ( will be modified! ) 
00000394  90           A:R@ ( §tempvar declared ) 
00000395  08           DROP ( §this will be fetched! ) 
00000396  d5           1 A:VAL 
00000397  8b           A:PICK 
00000398  10           R@ 
00000399  88           A:DROP 
0000039a  90           A:R@ 
0000039b  08           DROP 
0000039c  10           R@ 
0000039d  88           A:DROP 
0000039e  0d0066d5cb   -875207168 VAL 
000003a3  57           -1 VAL 
000003a4  0d00000000   EXECUTE-METHOD VAL ( will be modified! ) 
000003a9  00           NOP ( will be modified! ) 
000003aa  0e           DUP ( §tempvar will be fetched! ) 
000003ab  10           R@ 
000003ac  0d00000000   V! VAL ( will be modified! ) 
000003b1  00           NOP ( will be modified! ) 
000003b2  08           DROP ( §tempvar will be fetched! ) 
000003b3  10           R@ 
000003b4  0d00000000   SETVTOP VAL ( will be modified! ) 
000003b9  00           NOP ( will be modified! ) remove §tempvar 
000003ba  88           A:DROP ( message will be fetched! ) 
000003bb  d5           1 A:VAL 
000003bc  8b           A:PICK 
000003bd  10           R@ 
000003be  88           A:DROP ( §this will be fetched! ) 
000003bf  10           R@ 
000003c0  1d           CELL+ 
000003c1  02           @ 
000003c2  462000       32 VAL 
000003c5  16           + 
000003c6  01           ! ( §this will be fetched! ) 
000003c7  10           R@ 
000003c8  0e           DUP 
000003c9  56           0 VAL 
000003ca  0d00000000   V! VAL ( will be modified! ) 
000003cf  00           NOP ( will be modified! ) 
000003d0  56           0 VAL 
000003d1               §break28184 LABEL ( §base0 will be fetched! ) 
000003d1  d4           2 A:VAL 
000003d2  8b           A:PICK 
000003d3  10           R@ 
000003d4  88           A:DROP 
000003d5  0d00000000   SETVTOP VAL ( will be modified! ) 
000003da  00           NOP ( will be modified! ) remove §this remove message remove §base0 
000003db  89           A:2DROP 
000003dc  88           A:DROP 
000003dd  08           DROP 
000003de               §9 LABEL 
000003de  3d           EXIT 
000003df               
000003df               Throwable.fillInStackTrace§-875207168 LABEL 
000003df  54           2 VAL 
000003e0  0d00000000   VALLOCATE VAL ( will be modified! ) 
000003e5  00           NOP ( will be modified! ) 
000003e6  90           A:R@ ( §base0 declared ) 
000003e7  08           DROP 
000003e8  0e           DUP 
000003e9  56           0 VAL ( §base0 will be fetched! ) 
000003ea  10           R@ 
000003eb  16           + 
000003ec  0d00000000   V! VAL ( will be modified! ) 
000003f1  00           NOP ( will be modified! ) 
000003f2  90           A:R@ ( §this declared ) 
000003f3  08           DROP 
000003f4  56           0 VAL 
000003f5  90           A:R@ ( x declared ) 
000003f6  08           DROP ( §this will be fetched! ) 
000003f7  d5           1 A:VAL 
000003f8  8b           A:PICK 
000003f9  10           R@ 
000003fa  88           A:DROP 
000003fb  90           A:R@ ( §synchronized0 declared ) 
000003fc  08           DROP 
000003fd  0d00000000   Throwable._staticThread VAL ( will be modified! ) 
00000402  00           NOP ( will be modified! ) 
00000403  02           @ ( §synchronized0 will be fetched! ) 
00000404  10           R@ 
00000405  0d006dc22f   801271040 VAL 
0000040a  57           -1 VAL 
0000040b  0d00000000   EXECUTE-METHOD VAL ( will be modified! ) 
00000410  00           NOP ( will be modified! ) 
00000411  0d00000000   Throwable§1745900544.table VAL ( will be modified! ) 
00000416  00           NOP ( will be modified! ) 
00000417  0d005497cc   -862497792 VAL 
0000041c  0d00000000   EXECUTE-NEW VAL ( will be modified! ) 
00000421  00           NOP ( will be modified! ) 
00000422  0e           DUP 
00000423  52           4 VAL ( §base0 will be fetched! ) 
00000424  d3           3 A:VAL 
00000425  8b           A:PICK 
00000426  10           R@ 
00000427  88           A:DROP 
00000428  16           + 
00000429  0d00000000   V! VAL ( will be modified! ) 
0000042e  00           NOP ( will be modified! ) ( x will be modified! ) 
0000042f  90           A:R@ 
00000430  d5           1 A:VAL 
00000431  8c           A:PUT 
00000432  08           DROP ( §this will be fetched! ) 
00000433  d4           2 A:VAL 
00000434  8b           A:PICK 
00000435  10           R@ 
00000436  88           A:DROP 
00000437  1d           CELL+ 
00000438  02           @ 
00000439  462800       40 VAL 
0000043c  16           + 
0000043d  02           @ ( x will be fetched! ) 
0000043e  d5           1 A:VAL 
0000043f  8b           A:PICK 
00000440  10           R@ 
00000441  88           A:DROP 
00000442  1d           CELL+ 
00000443  02           @ 
00000444  462800       40 VAL 
00000447  16           + 
00000448  01           ! ( §this will be fetched! ) 
00000449  d4           2 A:VAL 
0000044a  8b           A:PICK 
0000044b  10           R@ 
0000044c  88           A:DROP 
0000044d  1d           CELL+ 
0000044e  02           @ 
0000044f  462800       40 VAL 
00000452  16           + 
00000453  02           @ 
00000454  36           0<> 
00000455  42c600       §12 0BRANCH 
00000458  55           1 VAL 
00000459  0d00000000   VALLOCATE VAL ( will be modified! ) 
0000045e  00           NOP ( will be modified! ) 
0000045f  90           A:R@ ( §tempvar declared ) 
00000460  08           DROP ( §this will be fetched! ) 
00000461  d3           3 A:VAL 
00000462  8b           A:PICK 
00000463  10           R@ 
00000464  88           A:DROP 
00000465  1d           CELL+ 
00000466  02           @ 
00000467  462800       40 VAL 
0000046a  16           + 
0000046b  02           @ 
0000046c  1d           CELL+ 
0000046d  02           @ 
0000046e  461c00       28 VAL 
00000471  16           + 
00000472  02           @ 
00000473  0d0100d1b3   -1278148607 VAL 
00000478  0d00000000   JavaArray§1352878592.table VAL ( will be modified! ) 
0000047d  00           NOP ( will be modified! ) 
0000047e  0d004a75f2   -227194368 VAL 
00000483  0d00000000   EXECUTE-NEW VAL ( will be modified! ) 
00000488  00           NOP ( will be modified! ) ( x will be fetched! ) 
00000489  d4           2 A:VAL 
0000048a  8b           A:PICK 
0000048b  10           R@ 
0000048c  88           A:DROP 
0000048d  1d           CELL+ 
0000048e  02           @ 
0000048f  462800       40 VAL 
00000492  16           + 
00000493  01           ! ( §tempvar will be fetched! ) 
00000494  10           R@ 
00000495  0d00000000   SETVTOP VAL ( will be modified! ) 
0000049a  00           NOP ( will be modified! ) remove §tempvar 
0000049b  88           A:DROP 
0000049c  56           0 VAL 
0000049d  90           A:R@ ( i declared ) 
0000049e  08           DROP 
0000049f  56           0 VAL ( i will be modified! ) 
000004a0  88           A:DROP 
000004a1  90           A:R@ 
000004a2  08           DROP 
000004a3               §13 LABEL ( i will be fetched! ) 
000004a3  10           R@ ( §this will be fetched! ) 
000004a4  d3           3 A:VAL 
000004a5  8b           A:PICK 
000004a6  10           R@ 
000004a7  88           A:DROP 
000004a8  1d           CELL+ 
000004a9  02           @ 
000004aa  462800       40 VAL 
000004ad  16           + 
000004ae  02           @ 
000004af  1d           CELL+ 
000004b0  02           @ 
000004b1  461c00       28 VAL 
000004b4  16           + 
000004b5  02           @ 
000004b6  17           - 
000004b7  2a           0< 
000004b8  425e00       §14 0BRANCH 
000004bb  56           0 VAL 
000004bc  90           A:R@ ( 0§ declared ) 
000004bd  08           DROP ( i will be fetched! ) 
000004be  d5           1 A:VAL 
000004bf  8b           A:PICK 
000004c0  10           R@ 
000004c1  88           A:DROP ( 0§ will be modified! ) 
000004c2  88           A:DROP 
000004c3  90           A:R@ 
000004c4  08           DROP ( §this will be fetched! ) 
000004c5  d2           4 A:VAL 
000004c6  8b           A:PICK 
000004c7  10           R@ 
000004c8  88           A:DROP 
000004c9  1d           CELL+ 
000004ca  02           @ 
000004cb  462800       40 VAL 
000004ce  16           + 
000004cf  02           @ 
000004d0  90           A:R@ 
000004d1  08           DROP ( i will be fetched! ) 
000004d2  d4           2 A:VAL 
000004d3  8b           A:PICK 
000004d4  10           R@ 
000004d5  88           A:DROP 
000004d6  10           R@ 
000004d7  88           A:DROP 
000004d8  0d0067cbc7   -942971136 VAL 
000004dd  57           -1 VAL 
000004de  0d00000000   EXECUTE-METHOD VAL ( will be modified! ) 
000004e3  00           NOP ( will be modified! ) 
000004e4  02           @ 
000004e5  0d4f050000   §15 VAL 
000004ea  0d00000000   CASTTO VAL ( will be modified! ) 
000004ef  00           NOP ( will be modified! ) ( x will be fetched! ) 
000004f0  d3           3 A:VAL 
000004f1  8b           A:PICK 
000004f2  10           R@ 
000004f3  88           A:DROP 
000004f4  1d           CELL+ 
000004f5  02           @ 
000004f6  462800       40 VAL 
000004f9  16           + 
000004fa  02           @ 
000004fb  90           A:R@ 
000004fc  08           DROP ( 0§ will be fetched! ) 
000004fd  d5           1 A:VAL 
000004fe  8b           A:PICK 
000004ff  10           R@ 
00000500  88           A:DROP 
00000501  10           R@ 
00000502  88           A:DROP 
00000503  0d0067cbc7   -942971136 VAL 
00000508  57           -1 VAL 
00000509  0d00000000   EXECUTE-METHOD VAL ( will be modified! ) 
0000050e  00           NOP ( will be modified! ) 
0000050f  01           ! remove 0§ 
00000510  88           A:DROP ( i will be fetched! ) 
00000511  10           R@ 
00000512  18           1+ ( i will be modified! ) 
00000513  88           A:DROP 
00000514  90           A:R@ 
00000515  08           DROP 
00000516  408aff       §13 BRANCH 
00000519               §14 LABEL 
00000519  56           0 VAL 
0000051a               §break28195 LABEL remove i 
0000051a  88           A:DROP 
0000051b  08           DROP 
0000051c  56           0 VAL 
0000051d               §break28194 LABEL 
0000051d  08           DROP 
0000051e               §12 LABEL ( x will be fetched! ) 
0000051e  d5           1 A:VAL 
0000051f  8b           A:PICK 
00000520  10           R@ 
00000521  88           A:DROP 
00000522  0e           DUP 
00000523  56           0 VAL 
00000524  0d00000000   V! VAL ( will be modified! ) 
00000529  00           NOP ( will be modified! ) 
0000052a  56           0 VAL 
0000052b  400100       §break28193 BRANCH 
0000052e  56           0 VAL 
0000052f               §break28193 LABEL ( §synchronized0 will be fetched! ) 
0000052f  10           R@ 
00000530  0d006dad75   1974299904 VAL 
00000535  57           -1 VAL 
00000536  0d00000000   EXECUTE-METHOD VAL ( will be modified! ) 
0000053b  00           NOP ( will be modified! ) remove §synchronized0 
0000053c  88           A:DROP ( §base0 will be fetched! ) 
0000053d  d4           2 A:VAL 
0000053e  8b           A:PICK 
0000053f  10           R@ 
00000540  88           A:DROP 
00000541  0d00000000   SETVTOP VAL ( will be modified! ) 
00000546  00           NOP ( will be modified! ) remove x remove §this remove §base0 
00000547  89           A:2DROP 
00000548  88           A:DROP 
00000549  08           DROP 
0000054a               §11 LABEL 
0000054a  3d           EXIT 
0000054b  1100         §15 LABEL 
0000054d  537461636b5472616365456c656d656e74 " StackTraceElement " 
0000055e               
0000055e               Throwable.getCause§-2052495616 LABEL 
0000055e  55           1 VAL 
0000055f  0d00000000   VALLOCATE VAL ( will be modified! ) 
00000564  00           NOP ( will be modified! ) 
00000565  90           A:R@ ( §base0 declared ) 
00000566  08           DROP 
00000567  0e           DUP 
00000568  56           0 VAL ( §base0 will be fetched! ) 
00000569  10           R@ 
0000056a  16           + 
0000056b  0d00000000   V! VAL ( will be modified! ) 
00000570  00           NOP ( will be modified! ) 
00000571  90           A:R@ ( §this declared ) 
00000572  08           DROP ( §this will be fetched! ) 
00000573  10           R@ 
00000574  1d           CELL+ 
00000575  02           @ 
00000576  462400       36 VAL 
00000579  16           + 
0000057a  02           @ ( §this will be fetched! ) 
0000057b  10           R@ 
0000057c  17           - 
0000057d  2c           0= 
0000057e  420400       §17 0BRANCH 
00000581  56           0 VAL 
00000582  400800       §18 BRANCH 
00000585               §17 LABEL ( §this will be fetched! ) 
00000585  10           R@ 
00000586  1d           CELL+ 
00000587  02           @ 
00000588  462400       36 VAL 
0000058b  16           + 
0000058c  02           @ 
0000058d               §18 LABEL 
0000058d  0e           DUP 
0000058e  56           0 VAL 
0000058f  0d00000000   V! VAL ( will be modified! ) 
00000594  00           NOP ( will be modified! ) 
00000595  56           0 VAL 
00000596  400100       §break28189 BRANCH 
00000599  56           0 VAL 
0000059a               §break28189 LABEL ( §base0 will be fetched! ) 
0000059a  d5           1 A:VAL 
0000059b  8b           A:PICK 
0000059c  10           R@ 
0000059d  88           A:DROP 
0000059e  0d00000000   SETVTOP VAL ( will be modified! ) 
000005a3  00           NOP ( will be modified! ) remove §this remove §base0 
000005a4  89           A:2DROP 
000005a5  08           DROP 
000005a6               §16 LABEL 
000005a6  3d           EXIT 
000005a7               
000005a7               Throwable.getLocalizedMessage§1223845632 LABEL 
000005a7  55           1 VAL 
000005a8  0d00000000   VALLOCATE VAL ( will be modified! ) 
000005ad  00           NOP ( will be modified! ) 
000005ae  90           A:R@ ( §base0 declared ) 
000005af  08           DROP 
000005b0  0e           DUP 
000005b1  56           0 VAL ( §base0 will be fetched! ) 
000005b2  10           R@ 
000005b3  16           + 
000005b4  0d00000000   V! VAL ( will be modified! ) 
000005b9  00           NOP ( will be modified! ) 
000005ba  90           A:R@ ( §this declared ) 
000005bb  08           DROP ( §this will be fetched! ) 
000005bc  10           R@ 
000005bd  90           A:R@ 
000005be  08           DROP 
000005bf  10           R@ 
000005c0  88           A:DROP 
000005c1  0d00670865   1695049472 VAL 
000005c6  57           -1 VAL 
000005c7  0d00000000   EXECUTE-METHOD VAL ( will be modified! ) 
000005cc  00           NOP ( will be modified! ) 
000005cd  0e           DUP 
000005ce  56           0 VAL 
000005cf  0d00000000   V! VAL ( will be modified! ) 
000005d4  00           NOP ( will be modified! ) 
000005d5  56           0 VAL 
000005d6  400100       §break28188 BRANCH 
000005d9  56           0 VAL 
000005da               §break28188 LABEL ( §base0 will be fetched! ) 
000005da  d5           1 A:VAL 
000005db  8b           A:PICK 
000005dc  10           R@ 
000005dd  88           A:DROP 
000005de  0d00000000   SETVTOP VAL ( will be modified! ) 
000005e3  00           NOP ( will be modified! ) remove §this remove §base0 
000005e4  89           A:2DROP 
000005e5  08           DROP 
000005e6               §19 LABEL 
000005e6  3d           EXIT 
000005e7               
000005e7               Throwable.getMessage§1695049472 LABEL 
000005e7  55           1 VAL 
000005e8  0d00000000   VALLOCATE VAL ( will be modified! ) 
000005ed  00           NOP ( will be modified! ) 
000005ee  90           A:R@ ( §base0 declared ) 
000005ef  08           DROP 
000005f0  0e           DUP 
000005f1  56           0 VAL ( §base0 will be fetched! ) 
000005f2  10           R@ 
000005f3  16           + 
000005f4  0d00000000   V! VAL ( will be modified! ) 
000005f9  00           NOP ( will be modified! ) 
000005fa  90           A:R@ ( §this declared ) 
000005fb  08           DROP ( §this will be fetched! ) 
000005fc  10           R@ 
000005fd  1d           CELL+ 
000005fe  02           @ 
000005ff  462000       32 VAL 
00000602  16           + 
00000603  02           @ 
00000604  0e           DUP 
00000605  56           0 VAL 
00000606  0d00000000   V! VAL ( will be modified! ) 
0000060b  00           NOP ( will be modified! ) 
0000060c  56           0 VAL 
0000060d  400100       §break28187 BRANCH 
00000610  56           0 VAL 
00000611               §break28187 LABEL ( §base0 will be fetched! ) 
00000611  d5           1 A:VAL 
00000612  8b           A:PICK 
00000613  10           R@ 
00000614  88           A:DROP 
00000615  0d00000000   SETVTOP VAL ( will be modified! ) 
0000061a  00           NOP ( will be modified! ) remove §this remove §base0 
0000061b  89           A:2DROP 
0000061c  08           DROP 
0000061d               §20 LABEL 
0000061d  3d           EXIT 
0000061e               
0000061e               Throwable.getOurStackTrace§1804625664 LABEL 
0000061e  55           1 VAL 
0000061f  0d00000000   VALLOCATE VAL ( will be modified! ) 
00000624  00           NOP ( will be modified! ) 
00000625  90           A:R@ ( §base0 declared ) 
00000626  08           DROP 
00000627  0e           DUP 
00000628  56           0 VAL ( §base0 will be fetched! ) 
00000629  10           R@ 
0000062a  16           + 
0000062b  0d00000000   V! VAL ( will be modified! ) 
00000630  00           NOP ( will be modified! ) 
00000631  90           A:R@ ( §this declared ) 
00000632  08           DROP ( §this will be fetched! ) 
00000633  10           R@ 
00000634  90           A:R@ ( §synchronized0 declared ) 
00000635  08           DROP 
00000636  0d00000000   Throwable._staticThread VAL ( will be modified! ) 
0000063b  00           NOP ( will be modified! ) 
0000063c  02           @ ( §synchronized0 will be fetched! ) 
0000063d  10           R@ 
0000063e  0d006dc22f   801271040 VAL 
00000643  57           -1 VAL 
00000644  0d00000000   EXECUTE-METHOD VAL ( will be modified! ) 
00000649  00           NOP ( will be modified! ) ( §this will be fetched! ) 
0000064a  d5           1 A:VAL 
0000064b  8b           A:PICK 
0000064c  10           R@ 
0000064d  88           A:DROP 
0000064e  1d           CELL+ 
0000064f  02           @ 
00000650  462800       40 VAL 
00000653  16           + 
00000654  02           @ 
00000655  2c           0= 
00000656  42b200       §22 0BRANCH 
00000659  56           0 VAL 
0000065a  90           A:R@ ( depth declared ) 
0000065b  08           DROP ( §this will be fetched! ) 
0000065c  d4           2 A:VAL 
0000065d  8b           A:PICK 
0000065e  10           R@ 
0000065f  88           A:DROP 
00000660  90           A:R@ 
00000661  08           DROP 
00000662  10           R@ 
00000663  88           A:DROP 
00000664  0d00675ebb   -1151441152 VAL 
00000669  57           -1 VAL 
0000066a  0d00000000   EXECUTE-METHOD VAL ( will be modified! ) 
0000066f  00           NOP ( will be modified! ) ( depth will be modified! ) 
00000670  88           A:DROP 
00000671  90           A:R@ 
00000672  08           DROP 
00000673  55           1 VAL 
00000674  0d00000000   VALLOCATE VAL ( will be modified! ) 
00000679  00           NOP ( will be modified! ) 
0000067a  90           A:R@ ( §tempvar declared ) 
0000067b  08           DROP ( depth will be fetched! ) 
0000067c  d5           1 A:VAL 
0000067d  8b           A:PICK 
0000067e  10           R@ 
0000067f  88           A:DROP 
00000680  0d0100d1b3   -1278148607 VAL 
00000685  0d00000000   JavaArray§1352878592.table VAL ( will be modified! ) 
0000068a  00           NOP ( will be modified! ) 
0000068b  0d004a75f2   -227194368 VAL 
00000690  0d00000000   EXECUTE-NEW VAL ( will be modified! ) 
00000695  00           NOP ( will be modified! ) ( §this will be fetched! ) 
00000696  d3           3 A:VAL 
00000697  8b           A:PICK 
00000698  10           R@ 
00000699  88           A:DROP 
0000069a  1d           CELL+ 
0000069b  02           @ 
0000069c  462800       40 VAL 
0000069f  16           + 
000006a0  01           ! ( §tempvar will be fetched! ) 
000006a1  10           R@ 
000006a2  0d00000000   SETVTOP VAL ( will be modified! ) 
000006a7  00           NOP ( will be modified! ) remove §tempvar 
000006a8  88           A:DROP 
000006a9  56           0 VAL 
000006aa  90           A:R@ ( i declared ) 
000006ab  08           DROP 
000006ac  56           0 VAL ( i will be modified! ) 
000006ad  88           A:DROP 
000006ae  90           A:R@ 
000006af  08           DROP 
000006b0               §23 LABEL ( i will be fetched! ) 
000006b0  10           R@ ( depth will be fetched! ) 
000006b1  d5           1 A:VAL 
000006b2  8b           A:PICK 
000006b3  10           R@ 
000006b4  88           A:DROP 
000006b5  17           - 
000006b6  2a           0< 
000006b7  424b00       §24 0BRANCH 
000006ba  56           0 VAL 
000006bb  90           A:R@ ( 0§ declared ) 
000006bc  08           DROP ( i will be fetched! ) 
000006bd  d5           1 A:VAL 
000006be  8b           A:PICK 
000006bf  10           R@ 
000006c0  88           A:DROP ( 0§ will be modified! ) 
000006c1  88           A:DROP 
000006c2  90           A:R@ 
000006c3  08           DROP ( §this will be fetched! ) 
000006c4  d2           4 A:VAL 
000006c5  8b           A:PICK 
000006c6  10           R@ 
000006c7  88           A:DROP 
000006c8  90           A:R@ 
000006c9  08           DROP ( i will be fetched! ) 
000006ca  d4           2 A:VAL 
000006cb  8b           A:PICK 
000006cc  10           R@ 
000006cd  88           A:DROP 
000006ce  10           R@ 
000006cf  88           A:DROP 
000006d0  0d0067d863   1675126528 VAL 
000006d5  57           -1 VAL 
000006d6  0d00000000   EXECUTE-METHOD VAL ( will be modified! ) 
000006db  00           NOP ( will be modified! ) ( §this will be fetched! ) 
000006dc  d2           4 A:VAL 
000006dd  8b           A:PICK 
000006de  10           R@ 
000006df  88           A:DROP 
000006e0  1d           CELL+ 
000006e1  02           @ 
000006e2  462800       40 VAL 
000006e5  16           + 
000006e6  02           @ 
000006e7  90           A:R@ 
000006e8  08           DROP ( 0§ will be fetched! ) 
000006e9  d5           1 A:VAL 
000006ea  8b           A:PICK 
000006eb  10           R@ 
000006ec  88           A:DROP 
000006ed  10           R@ 
000006ee  88           A:DROP 
000006ef  0d0067cbc7   -942971136 VAL 
000006f4  57           -1 VAL 
000006f5  0d00000000   EXECUTE-METHOD VAL ( will be modified! ) 
000006fa  00           NOP ( will be modified! ) 
000006fb  01           ! remove 0§ 
000006fc  88           A:DROP ( i will be fetched! ) 
000006fd  10           R@ 
000006fe  18           1+ ( i will be modified! ) 
000006ff  88           A:DROP 
00000700  90           A:R@ 
00000701  08           DROP 
00000702  40abff       §23 BRANCH 
00000705               §24 LABEL 
00000705  56           0 VAL 
00000706               §break28199 LABEL remove i 
00000706  88           A:DROP 
00000707  08           DROP 
00000708  56           0 VAL 
00000709               §break28198 LABEL remove depth 
00000709  88           A:DROP 
0000070a  08           DROP 
0000070b               §22 LABEL ( §this will be fetched! ) 
0000070b  d5           1 A:VAL 
0000070c  8b           A:PICK 
0000070d  10           R@ 
0000070e  88           A:DROP 
0000070f  1d           CELL+ 
00000710  02           @ 
00000711  462800       40 VAL 
00000714  16           + 
00000715  02           @ 
00000716  0e           DUP 
00000717  56           0 VAL 
00000718  0d00000000   V! VAL ( will be modified! ) 
0000071d  00           NOP ( will be modified! ) 
0000071e  56           0 VAL 
0000071f  400100       §break28197 BRANCH 
00000722  56           0 VAL 
00000723               §break28197 LABEL ( §synchronized0 will be fetched! ) 
00000723  10           R@ 
00000724  0d006dad75   1974299904 VAL 
00000729  57           -1 VAL 
0000072a  0d00000000   EXECUTE-METHOD VAL ( will be modified! ) 
0000072f  00           NOP ( will be modified! ) remove §synchronized0 
00000730  88           A:DROP ( §base0 will be fetched! ) 
00000731  d5           1 A:VAL 
00000732  8b           A:PICK 
00000733  10           R@ 
00000734  88           A:DROP 
00000735  0d00000000   SETVTOP VAL ( will be modified! ) 
0000073a  00           NOP ( will be modified! ) remove §this remove §base0 
0000073b  89           A:2DROP 
0000073c  08           DROP 
0000073d               §21 LABEL 
0000073d  3d           EXIT 
0000073e               
0000073e               Throwable.getStackTrace§-492738816 LABEL 
0000073e  55           1 VAL 
0000073f  0d00000000   VALLOCATE VAL ( will be modified! ) 
00000744  00           NOP ( will be modified! ) 
00000745  90           A:R@ ( §base0 declared ) 
00000746  08           DROP 
00000747  0e           DUP 
00000748  56           0 VAL ( §base0 will be fetched! ) 
00000749  10           R@ 
0000074a  16           + 
0000074b  0d00000000   V! VAL ( will be modified! ) 
00000750  00           NOP ( will be modified! ) 
00000751  90           A:R@ ( §this declared ) 
00000752  08           DROP 
00000753  55           1 VAL 
00000754  0d00000000   VALLOCATE VAL ( will be modified! ) 
00000759  00           NOP ( will be modified! ) 
0000075a  90           A:R@ ( §tempvar declared ) 
0000075b  08           DROP ( §this will be fetched! ) 
0000075c  d5           1 A:VAL 
0000075d  8b           A:PICK 
0000075e  10           R@ 
0000075f  88           A:DROP 
00000760  90           A:R@ 
00000761  08           DROP 
00000762  10           R@ 
00000763  88           A:DROP 
00000764  0d0067906b   1804625664 VAL 
00000769  57           -1 VAL 
0000076a  0d00000000   EXECUTE-METHOD VAL ( will be modified! ) 
0000076f  00           NOP ( will be modified! ) 
00000770  0e           DUP ( §tempvar will be fetched! ) 
00000771  10           R@ 
00000772  0d00000000   V! VAL ( will be modified! ) 
00000777  00           NOP ( will be modified! ) 
00000778  90           A:R@ 
00000779  08           DROP 
0000077a  10           R@ 
0000077b  88           A:DROP 
0000077c  0d00635d75   1969054464 VAL 
00000781  57           -1 VAL 
00000782  0d00000000   EXECUTE-METHOD VAL ( will be modified! ) 
00000787  00           NOP ( will be modified! ) 
00000788  0e           DUP 
00000789  56           0 VAL 
0000078a  0d00000000   V! VAL ( will be modified! ) 
0000078f  00           NOP ( will be modified! ) ( §tempvar will be fetched! ) 
00000790  10           R@ 
00000791  0d00000000   SETVTOP VAL ( will be modified! ) 
00000796  00           NOP ( will be modified! ) remove §tempvar 
00000797  88           A:DROP 
00000798  56           0 VAL 
00000799  400100       §break28196 BRANCH 
0000079c  56           0 VAL 
0000079d               §break28196 LABEL ( §base0 will be fetched! ) 
0000079d  d5           1 A:VAL 
0000079e  8b           A:PICK 
0000079f  10           R@ 
000007a0  88           A:DROP 
000007a1  0d00000000   SETVTOP VAL ( will be modified! ) 
000007a6  00           NOP ( will be modified! ) remove §this remove §base0 
000007a7  89           A:2DROP 
000007a8  08           DROP 
000007a9               §25 LABEL 
000007a9  3d           EXIT 
000007aa               
000007aa               Throwable.getStackTraceDepth§-1151441152 LABEL 
000007aa  55           1 VAL 
000007ab  0d00000000   VALLOCATE VAL ( will be modified! ) 
000007b0  00           NOP ( will be modified! ) 
000007b1  90           A:R@ ( §base0 declared ) 
000007b2  08           DROP 
000007b3  0e           DUP 
000007b4  56           0 VAL ( §base0 will be fetched! ) 
000007b5  10           R@ 
000007b6  16           + 
000007b7  0d00000000   V! VAL ( will be modified! ) 
000007bc  00           NOP ( will be modified! ) 
000007bd  90           A:R@ ( §this declared ) 
000007be  08           DROP ( §this will be fetched! ) 
000007bf  10           R@ 
000007c0  1d           CELL+ 
000007c1  02           @ 
000007c2  462800       40 VAL 
000007c5  16           + 
000007c6  02           @ 
000007c7  1d           CELL+ 
000007c8  02           @ 
000007c9  461c00       28 VAL 
000007cc  16           + 
000007cd  02           @ 
000007ce  56           0 VAL 
000007cf  400100       §break28202 BRANCH 
000007d2  56           0 VAL 
000007d3               §break28202 LABEL ( §base0 will be fetched! ) 
000007d3  d5           1 A:VAL 
000007d4  8b           A:PICK 
000007d5  10           R@ 
000007d6  88           A:DROP 
000007d7  0d00000000   SETVTOP VAL ( will be modified! ) 
000007dc  00           NOP ( will be modified! ) remove §this remove §base0 
000007dd  89           A:2DROP 
000007de  08           DROP 
000007df               §26 LABEL 
000007df  3d           EXIT 
000007e0               
000007e0               Throwable.getStackTraceElement§1675126528 LABEL 
000007e0  55           1 VAL 
000007e1  0d00000000   VALLOCATE VAL ( will be modified! ) 
000007e6  00           NOP ( will be modified! ) 
000007e7  90           A:R@ ( §base0 declared ) 
000007e8  08           DROP 
000007e9  0e           DUP 
000007ea  56           0 VAL ( §base0 will be fetched! ) 
000007eb  10           R@ 
000007ec  16           + 
000007ed  0d00000000   V! VAL ( will be modified! ) 
000007f2  00           NOP ( will be modified! ) 
000007f3  90           A:R@ ( §this declared ) 
000007f4  08           DROP 
000007f5  90           A:R@ ( index declared ) 
000007f6  08           DROP ( §this will be fetched! ) 
000007f7  d5           1 A:VAL 
000007f8  8b           A:PICK 
000007f9  10           R@ 
000007fa  88           A:DROP 
000007fb  1d           CELL+ 
000007fc  02           @ 
000007fd  462800       40 VAL 
00000800  16           + 
00000801  02           @ 
00000802  90           A:R@ 
00000803  08           DROP ( index will be fetched! ) 
00000804  d5           1 A:VAL 
00000805  8b           A:PICK 
00000806  10           R@ 
00000807  88           A:DROP 
00000808  10           R@ 
00000809  88           A:DROP 
0000080a  0d0067cbc7   -942971136 VAL 
0000080f  57           -1 VAL 
00000810  0d00000000   EXECUTE-METHOD VAL ( will be modified! ) 
00000815  00           NOP ( will be modified! ) 
00000816  02           @ 
00000817  0d4f050000   §15 VAL 
0000081c  0d00000000   CASTTO VAL ( will be modified! ) 
00000821  00           NOP ( will be modified! ) 
00000822  0e           DUP 
00000823  56           0 VAL 
00000824  0d00000000   V! VAL ( will be modified! ) 
00000829  00           NOP ( will be modified! ) 
0000082a  56           0 VAL 
0000082b  400100       §break28203 BRANCH 
0000082e  56           0 VAL 
0000082f               §break28203 LABEL ( §base0 will be fetched! ) 
0000082f  d4           2 A:VAL 
00000830  8b           A:PICK 
00000831  10           R@ 
00000832  88           A:DROP 
00000833  0d00000000   SETVTOP VAL ( will be modified! ) 
00000838  00           NOP ( will be modified! ) remove index remove §this remove §base0 
00000839  89           A:2DROP 
0000083a  88           A:DROP 
0000083b  08           DROP 
0000083c               §27 LABEL 
0000083c  3d           EXIT 
0000083d               
0000083d               Throwable.initCause§-621844224 LABEL 
0000083d  54           2 VAL 
0000083e  0d00000000   VALLOCATE VAL ( will be modified! ) 
00000843  00           NOP ( will be modified! ) 
00000844  90           A:R@ ( §base0 declared ) 
00000845  08           DROP 
00000846  0e           DUP 
00000847  52           4 VAL ( §base0 will be fetched! ) 
00000848  10           R@ 
00000849  16           + 
0000084a  0d00000000   V! VAL ( will be modified! ) 
0000084f  00           NOP ( will be modified! ) 
00000850  90           A:R@ ( §this declared ) 
00000851  08           DROP 
00000852  0e           DUP 
00000853  56           0 VAL ( §base0 will be fetched! ) 
00000854  d5           1 A:VAL 
00000855  8b           A:PICK 
00000856  10           R@ 
00000857  88           A:DROP 
00000858  16           + 
00000859  0d00000000   V! VAL ( will be modified! ) 
0000085e  00           NOP ( will be modified! ) 
0000085f  90           A:R@ ( cause declared ) 
00000860  08           DROP ( §this will be fetched! ) 
00000861  d5           1 A:VAL 
00000862  8b           A:PICK 
00000863  10           R@ 
00000864  88           A:DROP 
00000865  90           A:R@ ( §synchronized0 declared ) 
00000866  08           DROP 
00000867  0d00000000   Throwable._staticThread VAL ( will be modified! ) 
0000086c  00           NOP ( will be modified! ) 
0000086d  02           @ ( §synchronized0 will be fetched! ) 
0000086e  10           R@ 
0000086f  0d006dc22f   801271040 VAL 
00000874  57           -1 VAL 
00000875  0d00000000   EXECUTE-METHOD VAL ( will be modified! ) 
0000087a  00           NOP ( will be modified! ) ( §this will be fetched! ) 
0000087b  d4           2 A:VAL 
0000087c  8b           A:PICK 
0000087d  10           R@ 
0000087e  88           A:DROP 
0000087f  1d           CELL+ 
00000880  02           @ 
00000881  462400       36 VAL 
00000884  16           + 
00000885  02           @ ( §this will be fetched! ) 
00000886  d4           2 A:VAL 
00000887  8b           A:PICK 
00000888  10           R@ 
00000889  88           A:DROP 
0000088a  17           - 
0000088b  36           0<> 
0000088c  424600       §29 0BRANCH 
0000088f  55           1 VAL 
00000890  0d00000000   VALLOCATE VAL ( will be modified! ) 
00000895  00           NOP ( will be modified! ) 
00000896  90           A:R@ ( §tempvar declared ) 
00000897  08           DROP 
00000898  0da2090000   §30 VAL 
0000089d  1e           HALF+ 
0000089e  0e           DUP 
0000089f  19           1- 
000008a0  04           C@ 
000008a1  4e           8 VAL 
000008a2  20           LSHIFT 
000008a3  0f           OVER 
000008a4  19           1- 
000008a5  19           1- 
000008a6  04           C@ 
000008a7  22           OR 
000008a8  0d00000000   JavaArray.createUnicode§-675323136 VAL ( will be modified! ) 
000008ad  00           NOP ( will be modified! ) 
000008ae  0e           DUP ( §tempvar will be fetched! ) 
000008af  10           R@ 
000008b0  0d00000000   V! VAL ( will be modified! ) 
000008b5  00           NOP ( will be modified! ) 
000008b6  0d00000000   IllegalStateException§799688960.table VAL ( will be modified! ) 
000008bb  00           NOP ( will be modified! ) 
000008bc  0d00495743   1129793792 VAL 
000008c1  0d00000000   EXECUTE-NEW VAL ( will be modified! ) 
000008c6  00           NOP ( will be modified! ) 
000008c7  0d00000000   JavaArray.handler§-1096259584 VAL ( will be modified! ) 
000008cc  00           NOP ( will be modified! ) ( §tempvar will be fetched! ) 
000008cd  10           R@ 
000008ce  0d00000000   SETVTOP VAL ( will be modified! ) 
000008d3  00           NOP ( will be modified! ) remove §tempvar 
000008d4  88           A:DROP 
000008d5               §29 LABEL ( cause will be fetched! ) 
000008d5  d5           1 A:VAL 
000008d6  8b           A:PICK 
000008d7  10           R@ 
000008d8  88           A:DROP ( §this will be fetched! ) 
000008d9  d4           2 A:VAL 
000008da  8b           A:PICK 
000008db  10           R@ 
000008dc  88           A:DROP 
000008dd  17           - 
000008de  2c           0= 
000008df  424600       §31 0BRANCH 
000008e2  55           1 VAL 
000008e3  0d00000000   VALLOCATE VAL ( will be modified! ) 
000008e8  00           NOP ( will be modified! ) 
000008e9  90           A:R@ ( §tempvar declared ) 
000008ea  08           DROP 
000008eb  0d68090000   §32 VAL 
000008f0  1e           HALF+ 
000008f1  0e           DUP 
000008f2  19           1- 
000008f3  04           C@ 
000008f4  4e           8 VAL 
000008f5  20           LSHIFT 
000008f6  0f           OVER 
000008f7  19           1- 
000008f8  19           1- 
000008f9  04           C@ 
000008fa  22           OR 
000008fb  0d00000000   JavaArray.createUnicode§-675323136 VAL ( will be modified! ) 
00000900  00           NOP ( will be modified! ) 
00000901  0e           DUP ( §tempvar will be fetched! ) 
00000902  10           R@ 
00000903  0d00000000   V! VAL ( will be modified! ) 
00000908  00           NOP ( will be modified! ) 
00000909  0d00000000   IllegalArgumentException§-946714368.table VAL ( will be modified! ) 
0000090e  00           NOP ( will be modified! ) 
0000090f  0d0049f52b   737495296 VAL 
00000914  0d00000000   EXECUTE-NEW VAL ( will be modified! ) 
00000919  00           NOP ( will be modified! ) 
0000091a  0d00000000   JavaArray.handler§-1096259584 VAL ( will be modified! ) 
0000091f  00           NOP ( will be modified! ) ( §tempvar will be fetched! ) 
00000920  10           R@ 
00000921  0d00000000   SETVTOP VAL ( will be modified! ) 
00000926  00           NOP ( will be modified! ) remove §tempvar 
00000927  88           A:DROP 
00000928               §31 LABEL ( cause will be fetched! ) 
00000928  d5           1 A:VAL 
00000929  8b           A:PICK 
0000092a  10           R@ 
0000092b  88           A:DROP ( §this will be fetched! ) 
0000092c  d4           2 A:VAL 
0000092d  8b           A:PICK 
0000092e  10           R@ 
0000092f  88           A:DROP 
00000930  1d           CELL+ 
00000931  02           @ 
00000932  462400       36 VAL 
00000935  16           + 
00000936  01           ! ( §this will be fetched! ) 
00000937  d4           2 A:VAL 
00000938  8b           A:PICK 
00000939  10           R@ 
0000093a  88           A:DROP 
0000093b  0e           DUP 
0000093c  56           0 VAL 
0000093d  0d00000000   V! VAL ( will be modified! ) 
00000942  00           NOP ( will be modified! ) 
00000943  56           0 VAL 
00000944  400100       §break28190 BRANCH 
00000947  56           0 VAL 
00000948               §break28190 LABEL ( §synchronized0 will be fetched! ) 
00000948  10           R@ 
00000949  0d006dad75   1974299904 VAL 
0000094e  57           -1 VAL 
0000094f  0d00000000   EXECUTE-METHOD VAL ( will be modified! ) 
00000954  00           NOP ( will be modified! ) remove §synchronized0 
00000955  88           A:DROP ( §base0 will be fetched! ) 
00000956  d4           2 A:VAL 
00000957  8b           A:PICK 
00000958  10           R@ 
00000959  88           A:DROP 
0000095a  0d00000000   SETVTOP VAL ( will be modified! ) 
0000095f  00           NOP ( will be modified! ) remove cause remove §this remove §base0 
00000960  89           A:2DROP 
00000961  88           A:DROP 
00000962  08           DROP 
00000963               §28 LABEL 
00000963  3d           EXIT 
00000964  3800         §32 LABEL 
00000966  530065006c0066002d0063006100750073006100740069006f006e0020006e006f00740020007000650072006d0069007400740065006400 " S e l f - c a u s a t i o n   n o t   p e r m i t t e d  " 
0000099e  2a00         §30 LABEL 
000009a0  430061006e002700740020006f0076006500720077007200690074006500200063006100750073006500 " C a n ' t   o v e r w r i t e   c a u s e  " 
000009ca               
000009ca               Throwable.printStackTrace§263417856 LABEL 
000009ca  55           1 VAL 
000009cb  0d00000000   VALLOCATE VAL ( will be modified! ) 
000009d0  00           NOP ( will be modified! ) 
000009d1  90           A:R@ ( §base0 declared ) 
000009d2  08           DROP 
000009d3  0e           DUP 
000009d4  56           0 VAL ( §base0 will be fetched! ) 
000009d5  10           R@ 
000009d6  16           + 
000009d7  0d00000000   V! VAL ( will be modified! ) 
000009dc  00           NOP ( will be modified! ) 
000009dd  90           A:R@ ( §this declared ) 
000009de  08           DROP 
000009df  56           0 VAL 
000009e0               §break28192 LABEL ( §base0 will be fetched! ) 
000009e0  d5           1 A:VAL 
000009e1  8b           A:PICK 
000009e2  10           R@ 
000009e3  88           A:DROP 
000009e4  0d00000000   SETVTOP VAL ( will be modified! ) 
000009e9  00           NOP ( will be modified! ) remove §this remove §base0 
000009ea  89           A:2DROP 
000009eb  08           DROP 
000009ec               §33 LABEL 
000009ec  3d           EXIT 
000009ed               
000009ed               Throwable.setStackTrace§716927744 LABEL 
000009ed  53           3 VAL 
000009ee  0d00000000   VALLOCATE VAL ( will be modified! ) 
000009f3  00           NOP ( will be modified! ) 
000009f4  90           A:R@ ( §base0 declared ) 
000009f5  08           DROP 
000009f6  0e           DUP 
000009f7  52           4 VAL ( §base0 will be fetched! ) 
000009f8  10           R@ 
000009f9  16           + 
000009fa  0d00000000   V! VAL ( will be modified! ) 
000009ff  00           NOP ( will be modified! ) 
00000a00  90           A:R@ ( §this declared ) 
00000a01  08           DROP 
00000a02  0e           DUP 
00000a03  56           0 VAL ( §base0 will be fetched! ) 
00000a04  d5           1 A:VAL 
00000a05  8b           A:PICK 
00000a06  10           R@ 
00000a07  88           A:DROP 
00000a08  16           + 
00000a09  0d00000000   V! VAL ( will be modified! ) 
00000a0e  00           NOP ( will be modified! ) 
00000a0f  90           A:R@ ( stackTrace declared ) 
00000a10  08           DROP 
00000a11  56           0 VAL 
00000a12  90           A:R@ ( defensiveCopy declared ) 
00000a13  08           DROP ( stackTrace will be fetched! ) 
00000a14  d5           1 A:VAL 
00000a15  8b           A:PICK 
00000a16  10           R@ 
00000a17  88           A:DROP 
00000a18  90           A:R@ 
00000a19  08           DROP 
00000a1a  10           R@ 
00000a1b  88           A:DROP 
00000a1c  0d00635d75   1969054464 VAL 
00000a21  57           -1 VAL 
00000a22  0d00000000   EXECUTE-METHOD VAL ( will be modified! ) 
00000a27  00           NOP ( will be modified! ) 
00000a28  0e           DUP 
00000a29  4e           8 VAL ( §base0 will be fetched! ) 
00000a2a  d3           3 A:VAL 
00000a2b  8b           A:PICK 
00000a2c  10           R@ 
00000a2d  88           A:DROP 
00000a2e  16           + 
00000a2f  0d00000000   V! VAL ( will be modified! ) 
00000a34  00           NOP ( will be modified! ) ( defensiveCopy will be modified! ) 
00000a35  88           A:DROP 
00000a36  90           A:R@ 
00000a37  08           DROP 
00000a38  56           0 VAL 
00000a39  90           A:R@ ( i declared ) 
00000a3a  08           DROP 
00000a3b  56           0 VAL ( i will be modified! ) 
00000a3c  88           A:DROP 
00000a3d  90           A:R@ 
00000a3e  08           DROP 
00000a3f               §35 LABEL ( i will be fetched! ) 
00000a3f  10           R@ ( defensiveCopy will be fetched! ) 
00000a40  d5           1 A:VAL 
00000a41  8b           A:PICK 
00000a42  10           R@ 
00000a43  88           A:DROP 
00000a44  1d           CELL+ 
00000a45  02           @ 
00000a46  461c00       28 VAL 
00000a49  16           + 
00000a4a  02           @ 
00000a4b  17           - 
00000a4c  2a           0< 
00000a4d  42e100       §36 0BRANCH ( defensiveCopy will be fetched! ) 
00000a50  d5           1 A:VAL 
00000a51  8b           A:PICK 
00000a52  10           R@ 
00000a53  88           A:DROP 
00000a54  90           A:R@ 
00000a55  08           DROP ( i will be fetched! ) 
00000a56  d5           1 A:VAL 
00000a57  8b           A:PICK 
00000a58  10           R@ 
00000a59  88           A:DROP 
00000a5a  10           R@ 
00000a5b  88           A:DROP 
00000a5c  0d0067cbc7   -942971136 VAL 
00000a61  57           -1 VAL 
00000a62  0d00000000   EXECUTE-METHOD VAL ( will be modified! ) 
00000a67  00           NOP ( will be modified! ) 
00000a68  02           @ 
00000a69  0d4f050000   §15 VAL 
00000a6e  0d00000000   CASTTO VAL ( will be modified! ) 
00000a73  00           NOP ( will be modified! ) 
00000a74  2c           0= 
00000a75  42b100       §37 0BRANCH 
00000a78  52           4 VAL 
00000a79  0d00000000   VALLOCATE VAL ( will be modified! ) 
00000a7e  00           NOP ( will be modified! ) 
00000a7f  90           A:R@ ( §tempvar declared ) 
00000a80  08           DROP 
00000a81  0d640b0000   §38 VAL 
00000a86  1e           HALF+ 
00000a87  0e           DUP 
00000a88  19           1- 
00000a89  04           C@ 
00000a8a  4e           8 VAL 
00000a8b  20           LSHIFT 
00000a8c  0f           OVER 
00000a8d  19           1- 
00000a8e  19           1- 
00000a8f  04           C@ 
00000a90  22           OR 
00000a91  0d00000000   JavaArray.createUnicode§-675323136 VAL ( will be modified! ) 
00000a96  00           NOP ( will be modified! ) 
00000a97  0e           DUP ( §tempvar will be fetched! ) 
00000a98  10           R@ 
00000a99  0d00000000   V! VAL ( will be modified! ) 
00000a9e  00           NOP ( will be modified! ) ( i will be fetched! ) 
00000a9f  d5           1 A:VAL 
00000aa0  8b           A:PICK 
00000aa1  10           R@ 
00000aa2  88           A:DROP 
00000aa3  0d00000000   <# VAL ( will be modified! ) 
00000aa8  00           NOP ( will be modified! ) 
00000aa9  56           0 VAL 
00000aaa  0d00000000   ..R VAL ( will be modified! ) 
00000aaf  00           NOP ( will be modified! ) 
00000ab0  0d00000000   JavaArray.createString§-105880832 VAL ( will be modified! ) 
00000ab5  00           NOP ( will be modified! ) 
00000ab6  0e           DUP ( §tempvar will be fetched! ) 
00000ab7  10           R@ 
00000ab8  52           4 VAL 
00000ab9  16           + 
00000aba  0d00000000   V! VAL ( will be modified! ) 
00000abf  00           NOP ( will be modified! ) 
00000ac0  91           A:R1@ 
00000ac1  0a           NIP 
00000ac2  10           R@ 
00000ac3  88           A:DROP 
00000ac4  0d0063e4a8   -1461427456 VAL 
00000ac9  57           -1 VAL 
00000aca  0d00000000   EXECUTE-METHOD VAL ( will be modified! ) 
00000acf  00           NOP ( will be modified! ) 
00000ad0  0e           DUP ( §tempvar will be fetched! ) 
00000ad1  10           R@ 
00000ad2  4e           8 VAL 
00000ad3  16           + 
00000ad4  0d00000000   V! VAL ( will be modified! ) 
00000ad9  00           NOP ( will be modified! ) 
00000ada  0d600b0000   §39 VAL 
00000adf  1e           HALF+ 
00000ae0  0e           DUP 
00000ae1  19           1- 
00000ae2  04           C@ 
00000ae3  4e           8 VAL 
00000ae4  20           LSHIFT 
00000ae5  0f           OVER 
00000ae6  19           1- 
00000ae7  19           1- 
00000ae8  04           C@ 
00000ae9  22           OR 
00000aea  0d00000000   JavaArray.createUnicode§-675323136 VAL ( will be modified! ) 
00000aef  00           NOP ( will be modified! ) 
00000af0  0e           DUP ( §tempvar will be fetched! ) 
00000af1  10           R@ 
00000af2  4a           12 VAL 
00000af3  16           + 
00000af4  0d00000000   V! VAL ( will be modified! ) 
00000af9  00           NOP ( will be modified! ) 
00000afa  91           A:R1@ 
00000afb  0a           NIP 
00000afc  10           R@ 
00000afd  88           A:DROP 
00000afe  0d0063e4a8   -1461427456 VAL 
00000b03  57           -1 VAL 
00000b04  0d00000000   EXECUTE-METHOD VAL ( will be modified! ) 
00000b09  00           NOP ( will be modified! ) 
00000b0a  0d00000000   NullPointerException§561335808.table VAL ( will be modified! ) 
00000b0f  00           NOP ( will be modified! ) 
00000b10  0d004e16c8   -938062336 VAL 
00000b15  0d00000000   EXECUTE-NEW VAL ( will be modified! ) 
00000b1a  00           NOP ( will be modified! ) 
00000b1b  0d00000000   JavaArray.handler§-1096259584 VAL ( will be modified! ) 
00000b20  00           NOP ( will be modified! ) ( §tempvar will be fetched! ) 
00000b21  10           R@ 
00000b22  0d00000000   SETVTOP VAL ( will be modified! ) 
00000b27  00           NOP ( will be modified! ) remove §tempvar 
00000b28  88           A:DROP 
00000b29               §37 LABEL ( i will be fetched! ) 
00000b29  10           R@ 
00000b2a  18           1+ ( i will be modified! ) 
00000b2b  88           A:DROP 
00000b2c  90           A:R@ 
00000b2d  08           DROP 
00000b2e  400eff       §35 BRANCH 
00000b31               §36 LABEL 
00000b31  56           0 VAL 
00000b32               §break28201 LABEL remove i 
00000b32  88           A:DROP 
00000b33  37           0>! 
00000b34  420900       §40 0BRANCH 
00000b37  0d01000100   65537 VAL 
00000b3c  17           - 
00000b3d  400e00       §break28200 BRANCH 
00000b40               §40 LABEL 
00000b40  08           DROP ( defensiveCopy will be fetched! ) 
00000b41  10           R@ ( §this will be fetched! ) 
00000b42  d4           2 A:VAL 
00000b43  8b           A:PICK 
00000b44  10           R@ 
00000b45  88           A:DROP 
00000b46  1d           CELL+ 
00000b47  02           @ 
00000b48  462800       40 VAL 
00000b4b  16           + 
00000b4c  01           ! 
00000b4d  56           0 VAL 
00000b4e               §break28200 LABEL ( §base0 will be fetched! ) 
00000b4e  d3           3 A:VAL 
00000b4f  8b           A:PICK 
00000b50  10           R@ 
00000b51  88           A:DROP 
00000b52  0d00000000   SETVTOP VAL ( will be modified! ) 
00000b57  00           NOP ( will be modified! ) remove defensiveCopy remove stackTrace remove §this remove §base0 
00000b58  89           A:2DROP 
00000b59  89           A:2DROP 
00000b5a  08           DROP 
00000b5b               §34 LABEL 
00000b5b  3d           EXIT 
00000b5c  0200         §39 LABEL 
00000b5e  5d00         " ]  " 
00000b60  1600         §38 LABEL 
00000b62  73007400610063006b00540072006100630065005b00 " s t a c k T r a c e [  " 
00000b78               
00000b78               Throwable.toString§1621718016 LABEL 
00000b78  53           3 VAL 
00000b79  0d00000000   VALLOCATE VAL ( will be modified! ) 
00000b7e  00           NOP ( will be modified! ) 
00000b7f  90           A:R@ ( §base0 declared ) 
00000b80  08           DROP 
00000b81  0e           DUP 
00000b82  56           0 VAL ( §base0 will be fetched! ) 
00000b83  10           R@ 
00000b84  16           + 
00000b85  0d00000000   V! VAL ( will be modified! ) 
00000b8a  00           NOP ( will be modified! ) 
00000b8b  90           A:R@ ( §this declared ) 
00000b8c  08           DROP 
00000b8d  56           0 VAL 
00000b8e  0e           DUP 
00000b8f  90           A:R@ ( message declared ) 
00000b90  08           DROP 
00000b91  90           A:R@ ( s declared ) 
00000b92  08           DROP 
00000b93  0d730c0000   §42 VAL 
00000b98  1e           HALF+ 
00000b99  0e           DUP 
00000b9a  19           1- 
00000b9b  04           C@ 
00000b9c  4e           8 VAL 
00000b9d  20           LSHIFT 
00000b9e  0f           OVER 
00000b9f  19           1- 
00000ba0  19           1- 
00000ba1  04           C@ 
00000ba2  22           OR 
00000ba3  0d00000000   JavaArray.createUnicode§-675323136 VAL ( will be modified! ) 
00000ba8  00           NOP ( will be modified! ) 
00000ba9  0e           DUP 
00000baa  52           4 VAL ( §base0 will be fetched! ) 
00000bab  d3           3 A:VAL 
00000bac  8b           A:PICK 
00000bad  10           R@ 
00000bae  88           A:DROP 
00000baf  16           + 
00000bb0  0d00000000   V! VAL ( will be modified! ) 
00000bb5  00           NOP ( will be modified! ) ( s will be modified! ) 
00000bb6  88           A:DROP 
00000bb7  90           A:R@ 
00000bb8  08           DROP ( §this will be fetched! ) 
00000bb9  d4           2 A:VAL 
00000bba  8b           A:PICK 
00000bbb  10           R@ 
00000bbc  88           A:DROP 
00000bbd  90           A:R@ 
00000bbe  08           DROP 
00000bbf  10           R@ 
00000bc0  88           A:DROP 
00000bc1  0d0067f248   1223845632 VAL 
00000bc6  57           -1 VAL 
00000bc7  0d00000000   EXECUTE-METHOD VAL ( will be modified! ) 
00000bcc  00           NOP ( will be modified! ) 
00000bcd  0e           DUP 
00000bce  4e           8 VAL ( §base0 will be fetched! ) 
00000bcf  d3           3 A:VAL 
00000bd0  8b           A:PICK 
00000bd1  10           R@ 
00000bd2  88           A:DROP 
00000bd3  16           + 
00000bd4  0d00000000   V! VAL ( will be modified! ) 
00000bd9  00           NOP ( will be modified! ) ( message will be modified! ) 
00000bda  90           A:R@ 
00000bdb  d5           1 A:VAL 
00000bdc  8c           A:PUT 
00000bdd  08           DROP 
00000bde  54           2 VAL 
00000bdf  0d00000000   VALLOCATE VAL ( will be modified! ) 
00000be4  00           NOP ( will be modified! ) 
00000be5  90           A:R@ ( §tempvar declared ) 
00000be6  08           DROP ( message will be fetched! ) 
00000be7  d4           2 A:VAL 
00000be8  8b           A:PICK 
00000be9  10           R@ 
00000bea  88           A:DROP 
00000beb  36           0<> 
00000bec  425300       §43 0BRANCH ( s will be fetched! ) 
00000bef  d5           1 A:VAL 
00000bf0  8b           A:PICK 
00000bf1  10           R@ 
00000bf2  88           A:DROP 
00000bf3  0d6d0c0000   §44 VAL 
00000bf8  1e           HALF+ 
00000bf9  0e           DUP 
00000bfa  19           1- 
00000bfb  04           C@ 
00000bfc  4e           8 VAL 
00000bfd  20           LSHIFT 
00000bfe  0f           OVER 
00000bff  19           1- 
00000c00  19           1- 
00000c01  04           C@ 
00000c02  22           OR 
00000c03  0d00000000   JavaArray.createUnicode§-675323136 VAL ( will be modified! ) 
00000c08  00           NOP ( will be modified! ) 
00000c09  0e           DUP ( §tempvar will be fetched! ) 
00000c0a  10           R@ 
00000c0b  0d00000000   V! VAL ( will be modified! ) 
00000c10  00           NOP ( will be modified! ) 
00000c11  91           A:R1@ 
00000c12  0a           NIP 
00000c13  10           R@ 
00000c14  88           A:DROP 
00000c15  0d0063e4a8   -1461427456 VAL 
00000c1a  57           -1 VAL 
00000c1b  0d00000000   EXECUTE-METHOD VAL ( will be modified! ) 
00000c20  00           NOP ( will be modified! ) 
00000c21  0e           DUP ( §tempvar will be fetched! ) 
00000c22  10           R@ 
00000c23  52           4 VAL 
00000c24  16           + 
00000c25  0d00000000   V! VAL ( will be modified! ) 
00000c2a  00           NOP ( will be modified! ) ( message will be fetched! ) 
00000c2b  d4           2 A:VAL 
00000c2c  8b           A:PICK 
00000c2d  10           R@ 
00000c2e  88           A:DROP 
00000c2f  91           A:R1@ 
00000c30  0a           NIP 
00000c31  10           R@ 
00000c32  88           A:DROP 
00000c33  0d0063e4a8   -1461427456 VAL 
00000c38  57           -1 VAL 
00000c39  0d00000000   EXECUTE-METHOD VAL ( will be modified! ) 
00000c3e  00           NOP ( will be modified! ) 
00000c3f  400400       §45 BRANCH 
00000c42               §43 LABEL ( s will be fetched! ) 
00000c42  d5           1 A:VAL 
00000c43  8b           A:PICK 
00000c44  10           R@ 
00000c45  88           A:DROP 
00000c46               §45 LABEL 
00000c46  0e           DUP 
00000c47  56           0 VAL 
00000c48  0d00000000   V! VAL ( will be modified! ) 
00000c4d  00           NOP ( will be modified! ) ( §tempvar will be fetched! ) 
00000c4e  10           R@ 
00000c4f  0d00000000   SETVTOP VAL ( will be modified! ) 
00000c54  00           NOP ( will be modified! ) remove §tempvar 
00000c55  88           A:DROP 
00000c56  56           0 VAL 
00000c57  400100       §break28191 BRANCH 
00000c5a  56           0 VAL 
00000c5b               §break28191 LABEL ( §base0 will be fetched! ) 
00000c5b  d3           3 A:VAL 
00000c5c  8b           A:PICK 
00000c5d  10           R@ 
00000c5e  88           A:DROP 
00000c5f  0d00000000   SETVTOP VAL ( will be modified! ) 
00000c64  00           NOP ( will be modified! ) remove s remove message remove §this remove §base0 
00000c65  89           A:2DROP 
00000c66  89           A:2DROP 
00000c67  08           DROP 
00000c68               §41 LABEL 
00000c68  3d           EXIT 
00000c69  0400         §44 LABEL 
00000c6b  3a002000     " :    " 
00000c6f  1200         §42 LABEL 
00000c71  5400680072006f007700610062006c006500 " T h r o w a b l e  " 
00000c83  1a00         §49 LABEL 
00000c85  5468726f7761626c65a7313734353930303534342e7461626c65 " Throwable§1745900544.table " 
00000c9f  1a00         §48 LABEL 
00000ca1  5468726f7761626c652e73657269616c56657273696f6e554944 " Throwable.serialVersionUID " 
00000cbb  1700         §47 LABEL 
00000cbd  5468726f7761626c652e5f737461746963546872656164 " Throwable._staticThread " 
00000cd4  1900         §46 LABEL 
00000cd6  5468726f7761626c652e5f737461746963426c6f636b696e67 " Throwable._staticBlocking " 
00000cf0  0d00000000   ALIGN VAL ( will be modified! ) 
00000cf5  00           NOP ( will be modified! ) 
00000cf6  0d00000000   HERE VAL ( will be modified! ) 
00000cfb  00           NOP ( will be modified! ) 
00000cfc  54           2 VAL 
00000cfd  0dd80c0000   §46 VAL 
00000d02  0d00000000   create VAL ( will be modified! ) 
00000d07  00           NOP ( will be modified! ) 
00000d08  55           1 VAL 
00000d09  1a           2* 
00000d0a  1a           2* 
00000d0b  0d00000000   ALLOT VAL ( will be modified! ) 
00000d10  00           NOP ( will be modified! ) 
00000d11  0d00000000   ALIGN VAL ( will be modified! ) 
00000d16  00           NOP ( will be modified! ) 
00000d17  0d00000000   HERE VAL ( will be modified! ) 
00000d1c  00           NOP ( will be modified! ) 
00000d1d  54           2 VAL 
00000d1e  0dbf0c0000   §47 VAL 
00000d23  0d00000000   create VAL ( will be modified! ) 
00000d28  00           NOP ( will be modified! ) 
00000d29  55           1 VAL 
00000d2a  1a           2* 
00000d2b  1a           2* 
00000d2c  0d00000000   ALLOT VAL ( will be modified! ) 
00000d31  00           NOP ( will be modified! ) 
00000d32  0d00000000   HERE VAL ( will be modified! ) 
00000d37  00           NOP ( will be modified! ) 
00000d38  52           4 VAL 
00000d39  17           - 
00000d3a  0d00000000   SALLOCATE VAL ( will be modified! ) 
00000d3f  00           NOP ( will be modified! ) 
00000d40  0d00000000   ALIGN VAL ( will be modified! ) 
00000d45  00           NOP ( will be modified! ) 
00000d46  0d00000000   HERE VAL ( will be modified! ) 
00000d4b  00           NOP ( will be modified! ) 
00000d4c  4f           7 VAL 
00000d4d  0da30c0000   §48 VAL 
00000d52  0d00000000   create VAL ( will be modified! ) 
00000d57  00           NOP ( will be modified! ) 
00000d58  54           2 VAL 
00000d59  1a           2* 
00000d5a  1a           2* 
00000d5b  0d00000000   ALLOT VAL ( will be modified! ) 
00000d60  00           NOP ( will be modified! ) 
00000d61  8d00000000   HERE A:VAL ( will be modified! ) 
00000d66  80           A:NOP ( will be modified! ) 
00000d67  0d00000000   ALIGN VAL ( will be modified! ) 
00000d6c  00           NOP ( will be modified! ) 
00000d6d  0d00000000   HERE VAL ( will be modified! ) 
00000d72  00           NOP ( will be modified! ) 
00000d73  54           2 VAL 
00000d74  0d870c0000   §49 VAL 
00000d79  0d00000000   create VAL ( will be modified! ) 
00000d7e  00           NOP ( will be modified! ) 
00000d7f  55           1 VAL 
00000d80  1a           2* 
00000d81  1a           2* 
00000d82  0d00000000   ALLOT VAL ( will be modified! ) 
00000d87  00           NOP ( will be modified! ) 
00000d88  461000       16 VAL 
00000d8b  0e           DUP 
00000d8c  1a           2* 
00000d8d  1a           2* 
00000d8e  1a           2* 
00000d8f  0d00000000   ALLOT VAL ( will be modified! ) 
00000d94  00           NOP ( will be modified! ) 
00000d95  10           R@ 
00000d96  01           ! 
00000d97  9d           A:CELL+ 
00000d98  0d005479f2   -226929664 VAL 
00000d9d  10           R@ 
00000d9e  01           ! 
00000d9f  9d           A:CELL+ 
00000da0  0d18000000   Throwable.Throwable§-226929664 VAL 
00000da5  10           R@ 
00000da6  01           ! 
00000da7  9d           A:CELL+ 
00000da8  0d005497cc   -862497792 VAL 
00000dad  10           R@ 
00000dae  01           ! 
00000daf  9d           A:CELL+ 
00000db0  0d35010000   Throwable.Throwable§-862497792 VAL 
00000db5  10           R@ 
00000db6  01           ! 
00000db7  9d           A:CELL+ 
00000db8  0d0054a259   1503810560 VAL 
00000dbd  10           R@ 
00000dbe  01           ! 
00000dbf  9d           A:CELL+ 
00000dc0  0dfd010000   Throwable.Throwable§1503810560 VAL 
00000dc5  10           R@ 
00000dc6  01           ! 
00000dc7  9d           A:CELL+ 
00000dc8  0d00545333   861099008 VAL 
00000dcd  10           R@ 
00000dce  01           ! 
00000dcf  9d           A:CELL+ 
00000dd0  0d02030000   Throwable.Throwable§861099008 VAL 
00000dd5  10           R@ 
00000dd6  01           ! 
00000dd7  9d           A:CELL+ 
00000dd8  0d0066d5cb   -875207168 VAL 
00000ddd  10           R@ 
00000dde  01           ! 
00000ddf  9d           A:CELL+ 
00000de0  0de3030000   Throwable.fillInStackTrace§-875207168 VAL 
00000de5  10           R@ 
00000de6  01           ! 
00000de7  9d           A:CELL+ 
00000de8  0d0067a985   -2052495616 VAL 
00000ded  10           R@ 
00000dee  01           ! 
00000def  9d           A:CELL+ 
00000df0  0d62050000   Throwable.getCause§-2052495616 VAL 
00000df5  10           R@ 
00000df6  01           ! 
00000df7  9d           A:CELL+ 
00000df8  0d0067f248   1223845632 VAL 
00000dfd  10           R@ 
00000dfe  01           ! 
00000dff  9d           A:CELL+ 
00000e00  0dab050000   Throwable.getLocalizedMessage§1223845632 VAL 
00000e05  10           R@ 
00000e06  01           ! 
00000e07  9d           A:CELL+ 
00000e08  0d00670865   1695049472 VAL 
00000e0d  10           R@ 
00000e0e  01           ! 
00000e0f  9d           A:CELL+ 
00000e10  0deb050000   Throwable.getMessage§1695049472 VAL 
00000e15  10           R@ 
00000e16  01           ! 
00000e17  9d           A:CELL+ 
00000e18  0d0067906b   1804625664 VAL 
00000e1d  10           R@ 
00000e1e  01           ! 
00000e1f  9d           A:CELL+ 
00000e20  0d22060000   Throwable.getOurStackTrace§1804625664 VAL 
00000e25  10           R@ 
00000e26  01           ! 
00000e27  9d           A:CELL+ 
00000e28  0d0067a1e2   -492738816 VAL 
00000e2d  10           R@ 
00000e2e  01           ! 
00000e2f  9d           A:CELL+ 
00000e30  0d42070000   Throwable.getStackTrace§-492738816 VAL 
00000e35  10           R@ 
00000e36  01           ! 
00000e37  9d           A:CELL+ 
00000e38  0d00675ebb   -1151441152 VAL 
00000e3d  10           R@ 
00000e3e  01           ! 
00000e3f  9d           A:CELL+ 
00000e40  0dae070000   Throwable.getStackTraceDepth§-1151441152 VAL 
00000e45  10           R@ 
00000e46  01           ! 
00000e47  9d           A:CELL+ 
00000e48  0d0067d863   1675126528 VAL 
00000e4d  10           R@ 
00000e4e  01           ! 
00000e4f  9d           A:CELL+ 
00000e50  0de4070000   Throwable.getStackTraceElement§1675126528 VAL 
00000e55  10           R@ 
00000e56  01           ! 
00000e57  9d           A:CELL+ 
00000e58  0d0069efda   -621844224 VAL 
00000e5d  10           R@ 
00000e5e  01           ! 
00000e5f  9d           A:CELL+ 
00000e60  0d41080000   Throwable.initCause§-621844224 VAL 
00000e65  10           R@ 
00000e66  01           ! 
00000e67  9d           A:CELL+ 
00000e68  0d0070b30f   263417856 VAL 
00000e6d  10           R@ 
00000e6e  01           ! 
00000e6f  9d           A:CELL+ 
00000e70  0dce090000   Throwable.printStackTrace§263417856 VAL 
00000e75  10           R@ 
00000e76  01           ! 
00000e77  9d           A:CELL+ 
00000e78  0d0073bb2a   716927744 VAL 
00000e7d  10           R@ 
00000e7e  01           ! 
00000e7f  9d           A:CELL+ 
00000e80  0df1090000   Throwable.setStackTrace§716927744 VAL 
00000e85  10           R@ 
00000e86  01           ! 
00000e87  9d           A:CELL+ 
00000e88  0d0074a960   1621718016 VAL 
00000e8d  10           R@ 
00000e8e  01           ! 
00000e8f  9d           A:CELL+ 
00000e90  0d7c0b0000   Throwable.toString§1621718016 VAL 
00000e95  10           R@ 
00000e96  01           ! 
00000e97  9d           A:CELL+ 
00000e98  88           A:DROP 
00000e99  3d           EXIT 

instruction usage:
load/store:		155	(7.462686567164178%)
32-bit values:		294	(14.155031295137215%)
16-bit values:		52	(2.5036109773712085%)
5-bit values:		265	(12.758786711603273%)
values total:		611	(29.417428984111698%)
arithmetic/logical:	217	(10.44776119402985%)
relations:		12	(0.5777563793933558%)
flow control:		50	(2.407318247472316%)
other:			1032	(49.6870486278286%)
total:			2077

average bytes per instruction: 1.6576793452094367

string storage in byte:	294
unresolved references:	234

Size of static code: 3311
Size of initial code: 426

references:
ffffffff	1	..R
ffffffff	1	<#
ffffffff	4	ALIGN
ffffffff	5	ALLOT
ffffffff	3	CASTTO
ffffffff	27	EXECUTE-METHOD
ffffffff	10	EXECUTE-NEW
ffffffff	6	HERE
ffffffff	1	IllegalArgumentException§-946714368.table
ffffffff	1	IllegalStateException§799688960.table
ffffffff	1	JavaArray.createString§-105880832
ffffffff	6	JavaArray.createUnicode§-675323136
ffffffff	3	JavaArray.handler§-1096259584
ffffffff	2	JavaArray§1352878592.table
ffffffff	4	MALLOC
ffffffff	1	NullPointerException§561335808.table
ffffffff	4	Object§-1890496768.table
ffffffff	1	SALLOCATE
ffffffff	27	SETVTOP
18	1	Throwable.Throwable§-226929664
18	1	Throwable.Throwable§-226929664
135	1	Throwable.Throwable§-862497792
135	1	Throwable.Throwable§-862497792
1fd	1	Throwable.Throwable§1503810560
1fd	1	Throwable.Throwable§1503810560
302	1	Throwable.Throwable§861099008
302	1	Throwable.Throwable§861099008
ffffffff	3	Throwable._staticThread
3e3	1	Throwable.fillInStackTrace§-875207168
3e3	1	Throwable.fillInStackTrace§-875207168
562	1	Throwable.getCause§-2052495616
562	1	Throwable.getCause§-2052495616
5ab	1	Throwable.getLocalizedMessage§1223845632
5ab	1	Throwable.getLocalizedMessage§1223845632
5eb	1	Throwable.getMessage§1695049472
5eb	1	Throwable.getMessage§1695049472
622	1	Throwable.getOurStackTrace§1804625664
622	1	Throwable.getOurStackTrace§1804625664
7ae	1	Throwable.getStackTraceDepth§-1151441152
7ae	1	Throwable.getStackTraceDepth§-1151441152
7e4	1	Throwable.getStackTraceElement§1675126528
7e4	1	Throwable.getStackTraceElement§1675126528
742	1	Throwable.getStackTrace§-492738816
742	1	Throwable.getStackTrace§-492738816
841	1	Throwable.initCause§-621844224
841	1	Throwable.initCause§-621844224
9ce	1	Throwable.printStackTrace§263417856
9ce	1	Throwable.printStackTrace§263417856
9f1	1	Throwable.setStackTrace§716927744
9f1	1	Throwable.setStackTrace§716927744
b7c	1	Throwable.toString§1621718016
b7c	1	Throwable.toString§1621718016
ffffffff	5	Throwable§1745900544.table
ffffffff	54	V!
ffffffff	27	VALLOCATE
ffffffff	4	create
54f	3	§15
12a	4	§2
9a2	1	§30
968	1	§32
b64	1	§38
b60	1	§39
c73	1	§42
c6d	1	§44
cd8	1	§46
cbf	1	§47
ca3	1	§48
c87	1	§49
