00000007               
00000007               message LABEL 
00000007  56           0 VAL 
00000008  55           1 VAL 
00000009  0d00000000   AT-XY VAL ( will be modified! ) 
0000000e  00           NOP ( will be modified! ) 
0000000f  0d00000000   TYPE VAL ( will be modified! ) 
00000014  00           NOP ( will be modified! ) 
00000015               §0 LABEL 
00000015  3d           EXIT 
00000016               
00000016               Wait LABEL 
00000016  0d00000000   KEY VAL ( will be modified! ) 
0000001b  00           NOP ( will be modified! ) 
0000001c  08           DROP 
0000001d               §2 LABEL 
0000001d  3d           EXIT 
0000001e  0700         §1 LABEL 
00000020  6d657373616765 " message " 
00000027               
00000027               Empty LABEL 
00000027  07           DEPTH 
00000028  0d00000000   depth VAL ( will be modified! ) 
0000002d  00           NOP ( will be modified! ) 
0000002e  02           @ 
0000002f  17           - 
00000030  56           0 VAL 
00000031  91           A:R1@ 
00000032  90           A:R@ 
00000033  09           2DROP 
00000034  400200       §7 BRANCH 
00000037               §5 LABEL 
00000037  08           DROP 
00000038  98           A:1+ 
00000039               §7 LABEL 
00000039  ad           A:CMP 
0000003a  b8           A:0> 
0000003b  9f           A:INVERT 
0000003c  c2f8ff       §5 A:0BRANCH 
0000003f  89           A:2DROP 
00000040               §6 LABEL 
00000040               §4 LABEL 
00000040  3d           EXIT 
00000041  0400         §3 LABEL 
00000043  57616974     " Wait " 
00000047               
00000047               Enter LABEL 
00000047  0d5f000000   §10 VAL 
0000004c  1e           HALF+ 
0000004d  0e           DUP 
0000004e  19           1- 
0000004f  04           C@ 
00000050  4e           8 VAL 
00000051  20           LSHIFT 
00000052  0f           OVER 
00000053  19           1- 
00000054  19           1- 
00000055  04           C@ 
00000056  22           OR 
00000057  3eadff       message CALL 
0000005a               §9 LABEL 
0000005a  3d           EXIT 
0000005b  1500         §10 LABEL 
0000005d  506c65617365202870726573732920456e7465722e " Please (press) Enter. " 
00000072  0500         §8 LABEL 
00000074  456d707479   " Empty " 
00000079               
00000079               Quit? LABEL 
00000079  0d00000000   KEY? VAL ( will be modified! ) 
0000007e  00           NOP ( will be modified! ) 
0000007f  420f00       §13 0BRANCH 
00000082  3e91ff       Wait CALL 
00000085  3e9fff       Empty CALL 
00000088  3ebcff       Enter CALL 
0000008b  0d00000000   QUIT VAL ( will be modified! ) 
00000090  00           NOP ( will be modified! ) 
00000091               §13 LABEL 
00000091               §12 LABEL 
00000091  3d           EXIT 
00000092  0500         §11 LABEL 
00000094  456e746572   " Enter " 
00000099               
00000099               Number LABEL 
00000099  56           0 VAL 
0000009a  56           0 VAL 
0000009b  0d00000000   HERE VAL ( will be modified! ) 
000000a0  00           NOP ( will be modified! ) 
000000a1  0e           DUP 
000000a2  4c           10 VAL 
000000a3  0d00000000   ACCEPT VAL ( will be modified! ) 
000000a8  00           NOP ( will be modified! ) 
000000a9  0d00000000   >NUMBER VAL ( will be modified! ) 
000000ae  00           NOP ( will be modified! ) 
000000af  09           2DROP 
000000b0  0a           NIP 
000000b1               §15 LABEL 
000000b1  3d           EXIT 
000000b2  0500         §14 LABEL 
000000b4  517569743f   " Quit? " 
000000b9               
000000b9               push LABEL 
000000b9  0e           DUP 
000000ba  04           C@ 
000000bb  0e           DUP 
000000bc  461400       20 VAL 
000000bf  17           - 
000000c0  2c           0= 
000000c1  421c00       §24 0BRANCH 
000000c4  0def000000   §25 VAL 
000000c9  1e           HALF+ 
000000ca  0e           DUP 
000000cb  19           1- 
000000cc  04           C@ 
000000cd  4e           8 VAL 
000000ce  20           LSHIFT 
000000cf  0f           OVER 
000000d0  19           1- 
000000d1  19           1- 
000000d2  04           C@ 
000000d3  22           OR 
000000d4  0d00000000   TYPE VAL ( will be modified! ) 
000000d9  00           NOP ( will be modified! ) 
000000da  0d00000000   ABORT VAL ( will be modified! ) 
000000df  00           NOP ( will be modified! ) 
000000e0               §24 LABEL 
000000e0  18           1+ 
000000e1  0f           OVER 
000000e2  0f           OVER 
000000e3  91           A:R1@ 
000000e4  0a           NIP 
000000e5  10           R@ 
000000e6  88           A:DROP 
000000e7  03           C! 
000000e8  16           + 
000000e9  03           C! 
000000ea               §23 LABEL 
000000ea  3d           EXIT 
000000eb  0b00         §25 LABEL 
000000ed  426c6f776e20737461636b " Blown stack " 
000000f8  0100         §22 LABEL 
000000fa  43           " C " 
000000fb  0100         §21 LABEL 
000000fd  42           " B " 
000000fe  0100         §20 LABEL 
00000100  41           " A " 
00000101  0500         §19 LABEL 
00000103  6465707468   " depth " 
00000108  0500         §18 LABEL 
0000010a  4d6f766573   " Moves " 
0000010f  0800         §17 LABEL 
00000111  456c656d656e7473 " Elements " 
00000119  0600         §16 LABEL 
0000011b  4e756d626572 " Number " 
00000121               
00000121               pop LABEL 
00000121  0e           DUP 
00000122  04           C@ 
00000123  0e           DUP 
00000124  2c           0= 
00000125  421600       §28 0BRANCH 
00000128  0d4d010000   §29 VAL 
0000012d  1e           HALF+ 
0000012e  0e           DUP 
0000012f  19           1- 
00000130  04           C@ 
00000131  4e           8 VAL 
00000132  20           LSHIFT 
00000133  0f           OVER 
00000134  19           1- 
00000135  19           1- 
00000136  04           C@ 
00000137  22           OR 
00000138  0d00000000   TYPE VAL ( will be modified! ) 
0000013d  00           NOP ( will be modified! ) 
0000013e               §28 LABEL 
0000013e  0f           OVER 
0000013f  0f           OVER 
00000140  19           1- 
00000141  91           A:R1@ 
00000142  0a           NIP 
00000143  10           R@ 
00000144  88           A:DROP 
00000145  03           C! 
00000146  16           + 
00000147  04           C@ 
00000148               §27 LABEL 
00000148  3d           EXIT 
00000149  0b00         §29 LABEL 
0000014b  456d70747920737461636b " Empty stack " 
00000156  0400         §26 LABEL 
00000158  70757368     " push " 
0000015c               
0000015c               snoop LABEL 
0000015c  0f           OVER 
0000015d  0f           OVER 
0000015e  91           A:R1@ 
0000015f  0a           NIP 
00000160  10           R@ 
00000161  88           A:DROP 
00000162  18           1+ 
00000163  16           + 
00000164  04           C@ 
00000165  90           A:R@ 
00000166  08           DROP 
00000167  91           A:R1@ 
00000168  0a           NIP 
00000169  11           R1@ 
0000016a  10           R@ 
0000016b  89           A:2DROP 
0000016c  90           A:R@ 
0000016d  08           DROP 
0000016e  91           A:R1@ 
0000016f  0a           NIP 
00000170  11           R1@ 
00000171  10           R@ 
00000172  89           A:2DROP 
00000173  04           C@ 
00000174  17           - 
00000175  2a           0< 
00000176               §31 LABEL 
00000176  3d           EXIT 
00000177  0300         §30 LABEL 
00000179  706f70       " pop " 
0000017c               
0000017c               .element LABEL 
0000017c  420a00       §34 0BRANCH 
0000017f  52           4 VAL 
00000180  0d00000000   U.R VAL ( will be modified! ) 
00000185  00           NOP ( will be modified! ) 
00000186  400800       §35 BRANCH 
00000189               §34 LABEL 
00000189  08           DROP 
0000018a  52           4 VAL 
0000018b  0d00000000   SPACES VAL ( will be modified! ) 
00000190  00           NOP ( will be modified! ) 
00000191               §35 LABEL 
00000191  0d00000000   SPACE VAL ( will be modified! ) 
00000196  00           NOP ( will be modified! ) 
00000197               §33 LABEL 
00000197  3d           EXIT 
00000198  0500         §32 LABEL 
0000019a  736e6f6f70   " snoop " 
0000019f               
0000019f               .Stacks LABEL 
0000019f  56           0 VAL 
000001a0  56           0 VAL 
000001a1  0d00000000   AT-XY VAL ( will be modified! ) 
000001a6  00           NOP ( will be modified! ) 
000001a7  0d70020000   §38 VAL 
000001ac  1e           HALF+ 
000001ad  0e           DUP 
000001ae  19           1- 
000001af  04           C@ 
000001b0  4e           8 VAL 
000001b1  20           LSHIFT 
000001b2  0f           OVER 
000001b3  19           1- 
000001b4  19           1- 
000001b5  04           C@ 
000001b6  22           OR 
000001b7  0d00000000   TYPE VAL ( will be modified! ) 
000001bc  00           NOP ( will be modified! ) 
000001bd  0d00000000   Moves VAL ( will be modified! ) 
000001c2  00           NOP ( will be modified! ) 
000001c3  02           @ 
000001c4  0d00000000   . VAL ( will be modified! ) 
000001c9  00           NOP ( will be modified! ) 
000001ca  56           0 VAL 
000001cb  54           2 VAL 
000001cc  0d00000000   AT-XY VAL ( will be modified! ) 
000001d1  00           NOP ( will be modified! ) 
000001d2  0d60020000   §39 VAL 
000001d7  1e           HALF+ 
000001d8  0e           DUP 
000001d9  19           1- 
000001da  04           C@ 
000001db  4e           8 VAL 
000001dc  20           LSHIFT 
000001dd  0f           OVER 
000001de  19           1- 
000001df  19           1- 
000001e0  04           C@ 
000001e1  22           OR 
000001e2  0d00000000   TYPE VAL ( will be modified! ) 
000001e7  00           NOP ( will be modified! ) 
000001e8  0d00000000   A VAL ( will be modified! ) 
000001ed  00           NOP ( will be modified! ) 
000001ee  04           C@ 
000001ef  0d00000000   B VAL ( will be modified! ) 
000001f4  00           NOP ( will be modified! ) 
000001f5  04           C@ 
000001f6  0d00000000   C VAL ( will be modified! ) 
000001fb  00           NOP ( will be modified! ) 
000001fc  04           C@ 
000001fd  2d           CMP 
000001fe  2a           0< 
000001ff  420400       §40 0BRANCH 
00000202  91           A:R1@ 
00000203  0a           NIP 
00000204  10           R@ 
00000205  88           A:DROP 
00000206               §40 LABEL 
00000206  08           DROP 
00000207  2d           CMP 
00000208  2a           0< 
00000209  420400       §41 0BRANCH 
0000020c  91           A:R1@ 
0000020d  0a           NIP 
0000020e  10           R@ 
0000020f  88           A:DROP 
00000210               §41 LABEL 
00000210  08           DROP 
00000211  18           1+ 
00000212  0d00000000   Elements VAL ( will be modified! ) 
00000217  00           NOP ( will be modified! ) 
00000218  2d           CMP 
00000219  38           0> 
0000021a  420400       §42 0BRANCH 
0000021d  91           A:R1@ 
0000021e  0a           NIP 
0000021f  10           R@ 
00000220  88           A:DROP 
00000221               §42 LABEL 
00000221  08           DROP 
00000222  56           0 VAL 
00000223  91           A:R1@ 
00000224  90           A:R@ 
00000225  09           2DROP 
00000226               §43 LABEL 
00000226  0d00000000   CR VAL ( will be modified! ) 
0000022b  00           NOP ( will be modified! ) 
0000022c  10           R@ 
0000022d  0d00000000   A VAL ( will be modified! ) 
00000232  00           NOP ( will be modified! ) 
00000233  3e26ff       snoop CALL 
00000236  3e43ff       .element CALL 
00000239  10           R@ 
0000023a  0d00000000   B VAL ( will be modified! ) 
0000023f  00           NOP ( will be modified! ) 
00000240  3e19ff       snoop CALL 
00000243  3e36ff       .element CALL 
00000246  10           R@ 
00000247  0d00000000   C VAL ( will be modified! ) 
0000024c  00           NOP ( will be modified! ) 
0000024d  3e0cff       snoop CALL 
00000250  3e29ff       .element CALL 
00000253  98           A:1+ 
00000254               §45 LABEL 
00000254  ad           A:CMP 
00000255  b8           A:0> 
00000256  9f           A:INVERT 
00000257  c2ccff       §43 A:0BRANCH 
0000025a  89           A:2DROP 
0000025b               §44 LABEL 
0000025b               §37 LABEL 
0000025b  3d           EXIT 
0000025c  0e00         §39 LABEL 
0000025e  2020204120202020422020202043 "    A    B    C " 
0000026c  1800         §38 LABEL 
0000026e  537461636b73206f6620466f727468202d204d6f7665733d " Stacks of Forth - Moves= " 
00000286  0800         §36 LABEL 
00000288  2e656c656d656e74 " .element " 
00000290               
00000290               taxy LABEL 
00000290  0e           DUP 
00000291  00           NOP 
00000292  0d00000000   A VAL ( will be modified! ) 
00000297  00           NOP ( will be modified! ) 
00000298  2d           CMP 
00000299  2c           0= 
0000029a  0a           NIP 
0000029b  420500       §49 0BRANCH 
0000029e  08           DROP 
0000029f  54           2 VAL 
000002a0  401400       §48 BRANCH 
000002a3               §49 LABEL 
000002a3  00           NOP 
000002a4  0d00000000   B VAL ( will be modified! ) 
000002a9  00           NOP ( will be modified! ) 
000002aa  2d           CMP 
000002ab  2c           0= 
000002ac  0a           NIP 
000002ad  420500       §50 0BRANCH 
000002b0  08           DROP 
000002b1  4f           7 VAL 
000002b2  400200       §48 BRANCH 
000002b5               §50 LABEL 
000002b5  08           NOP 
000002b6  4a           12 VAL 
000002b7               §48 LABEL 
000002b7  91           A:R1@ 
000002b8  0a           NIP 
000002b9  10           R@ 
000002ba  88           A:DROP 
000002bb  04           C@ 
000002bc  54           2 VAL 
000002bd  16           + 
000002be  0d00000000   AT-XY VAL ( will be modified! ) 
000002c3  00           NOP ( will be modified! ) 
000002c4               §47 LABEL 
000002c4  3d           EXIT 
000002c5  0700         §46 LABEL 
000002c7  2e537461636b73 " .Stacks " 
000002ce               
000002ce               move-n LABEL 
000002ce  90           A:R@ 
000002cf  08           DROP 
000002d0  0e           DUP 
000002d1  3ebcff       taxy CALL 
000002d4  54           2 VAL 
000002d5  0d00000000   SPACES VAL ( will be modified! ) 
000002da  00           NOP ( will be modified! ) 
000002db  3e43fe       pop CALL 
000002de  10           R@ 
000002df  88           A:DROP 
000002e0  0f           OVER 
000002e1  0f           OVER 
000002e2  3ed4fd       push CALL 
000002e5  3ea8ff       taxy CALL 
000002e8  54           2 VAL 
000002e9  0d00000000   U.R VAL ( will be modified! ) 
000002ee  00           NOP ( will be modified! ) 
000002ef  55           1 VAL 
000002f0  0d00000000   Moves VAL ( will be modified! ) 
000002f5  00           NOP ( will be modified! ) 
000002f6  90           A:R@ 
000002f7  02           @ 
000002f8  16           + 
000002f9  10           R@ 
000002fa  88           A:DROP 
000002fb  01           ! 
000002fc  0d00000000   Moves VAL ( will be modified! ) 
00000301  00           NOP ( will be modified! ) 
00000302  02           @ 
00000303  461800       24 VAL 
00000306  56           0 VAL 
00000307  0d00000000   AT-XY VAL ( will be modified! ) 
0000030c  00           NOP ( will be modified! ) 
0000030d  0d00000000   U. VAL ( will be modified! ) 
00000312  00           NOP ( will be modified! ) 
00000313  0d2e030000   §53 VAL 
00000318  1e           HALF+ 
00000319  0e           DUP 
0000031a  19           1- 
0000031b  04           C@ 
0000031c  4e           8 VAL 
0000031d  20           LSHIFT 
0000031e  0f           OVER 
0000031f  19           1- 
00000320  19           1- 
00000321  04           C@ 
00000322  22           OR 
00000323  3ee1fc       message CALL 
00000326  3eedfc       Wait CALL 
00000329               §52 LABEL 
00000329  3d           EXIT 
0000032a  1800         §53 LABEL 
0000032c  50726573732061206b657920746f20636f6e74696e75652e " Press a key to continue. " 
00000344  0400         §51 LABEL 
00000346  74617879     " taxy " 
0000034a               
0000034a               hanoi LABEL 
0000034a  0e           DUP 
0000034b  423200       §56 0BRANCH 
0000034e  90           A:R@ 
0000034f  08           DROP 
00000350  91           A:R1@ 
00000351  0a           NIP 
00000352  10           R@ 
00000353  88           A:DROP 
00000354  10           R@ 
00000355  19           1- 
00000356  3ef1ff       hanoi CALL 
00000359  08           DROP 
0000035a  90           A:R@ 
0000035b  08           DROP 
0000035c  91           A:R1@ 
0000035d  0a           NIP 
0000035e  11           R1@ 
0000035f  10           R@ 
00000360  89           A:2DROP 
00000361  90           A:R@ 
00000362  08           DROP 
00000363  91           A:R1@ 
00000364  0a           NIP 
00000365  11           R1@ 
00000366  10           R@ 
00000367  89           A:2DROP 
00000368  0f           OVER 
00000369  0f           OVER 
0000036a  3e61ff       move-n CALL 
0000036d  10           R@ 
0000036e  19           1- 
0000036f  3ed8ff       hanoi CALL 
00000372  08           DROP 
00000373  90           A:R@ 
00000374  08           DROP 
00000375  91           A:R1@ 
00000376  0a           NIP 
00000377  11           R1@ 
00000378  10           R@ 
00000379  89           A:2DROP 
0000037a  91           A:R1@ 
0000037b  0a           NIP 
0000037c  10           R@ 
0000037d  88           A:DROP 
0000037e  10           R@ 
0000037f  88           A:DROP 
00000380               §56 LABEL 
00000380  3ef6fc       Quit? CALL 
00000383               §55 LABEL 
00000383  3d           EXIT 
00000384  0600         §54 LABEL 
00000386  6d6f76652d6e " move-n " 
0000038c               
0000038c               Request LABEL 
0000038c  56           0 VAL 
0000038d               §59 LABEL 
0000038d  08           DROP 
0000038e  0d00000000   CR VAL ( will be modified! ) 
00000393  00           NOP ( will be modified! ) 
00000394  0d61040000   §61 VAL 
00000399  1e           HALF+ 
0000039a  0e           DUP 
0000039b  19           1- 
0000039c  04           C@ 
0000039d  4e           8 VAL 
0000039e  20           LSHIFT 
0000039f  0f           OVER 
000003a0  19           1- 
000003a1  19           1- 
000003a2  04           C@ 
000003a3  22           OR 
000003a4  0d00000000   TYPE VAL ( will be modified! ) 
000003a9  00           NOP ( will be modified! ) 
000003aa  0d47040000   §62 VAL 
000003af  1e           HALF+ 
000003b0  0e           DUP 
000003b1  19           1- 
000003b2  04           C@ 
000003b3  4e           8 VAL 
000003b4  20           LSHIFT 
000003b5  0f           OVER 
000003b6  19           1- 
000003b7  19           1- 
000003b8  04           C@ 
000003b9  22           OR 
000003ba  0d00000000   TYPE VAL ( will be modified! ) 
000003bf  00           NOP ( will be modified! ) 
000003c0  0d00000000   CR VAL ( will be modified! ) 
000003c5  00           NOP ( will be modified! ) 
000003c6  0d40040000   §63 VAL 
000003cb  1e           HALF+ 
000003cc  0e           DUP 
000003cd  19           1- 
000003ce  04           C@ 
000003cf  4e           8 VAL 
000003d0  20           LSHIFT 
000003d1  0f           OVER 
000003d2  19           1- 
000003d3  19           1- 
000003d4  04           C@ 
000003d5  22           OR 
000003d6  0d00000000   TYPE VAL ( will be modified! ) 
000003db  00           NOP ( will be modified! ) 
000003dc  461400       20 VAL 
000003df  0d00000000   . VAL ( will be modified! ) 
000003e4  00           NOP ( will be modified! ) 
000003e5  0d30040000   §64 VAL 
000003ea  1e           HALF+ 
000003eb  0e           DUP 
000003ec  19           1- 
000003ed  04           C@ 
000003ee  4e           8 VAL 
000003ef  20           LSHIFT 
000003f0  0f           OVER 
000003f1  19           1- 
000003f2  19           1- 
000003f3  04           C@ 
000003f4  22           OR 
000003f5  0d00000000   TYPE VAL ( will be modified! ) 
000003fa  00           NOP ( will be modified! ) 
000003fb  3e9bfc       Number CALL 
000003fe  0e           DUP 
000003ff  56           0 VAL 
00000400  461400       20 VAL 
00000403  18           1+ 
00000404  2d           CMP 
00000405  36           0<> 
00000406  90           A:R@ 
00000407  08           DROP 
00000408  2d           CMP 
00000409  38           0> 
0000040a  90           A:R@ 
0000040b  91           A:R1@ 
0000040c  09           2DROP 
0000040d  0f           OVER 
0000040e  17           - 
0000040f  38           0> 
00000410  1f           INVERT 
00000411  91           A:R1@ 
00000412  0a           NIP 
00000413  97           A:- 
00000414  b8           A:0> 
00000415  10           R@ 
00000416  88           A:DROP 
00000417  c20400       §65 A:0BRANCH 
0000041a  22           OR 
0000041b  400100       §66 BRANCH 
0000041e               §65 LABEL 
0000041e  1c           AND 
0000041f               §66 LABEL 
0000041f  10           R@ 
00000420  88           A:DROP 
00000421  1c           AND 
00000422  4268ff       §59 0BRANCH 
00000425               §60 LABEL 
00000425  0d00000000   Elements VAL ( will be modified! ) 
0000042a  01           ! 
0000042b               §58 LABEL 
0000042b  3d           EXIT 
0000042c  0e00         §64 LABEL 
0000042e  20202d203020746f20717569742e "   - 0 to quit. " 
0000043c  0500         §63 LABEL 
0000043e  4d6178203d   " Max = " 
00000443  1800         §62 LABEL 
00000445  66726f6d20737461636b204120746f20737461636b20433f " from stack A to stack C? " 
0000045d  1700         §61 LABEL 
0000045f  4d6f766520686f77206d616e7920656c656d656e747320 " Move how many elements  " 
00000476  0500         §57 LABEL 
00000478  68616e6f69   " hanoi " 
0000047d               
0000047d               stacks LABEL 
0000047d  56           0 VAL 
0000047e  0d00000000   A VAL ( will be modified! ) 
00000483  00           NOP ( will be modified! ) 
00000484  03           C! 
00000485  56           0 VAL 
00000486  0d00000000   B VAL ( will be modified! ) 
0000048b  00           NOP ( will be modified! ) 
0000048c  03           C! 
0000048d  56           0 VAL 
0000048e  0d00000000   C VAL ( will be modified! ) 
00000493  00           NOP ( will be modified! ) 
00000494  03           C! 
00000495  56           0 VAL 
00000496  91           A:R1@ 
00000497  90           A:R@ 
00000498  09           2DROP 
00000499               §69 LABEL 
00000499  10           R@ 
0000049a  18           1+ 
0000049b  0d00000000   A VAL ( will be modified! ) 
000004a0  00           NOP ( will be modified! ) 
000004a1  3e15fc       push CALL 
000004a4  98           A:1+ 
000004a5               §71 LABEL 
000004a5  ad           A:CMP 
000004a6  b8           A:0> 
000004a7  9f           A:INVERT 
000004a8  c2eeff       §69 A:0BRANCH 
000004ab  89           A:2DROP 
000004ac               §70 LABEL 
000004ac  56           0 VAL 
000004ad  0d00000000   Moves VAL ( will be modified! ) 
000004b2  00           NOP ( will be modified! ) 
000004b3  01           ! 
000004b4  0d00000000   PAGE VAL ( will be modified! ) 
000004b9  00           NOP ( will be modified! ) 
000004ba  3ee2fc       .Stacks CALL 
000004bd  0d01050000   §72 VAL 
000004c2  1e           HALF+ 
000004c3  0e           DUP 
000004c4  19           1- 
000004c5  04           C@ 
000004c6  4e           8 VAL 
000004c7  20           LSHIFT 
000004c8  0f           OVER 
000004c9  19           1- 
000004ca  19           1- 
000004cb  04           C@ 
000004cc  22           OR 
000004cd  3e37fb       message CALL 
000004d0  3e43fb       Wait CALL 
000004d3  0deb040000   §73 VAL 
000004d8  1e           HALF+ 
000004d9  0e           DUP 
000004da  19           1- 
000004db  04           C@ 
000004dc  4e           8 VAL 
000004dd  20           LSHIFT 
000004de  0f           OVER 
000004df  19           1- 
000004e0  19           1- 
000004e1  04           C@ 
000004e2  22           OR 
000004e3  3e21fb       message CALL 
000004e6               §68 LABEL 
000004e6  3d           EXIT 
000004e7  1400         §73 LABEL 
000004e9  50726573732061206b657920746f20717569742e " Press a key to quit. " 
000004fd  1500         §72 LABEL 
000004ff  50726573732061206b657920746f2073746172742e " Press a key to start. " 
00000514  0700         §67 LABEL 
00000516  52657175657374 " Request " 
0000051d               
0000051d               SF LABEL 
0000051d  07           DEPTH 
0000051e  0d00000000   depth VAL ( will be modified! ) 
00000523  00           NOP ( will be modified! ) 
00000524  01           ! 
00000525               §76 LABEL 
00000525  0d00000000   PAGE VAL ( will be modified! ) 
0000052a  00           NOP ( will be modified! ) 
0000052b  0dbb050000   §78 VAL 
00000530  1e           HALF+ 
00000531  0e           DUP 
00000532  19           1- 
00000533  04           C@ 
00000534  4e           8 VAL 
00000535  20           LSHIFT 
00000536  0f           OVER 
00000537  19           1- 
00000538  19           1- 
00000539  04           C@ 
0000053a  22           OR 
0000053b  0d00000000   TYPE VAL ( will be modified! ) 
00000540  00           NOP ( will be modified! ) 
00000541  0d00000000   CR VAL ( will be modified! ) 
00000546  00           NOP ( will be modified! ) 
00000547  3e42fe       Request CALL 
0000054a  0d00000000   Elements VAL ( will be modified! ) 
0000054f  00           NOP ( will be modified! ) 
00000550  423f00       §77 0BRANCH 
00000553  0d00000000   Elements VAL ( will be modified! ) 
00000558  00           NOP ( will be modified! ) 
00000559  3e21ff       stacks CALL 
0000055c  0d00000000   A VAL ( will be modified! ) 
00000561  00           NOP ( will be modified! ) 
00000562  0d00000000   B VAL ( will be modified! ) 
00000567  00           NOP ( will be modified! ) 
00000568  0d00000000   C VAL ( will be modified! ) 
0000056d  00           NOP ( will be modified! ) 
0000056e  0d00000000   Elements VAL ( will be modified! ) 
00000573  00           NOP ( will be modified! ) 
00000574  3ed3fd       hanoi CALL 
00000577  09           2DROP 
00000578  09           2DROP 
00000579  0d97050000   §79 VAL 
0000057e  1e           HALF+ 
0000057f  0e           DUP 
00000580  19           1- 
00000581  04           C@ 
00000582  4e           8 VAL 
00000583  20           LSHIFT 
00000584  0f           OVER 
00000585  19           1- 
00000586  19           1- 
00000587  04           C@ 
00000588  22           OR 
00000589  3e7bfa       message CALL 
0000058c  3e87fa       Wait CALL 
0000058f  4093ff       §76 BRANCH 
00000592               §77 LABEL 
00000592               §75 LABEL 
00000592  3d           EXIT 
00000593  2200         §79 LABEL 
00000595  444f4e4521202050726573732061206b657920746f20626567696e20616761696e2e " DONE!  Press a key to begin again. " 
000005b7  2700         §78 LABEL 
000005b9  537461636b73206f6620466f7274682c206f7220696f6e614820666f20737265776f5420656854 " Stacks of Forth, or ionaH fo srewoT ehT " 
000005e0  0600         §74 LABEL 
000005e2  737461636b73 " stacks " 
000005e8  0200         §80 LABEL 
000005ea  5346         " SF " 
000005ec  0d0b000000   message VAL 
000005f1  53           3 VAL 
000005f2  0d22000000   §1 VAL 
000005f7  0d00000000   create VAL ( will be modified! ) 
000005fc  00           NOP ( will be modified! ) 
000005fd  0d1a000000   Wait VAL 
00000602  53           3 VAL 
00000603  0d45000000   §3 VAL 
00000608  0d00000000   create VAL ( will be modified! ) 
0000060d  00           NOP ( will be modified! ) 
0000060e  0d2b000000   Empty VAL 
00000613  53           3 VAL 
00000614  0d76000000   §8 VAL 
00000619  0d00000000   create VAL ( will be modified! ) 
0000061e  00           NOP ( will be modified! ) 
0000061f  0d4b000000   Enter VAL 
00000624  53           3 VAL 
00000625  0d96000000   §11 VAL 
0000062a  0d00000000   create VAL ( will be modified! ) 
0000062f  00           NOP ( will be modified! ) 
00000630  0d7d000000   Quit? VAL 
00000635  53           3 VAL 
00000636  0db6000000   §14 VAL 
0000063b  0d00000000   create VAL ( will be modified! ) 
00000640  00           NOP ( will be modified! ) 
00000641  0d9d000000   Number VAL 
00000646  53           3 VAL 
00000647  0d1d010000   §16 VAL 
0000064c  0d00000000   create VAL ( will be modified! ) 
00000651  00           NOP ( will be modified! ) 
00000652  56           0 VAL 
00000653  52           4 VAL 
00000654  0d13010000   §17 VAL 
00000659  0d00000000   create VAL ( will be modified! ) 
0000065e  00           NOP ( will be modified! ) 
0000065f  0d00000000   ALIGN VAL ( will be modified! ) 
00000664  00           NOP ( will be modified! ) 
00000665  0d00000000   HERE VAL ( will be modified! ) 
0000066a  00           NOP ( will be modified! ) 
0000066b  54           2 VAL 
0000066c  0d0c010000   §18 VAL 
00000671  0d00000000   create VAL ( will be modified! ) 
00000676  00           NOP ( will be modified! ) 
00000677  55           1 VAL 
00000678  1a           2* 
00000679  1a           2* 
0000067a  0d00000000   ALLOT VAL ( will be modified! ) 
0000067f  00           NOP ( will be modified! ) 
00000680  0d00000000   ALIGN VAL ( will be modified! ) 
00000685  00           NOP ( will be modified! ) 
00000686  0d00000000   HERE VAL ( will be modified! ) 
0000068b  00           NOP ( will be modified! ) 
0000068c  54           2 VAL 
0000068d  0d05010000   §19 VAL 
00000692  0d00000000   create VAL ( will be modified! ) 
00000697  00           NOP ( will be modified! ) 
00000698  55           1 VAL 
00000699  1a           2* 
0000069a  1a           2* 
0000069b  0d00000000   ALLOT VAL ( will be modified! ) 
000006a0  00           NOP ( will be modified! ) 
000006a1  0d00000000   HERE VAL ( will be modified! ) 
000006a6  00           NOP ( will be modified! ) 
000006a7  52           4 VAL 
000006a8  0d02010000   §20 VAL 
000006ad  0d00000000   create VAL ( will be modified! ) 
000006b2  00           NOP ( will be modified! ) 
000006b3  56           0 VAL 
000006b4  0d00000000   HERE VAL ( will be modified! ) 
000006b9  00           NOP ( will be modified! ) 
000006ba  55           1 VAL 
000006bb  0d00000000   ALLOT VAL ( will be modified! ) 
000006c0  00           NOP ( will be modified! ) 
000006c1  03           C! 
000006c2  461400       20 VAL 
000006c5  0d00000000   ALLOT VAL ( will be modified! ) 
000006ca  00           NOP ( will be modified! ) 
000006cb  0d00000000   HERE VAL ( will be modified! ) 
000006d0  00           NOP ( will be modified! ) 
000006d1  52           4 VAL 
000006d2  0dff000000   §21 VAL 
000006d7  0d00000000   create VAL ( will be modified! ) 
000006dc  00           NOP ( will be modified! ) 
000006dd  56           0 VAL 
000006de  0d00000000   HERE VAL ( will be modified! ) 
000006e3  00           NOP ( will be modified! ) 
000006e4  55           1 VAL 
000006e5  0d00000000   ALLOT VAL ( will be modified! ) 
000006ea  00           NOP ( will be modified! ) 
000006eb  03           C! 
000006ec  461400       20 VAL 
000006ef  0d00000000   ALLOT VAL ( will be modified! ) 
000006f4  00           NOP ( will be modified! ) 
000006f5  0d00000000   HERE VAL ( will be modified! ) 
000006fa  00           NOP ( will be modified! ) 
000006fb  52           4 VAL 
000006fc  0dfc000000   §22 VAL 
00000701  0d00000000   create VAL ( will be modified! ) 
00000706  00           NOP ( will be modified! ) 
00000707  56           0 VAL 
00000708  0d00000000   HERE VAL ( will be modified! ) 
0000070d  00           NOP ( will be modified! ) 
0000070e  55           1 VAL 
0000070f  0d00000000   ALLOT VAL ( will be modified! ) 
00000714  00           NOP ( will be modified! ) 
00000715  03           C! 
00000716  461400       20 VAL 
00000719  0d00000000   ALLOT VAL ( will be modified! ) 
0000071e  00           NOP ( will be modified! ) 
0000071f  0dbd000000   push VAL 
00000724  53           3 VAL 
00000725  0d5a010000   §26 VAL 
0000072a  0d00000000   create VAL ( will be modified! ) 
0000072f  00           NOP ( will be modified! ) 
00000730  0d25010000   pop VAL 
00000735  53           3 VAL 
00000736  0d7b010000   §30 VAL 
0000073b  0d00000000   create VAL ( will be modified! ) 
00000740  00           NOP ( will be modified! ) 
00000741  0d60010000   snoop VAL 
00000746  53           3 VAL 
00000747  0d9c010000   §32 VAL 
0000074c  0d00000000   create VAL ( will be modified! ) 
00000751  00           NOP ( will be modified! ) 
00000752  0d80010000   .element VAL 
00000757  53           3 VAL 
00000758  0d8a020000   §36 VAL 
0000075d  0d00000000   create VAL ( will be modified! ) 
00000762  00           NOP ( will be modified! ) 
00000763  0da3010000   .Stacks VAL 
00000768  53           3 VAL 
00000769  0dc9020000   §46 VAL 
0000076e  0d00000000   create VAL ( will be modified! ) 
00000773  00           NOP ( will be modified! ) 
00000774  0d94020000   taxy VAL 
00000779  53           3 VAL 
0000077a  0d48030000   §51 VAL 
0000077f  0d00000000   create VAL ( will be modified! ) 
00000784  00           NOP ( will be modified! ) 
00000785  0dd2020000   move-n VAL 
0000078a  53           3 VAL 
0000078b  0d88030000   §54 VAL 
00000790  0d00000000   create VAL ( will be modified! ) 
00000795  00           NOP ( will be modified! ) 
00000796  0d4e030000   hanoi VAL 
0000079b  53           3 VAL 
0000079c  0d7a040000   §57 VAL 
000007a1  0d00000000   create VAL ( will be modified! ) 
000007a6  00           NOP ( will be modified! ) 
000007a7  0d90030000   Request VAL 
000007ac  53           3 VAL 
000007ad  0d18050000   §67 VAL 
000007b2  0d00000000   create VAL ( will be modified! ) 
000007b7  00           NOP ( will be modified! ) 
000007b8  0d81040000   stacks VAL 
000007bd  53           3 VAL 
000007be  0de4050000   §74 VAL 
000007c3  0d00000000   create VAL ( will be modified! ) 
000007c8  00           NOP ( will be modified! ) 
000007c9  0d21050000   SF VAL 
000007ce  53           3 VAL 
000007cf  0dec050000   §80 VAL 
000007d4  0d00000000   create VAL ( will be modified! ) 
000007d9  00           NOP ( will be modified! ) 
000007da  3d           EXIT 

instruction usage:
load/store:		54	(6.861499364675986%)
32-bit values:		157	(19.949174078780178%)
16-bit values:		7	(0.8894536213468869%)
5-bit values:		74	(9.40279542566709%)
values total:		238	(30.241423125794153%)
arithmetic/logical:	126	(16.010165184243967%)
relations:		15	(1.9059720457433291%)
flow control:		71	(9.021601016518424%)
other:			283	(35.95933926302414%)
total:			787

average bytes per instruction: 1.9593392630241424

string storage in byte:	469
unresolved references:	157

Size of static code: 1516
Size of initial code: 495

references:
ffffffff	2	.
1a3	2	.Stacks
1a3	2	.Stacks
180	4	.element
180	4	.element
ffffffff	1	>NUMBER
ffffffff	6	A
ffffffff	1	ABORT
ffffffff	1	ACCEPT
ffffffff	2	ALIGN
ffffffff	8	ALLOT
ffffffff	5	AT-XY
ffffffff	5	B
ffffffff	4	C
ffffffff	4	CR
ffffffff	5	Elements
2b	2	Empty
2b	2	Empty
4b	2	Enter
4b	2	Enter
ffffffff	9	HERE
ffffffff	1	KEY
ffffffff	1	KEY?
ffffffff	4	Moves
9d	2	Number
9d	2	Number
ffffffff	2	PAGE
ffffffff	1	QUIT
7d	2	Quit?
7d	2	Quit?
390	2	Request
390	2	Request
521	1	SF
521	1	SF
ffffffff	1	SPACE
ffffffff	2	SPACES
ffffffff	10	TYPE
ffffffff	1	U.
ffffffff	2	U.R
1a	5	Wait
1a	5	Wait
ffffffff	23	create
ffffffff	2	depth
34e	4	hanoi
34e	4	hanoi
b	6	message
b	6	message
2d2	2	move-n
2d2	2	move-n
125	2	pop
125	2	pop
bd	3	push
bd	3	push
160	4	snoop
160	4	snoop
481	2	stacks
481	2	stacks
294	3	taxy
294	3	taxy
22	1	§1
5f	1	§10
96	1	§11
b6	1	§14
11d	1	§16
113	1	§17
10c	1	§18
105	1	§19
102	1	§20
ff	1	§21
fc	1	§22
ef	1	§25
15a	1	§26
14d	1	§29
45	1	§3
17b	1	§30
19c	1	§32
28a	1	§36
270	1	§38
260	1	§39
2c9	1	§46
348	1	§51
32e	1	§53
388	1	§54
47a	1	§57
461	1	§61
447	1	§62
440	1	§63
430	1	§64
518	1	§67
501	1	§72
4eb	1	§73
5e4	1	§74
5bb	1	§78
597	1	§79
76	1	§8
5ec	1	§80
